[11.153s] Invoking command in '/home/pi/robot_ws/src/mecanum_control': PYTHONPATH=/home/pi/robot_ws/build/mecanum_control/prefix_override:/usr/lib/python3/dist-packages/colcon_core/task/python/colcon_distutils_commands:/home/pi/robot_ws/install/mecanum_control/lib/python3.10/site-packages:${PYTHONPATH} /usr/bin/python3 -W ignore:setup.py install is deprecated -W ignore:easy_install command is deprecated setup.py egg_info --egg-base ../../build/mecanum_control build --build-base /home/pi/robot_ws/build/mecanum_control/build install --record /home/pi/robot_ws/build/mecanum_control/install.log --single-version-externally-managed install_data
[14.494s] running egg_info
[14.511s] writing ../../build/mecanum_control/mecanum_control.egg-info/PKG-INFO
[14.513s] writing dependency_links to ../../build/mecanum_control/mecanum_control.egg-info/dependency_links.txt
[14.516s] writing entry points to ../../build/mecanum_control/mecanum_control.egg-info/entry_points.txt
[14.518s] writing requirements to ../../build/mecanum_control/mecanum_control.egg-info/requires.txt
[14.519s] writing top-level names to ../../build/mecanum_control/mecanum_control.egg-info/top_level.txt
[14.536s] reading manifest file '../../build/mecanum_control/mecanum_control.egg-info/SOURCES.txt'
[14.543s] writing manifest file '../../build/mecanum_control/mecanum_control.egg-info/SOURCES.txt'
[14.545s] running build
[14.545s] running build_py
[14.547s] running install
[14.550s] running install_lib
[14.562s] running install_data
[14.563s] running install_egg_info
[14.585s] removing '/home/pi/robot_ws/install/mecanum_control/lib/python3.10/site-packages/mecanum_control-0.0.0-py3.10.egg-info' (and everything under it)
[14.585s] Copying ../../build/mecanum_control/mecanum_control.egg-info to /home/pi/robot_ws/install/mecanum_control/lib/python3.10/site-packages/mecanum_control-0.0.0-py3.10.egg-info
[14.605s] running install_scripts
[15.050s] Installing esp32_serial_bridge script to /home/pi/robot_ws/install/mecanum_control/lib/mecanum_control
[15.054s] Installing joy_to_cmd_vel script to /home/pi/robot_ws/install/mecanum_control/lib/mecanum_control
[15.062s] writing list of installed files to '/home/pi/robot_ws/build/mecanum_control/install.log'
[15.436s] Invoked command in '/home/pi/robot_ws/src/mecanum_control' returned '0': PYTHONPATH=/home/pi/robot_ws/build/mecanum_control/prefix_override:/usr/lib/python3/dist-packages/colcon_core/task/python/colcon_distutils_commands:/home/pi/robot_ws/install/mecanum_control/lib/python3.10/site-packages:${PYTHONPATH} /usr/bin/python3 -W ignore:setup.py install is deprecated -W ignore:easy_install command is deprecated setup.py egg_info --egg-base ../../build/mecanum_control build --build-base /home/pi/robot_ws/build/mecanum_control/build install --record /home/pi/robot_ws/build/mecanum_control/install.log --single-version-externally-managed install_data
