[6.438s] Invoking command in '/home/pi/robot_ws/src/mecanum_robot': PYTHONPATH=/home/pi/robot_ws/build/mecanum_robot/prefix_override:/usr/lib/python3/dist-packages/colcon_core/task/python/colcon_distutils_commands:/home/pi/robot_ws/install/mecanum_robot/lib/python3.10/site-packages:${PYTHONPATH} /usr/bin/python3 -W ignore:setup.py install is deprecated -W ignore:easy_install command is deprecated setup.py egg_info --egg-base ../../build/mecanum_robot build --build-base /home/pi/robot_ws/build/mecanum_robot/build install --record /home/pi/robot_ws/build/mecanum_robot/install.log --single-version-externally-managed install_data
[8.706s] running egg_info
[8.707s] writing ../../build/mecanum_robot/mecanum_robot.egg-info/PKG-INFO
[8.718s] writing dependency_links to ../../build/mecanum_robot/mecanum_robot.egg-info/dependency_links.txt
[8.721s] writing entry points to ../../build/mecanum_robot/mecanum_robot.egg-info/entry_points.txt
[8.721s] writing requirements to ../../build/mecanum_robot/mecanum_robot.egg-info/requires.txt
[8.728s] writing top-level names to ../../build/mecanum_robot/mecanum_robot.egg-info/top_level.txt
[8.736s] reading manifest file '../../build/mecanum_robot/mecanum_robot.egg-info/SOURCES.txt'
[8.744s] writing manifest file '../../build/mecanum_robot/mecanum_robot.egg-info/SOURCES.txt'
[8.745s] running build
[8.748s] running build_py
[8.749s] running install
[8.750s] running install_lib
[8.760s] running install_data
[8.761s] copying launch/slam_toolbox_launch.py -> /home/pi/robot_ws/install/mecanum_robot/share/mecanum_robot/launch
[8.761s] running install_egg_info
[8.783s] removing '/home/pi/robot_ws/install/mecanum_robot/lib/python3.10/site-packages/mecanum_robot-0.0.0-py3.10.egg-info' (and everything under it)
[8.784s] Copying ../../build/mecanum_robot/mecanum_robot.egg-info to /home/pi/robot_ws/install/mecanum_robot/lib/python3.10/site-packages/mecanum_robot-0.0.0-py3.10.egg-info
[8.792s] running install_scripts
[8.953s] writing list of installed files to '/home/pi/robot_ws/build/mecanum_robot/install.log'
[9.353s] Invoked command in '/home/pi/robot_ws/src/mecanum_robot' returned '0': PYTHONPATH=/home/pi/robot_ws/build/mecanum_robot/prefix_override:/usr/lib/python3/dist-packages/colcon_core/task/python/colcon_distutils_commands:/home/pi/robot_ws/install/mecanum_robot/lib/python3.10/site-packages:${PYTHONPATH} /usr/bin/python3 -W ignore:setup.py install is deprecated -W ignore:easy_install command is deprecated setup.py egg_info --egg-base ../../build/mecanum_robot build --build-base /home/pi/robot_ws/build/mecanum_robot/build install --record /home/pi/robot_ws/build/mecanum_robot/install.log --single-version-externally-managed install_data
