[14.659s] Invoking command in '/home/pi/robot_ws/src/mecanum_control': PYTHONPATH=/home/pi/robot_ws/build/mecanum_control/prefix_override:/usr/lib/python3/dist-packages/colcon_core/task/python/colcon_distutils_commands:/home/pi/robot_ws/install/mecanum_control/lib/python3.10/site-packages:${PYTHONPATH} /usr/bin/python3 -W ignore:setup.py install is deprecated -W ignore:easy_install command is deprecated setup.py egg_info --egg-base ../../build/mecanum_control build --build-base /home/pi/robot_ws/build/mecanum_control/build install --record /home/pi/robot_ws/build/mecanum_control/install.log --single-version-externally-managed install_data
[19.683s] running egg_info
[19.696s] writing ../../build/mecanum_control/mecanum_control.egg-info/PKG-INFO
[19.698s] writing dependency_links to ../../build/mecanum_control/mecanum_control.egg-info/dependency_links.txt
[19.700s] writing entry points to ../../build/mecanum_control/mecanum_control.egg-info/entry_points.txt
[19.701s] writing requirements to ../../build/mecanum_control/mecanum_control.egg-info/requires.txt
[19.709s] writing top-level names to ../../build/mecanum_control/mecanum_control.egg-info/top_level.txt
[19.731s] reading manifest file '../../build/mecanum_control/mecanum_control.egg-info/SOURCES.txt'
[19.747s] writing manifest file '../../build/mecanum_control/mecanum_control.egg-info/SOURCES.txt'
[19.749s] running build
[19.751s] running build_py
[19.752s] copying mecanum_control/esp32_serial_bridge.py -> /home/pi/robot_ws/build/mecanum_control/build/lib/mecanum_control
[19.761s] running install
[19.764s] running install_lib
[19.772s] copying /home/pi/robot_ws/build/mecanum_control/build/lib/mecanum_control/esp32_serial_bridge.py -> /home/pi/robot_ws/install/mecanum_control/lib/python3.10/site-packages/mecanum_control
[19.783s] byte-compiling /home/pi/robot_ws/install/mecanum_control/lib/python3.10/site-packages/mecanum_control/esp32_serial_bridge.py to esp32_serial_bridge.cpython-310.pyc
[19.791s] running install_data
[19.799s] running install_egg_info
[19.827s] removing '/home/pi/robot_ws/install/mecanum_control/lib/python3.10/site-packages/mecanum_control-0.0.0-py3.10.egg-info' (and everything under it)
[19.835s] Copying ../../build/mecanum_control/mecanum_control.egg-info to /home/pi/robot_ws/install/mecanum_control/lib/python3.10/site-packages/mecanum_control-0.0.0-py3.10.egg-info
[19.855s] running install_scripts
[20.100s] Installing esp32_serial_bridge script to /home/pi/robot_ws/install/mecanum_control/lib/mecanum_control
[20.102s] Installing joy_to_cmd_vel script to /home/pi/robot_ws/install/mecanum_control/lib/mecanum_control
[20.112s] writing list of installed files to '/home/pi/robot_ws/build/mecanum_control/install.log'
[20.393s] Invoked command in '/home/pi/robot_ws/src/mecanum_control' returned '0': PYTHONPATH=/home/pi/robot_ws/build/mecanum_control/prefix_override:/usr/lib/python3/dist-packages/colcon_core/task/python/colcon_distutils_commands:/home/pi/robot_ws/install/mecanum_control/lib/python3.10/site-packages:${PYTHONPATH} /usr/bin/python3 -W ignore:setup.py install is deprecated -W ignore:easy_install command is deprecated setup.py egg_info --egg-base ../../build/mecanum_control build --build-base /home/pi/robot_ws/build/mecanum_control/build install --record /home/pi/robot_ws/build/mecanum_control/install.log --single-version-externally-managed install_data
