[6.797s] Invoking command in '/home/pi/robot_ws/src/mecanum_robot': PYTHONPATH=/home/pi/robot_ws/build/mecanum_robot/prefix_override:/usr/lib/python3/dist-packages/colcon_core/task/python/colcon_distutils_commands:/home/pi/robot_ws/install/mecanum_robot/lib/python3.10/site-packages:${PYTHONPATH} /usr/bin/python3 -W ignore:setup.py install is deprecated -W ignore:easy_install command is deprecated setup.py egg_info --egg-base ../../build/mecanum_robot build --build-base /home/pi/robot_ws/build/mecanum_robot/build install --record /home/pi/robot_ws/build/mecanum_robot/install.log --single-version-externally-managed install_data
[8.831s] running egg_info
[8.835s] writing ../../build/mecanum_robot/mecanum_robot.egg-info/PKG-INFO
[8.838s] writing dependency_links to ../../build/mecanum_robot/mecanum_robot.egg-info/dependency_links.txt
[8.842s] writing entry points to ../../build/mecanum_robot/mecanum_robot.egg-info/entry_points.txt
[8.842s] writing requirements to ../../build/mecanum_robot/mecanum_robot.egg-info/requires.txt
[8.845s] writing top-level names to ../../build/mecanum_robot/mecanum_robot.egg-info/top_level.txt
[8.857s] reading manifest file '../../build/mecanum_robot/mecanum_robot.egg-info/SOURCES.txt'
[8.862s] writing manifest file '../../build/mecanum_robot/mecanum_robot.egg-info/SOURCES.txt'
[8.862s] running build
[8.863s] running build_py
[8.866s] running install
[8.866s] running install_lib
[8.876s] running install_data
[8.879s] copying launch/slam_toolbox_launch.py -> /home/pi/robot_ws/install/mecanum_robot/share/mecanum_robot/launch
[8.880s] running install_egg_info
[8.899s] removing '/home/pi/robot_ws/install/mecanum_robot/lib/python3.10/site-packages/mecanum_robot-0.0.0-py3.10.egg-info' (and everything under it)
[8.915s] Copying ../../build/mecanum_robot/mecanum_robot.egg-info to /home/pi/robot_ws/install/mecanum_robot/lib/python3.10/site-packages/mecanum_robot-0.0.0-py3.10.egg-info
[8.940s] running install_scripts
[9.118s] Installing static_odom script to /home/pi/robot_ws/install/mecanum_robot/lib/mecanum_robot
[9.121s] writing list of installed files to '/home/pi/robot_ws/build/mecanum_robot/install.log'
[9.561s] Invoked command in '/home/pi/robot_ws/src/mecanum_robot' returned '0': PYTHONPATH=/home/pi/robot_ws/build/mecanum_robot/prefix_override:/usr/lib/python3/dist-packages/colcon_core/task/python/colcon_distutils_commands:/home/pi/robot_ws/install/mecanum_robot/lib/python3.10/site-packages:${PYTHONPATH} /usr/bin/python3 -W ignore:setup.py install is deprecated -W ignore:easy_install command is deprecated setup.py egg_info --egg-base ../../build/mecanum_robot build --build-base /home/pi/robot_ws/build/mecanum_robot/build install --record /home/pi/robot_ws/build/mecanum_robot/install.log --single-version-externally-managed install_data
