[2.862s] Invoking command in '/home/pi/robot_ws/src/mecanum_robot': PYTHONPATH=/home/pi/robot_ws/build/mecanum_robot/prefix_override:/usr/lib/python3/dist-packages/colcon_core/task/python/colcon_distutils_commands:/home/pi/robot_ws/install/mecanum_robot/lib/python3.10/site-packages:${PYTHONPATH} /usr/bin/python3 -W ignore:setup.py install is deprecated -W ignore:easy_install command is deprecated setup.py egg_info --egg-base ../../build/mecanum_robot build --build-base /home/pi/robot_ws/build/mecanum_robot/build install --record /home/pi/robot_ws/build/mecanum_robot/install.log --single-version-externally-managed install_data
[3.997s] running egg_info
[4.000s] writing ../../build/mecanum_robot/mecanum_robot.egg-info/PKG-INFO
[4.001s] writing dependency_links to ../../build/mecanum_robot/mecanum_robot.egg-info/dependency_links.txt
[4.002s] writing entry points to ../../build/mecanum_robot/mecanum_robot.egg-info/entry_points.txt
[4.002s] writing requirements to ../../build/mecanum_robot/mecanum_robot.egg-info/requires.txt
[4.003s] writing top-level names to ../../build/mecanum_robot/mecanum_robot.egg-info/top_level.txt
[4.011s] reading manifest file '../../build/mecanum_robot/mecanum_robot.egg-info/SOURCES.txt'
[4.015s] writing manifest file '../../build/mecanum_robot/mecanum_robot.egg-info/SOURCES.txt'
[4.016s] running build
[4.016s] running build_py
[4.017s] running install
[4.019s] running install_lib
[4.024s] running install_data
[4.025s] copying description/robot.urdf.xacro -> /home/pi/robot_ws/install/mecanum_robot/share/mecanum_robot/description
[4.027s] copying description/robot_core.xacro -> /home/pi/robot_ws/install/mecanum_robot/share/mecanum_robot/description
[4.029s] running install_egg_info
[4.041s] removing '/home/pi/robot_ws/install/mecanum_robot/lib/python3.10/site-packages/mecanum_robot-0.0.0-py3.10.egg-info' (and everything under it)
[4.042s] Copying ../../build/mecanum_robot/mecanum_robot.egg-info to /home/pi/robot_ws/install/mecanum_robot/lib/python3.10/site-packages/mecanum_robot-0.0.0-py3.10.egg-info
[4.047s] running install_scripts
[4.128s] writing list of installed files to '/home/pi/robot_ws/build/mecanum_robot/install.log'
[4.262s] Invoked command in '/home/pi/robot_ws/src/mecanum_robot' returned '0': PYTHONPATH=/home/pi/robot_ws/build/mecanum_robot/prefix_override:/usr/lib/python3/dist-packages/colcon_core/task/python/colcon_distutils_commands:/home/pi/robot_ws/install/mecanum_robot/lib/python3.10/site-packages:${PYTHONPATH} /usr/bin/python3 -W ignore:setup.py install is deprecated -W ignore:easy_install command is deprecated setup.py egg_info --egg-base ../../build/mecanum_robot build --build-base /home/pi/robot_ws/build/mecanum_robot/build install --record /home/pi/robot_ws/build/mecanum_robot/install.log --single-version-externally-managed install_data
