[0.958s] DEBUG:colcon:Command line arguments: ['/usr/bin/colcon', 'build']
[0.958s] DEBUG:colcon:Parsed command line arguments: Namespace(log_base=None, log_level=None, verb_name='build', build_base='build', install_base='install', merge_install=False, symlink_install=False, test_result_base=None, continue_on_error=False, executor='parallel', parallel_workers=4, event_handlers=None, ignore_user_meta=False, metas=['./colcon.meta'], base_paths=['.'], packages_ignore=None, packages_ignore_regex=None, paths=None, packages_up_to=None, packages_up_to_regex=None, packages_above=None, packages_above_and_dependencies=None, packages_above_depth=None, packages_select_by_dep=None, packages_skip_by_dep=None, packages_skip_up_to=None, packages_select_build_failed=False, packages_skip_build_finished=False, packages_select_test_failures=False, packages_skip_test_passed=False, packages_select=None, packages_skip=None, packages_select_regex=None, packages_skip_regex=None, packages_start=None, packages_end=None, allow_overriding=[], cmake_args=None, cmake_target=None, cmake_target_skip_unavailable=False, cmake_clean_cache=False, cmake_clean_first=False, cmake_force_configure=False, ament_cmake_args=None, catkin_cmake_args=None, catkin_skip_building_tests=False, verb_parser=<colcon_defaults.argument_parser.defaults.DefaultArgumentsDecorator object at 0xffff984a7760>, verb_extension=<colcon_core.verb.build.BuildVerb object at 0xffff98694af0>, main=<bound method BuildVerb.main of <colcon_core.verb.build.BuildVerb object at 0xffff98694af0>>)
[2.541s] Level 1:colcon.colcon_core.package_discovery:discover_packages(colcon_meta) check parameters
[2.542s] Level 1:colcon.colcon_core.package_discovery:discover_packages(recursive) check parameters
[2.542s] Level 1:colcon.colcon_core.package_discovery:discover_packages(ignore) check parameters
[2.542s] Level 1:colcon.colcon_core.package_discovery:discover_packages(path) check parameters
[2.542s] Level 1:colcon.colcon_core.package_discovery:discover_packages(colcon_meta) discover
[2.543s] Level 1:colcon.colcon_core.package_discovery:discover_packages(recursive) discover
[2.543s] INFO:colcon.colcon_core.package_discovery:Crawling recursively for packages in '/home/pi/robot_ws'
[2.543s] Level 1:colcon.colcon_core.package_identification:_identify(.) by extensions ['ignore', 'ignore_ament_install']
[2.544s] Level 1:colcon.colcon_core.package_identification:_identify(.) by extension 'ignore'
[2.544s] Level 1:colcon.colcon_core.package_identification:_identify(.) by extension 'ignore_ament_install'
[2.545s] Level 1:colcon.colcon_core.package_identification:_identify(.) by extensions ['colcon_pkg']
[2.545s] Level 1:colcon.colcon_core.package_identification:_identify(.) by extension 'colcon_pkg'
[2.545s] Level 1:colcon.colcon_core.package_identification:_identify(.) by extensions ['colcon_meta']
[2.545s] Level 1:colcon.colcon_core.package_identification:_identify(.) by extension 'colcon_meta'
[2.545s] Level 1:colcon.colcon_core.package_identification:_identify(.) by extensions ['ros']
[2.545s] Level 1:colcon.colcon_core.package_identification:_identify(.) by extension 'ros'
[2.659s] Level 1:colcon.colcon_core.package_identification:_identify(.) by extensions ['cmake', 'python']
[2.659s] Level 1:colcon.colcon_core.package_identification:_identify(.) by extension 'cmake'
[2.660s] Level 1:colcon.colcon_core.package_identification:_identify(.) by extension 'python'
[2.660s] Level 1:colcon.colcon_core.package_identification:_identify(.) by extensions ['python_setup_py']
[2.660s] Level 1:colcon.colcon_core.package_identification:_identify(.) by extension 'python_setup_py'
[2.661s] Level 1:colcon.colcon_core.package_identification:_identify(build) by extensions ['ignore', 'ignore_ament_install']
[2.661s] Level 1:colcon.colcon_core.package_identification:_identify(build) by extension 'ignore'
[2.662s] Level 1:colcon.colcon_core.package_identification:_identify(build) ignored
[2.663s] Level 1:colcon.colcon_core.package_identification:_identify(install) by extensions ['ignore', 'ignore_ament_install']
[2.663s] Level 1:colcon.colcon_core.package_identification:_identify(install) by extension 'ignore'
[2.663s] Level 1:colcon.colcon_core.package_identification:_identify(install) ignored
[2.665s] Level 1:colcon.colcon_core.package_identification:_identify(log) by extensions ['ignore', 'ignore_ament_install']
[2.666s] Level 1:colcon.colcon_core.package_identification:_identify(log) by extension 'ignore'
[2.666s] Level 1:colcon.colcon_core.package_identification:_identify(log) ignored
[2.666s] Level 1:colcon.colcon_core.package_identification:_identify(src) by extensions ['ignore', 'ignore_ament_install']
[2.667s] Level 1:colcon.colcon_core.package_identification:_identify(src) by extension 'ignore'
[2.667s] Level 1:colcon.colcon_core.package_identification:_identify(src) by extension 'ignore_ament_install'
[2.667s] Level 1:colcon.colcon_core.package_identification:_identify(src) by extensions ['colcon_pkg']
[2.667s] Level 1:colcon.colcon_core.package_identification:_identify(src) by extension 'colcon_pkg'
[2.667s] Level 1:colcon.colcon_core.package_identification:_identify(src) by extensions ['colcon_meta']
[2.668s] Level 1:colcon.colcon_core.package_identification:_identify(src) by extension 'colcon_meta'
[2.668s] Level 1:colcon.colcon_core.package_identification:_identify(src) by extensions ['ros']
[2.668s] Level 1:colcon.colcon_core.package_identification:_identify(src) by extension 'ros'
[2.668s] Level 1:colcon.colcon_core.package_identification:_identify(src) by extensions ['cmake', 'python']
[2.668s] Level 1:colcon.colcon_core.package_identification:_identify(src) by extension 'cmake'
[2.669s] Level 1:colcon.colcon_core.package_identification:_identify(src) by extension 'python'
[2.669s] Level 1:colcon.colcon_core.package_identification:_identify(src) by extensions ['python_setup_py']
[2.669s] Level 1:colcon.colcon_core.package_identification:_identify(src) by extension 'python_setup_py'
[2.670s] Level 1:colcon.colcon_core.package_identification:_identify(src/mecanum_control) by extensions ['ignore', 'ignore_ament_install']
[2.670s] Level 1:colcon.colcon_core.package_identification:_identify(src/mecanum_control) by extension 'ignore'
[2.670s] Level 1:colcon.colcon_core.package_identification:_identify(src/mecanum_control) by extension 'ignore_ament_install'
[2.670s] Level 1:colcon.colcon_core.package_identification:_identify(src/mecanum_control) by extensions ['colcon_pkg']
[2.671s] Level 1:colcon.colcon_core.package_identification:_identify(src/mecanum_control) by extension 'colcon_pkg'
[2.671s] Level 1:colcon.colcon_core.package_identification:_identify(src/mecanum_control) by extensions ['colcon_meta']
[2.671s] Level 1:colcon.colcon_core.package_identification:_identify(src/mecanum_control) by extension 'colcon_meta'
[2.671s] Level 1:colcon.colcon_core.package_identification:_identify(src/mecanum_control) by extensions ['ros']
[2.671s] Level 1:colcon.colcon_core.package_identification:_identify(src/mecanum_control) by extension 'ros'
[2.691s] DEBUG:colcon.colcon_core.package_identification:Package 'src/mecanum_control' with type 'ros.ament_python' and name 'mecanum_control'
[2.692s] Level 1:colcon.colcon_core.package_identification:_identify(src/mecanum_kinematics) by extensions ['ignore', 'ignore_ament_install']
[2.692s] Level 1:colcon.colcon_core.package_identification:_identify(src/mecanum_kinematics) by extension 'ignore'
[2.693s] Level 1:colcon.colcon_core.package_identification:_identify(src/mecanum_kinematics) by extension 'ignore_ament_install'
[2.694s] Level 1:colcon.colcon_core.package_identification:_identify(src/mecanum_kinematics) by extensions ['colcon_pkg']
[2.694s] Level 1:colcon.colcon_core.package_identification:_identify(src/mecanum_kinematics) by extension 'colcon_pkg'
[2.694s] Level 1:colcon.colcon_core.package_identification:_identify(src/mecanum_kinematics) by extensions ['colcon_meta']
[2.695s] Level 1:colcon.colcon_core.package_identification:_identify(src/mecanum_kinematics) by extension 'colcon_meta'
[2.695s] Level 1:colcon.colcon_core.package_identification:_identify(src/mecanum_kinematics) by extensions ['ros']
[2.695s] Level 1:colcon.colcon_core.package_identification:_identify(src/mecanum_kinematics) by extension 'ros'
[2.699s] DEBUG:colcon.colcon_core.package_identification:Package 'src/mecanum_kinematics' with type 'ros.ament_python' and name 'mecanum_kinematics'
[2.700s] Level 1:colcon.colcon_core.package_identification:_identify(src/mecanum_robot) by extensions ['ignore', 'ignore_ament_install']
[2.701s] Level 1:colcon.colcon_core.package_identification:_identify(src/mecanum_robot) by extension 'ignore'
[2.701s] Level 1:colcon.colcon_core.package_identification:_identify(src/mecanum_robot) by extension 'ignore_ament_install'
[2.701s] Level 1:colcon.colcon_core.package_identification:_identify(src/mecanum_robot) by extensions ['colcon_pkg']
[2.701s] Level 1:colcon.colcon_core.package_identification:_identify(src/mecanum_robot) by extension 'colcon_pkg'
[2.702s] Level 1:colcon.colcon_core.package_identification:_identify(src/mecanum_robot) by extensions ['colcon_meta']
[2.702s] Level 1:colcon.colcon_core.package_identification:_identify(src/mecanum_robot) by extension 'colcon_meta'
[2.702s] Level 1:colcon.colcon_core.package_identification:_identify(src/mecanum_robot) by extensions ['ros']
[2.702s] Level 1:colcon.colcon_core.package_identification:_identify(src/mecanum_robot) by extension 'ros'
[2.707s] DEBUG:colcon.colcon_core.package_identification:Package 'src/mecanum_robot' with type 'ros.ament_python' and name 'mecanum_robot'
[2.708s] Level 1:colcon.colcon_core.package_identification:_identify(src/scan_qos_bridge) by extensions ['ignore', 'ignore_ament_install']
[2.708s] Level 1:colcon.colcon_core.package_identification:_identify(src/scan_qos_bridge) by extension 'ignore'
[2.709s] Level 1:colcon.colcon_core.package_identification:_identify(src/scan_qos_bridge) by extension 'ignore_ament_install'
[2.709s] Level 1:colcon.colcon_core.package_identification:_identify(src/scan_qos_bridge) by extensions ['colcon_pkg']
[2.709s] Level 1:colcon.colcon_core.package_identification:_identify(src/scan_qos_bridge) by extension 'colcon_pkg'
[2.709s] Level 1:colcon.colcon_core.package_identification:_identify(src/scan_qos_bridge) by extensions ['colcon_meta']
[2.709s] Level 1:colcon.colcon_core.package_identification:_identify(src/scan_qos_bridge) by extension 'colcon_meta'
[2.710s] Level 1:colcon.colcon_core.package_identification:_identify(src/scan_qos_bridge) by extensions ['ros']
[2.710s] Level 1:colcon.colcon_core.package_identification:_identify(src/scan_qos_bridge) by extension 'ros'
[2.712s] DEBUG:colcon.colcon_core.package_identification:Package 'src/scan_qos_bridge' with type 'ros.ament_cmake' and name 'scan_qos_bridge'
[2.713s] Level 1:colcon.colcon_core.package_identification:_identify(src/ydlidar_ros2_driver) by extensions ['ignore', 'ignore_ament_install']
[2.714s] Level 1:colcon.colcon_core.package_identification:_identify(src/ydlidar_ros2_driver) by extension 'ignore'
[2.714s] Level 1:colcon.colcon_core.package_identification:_identify(src/ydlidar_ros2_driver) by extension 'ignore_ament_install'
[2.714s] Level 1:colcon.colcon_core.package_identification:_identify(src/ydlidar_ros2_driver) by extensions ['colcon_pkg']
[2.714s] Level 1:colcon.colcon_core.package_identification:_identify(src/ydlidar_ros2_driver) by extension 'colcon_pkg'
[2.715s] Level 1:colcon.colcon_core.package_identification:_identify(src/ydlidar_ros2_driver) by extensions ['colcon_meta']
[2.715s] Level 1:colcon.colcon_core.package_identification:_identify(src/ydlidar_ros2_driver) by extension 'colcon_meta'
[2.715s] Level 1:colcon.colcon_core.package_identification:_identify(src/ydlidar_ros2_driver) by extensions ['ros']
[2.715s] Level 1:colcon.colcon_core.package_identification:_identify(src/ydlidar_ros2_driver) by extension 'ros'
[2.718s] DEBUG:colcon.colcon_core.package_identification:Package 'src/ydlidar_ros2_driver' with type 'ros.ament_cmake' and name 'ydlidar_ros2_driver'
[2.719s] Level 1:colcon.colcon_core.package_discovery:discover_packages(recursive) using defaults
[2.719s] Level 1:colcon.colcon_core.package_discovery:discover_packages(ignore) discover
[2.719s] Level 1:colcon.colcon_core.package_discovery:discover_packages(ignore) using defaults
[2.719s] Level 1:colcon.colcon_core.package_discovery:discover_packages(path) discover
[2.719s] Level 1:colcon.colcon_core.package_discovery:discover_packages(path) using defaults
[2.914s] Level 1:colcon.colcon_core.package_discovery:discover_packages(prefix_path) check parameters
[2.914s] Level 1:colcon.colcon_core.package_discovery:discover_packages(prefix_path) discover
[2.955s] DEBUG:colcon.colcon_installed_package_information.package_discovery:Found 321 installed packages in /opt/ros/humble
[2.999s] Level 1:colcon.colcon_core.package_discovery:discover_packages(prefix_path) using defaults
[3.615s] Level 5:colcon.colcon_core.verb:set package 'mecanum_control' build argument 'cmake_args' from command line to 'None'
[3.615s] Level 5:colcon.colcon_core.verb:set package 'mecanum_control' build argument 'cmake_target' from command line to 'None'
[3.615s] Level 5:colcon.colcon_core.verb:set package 'mecanum_control' build argument 'cmake_target_skip_unavailable' from command line to 'False'
[3.615s] Level 5:colcon.colcon_core.verb:set package 'mecanum_control' build argument 'cmake_clean_cache' from command line to 'False'
[3.615s] Level 5:colcon.colcon_core.verb:set package 'mecanum_control' build argument 'cmake_clean_first' from command line to 'False'
[3.615s] Level 5:colcon.colcon_core.verb:set package 'mecanum_control' build argument 'cmake_force_configure' from command line to 'False'
[3.615s] Level 5:colcon.colcon_core.verb:set package 'mecanum_control' build argument 'ament_cmake_args' from command line to 'None'
[3.616s] Level 5:colcon.colcon_core.verb:set package 'mecanum_control' build argument 'catkin_cmake_args' from command line to 'None'
[3.616s] Level 5:colcon.colcon_core.verb:set package 'mecanum_control' build argument 'catkin_skip_building_tests' from command line to 'False'
[3.616s] DEBUG:colcon.colcon_core.verb:Building package 'mecanum_control' with the following arguments: {'ament_cmake_args': None, 'build_base': '/home/pi/robot_ws/build/mecanum_control', 'catkin_cmake_args': None, 'catkin_skip_building_tests': False, 'cmake_args': None, 'cmake_clean_cache': False, 'cmake_clean_first': False, 'cmake_force_configure': False, 'cmake_target': None, 'cmake_target_skip_unavailable': False, 'install_base': '/home/pi/robot_ws/install/mecanum_control', 'merge_install': False, 'path': '/home/pi/robot_ws/src/mecanum_control', 'symlink_install': False, 'test_result_base': None}
[3.618s] Level 5:colcon.colcon_core.verb:set package 'mecanum_kinematics' build argument 'cmake_args' from command line to 'None'
[3.618s] Level 5:colcon.colcon_core.verb:set package 'mecanum_kinematics' build argument 'cmake_target' from command line to 'None'
[3.618s] Level 5:colcon.colcon_core.verb:set package 'mecanum_kinematics' build argument 'cmake_target_skip_unavailable' from command line to 'False'
[3.618s] Level 5:colcon.colcon_core.verb:set package 'mecanum_kinematics' build argument 'cmake_clean_cache' from command line to 'False'
[3.618s] Level 5:colcon.colcon_core.verb:set package 'mecanum_kinematics' build argument 'cmake_clean_first' from command line to 'False'
[3.618s] Level 5:colcon.colcon_core.verb:set package 'mecanum_kinematics' build argument 'cmake_force_configure' from command line to 'False'
[3.618s] Level 5:colcon.colcon_core.verb:set package 'mecanum_kinematics' build argument 'ament_cmake_args' from command line to 'None'
[3.618s] Level 5:colcon.colcon_core.verb:set package 'mecanum_kinematics' build argument 'catkin_cmake_args' from command line to 'None'
[3.619s] Level 5:colcon.colcon_core.verb:set package 'mecanum_kinematics' build argument 'catkin_skip_building_tests' from command line to 'False'
[3.619s] DEBUG:colcon.colcon_core.verb:Building package 'mecanum_kinematics' with the following arguments: {'ament_cmake_args': None, 'build_base': '/home/pi/robot_ws/build/mecanum_kinematics', 'catkin_cmake_args': None, 'catkin_skip_building_tests': False, 'cmake_args': None, 'cmake_clean_cache': False, 'cmake_clean_first': False, 'cmake_force_configure': False, 'cmake_target': None, 'cmake_target_skip_unavailable': False, 'install_base': '/home/pi/robot_ws/install/mecanum_kinematics', 'merge_install': False, 'path': '/home/pi/robot_ws/src/mecanum_kinematics', 'symlink_install': False, 'test_result_base': None}
[3.620s] Level 5:colcon.colcon_core.verb:set package 'mecanum_robot' build argument 'cmake_args' from command line to 'None'
[3.620s] Level 5:colcon.colcon_core.verb:set package 'mecanum_robot' build argument 'cmake_target' from command line to 'None'
[3.621s] Level 5:colcon.colcon_core.verb:set package 'mecanum_robot' build argument 'cmake_target_skip_unavailable' from command line to 'False'
[3.621s] Level 5:colcon.colcon_core.verb:set package 'mecanum_robot' build argument 'cmake_clean_cache' from command line to 'False'
[3.621s] Level 5:colcon.colcon_core.verb:set package 'mecanum_robot' build argument 'cmake_clean_first' from command line to 'False'
[3.621s] Level 5:colcon.colcon_core.verb:set package 'mecanum_robot' build argument 'cmake_force_configure' from command line to 'False'
[3.621s] Level 5:colcon.colcon_core.verb:set package 'mecanum_robot' build argument 'ament_cmake_args' from command line to 'None'
[3.621s] Level 5:colcon.colcon_core.verb:set package 'mecanum_robot' build argument 'catkin_cmake_args' from command line to 'None'
[3.621s] Level 5:colcon.colcon_core.verb:set package 'mecanum_robot' build argument 'catkin_skip_building_tests' from command line to 'False'
[3.621s] DEBUG:colcon.colcon_core.verb:Building package 'mecanum_robot' with the following arguments: {'ament_cmake_args': None, 'build_base': '/home/pi/robot_ws/build/mecanum_robot', 'catkin_cmake_args': None, 'catkin_skip_building_tests': False, 'cmake_args': None, 'cmake_clean_cache': False, 'cmake_clean_first': False, 'cmake_force_configure': False, 'cmake_target': None, 'cmake_target_skip_unavailable': False, 'install_base': '/home/pi/robot_ws/install/mecanum_robot', 'merge_install': False, 'path': '/home/pi/robot_ws/src/mecanum_robot', 'symlink_install': False, 'test_result_base': None}
[3.623s] Level 5:colcon.colcon_core.verb:set package 'scan_qos_bridge' build argument 'cmake_args' from command line to 'None'
[3.623s] Level 5:colcon.colcon_core.verb:set package 'scan_qos_bridge' build argument 'cmake_target' from command line to 'None'
[3.623s] Level 5:colcon.colcon_core.verb:set package 'scan_qos_bridge' build argument 'cmake_target_skip_unavailable' from command line to 'False'
[3.623s] Level 5:colcon.colcon_core.verb:set package 'scan_qos_bridge' build argument 'cmake_clean_cache' from command line to 'False'
[3.623s] Level 5:colcon.colcon_core.verb:set package 'scan_qos_bridge' build argument 'cmake_clean_first' from command line to 'False'
[3.623s] Level 5:colcon.colcon_core.verb:set package 'scan_qos_bridge' build argument 'cmake_force_configure' from command line to 'False'
[3.624s] Level 5:colcon.colcon_core.verb:set package 'scan_qos_bridge' build argument 'ament_cmake_args' from command line to 'None'
[3.624s] Level 5:colcon.colcon_core.verb:set package 'scan_qos_bridge' build argument 'catkin_cmake_args' from command line to 'None'
[3.624s] Level 5:colcon.colcon_core.verb:set package 'scan_qos_bridge' build argument 'catkin_skip_building_tests' from command line to 'False'
[3.624s] DEBUG:colcon.colcon_core.verb:Building package 'scan_qos_bridge' with the following arguments: {'ament_cmake_args': None, 'build_base': '/home/pi/robot_ws/build/scan_qos_bridge', 'catkin_cmake_args': None, 'catkin_skip_building_tests': False, 'cmake_args': None, 'cmake_clean_cache': False, 'cmake_clean_first': False, 'cmake_force_configure': False, 'cmake_target': None, 'cmake_target_skip_unavailable': False, 'install_base': '/home/pi/robot_ws/install/scan_qos_bridge', 'merge_install': False, 'path': '/home/pi/robot_ws/src/scan_qos_bridge', 'symlink_install': False, 'test_result_base': None}
[3.625s] Level 5:colcon.colcon_core.verb:set package 'ydlidar_ros2_driver' build argument 'cmake_args' from command line to 'None'
[3.626s] Level 5:colcon.colcon_core.verb:set package 'ydlidar_ros2_driver' build argument 'cmake_target' from command line to 'None'
[3.626s] Level 5:colcon.colcon_core.verb:set package 'ydlidar_ros2_driver' build argument 'cmake_target_skip_unavailable' from command line to 'False'
[3.626s] Level 5:colcon.colcon_core.verb:set package 'ydlidar_ros2_driver' build argument 'cmake_clean_cache' from command line to 'False'
[3.626s] Level 5:colcon.colcon_core.verb:set package 'ydlidar_ros2_driver' build argument 'cmake_clean_first' from command line to 'False'
[3.626s] Level 5:colcon.colcon_core.verb:set package 'ydlidar_ros2_driver' build argument 'cmake_force_configure' from command line to 'False'
[3.626s] Level 5:colcon.colcon_core.verb:set package 'ydlidar_ros2_driver' build argument 'ament_cmake_args' from command line to 'None'
[3.626s] Level 5:colcon.colcon_core.verb:set package 'ydlidar_ros2_driver' build argument 'catkin_cmake_args' from command line to 'None'
[3.626s] Level 5:colcon.colcon_core.verb:set package 'ydlidar_ros2_driver' build argument 'catkin_skip_building_tests' from command line to 'False'
[3.626s] DEBUG:colcon.colcon_core.verb:Building package 'ydlidar_ros2_driver' with the following arguments: {'ament_cmake_args': None, 'build_base': '/home/pi/robot_ws/build/ydlidar_ros2_driver', 'catkin_cmake_args': None, 'catkin_skip_building_tests': False, 'cmake_args': None, 'cmake_clean_cache': False, 'cmake_clean_first': False, 'cmake_force_configure': False, 'cmake_target': None, 'cmake_target_skip_unavailable': False, 'install_base': '/home/pi/robot_ws/install/ydlidar_ros2_driver', 'merge_install': False, 'path': '/home/pi/robot_ws/src/ydlidar_ros2_driver', 'symlink_install': False, 'test_result_base': None}
[3.627s] INFO:colcon.colcon_core.executor:Executing jobs using 'parallel' executor
[3.630s] DEBUG:colcon.colcon_parallel_executor.executor.parallel:run_until_complete
[3.632s] INFO:colcon.colcon_ros.task.ament_python.build:Building ROS package in '/home/pi/robot_ws/src/mecanum_control' with build type 'ament_python'
[3.632s] Level 1:colcon.colcon_core.shell:create_environment_hook('mecanum_control', 'ament_prefix_path')
[3.649s] INFO:colcon.colcon_core.plugin_system:Skipping extension 'colcon_core.shell.bat': Not used on non-Windows systems
[3.650s] INFO:colcon.colcon_core.shell:Creating environment hook '/home/pi/robot_ws/install/mecanum_control/share/mecanum_control/hook/ament_prefix_path.ps1'
[3.655s] INFO:colcon.colcon_core.shell:Creating environment descriptor '/home/pi/robot_ws/install/mecanum_control/share/mecanum_control/hook/ament_prefix_path.dsv'
[3.658s] INFO:colcon.colcon_core.shell:Creating environment hook '/home/pi/robot_ws/install/mecanum_control/share/mecanum_control/hook/ament_prefix_path.sh'
[3.663s] INFO:colcon.colcon_core.shell:Skip shell extension 'powershell' for command environment: Not usable outside of PowerShell
[3.663s] DEBUG:colcon.colcon_core.shell:Skip shell extension 'dsv' for command environment
[3.684s] INFO:colcon.colcon_ros.task.ament_python.build:Building ROS package in '/home/pi/robot_ws/src/mecanum_kinematics' with build type 'ament_python'
[3.685s] Level 1:colcon.colcon_core.shell:create_environment_hook('mecanum_kinematics', 'ament_prefix_path')
[3.686s] INFO:colcon.colcon_core.shell:Creating environment hook '/home/pi/robot_ws/install/mecanum_kinematics/share/mecanum_kinematics/hook/ament_prefix_path.ps1'
[3.695s] INFO:colcon.colcon_core.shell:Creating environment descriptor '/home/pi/robot_ws/install/mecanum_kinematics/share/mecanum_kinematics/hook/ament_prefix_path.dsv'
[3.697s] INFO:colcon.colcon_core.shell:Creating environment hook '/home/pi/robot_ws/install/mecanum_kinematics/share/mecanum_kinematics/hook/ament_prefix_path.sh'
[3.701s] INFO:colcon.colcon_core.shell:Skip shell extension 'powershell' for command environment: Not usable outside of PowerShell
[3.701s] DEBUG:colcon.colcon_core.shell:Skip shell extension 'dsv' for command environment
[3.720s] INFO:colcon.colcon_ros.task.ament_python.build:Building ROS package in '/home/pi/robot_ws/src/mecanum_robot' with build type 'ament_python'
[3.720s] Level 1:colcon.colcon_core.shell:create_environment_hook('mecanum_robot', 'ament_prefix_path')
[3.722s] INFO:colcon.colcon_core.shell:Creating environment hook '/home/pi/robot_ws/install/mecanum_robot/share/mecanum_robot/hook/ament_prefix_path.ps1'
[3.726s] INFO:colcon.colcon_core.shell:Creating environment descriptor '/home/pi/robot_ws/install/mecanum_robot/share/mecanum_robot/hook/ament_prefix_path.dsv'
[3.729s] INFO:colcon.colcon_core.shell:Creating environment hook '/home/pi/robot_ws/install/mecanum_robot/share/mecanum_robot/hook/ament_prefix_path.sh'
[3.734s] INFO:colcon.colcon_core.shell:Skip shell extension 'powershell' for command environment: Not usable outside of PowerShell
[3.734s] DEBUG:colcon.colcon_core.shell:Skip shell extension 'dsv' for command environment
[3.751s] INFO:colcon.colcon_ros.task.ament_cmake.build:Building ROS package in '/home/pi/robot_ws/src/scan_qos_bridge' with build type 'ament_cmake'
[3.752s] INFO:colcon.colcon_cmake.task.cmake.build:Building CMake package in '/home/pi/robot_ws/src/scan_qos_bridge'
[3.753s] INFO:colcon.colcon_core.shell:Skip shell extension 'powershell' for command environment: Not usable outside of PowerShell
[3.754s] DEBUG:colcon.colcon_core.shell:Skip shell extension 'dsv' for command environment
[5.011s] INFO:colcon.colcon_core.task.python.build:Building Python package in '/home/pi/robot_ws/src/mecanum_control'
[5.012s] INFO:colcon.colcon_core.shell:Skip shell extension 'powershell' for command environment: Not usable outside of PowerShell
[5.013s] DEBUG:colcon.colcon_core.shell:Skip shell extension 'dsv' for command environment
[6.233s] INFO:colcon.colcon_core.task.python.build:Building Python package in '/home/pi/robot_ws/src/mecanum_kinematics'
[6.234s] INFO:colcon.colcon_core.shell:Skip shell extension 'powershell' for command environment: Not usable outside of PowerShell
[6.234s] DEBUG:colcon.colcon_core.shell:Skip shell extension 'dsv' for command environment
[7.433s] INFO:colcon.colcon_core.task.python.build:Building Python package in '/home/pi/robot_ws/src/mecanum_robot'
[7.434s] INFO:colcon.colcon_core.shell:Skip shell extension 'powershell' for command environment: Not usable outside of PowerShell
[7.434s] DEBUG:colcon.colcon_core.shell:Skip shell extension 'dsv' for command environment
[7.473s] DEBUG:colcon.colcon_core.event_handler.log_command:Invoking command in '/home/pi/robot_ws/build/scan_qos_bridge': CMAKE_PREFIX_PATH=/opt/ros/humble /usr/bin/cmake --build /home/pi/robot_ws/build/scan_qos_bridge -- -j4 -l4
[8.986s] DEBUG:colcon.colcon_core.event_handler.log_command:Invoked command in '/home/pi/robot_ws/build/scan_qos_bridge' returned '0': CMAKE_PREFIX_PATH=/opt/ros/humble /usr/bin/cmake --build /home/pi/robot_ws/build/scan_qos_bridge -- -j4 -l4
[9.062s] DEBUG:colcon.colcon_core.event_handler.log_command:Invoking command in '/home/pi/robot_ws/build/scan_qos_bridge': CMAKE_PREFIX_PATH=/opt/ros/humble /usr/bin/cmake --install /home/pi/robot_ws/build/scan_qos_bridge
[9.256s] Level 1:colcon.colcon_core.environment:create_environment_scripts_only(scan_qos_bridge)
[9.260s] DEBUG:colcon.colcon_core.event_handler.log_command:Invoked command in '/home/pi/robot_ws/build/scan_qos_bridge' returned '0': CMAKE_PREFIX_PATH=/opt/ros/humble /usr/bin/cmake --install /home/pi/robot_ws/build/scan_qos_bridge
[9.289s] Level 1:colcon.colcon_core.environment:checking '/home/pi/robot_ws/install/scan_qos_bridge' for CMake module files
[9.301s] Level 1:colcon.colcon_core.environment:checking '/home/pi/robot_ws/install/scan_qos_bridge' for CMake config files
[9.314s] Level 1:colcon.colcon_core.shell:create_environment_hook('scan_qos_bridge', 'cmake_prefix_path')
[9.315s] INFO:colcon.colcon_core.shell:Creating environment hook '/home/pi/robot_ws/install/scan_qos_bridge/share/scan_qos_bridge/hook/cmake_prefix_path.ps1'
[9.319s] INFO:colcon.colcon_core.shell:Creating environment descriptor '/home/pi/robot_ws/install/scan_qos_bridge/share/scan_qos_bridge/hook/cmake_prefix_path.dsv'
[9.322s] INFO:colcon.colcon_core.shell:Creating environment hook '/home/pi/robot_ws/install/scan_qos_bridge/share/scan_qos_bridge/hook/cmake_prefix_path.sh'
[9.327s] Level 1:colcon.colcon_core.environment:checking '/home/pi/robot_ws/install/scan_qos_bridge/lib'
[9.328s] Level 1:colcon.colcon_core.environment:checking '/home/pi/robot_ws/install/scan_qos_bridge/bin'
[9.328s] Level 1:colcon.colcon_core.environment:checking '/home/pi/robot_ws/install/scan_qos_bridge/lib/pkgconfig/scan_qos_bridge.pc'
[9.329s] Level 1:colcon.colcon_core.environment:checking '/home/pi/robot_ws/install/scan_qos_bridge/lib/python3.10/site-packages'
[9.330s] Level 1:colcon.colcon_core.environment:checking '/home/pi/robot_ws/install/scan_qos_bridge/bin'
[9.331s] INFO:colcon.colcon_core.shell:Creating package script '/home/pi/robot_ws/install/scan_qos_bridge/share/scan_qos_bridge/package.ps1'
[9.377s] INFO:colcon.colcon_core.shell:Creating package descriptor '/home/pi/robot_ws/install/scan_qos_bridge/share/scan_qos_bridge/package.dsv'
[9.386s] INFO:colcon.colcon_core.shell:Creating package script '/home/pi/robot_ws/install/scan_qos_bridge/share/scan_qos_bridge/package.sh'
[9.397s] INFO:colcon.colcon_core.shell:Creating package script '/home/pi/robot_ws/install/scan_qos_bridge/share/scan_qos_bridge/package.bash'
[9.416s] INFO:colcon.colcon_core.shell:Creating package script '/home/pi/robot_ws/install/scan_qos_bridge/share/scan_qos_bridge/package.zsh'
[9.430s] Level 1:colcon.colcon_core.environment:create_file_with_runtime_dependencies(/home/pi/robot_ws/install/scan_qos_bridge/share/colcon-core/packages/scan_qos_bridge)
[9.447s] Level 1:colcon.colcon_core.environment:create_environment_scripts_only(scan_qos_bridge)
[9.449s] Level 1:colcon.colcon_core.environment:checking '/home/pi/robot_ws/install/scan_qos_bridge' for CMake module files
[9.454s] Level 1:colcon.colcon_core.environment:checking '/home/pi/robot_ws/install/scan_qos_bridge' for CMake config files
[9.468s] Level 1:colcon.colcon_core.shell:create_environment_hook('scan_qos_bridge', 'cmake_prefix_path')
[9.470s] INFO:colcon.colcon_core.shell:Creating environment hook '/home/pi/robot_ws/install/scan_qos_bridge/share/scan_qos_bridge/hook/cmake_prefix_path.ps1'
[9.485s] INFO:colcon.colcon_core.shell:Creating environment descriptor '/home/pi/robot_ws/install/scan_qos_bridge/share/scan_qos_bridge/hook/cmake_prefix_path.dsv'
[9.490s] INFO:colcon.colcon_core.shell:Creating environment hook '/home/pi/robot_ws/install/scan_qos_bridge/share/scan_qos_bridge/hook/cmake_prefix_path.sh'
[9.496s] Level 1:colcon.colcon_core.environment:checking '/home/pi/robot_ws/install/scan_qos_bridge/lib'
[9.497s] Level 1:colcon.colcon_core.environment:checking '/home/pi/robot_ws/install/scan_qos_bridge/bin'
[9.498s] Level 1:colcon.colcon_core.environment:checking '/home/pi/robot_ws/install/scan_qos_bridge/lib/pkgconfig/scan_qos_bridge.pc'
[9.501s] Level 1:colcon.colcon_core.environment:checking '/home/pi/robot_ws/install/scan_qos_bridge/lib/python3.10/site-packages'
[9.504s] Level 1:colcon.colcon_core.environment:checking '/home/pi/robot_ws/install/scan_qos_bridge/bin'
[9.507s] INFO:colcon.colcon_core.shell:Creating package script '/home/pi/robot_ws/install/scan_qos_bridge/share/scan_qos_bridge/package.ps1'
[9.512s] INFO:colcon.colcon_core.shell:Creating package descriptor '/home/pi/robot_ws/install/scan_qos_bridge/share/scan_qos_bridge/package.dsv'
[9.517s] INFO:colcon.colcon_core.shell:Creating package script '/home/pi/robot_ws/install/scan_qos_bridge/share/scan_qos_bridge/package.sh'
[9.523s] INFO:colcon.colcon_core.shell:Creating package script '/home/pi/robot_ws/install/scan_qos_bridge/share/scan_qos_bridge/package.bash'
[9.533s] INFO:colcon.colcon_core.shell:Creating package script '/home/pi/robot_ws/install/scan_qos_bridge/share/scan_qos_bridge/package.zsh'
[9.538s] Level 1:colcon.colcon_core.environment:create_file_with_runtime_dependencies(/home/pi/robot_ws/install/scan_qos_bridge/share/colcon-core/packages/scan_qos_bridge)
[9.546s] INFO:colcon.colcon_ros.task.ament_cmake.build:Building ROS package in '/home/pi/robot_ws/src/ydlidar_ros2_driver' with build type 'ament_cmake'
[9.551s] INFO:colcon.colcon_cmake.task.cmake.build:Building CMake package in '/home/pi/robot_ws/src/ydlidar_ros2_driver'
[9.552s] INFO:colcon.colcon_core.shell:Skip shell extension 'powershell' for command environment: Not usable outside of PowerShell
[9.553s] DEBUG:colcon.colcon_core.shell:Skip shell extension 'dsv' for command environment
[9.638s] DEBUG:colcon.colcon_core.event_handler.log_command:Invoking command in '/home/pi/robot_ws/build/ydlidar_ros2_driver': CMAKE_PREFIX_PATH=/opt/ros/humble /usr/bin/cmake --build /home/pi/robot_ws/build/ydlidar_ros2_driver -- -j4 -l4
[10.445s] DEBUG:colcon.colcon_core.event_handler.log_command:Invoking command in '/home/pi/robot_ws/src/mecanum_kinematics': PYTHONPATH=/home/pi/robot_ws/build/mecanum_kinematics/prefix_override:/usr/lib/python3/dist-packages/colcon_core/task/python/colcon_distutils_commands:/home/pi/robot_ws/install/mecanum_kinematics/lib/python3.10/site-packages:${PYTHONPATH} /usr/bin/python3 -W ignore:setup.py install is deprecated -W ignore:easy_install command is deprecated setup.py egg_info --egg-base ../../build/mecanum_kinematics build --build-base /home/pi/robot_ws/build/mecanum_kinematics/build install --record /home/pi/robot_ws/build/mecanum_kinematics/install.log --single-version-externally-managed install_data
[10.478s] DEBUG:colcon.colcon_core.event_handler.log_command:Invoking command in '/home/pi/robot_ws/src/mecanum_robot': PYTHONPATH=/home/pi/robot_ws/build/mecanum_robot/prefix_override:/usr/lib/python3/dist-packages/colcon_core/task/python/colcon_distutils_commands:/home/pi/robot_ws/install/mecanum_robot/lib/python3.10/site-packages:${PYTHONPATH} /usr/bin/python3 -W ignore:setup.py install is deprecated -W ignore:easy_install command is deprecated setup.py egg_info --egg-base ../../build/mecanum_robot build --build-base /home/pi/robot_ws/build/mecanum_robot/build install --record /home/pi/robot_ws/build/mecanum_robot/install.log --single-version-externally-managed install_data
[10.485s] DEBUG:colcon.colcon_core.event_handler.log_command:Invoking command in '/home/pi/robot_ws/src/mecanum_control': PYTHONPATH=/home/pi/robot_ws/build/mecanum_control/prefix_override:/usr/lib/python3/dist-packages/colcon_core/task/python/colcon_distutils_commands:/home/pi/robot_ws/install/mecanum_control/lib/python3.10/site-packages:${PYTHONPATH} /usr/bin/python3 -W ignore:setup.py install is deprecated -W ignore:easy_install command is deprecated setup.py egg_info --egg-base ../../build/mecanum_control build --build-base /home/pi/robot_ws/build/mecanum_control/build install --record /home/pi/robot_ws/build/mecanum_control/install.log --single-version-externally-managed install_data
[10.714s] DEBUG:colcon.colcon_core.event_handler.log_command:Invoked command in '/home/pi/robot_ws/build/ydlidar_ros2_driver' returned '0': CMAKE_PREFIX_PATH=/opt/ros/humble /usr/bin/cmake --build /home/pi/robot_ws/build/ydlidar_ros2_driver -- -j4 -l4
[10.768s] DEBUG:colcon.colcon_core.event_handler.log_command:Invoking command in '/home/pi/robot_ws/build/ydlidar_ros2_driver': CMAKE_PREFIX_PATH=/opt/ros/humble /usr/bin/cmake --install /home/pi/robot_ws/build/ydlidar_ros2_driver
[11.023s] Level 1:colcon.colcon_core.environment:create_environment_scripts_only(ydlidar_ros2_driver)
[11.024s] Level 1:colcon.colcon_core.environment:checking '/home/pi/robot_ws/install/ydlidar_ros2_driver' for CMake module files
[11.027s] DEBUG:colcon.colcon_core.event_handler.log_command:Invoked command in '/home/pi/robot_ws/build/ydlidar_ros2_driver' returned '0': CMAKE_PREFIX_PATH=/opt/ros/humble /usr/bin/cmake --install /home/pi/robot_ws/build/ydlidar_ros2_driver
[11.035s] Level 1:colcon.colcon_core.environment:checking '/home/pi/robot_ws/install/ydlidar_ros2_driver' for CMake config files
[11.053s] Level 1:colcon.colcon_core.shell:create_environment_hook('ydlidar_ros2_driver', 'cmake_prefix_path')
[11.054s] INFO:colcon.colcon_core.shell:Creating environment hook '/home/pi/robot_ws/install/ydlidar_ros2_driver/share/ydlidar_ros2_driver/hook/cmake_prefix_path.ps1'
[11.062s] INFO:colcon.colcon_core.shell:Creating environment descriptor '/home/pi/robot_ws/install/ydlidar_ros2_driver/share/ydlidar_ros2_driver/hook/cmake_prefix_path.dsv'
[11.073s] INFO:colcon.colcon_core.shell:Creating environment hook '/home/pi/robot_ws/install/ydlidar_ros2_driver/share/ydlidar_ros2_driver/hook/cmake_prefix_path.sh'
[11.078s] Level 1:colcon.colcon_core.environment:checking '/home/pi/robot_ws/install/ydlidar_ros2_driver/lib'
[11.079s] Level 1:colcon.colcon_core.environment:checking '/home/pi/robot_ws/install/ydlidar_ros2_driver/bin'
[11.079s] Level 1:colcon.colcon_core.environment:checking '/home/pi/robot_ws/install/ydlidar_ros2_driver/lib/pkgconfig/ydlidar_ros2_driver.pc'
[11.081s] Level 1:colcon.colcon_core.environment:checking '/home/pi/robot_ws/install/ydlidar_ros2_driver/lib/python3.10/site-packages'
[11.083s] Level 1:colcon.colcon_core.environment:checking '/home/pi/robot_ws/install/ydlidar_ros2_driver/bin'
[11.095s] INFO:colcon.colcon_core.shell:Creating package script '/home/pi/robot_ws/install/ydlidar_ros2_driver/share/ydlidar_ros2_driver/package.ps1'
[11.113s] INFO:colcon.colcon_core.shell:Creating package descriptor '/home/pi/robot_ws/install/ydlidar_ros2_driver/share/ydlidar_ros2_driver/package.dsv'
[11.117s] INFO:colcon.colcon_core.shell:Creating package script '/home/pi/robot_ws/install/ydlidar_ros2_driver/share/ydlidar_ros2_driver/package.sh'
[11.120s] INFO:colcon.colcon_core.shell:Creating package script '/home/pi/robot_ws/install/ydlidar_ros2_driver/share/ydlidar_ros2_driver/package.bash'
[11.123s] INFO:colcon.colcon_core.shell:Creating package script '/home/pi/robot_ws/install/ydlidar_ros2_driver/share/ydlidar_ros2_driver/package.zsh'
[11.126s] Level 1:colcon.colcon_core.environment:create_file_with_runtime_dependencies(/home/pi/robot_ws/install/ydlidar_ros2_driver/share/colcon-core/packages/ydlidar_ros2_driver)
[11.146s] Level 1:colcon.colcon_core.environment:create_environment_scripts_only(ydlidar_ros2_driver)
[11.147s] Level 1:colcon.colcon_core.environment:checking '/home/pi/robot_ws/install/ydlidar_ros2_driver' for CMake module files
[11.151s] Level 1:colcon.colcon_core.environment:checking '/home/pi/robot_ws/install/ydlidar_ros2_driver' for CMake config files
[11.156s] Level 1:colcon.colcon_core.shell:create_environment_hook('ydlidar_ros2_driver', 'cmake_prefix_path')
[11.158s] INFO:colcon.colcon_core.shell:Creating environment hook '/home/pi/robot_ws/install/ydlidar_ros2_driver/share/ydlidar_ros2_driver/hook/cmake_prefix_path.ps1'
[11.164s] INFO:colcon.colcon_core.shell:Creating environment descriptor '/home/pi/robot_ws/install/ydlidar_ros2_driver/share/ydlidar_ros2_driver/hook/cmake_prefix_path.dsv'
[11.167s] INFO:colcon.colcon_core.shell:Creating environment hook '/home/pi/robot_ws/install/ydlidar_ros2_driver/share/ydlidar_ros2_driver/hook/cmake_prefix_path.sh'
[11.171s] Level 1:colcon.colcon_core.environment:checking '/home/pi/robot_ws/install/ydlidar_ros2_driver/lib'
[11.172s] Level 1:colcon.colcon_core.environment:checking '/home/pi/robot_ws/install/ydlidar_ros2_driver/bin'
[11.172s] Level 1:colcon.colcon_core.environment:checking '/home/pi/robot_ws/install/ydlidar_ros2_driver/lib/pkgconfig/ydlidar_ros2_driver.pc'
[11.174s] Level 1:colcon.colcon_core.environment:checking '/home/pi/robot_ws/install/ydlidar_ros2_driver/lib/python3.10/site-packages'
[11.175s] Level 1:colcon.colcon_core.environment:checking '/home/pi/robot_ws/install/ydlidar_ros2_driver/bin'
[11.177s] INFO:colcon.colcon_core.shell:Creating package script '/home/pi/robot_ws/install/ydlidar_ros2_driver/share/ydlidar_ros2_driver/package.ps1'
[11.181s] INFO:colcon.colcon_core.shell:Creating package descriptor '/home/pi/robot_ws/install/ydlidar_ros2_driver/share/ydlidar_ros2_driver/package.dsv'
[11.184s] INFO:colcon.colcon_core.shell:Creating package script '/home/pi/robot_ws/install/ydlidar_ros2_driver/share/ydlidar_ros2_driver/package.sh'
[11.188s] INFO:colcon.colcon_core.shell:Creating package script '/home/pi/robot_ws/install/ydlidar_ros2_driver/share/ydlidar_ros2_driver/package.bash'
[11.191s] INFO:colcon.colcon_core.shell:Creating package script '/home/pi/robot_ws/install/ydlidar_ros2_driver/share/ydlidar_ros2_driver/package.zsh'
[11.194s] Level 1:colcon.colcon_core.environment:create_file_with_runtime_dependencies(/home/pi/robot_ws/install/ydlidar_ros2_driver/share/colcon-core/packages/ydlidar_ros2_driver)
[13.016s] Level 1:colcon.colcon_core.environment:checking '/home/pi/robot_ws/install/mecanum_kinematics' for CMake module files
[13.027s] DEBUG:colcon.colcon_core.event_handler.log_command:Invoked command in '/home/pi/robot_ws/src/mecanum_kinematics' returned '0': PYTHONPATH=/home/pi/robot_ws/build/mecanum_kinematics/prefix_override:/usr/lib/python3/dist-packages/colcon_core/task/python/colcon_distutils_commands:/home/pi/robot_ws/install/mecanum_kinematics/lib/python3.10/site-packages:${PYTHONPATH} /usr/bin/python3 -W ignore:setup.py install is deprecated -W ignore:easy_install command is deprecated setup.py egg_info --egg-base ../../build/mecanum_kinematics build --build-base /home/pi/robot_ws/build/mecanum_kinematics/build install --record /home/pi/robot_ws/build/mecanum_kinematics/install.log --single-version-externally-managed install_data
[13.046s] Level 1:colcon.colcon_core.environment:checking '/home/pi/robot_ws/install/mecanum_kinematics' for CMake config files
[13.066s] Level 1:colcon.colcon_core.environment:checking '/home/pi/robot_ws/install/mecanum_kinematics/lib'
[13.068s] Level 1:colcon.colcon_core.environment:checking '/home/pi/robot_ws/install/mecanum_kinematics/bin'
[13.069s] Level 1:colcon.colcon_core.environment:checking '/home/pi/robot_ws/install/mecanum_kinematics/lib/pkgconfig/mecanum_kinematics.pc'
[13.071s] Level 1:colcon.colcon_core.environment:checking '/home/pi/robot_ws/install/mecanum_kinematics/lib/python3.10/site-packages'
[13.072s] Level 1:colcon.colcon_core.shell:create_environment_hook('mecanum_kinematics', 'pythonpath')
[13.075s] INFO:colcon.colcon_core.shell:Creating environment hook '/home/pi/robot_ws/install/mecanum_kinematics/share/mecanum_kinematics/hook/pythonpath.ps1'
[13.080s] INFO:colcon.colcon_core.shell:Creating environment descriptor '/home/pi/robot_ws/install/mecanum_kinematics/share/mecanum_kinematics/hook/pythonpath.dsv'
[13.086s] INFO:colcon.colcon_core.shell:Creating environment hook '/home/pi/robot_ws/install/mecanum_kinematics/share/mecanum_kinematics/hook/pythonpath.sh'
[13.092s] Level 1:colcon.colcon_core.environment:checking '/home/pi/robot_ws/install/mecanum_kinematics/bin'
[13.094s] Level 1:colcon.colcon_core.environment:create_environment_scripts_only(mecanum_kinematics)
[13.097s] INFO:colcon.colcon_core.shell:Creating package script '/home/pi/robot_ws/install/mecanum_kinematics/share/mecanum_kinematics/package.ps1'
[13.106s] INFO:colcon.colcon_core.shell:Creating package descriptor '/home/pi/robot_ws/install/mecanum_kinematics/share/mecanum_kinematics/package.dsv'
[13.117s] INFO:colcon.colcon_core.shell:Creating package script '/home/pi/robot_ws/install/mecanum_kinematics/share/mecanum_kinematics/package.sh'
[13.130s] INFO:colcon.colcon_core.shell:Creating package script '/home/pi/robot_ws/install/mecanum_kinematics/share/mecanum_kinematics/package.bash'
[13.135s] INFO:colcon.colcon_core.shell:Creating package script '/home/pi/robot_ws/install/mecanum_kinematics/share/mecanum_kinematics/package.zsh'
[13.142s] Level 1:colcon.colcon_core.environment:create_file_with_runtime_dependencies(/home/pi/robot_ws/install/mecanum_kinematics/share/colcon-core/packages/mecanum_kinematics)
[13.160s] Level 1:colcon.colcon_core.environment:checking '/home/pi/robot_ws/install/mecanum_control' for CMake module files
[13.163s] DEBUG:colcon.colcon_core.event_handler.log_command:Invoked command in '/home/pi/robot_ws/src/mecanum_control' returned '0': PYTHONPATH=/home/pi/robot_ws/build/mecanum_control/prefix_override:/usr/lib/python3/dist-packages/colcon_core/task/python/colcon_distutils_commands:/home/pi/robot_ws/install/mecanum_control/lib/python3.10/site-packages:${PYTHONPATH} /usr/bin/python3 -W ignore:setup.py install is deprecated -W ignore:easy_install command is deprecated setup.py egg_info --egg-base ../../build/mecanum_control build --build-base /home/pi/robot_ws/build/mecanum_control/build install --record /home/pi/robot_ws/build/mecanum_control/install.log --single-version-externally-managed install_data
[13.170s] Level 1:colcon.colcon_core.environment:checking '/home/pi/robot_ws/install/mecanum_control' for CMake config files
[13.178s] Level 1:colcon.colcon_core.environment:checking '/home/pi/robot_ws/install/mecanum_control/lib'
[13.179s] Level 1:colcon.colcon_core.environment:checking '/home/pi/robot_ws/install/mecanum_control/bin'
[13.180s] Level 1:colcon.colcon_core.environment:checking '/home/pi/robot_ws/install/mecanum_control/lib/pkgconfig/mecanum_control.pc'
[13.182s] Level 1:colcon.colcon_core.environment:checking '/home/pi/robot_ws/install/mecanum_control/lib/python3.10/site-packages'
[13.185s] Level 1:colcon.colcon_core.shell:create_environment_hook('mecanum_control', 'pythonpath')
[13.186s] INFO:colcon.colcon_core.shell:Creating environment hook '/home/pi/robot_ws/install/mecanum_control/share/mecanum_control/hook/pythonpath.ps1'
[13.190s] INFO:colcon.colcon_core.shell:Creating environment descriptor '/home/pi/robot_ws/install/mecanum_control/share/mecanum_control/hook/pythonpath.dsv'
[13.193s] INFO:colcon.colcon_core.shell:Creating environment hook '/home/pi/robot_ws/install/mecanum_control/share/mecanum_control/hook/pythonpath.sh'
[13.197s] Level 1:colcon.colcon_core.environment:checking '/home/pi/robot_ws/install/mecanum_control/bin'
[13.197s] Level 1:colcon.colcon_core.environment:create_environment_scripts_only(mecanum_control)
[13.199s] INFO:colcon.colcon_core.shell:Creating package script '/home/pi/robot_ws/install/mecanum_control/share/mecanum_control/package.ps1'
[13.203s] INFO:colcon.colcon_core.shell:Creating package descriptor '/home/pi/robot_ws/install/mecanum_control/share/mecanum_control/package.dsv'
[13.207s] INFO:colcon.colcon_core.shell:Creating package script '/home/pi/robot_ws/install/mecanum_control/share/mecanum_control/package.sh'
[13.212s] INFO:colcon.colcon_core.shell:Creating package script '/home/pi/robot_ws/install/mecanum_control/share/mecanum_control/package.bash'
[13.216s] INFO:colcon.colcon_core.shell:Creating package script '/home/pi/robot_ws/install/mecanum_control/share/mecanum_control/package.zsh'
[13.220s] Level 1:colcon.colcon_core.environment:create_file_with_runtime_dependencies(/home/pi/robot_ws/install/mecanum_control/share/colcon-core/packages/mecanum_control)
[13.229s] Level 1:colcon.colcon_core.environment:checking '/home/pi/robot_ws/install/mecanum_robot' for CMake module files
[13.234s] DEBUG:colcon.colcon_core.event_handler.log_command:Invoked command in '/home/pi/robot_ws/src/mecanum_robot' returned '0': PYTHONPATH=/home/pi/robot_ws/build/mecanum_robot/prefix_override:/usr/lib/python3/dist-packages/colcon_core/task/python/colcon_distutils_commands:/home/pi/robot_ws/install/mecanum_robot/lib/python3.10/site-packages:${PYTHONPATH} /usr/bin/python3 -W ignore:setup.py install is deprecated -W ignore:easy_install command is deprecated setup.py egg_info --egg-base ../../build/mecanum_robot build --build-base /home/pi/robot_ws/build/mecanum_robot/build install --record /home/pi/robot_ws/build/mecanum_robot/install.log --single-version-externally-managed install_data
[13.236s] Level 1:colcon.colcon_core.environment:checking '/home/pi/robot_ws/install/mecanum_robot' for CMake config files
[13.243s] Level 1:colcon.colcon_core.shell:create_environment_hook('mecanum_robot', 'cmake_prefix_path')
[13.244s] INFO:colcon.colcon_core.shell:Creating environment hook '/home/pi/robot_ws/install/mecanum_robot/share/mecanum_robot/hook/cmake_prefix_path.ps1'
[13.247s] INFO:colcon.colcon_core.shell:Creating environment descriptor '/home/pi/robot_ws/install/mecanum_robot/share/mecanum_robot/hook/cmake_prefix_path.dsv'
[13.250s] INFO:colcon.colcon_core.shell:Creating environment hook '/home/pi/robot_ws/install/mecanum_robot/share/mecanum_robot/hook/cmake_prefix_path.sh'
[13.254s] Level 1:colcon.colcon_core.environment:checking '/home/pi/robot_ws/install/mecanum_robot/lib'
[13.255s] Level 1:colcon.colcon_core.environment:checking '/home/pi/robot_ws/install/mecanum_robot/bin'
[13.255s] Level 1:colcon.colcon_core.environment:checking '/home/pi/robot_ws/install/mecanum_robot/lib/pkgconfig/mecanum_robot.pc'
[13.256s] Level 1:colcon.colcon_core.environment:checking '/home/pi/robot_ws/install/mecanum_robot/lib/python3.10/site-packages'
[13.257s] Level 1:colcon.colcon_core.shell:create_environment_hook('mecanum_robot', 'pythonpath')
[13.258s] INFO:colcon.colcon_core.shell:Creating environment hook '/home/pi/robot_ws/install/mecanum_robot/share/mecanum_robot/hook/pythonpath.ps1'
[13.260s] INFO:colcon.colcon_core.shell:Creating environment descriptor '/home/pi/robot_ws/install/mecanum_robot/share/mecanum_robot/hook/pythonpath.dsv'
[13.263s] INFO:colcon.colcon_core.shell:Creating environment hook '/home/pi/robot_ws/install/mecanum_robot/share/mecanum_robot/hook/pythonpath.sh'
[13.266s] Level 1:colcon.colcon_core.environment:checking '/home/pi/robot_ws/install/mecanum_robot/bin'
[13.266s] Level 1:colcon.colcon_core.environment:create_environment_scripts_only(mecanum_robot)
[13.268s] INFO:colcon.colcon_core.shell:Creating package script '/home/pi/robot_ws/install/mecanum_robot/share/mecanum_robot/package.ps1'
[13.271s] INFO:colcon.colcon_core.shell:Creating package descriptor '/home/pi/robot_ws/install/mecanum_robot/share/mecanum_robot/package.dsv'
[13.273s] INFO:colcon.colcon_core.shell:Creating package script '/home/pi/robot_ws/install/mecanum_robot/share/mecanum_robot/package.sh'
[13.276s] INFO:colcon.colcon_core.shell:Creating package script '/home/pi/robot_ws/install/mecanum_robot/share/mecanum_robot/package.bash'
[13.279s] INFO:colcon.colcon_core.shell:Creating package script '/home/pi/robot_ws/install/mecanum_robot/share/mecanum_robot/package.zsh'
[13.281s] Level 1:colcon.colcon_core.environment:create_file_with_runtime_dependencies(/home/pi/robot_ws/install/mecanum_robot/share/colcon-core/packages/mecanum_robot)
[13.283s] DEBUG:colcon.colcon_parallel_executor.executor.parallel:closing loop
[13.285s] DEBUG:colcon.colcon_parallel_executor.executor.parallel:loop closed
[13.286s] DEBUG:colcon.colcon_parallel_executor.executor.parallel:run_until_complete finished with '0'
[13.287s] DEBUG:colcon.colcon_core.event_reactor:joining thread
[13.327s] INFO:colcon.colcon_core.plugin_system:Skipping extension 'colcon_notification.desktop_notification.terminal_notifier': Not used on non-Darwin systems
[13.328s] INFO:colcon.colcon_core.plugin_system:Skipping extension 'colcon_notification.desktop_notification.win32': Not used on non-Windows systems
[13.328s] INFO:colcon.colcon_notification.desktop_notification:Sending desktop notification using 'notify2'
[13.706s] DEBUG:colcon.colcon_core.event_reactor:joined thread
[13.707s] INFO:colcon.colcon_core.shell:Creating prefix script '/home/pi/robot_ws/install/local_setup.ps1'
[13.713s] INFO:colcon.colcon_core.shell:Creating prefix util module '/home/pi/robot_ws/install/_local_setup_util_ps1.py'
[13.723s] INFO:colcon.colcon_core.shell:Creating prefix chain script '/home/pi/robot_ws/install/setup.ps1'
[13.730s] INFO:colcon.colcon_core.shell:Creating prefix script '/home/pi/robot_ws/install/local_setup.sh'
[13.735s] INFO:colcon.colcon_core.shell:Creating prefix util module '/home/pi/robot_ws/install/_local_setup_util_sh.py'
[13.738s] INFO:colcon.colcon_core.shell:Creating prefix chain script '/home/pi/robot_ws/install/setup.sh'
[13.744s] INFO:colcon.colcon_core.shell:Creating prefix script '/home/pi/robot_ws/install/local_setup.bash'
[13.750s] INFO:colcon.colcon_core.shell:Creating prefix chain script '/home/pi/robot_ws/install/setup.bash'
[13.755s] INFO:colcon.colcon_core.shell:Creating prefix script '/home/pi/robot_ws/install/local_setup.zsh'
[13.762s] INFO:colcon.colcon_core.shell:Creating prefix chain script '/home/pi/robot_ws/install/setup.zsh'
