[1.430s] DEBUG:colcon:Command line arguments: ['/usr/bin/colcon', 'build']
[1.431s] DEBUG:colcon:Parsed command line arguments: Namespace(log_base=None, log_level=None, verb_name='build', build_base='build', install_base='install', merge_install=False, symlink_install=False, test_result_base=None, continue_on_error=False, executor='parallel', parallel_workers=4, event_handlers=None, ignore_user_meta=False, metas=['./colcon.meta'], base_paths=['.'], packages_ignore=None, packages_ignore_regex=None, paths=None, packages_up_to=None, packages_up_to_regex=None, packages_above=None, packages_above_and_dependencies=None, packages_above_depth=None, packages_select_by_dep=None, packages_skip_by_dep=None, packages_skip_up_to=None, packages_select_build_failed=False, packages_skip_build_finished=False, packages_select_test_failures=False, packages_skip_test_passed=False, packages_select=None, packages_skip=None, packages_select_regex=None, packages_skip_regex=None, packages_start=None, packages_end=None, allow_overriding=[], cmake_args=None, cmake_target=None, cmake_target_skip_unavailable=False, cmake_clean_cache=False, cmake_clean_first=False, cmake_force_configure=False, ament_cmake_args=None, catkin_cmake_args=None, catkin_skip_building_tests=False, verb_parser=<colcon_defaults.argument_parser.defaults.DefaultArgumentsDecorator object at 0xffff94717760>, verb_extension=<colcon_core.verb.build.BuildVerb object at 0xffff94904af0>, main=<bound method BuildVerb.main of <colcon_core.verb.build.BuildVerb object at 0xffff94904af0>>)
[3.672s] Level 1:colcon.colcon_core.package_discovery:discover_packages(colcon_meta) check parameters
[3.673s] Level 1:colcon.colcon_core.package_discovery:discover_packages(recursive) check parameters
[3.673s] Level 1:colcon.colcon_core.package_discovery:discover_packages(ignore) check parameters
[3.673s] Level 1:colcon.colcon_core.package_discovery:discover_packages(path) check parameters
[3.674s] Level 1:colcon.colcon_core.package_discovery:discover_packages(colcon_meta) discover
[3.674s] Level 1:colcon.colcon_core.package_discovery:discover_packages(recursive) discover
[3.675s] INFO:colcon.colcon_core.package_discovery:Crawling recursively for packages in '/home/pi/robot_ws'
[3.675s] Level 1:colcon.colcon_core.package_identification:_identify(.) by extensions ['ignore', 'ignore_ament_install']
[3.676s] Level 1:colcon.colcon_core.package_identification:_identify(.) by extension 'ignore'
[3.677s] Level 1:colcon.colcon_core.package_identification:_identify(.) by extension 'ignore_ament_install'
[3.677s] Level 1:colcon.colcon_core.package_identification:_identify(.) by extensions ['colcon_pkg']
[3.678s] Level 1:colcon.colcon_core.package_identification:_identify(.) by extension 'colcon_pkg'
[3.678s] Level 1:colcon.colcon_core.package_identification:_identify(.) by extensions ['colcon_meta']
[3.679s] Level 1:colcon.colcon_core.package_identification:_identify(.) by extension 'colcon_meta'
[3.679s] Level 1:colcon.colcon_core.package_identification:_identify(.) by extensions ['ros']
[3.679s] Level 1:colcon.colcon_core.package_identification:_identify(.) by extension 'ros'
[3.783s] Level 1:colcon.colcon_core.package_identification:_identify(.) by extensions ['cmake', 'python']
[3.783s] Level 1:colcon.colcon_core.package_identification:_identify(.) by extension 'cmake'
[3.784s] Level 1:colcon.colcon_core.package_identification:_identify(.) by extension 'python'
[3.785s] Level 1:colcon.colcon_core.package_identification:_identify(.) by extensions ['python_setup_py']
[3.785s] Level 1:colcon.colcon_core.package_identification:_identify(.) by extension 'python_setup_py'
[3.786s] Level 1:colcon.colcon_core.package_identification:_identify(build) by extensions ['ignore', 'ignore_ament_install']
[3.788s] Level 1:colcon.colcon_core.package_identification:_identify(build) by extension 'ignore'
[3.789s] Level 1:colcon.colcon_core.package_identification:_identify(build) ignored
[3.790s] Level 1:colcon.colcon_core.package_identification:_identify(install) by extensions ['ignore', 'ignore_ament_install']
[3.791s] Level 1:colcon.colcon_core.package_identification:_identify(install) by extension 'ignore'
[3.792s] Level 1:colcon.colcon_core.package_identification:_identify(install) ignored
[3.794s] Level 1:colcon.colcon_core.package_identification:_identify(log) by extensions ['ignore', 'ignore_ament_install']
[3.795s] Level 1:colcon.colcon_core.package_identification:_identify(log) by extension 'ignore'
[3.796s] Level 1:colcon.colcon_core.package_identification:_identify(log) ignored
[3.797s] Level 1:colcon.colcon_core.package_identification:_identify(src) by extensions ['ignore', 'ignore_ament_install']
[3.797s] Level 1:colcon.colcon_core.package_identification:_identify(src) by extension 'ignore'
[3.798s] Level 1:colcon.colcon_core.package_identification:_identify(src) by extension 'ignore_ament_install'
[3.799s] Level 1:colcon.colcon_core.package_identification:_identify(src) by extensions ['colcon_pkg']
[3.800s] Level 1:colcon.colcon_core.package_identification:_identify(src) by extension 'colcon_pkg'
[3.800s] Level 1:colcon.colcon_core.package_identification:_identify(src) by extensions ['colcon_meta']
[3.800s] Level 1:colcon.colcon_core.package_identification:_identify(src) by extension 'colcon_meta'
[3.801s] Level 1:colcon.colcon_core.package_identification:_identify(src) by extensions ['ros']
[3.801s] Level 1:colcon.colcon_core.package_identification:_identify(src) by extension 'ros'
[3.802s] Level 1:colcon.colcon_core.package_identification:_identify(src) by extensions ['cmake', 'python']
[3.803s] Level 1:colcon.colcon_core.package_identification:_identify(src) by extension 'cmake'
[3.803s] Level 1:colcon.colcon_core.package_identification:_identify(src) by extension 'python'
[3.804s] Level 1:colcon.colcon_core.package_identification:_identify(src) by extensions ['python_setup_py']
[3.805s] Level 1:colcon.colcon_core.package_identification:_identify(src) by extension 'python_setup_py'
[3.806s] Level 1:colcon.colcon_core.package_identification:_identify(src/mecanum_control) by extensions ['ignore', 'ignore_ament_install']
[3.806s] Level 1:colcon.colcon_core.package_identification:_identify(src/mecanum_control) by extension 'ignore'
[3.807s] Level 1:colcon.colcon_core.package_identification:_identify(src/mecanum_control) by extension 'ignore_ament_install'
[3.808s] Level 1:colcon.colcon_core.package_identification:_identify(src/mecanum_control) by extensions ['colcon_pkg']
[3.808s] Level 1:colcon.colcon_core.package_identification:_identify(src/mecanum_control) by extension 'colcon_pkg'
[3.808s] Level 1:colcon.colcon_core.package_identification:_identify(src/mecanum_control) by extensions ['colcon_meta']
[3.809s] Level 1:colcon.colcon_core.package_identification:_identify(src/mecanum_control) by extension 'colcon_meta'
[3.809s] Level 1:colcon.colcon_core.package_identification:_identify(src/mecanum_control) by extensions ['ros']
[3.810s] Level 1:colcon.colcon_core.package_identification:_identify(src/mecanum_control) by extension 'ros'
[3.833s] DEBUG:colcon.colcon_core.package_identification:Package 'src/mecanum_control' with type 'ros.ament_python' and name 'mecanum_control'
[3.834s] Level 1:colcon.colcon_core.package_identification:_identify(src/mecanum_kinematics) by extensions ['ignore', 'ignore_ament_install']
[3.834s] Level 1:colcon.colcon_core.package_identification:_identify(src/mecanum_kinematics) by extension 'ignore'
[3.835s] Level 1:colcon.colcon_core.package_identification:_identify(src/mecanum_kinematics) by extension 'ignore_ament_install'
[3.835s] Level 1:colcon.colcon_core.package_identification:_identify(src/mecanum_kinematics) by extensions ['colcon_pkg']
[3.836s] Level 1:colcon.colcon_core.package_identification:_identify(src/mecanum_kinematics) by extension 'colcon_pkg'
[3.836s] Level 1:colcon.colcon_core.package_identification:_identify(src/mecanum_kinematics) by extensions ['colcon_meta']
[3.836s] Level 1:colcon.colcon_core.package_identification:_identify(src/mecanum_kinematics) by extension 'colcon_meta'
[3.837s] Level 1:colcon.colcon_core.package_identification:_identify(src/mecanum_kinematics) by extensions ['ros']
[3.837s] Level 1:colcon.colcon_core.package_identification:_identify(src/mecanum_kinematics) by extension 'ros'
[3.842s] DEBUG:colcon.colcon_core.package_identification:Package 'src/mecanum_kinematics' with type 'ros.ament_python' and name 'mecanum_kinematics'
[3.843s] Level 1:colcon.colcon_core.package_identification:_identify(src/mecanum_robot) by extensions ['ignore', 'ignore_ament_install']
[3.844s] Level 1:colcon.colcon_core.package_identification:_identify(src/mecanum_robot) by extension 'ignore'
[3.844s] Level 1:colcon.colcon_core.package_identification:_identify(src/mecanum_robot) by extension 'ignore_ament_install'
[3.845s] Level 1:colcon.colcon_core.package_identification:_identify(src/mecanum_robot) by extensions ['colcon_pkg']
[3.845s] Level 1:colcon.colcon_core.package_identification:_identify(src/mecanum_robot) by extension 'colcon_pkg'
[3.846s] Level 1:colcon.colcon_core.package_identification:_identify(src/mecanum_robot) by extensions ['colcon_meta']
[3.846s] Level 1:colcon.colcon_core.package_identification:_identify(src/mecanum_robot) by extension 'colcon_meta'
[3.846s] Level 1:colcon.colcon_core.package_identification:_identify(src/mecanum_robot) by extensions ['ros']
[3.847s] Level 1:colcon.colcon_core.package_identification:_identify(src/mecanum_robot) by extension 'ros'
[3.855s] DEBUG:colcon.colcon_core.package_identification:Package 'src/mecanum_robot' with type 'ros.ament_python' and name 'mecanum_robot'
[3.856s] Level 1:colcon.colcon_core.package_identification:_identify(src/scan_qos_bridge) by extensions ['ignore', 'ignore_ament_install']
[3.856s] Level 1:colcon.colcon_core.package_identification:_identify(src/scan_qos_bridge) by extension 'ignore'
[3.857s] Level 1:colcon.colcon_core.package_identification:_identify(src/scan_qos_bridge) by extension 'ignore_ament_install'
[3.857s] Level 1:colcon.colcon_core.package_identification:_identify(src/scan_qos_bridge) by extensions ['colcon_pkg']
[3.858s] Level 1:colcon.colcon_core.package_identification:_identify(src/scan_qos_bridge) by extension 'colcon_pkg'
[3.858s] Level 1:colcon.colcon_core.package_identification:_identify(src/scan_qos_bridge) by extensions ['colcon_meta']
[3.859s] Level 1:colcon.colcon_core.package_identification:_identify(src/scan_qos_bridge) by extension 'colcon_meta'
[3.859s] Level 1:colcon.colcon_core.package_identification:_identify(src/scan_qos_bridge) by extensions ['ros']
[3.859s] Level 1:colcon.colcon_core.package_identification:_identify(src/scan_qos_bridge) by extension 'ros'
[3.863s] DEBUG:colcon.colcon_core.package_identification:Package 'src/scan_qos_bridge' with type 'ros.ament_cmake' and name 'scan_qos_bridge'
[3.864s] Level 1:colcon.colcon_core.package_identification:_identify(src/ydlidar_ros2_driver) by extensions ['ignore', 'ignore_ament_install']
[3.864s] Level 1:colcon.colcon_core.package_identification:_identify(src/ydlidar_ros2_driver) by extension 'ignore'
[3.865s] Level 1:colcon.colcon_core.package_identification:_identify(src/ydlidar_ros2_driver) by extension 'ignore_ament_install'
[3.865s] Level 1:colcon.colcon_core.package_identification:_identify(src/ydlidar_ros2_driver) by extensions ['colcon_pkg']
[3.866s] Level 1:colcon.colcon_core.package_identification:_identify(src/ydlidar_ros2_driver) by extension 'colcon_pkg'
[3.866s] Level 1:colcon.colcon_core.package_identification:_identify(src/ydlidar_ros2_driver) by extensions ['colcon_meta']
[3.866s] Level 1:colcon.colcon_core.package_identification:_identify(src/ydlidar_ros2_driver) by extension 'colcon_meta'
[3.867s] Level 1:colcon.colcon_core.package_identification:_identify(src/ydlidar_ros2_driver) by extensions ['ros']
[3.867s] Level 1:colcon.colcon_core.package_identification:_identify(src/ydlidar_ros2_driver) by extension 'ros'
[3.871s] DEBUG:colcon.colcon_core.package_identification:Package 'src/ydlidar_ros2_driver' with type 'ros.ament_cmake' and name 'ydlidar_ros2_driver'
[3.872s] Level 1:colcon.colcon_core.package_discovery:discover_packages(recursive) using defaults
[3.872s] Level 1:colcon.colcon_core.package_discovery:discover_packages(ignore) discover
[3.872s] Level 1:colcon.colcon_core.package_discovery:discover_packages(ignore) using defaults
[3.872s] Level 1:colcon.colcon_core.package_discovery:discover_packages(path) discover
[3.873s] Level 1:colcon.colcon_core.package_discovery:discover_packages(path) using defaults
[4.083s] Level 1:colcon.colcon_core.package_discovery:discover_packages(prefix_path) check parameters
[4.083s] Level 1:colcon.colcon_core.package_discovery:discover_packages(prefix_path) discover
[4.111s] DEBUG:colcon.colcon_installed_package_information.package_discovery:Found 321 installed packages in /opt/ros/humble
[4.168s] Level 1:colcon.colcon_core.package_discovery:discover_packages(prefix_path) using defaults
[4.483s] Level 5:colcon.colcon_core.verb:set package 'mecanum_control' build argument 'cmake_args' from command line to 'None'
[4.484s] Level 5:colcon.colcon_core.verb:set package 'mecanum_control' build argument 'cmake_target' from command line to 'None'
[4.484s] Level 5:colcon.colcon_core.verb:set package 'mecanum_control' build argument 'cmake_target_skip_unavailable' from command line to 'False'
[4.484s] Level 5:colcon.colcon_core.verb:set package 'mecanum_control' build argument 'cmake_clean_cache' from command line to 'False'
[4.484s] Level 5:colcon.colcon_core.verb:set package 'mecanum_control' build argument 'cmake_clean_first' from command line to 'False'
[4.484s] Level 5:colcon.colcon_core.verb:set package 'mecanum_control' build argument 'cmake_force_configure' from command line to 'False'
[4.485s] Level 5:colcon.colcon_core.verb:set package 'mecanum_control' build argument 'ament_cmake_args' from command line to 'None'
[4.485s] Level 5:colcon.colcon_core.verb:set package 'mecanum_control' build argument 'catkin_cmake_args' from command line to 'None'
[4.485s] Level 5:colcon.colcon_core.verb:set package 'mecanum_control' build argument 'catkin_skip_building_tests' from command line to 'False'
[4.485s] DEBUG:colcon.colcon_core.verb:Building package 'mecanum_control' with the following arguments: {'ament_cmake_args': None, 'build_base': '/home/pi/robot_ws/build/mecanum_control', 'catkin_cmake_args': None, 'catkin_skip_building_tests': False, 'cmake_args': None, 'cmake_clean_cache': False, 'cmake_clean_first': False, 'cmake_force_configure': False, 'cmake_target': None, 'cmake_target_skip_unavailable': False, 'install_base': '/home/pi/robot_ws/install/mecanum_control', 'merge_install': False, 'path': '/home/pi/robot_ws/src/mecanum_control', 'symlink_install': False, 'test_result_base': None}
[4.487s] Level 5:colcon.colcon_core.verb:set package 'mecanum_kinematics' build argument 'cmake_args' from command line to 'None'
[4.487s] Level 5:colcon.colcon_core.verb:set package 'mecanum_kinematics' build argument 'cmake_target' from command line to 'None'
[4.488s] Level 5:colcon.colcon_core.verb:set package 'mecanum_kinematics' build argument 'cmake_target_skip_unavailable' from command line to 'False'
[4.488s] Level 5:colcon.colcon_core.verb:set package 'mecanum_kinematics' build argument 'cmake_clean_cache' from command line to 'False'
[4.488s] Level 5:colcon.colcon_core.verb:set package 'mecanum_kinematics' build argument 'cmake_clean_first' from command line to 'False'
[4.488s] Level 5:colcon.colcon_core.verb:set package 'mecanum_kinematics' build argument 'cmake_force_configure' from command line to 'False'
[4.488s] Level 5:colcon.colcon_core.verb:set package 'mecanum_kinematics' build argument 'ament_cmake_args' from command line to 'None'
[4.488s] Level 5:colcon.colcon_core.verb:set package 'mecanum_kinematics' build argument 'catkin_cmake_args' from command line to 'None'
[4.488s] Level 5:colcon.colcon_core.verb:set package 'mecanum_kinematics' build argument 'catkin_skip_building_tests' from command line to 'False'
[4.488s] DEBUG:colcon.colcon_core.verb:Building package 'mecanum_kinematics' with the following arguments: {'ament_cmake_args': None, 'build_base': '/home/pi/robot_ws/build/mecanum_kinematics', 'catkin_cmake_args': None, 'catkin_skip_building_tests': False, 'cmake_args': None, 'cmake_clean_cache': False, 'cmake_clean_first': False, 'cmake_force_configure': False, 'cmake_target': None, 'cmake_target_skip_unavailable': False, 'install_base': '/home/pi/robot_ws/install/mecanum_kinematics', 'merge_install': False, 'path': '/home/pi/robot_ws/src/mecanum_kinematics', 'symlink_install': False, 'test_result_base': None}
[4.490s] Level 5:colcon.colcon_core.verb:set package 'mecanum_robot' build argument 'cmake_args' from command line to 'None'
[4.491s] Level 5:colcon.colcon_core.verb:set package 'mecanum_robot' build argument 'cmake_target' from command line to 'None'
[4.491s] Level 5:colcon.colcon_core.verb:set package 'mecanum_robot' build argument 'cmake_target_skip_unavailable' from command line to 'False'
[4.491s] Level 5:colcon.colcon_core.verb:set package 'mecanum_robot' build argument 'cmake_clean_cache' from command line to 'False'
[4.491s] Level 5:colcon.colcon_core.verb:set package 'mecanum_robot' build argument 'cmake_clean_first' from command line to 'False'
[4.491s] Level 5:colcon.colcon_core.verb:set package 'mecanum_robot' build argument 'cmake_force_configure' from command line to 'False'
[4.491s] Level 5:colcon.colcon_core.verb:set package 'mecanum_robot' build argument 'ament_cmake_args' from command line to 'None'
[4.492s] Level 5:colcon.colcon_core.verb:set package 'mecanum_robot' build argument 'catkin_cmake_args' from command line to 'None'
[4.492s] Level 5:colcon.colcon_core.verb:set package 'mecanum_robot' build argument 'catkin_skip_building_tests' from command line to 'False'
[4.492s] DEBUG:colcon.colcon_core.verb:Building package 'mecanum_robot' with the following arguments: {'ament_cmake_args': None, 'build_base': '/home/pi/robot_ws/build/mecanum_robot', 'catkin_cmake_args': None, 'catkin_skip_building_tests': False, 'cmake_args': None, 'cmake_clean_cache': False, 'cmake_clean_first': False, 'cmake_force_configure': False, 'cmake_target': None, 'cmake_target_skip_unavailable': False, 'install_base': '/home/pi/robot_ws/install/mecanum_robot', 'merge_install': False, 'path': '/home/pi/robot_ws/src/mecanum_robot', 'symlink_install': False, 'test_result_base': None}
[4.494s] Level 5:colcon.colcon_core.verb:set package 'scan_qos_bridge' build argument 'cmake_args' from command line to 'None'
[4.494s] Level 5:colcon.colcon_core.verb:set package 'scan_qos_bridge' build argument 'cmake_target' from command line to 'None'
[4.495s] Level 5:colcon.colcon_core.verb:set package 'scan_qos_bridge' build argument 'cmake_target_skip_unavailable' from command line to 'False'
[4.495s] Level 5:colcon.colcon_core.verb:set package 'scan_qos_bridge' build argument 'cmake_clean_cache' from command line to 'False'
[4.495s] Level 5:colcon.colcon_core.verb:set package 'scan_qos_bridge' build argument 'cmake_clean_first' from command line to 'False'
[4.496s] Level 5:colcon.colcon_core.verb:set package 'scan_qos_bridge' build argument 'cmake_force_configure' from command line to 'False'
[4.496s] Level 5:colcon.colcon_core.verb:set package 'scan_qos_bridge' build argument 'ament_cmake_args' from command line to 'None'
[4.496s] Level 5:colcon.colcon_core.verb:set package 'scan_qos_bridge' build argument 'catkin_cmake_args' from command line to 'None'
[4.497s] Level 5:colcon.colcon_core.verb:set package 'scan_qos_bridge' build argument 'catkin_skip_building_tests' from command line to 'False'
[4.497s] DEBUG:colcon.colcon_core.verb:Building package 'scan_qos_bridge' with the following arguments: {'ament_cmake_args': None, 'build_base': '/home/pi/robot_ws/build/scan_qos_bridge', 'catkin_cmake_args': None, 'catkin_skip_building_tests': False, 'cmake_args': None, 'cmake_clean_cache': False, 'cmake_clean_first': False, 'cmake_force_configure': False, 'cmake_target': None, 'cmake_target_skip_unavailable': False, 'install_base': '/home/pi/robot_ws/install/scan_qos_bridge', 'merge_install': False, 'path': '/home/pi/robot_ws/src/scan_qos_bridge', 'symlink_install': False, 'test_result_base': None}
[4.499s] Level 5:colcon.colcon_core.verb:set package 'ydlidar_ros2_driver' build argument 'cmake_args' from command line to 'None'
[4.500s] Level 5:colcon.colcon_core.verb:set package 'ydlidar_ros2_driver' build argument 'cmake_target' from command line to 'None'
[4.500s] Level 5:colcon.colcon_core.verb:set package 'ydlidar_ros2_driver' build argument 'cmake_target_skip_unavailable' from command line to 'False'
[4.500s] Level 5:colcon.colcon_core.verb:set package 'ydlidar_ros2_driver' build argument 'cmake_clean_cache' from command line to 'False'
[4.500s] Level 5:colcon.colcon_core.verb:set package 'ydlidar_ros2_driver' build argument 'cmake_clean_first' from command line to 'False'
[4.501s] Level 5:colcon.colcon_core.verb:set package 'ydlidar_ros2_driver' build argument 'cmake_force_configure' from command line to 'False'
[4.501s] Level 5:colcon.colcon_core.verb:set package 'ydlidar_ros2_driver' build argument 'ament_cmake_args' from command line to 'None'
[4.501s] Level 5:colcon.colcon_core.verb:set package 'ydlidar_ros2_driver' build argument 'catkin_cmake_args' from command line to 'None'
[4.501s] Level 5:colcon.colcon_core.verb:set package 'ydlidar_ros2_driver' build argument 'catkin_skip_building_tests' from command line to 'False'
[4.502s] DEBUG:colcon.colcon_core.verb:Building package 'ydlidar_ros2_driver' with the following arguments: {'ament_cmake_args': None, 'build_base': '/home/pi/robot_ws/build/ydlidar_ros2_driver', 'catkin_cmake_args': None, 'catkin_skip_building_tests': False, 'cmake_args': None, 'cmake_clean_cache': False, 'cmake_clean_first': False, 'cmake_force_configure': False, 'cmake_target': None, 'cmake_target_skip_unavailable': False, 'install_base': '/home/pi/robot_ws/install/ydlidar_ros2_driver', 'merge_install': False, 'path': '/home/pi/robot_ws/src/ydlidar_ros2_driver', 'symlink_install': False, 'test_result_base': None}
[4.502s] INFO:colcon.colcon_core.executor:Executing jobs using 'parallel' executor
[4.507s] DEBUG:colcon.colcon_parallel_executor.executor.parallel:run_until_complete
[4.509s] INFO:colcon.colcon_ros.task.ament_python.build:Building ROS package in '/home/pi/robot_ws/src/mecanum_control' with build type 'ament_python'
[4.512s] Level 1:colcon.colcon_core.shell:create_environment_hook('mecanum_control', 'ament_prefix_path')
[4.541s] INFO:colcon.colcon_core.plugin_system:Skipping extension 'colcon_core.shell.bat': Not used on non-Windows systems
[4.543s] INFO:colcon.colcon_core.shell:Creating environment hook '/home/pi/robot_ws/install/mecanum_control/share/mecanum_control/hook/ament_prefix_path.ps1'
[4.551s] INFO:colcon.colcon_core.shell:Creating environment descriptor '/home/pi/robot_ws/install/mecanum_control/share/mecanum_control/hook/ament_prefix_path.dsv'
[4.559s] INFO:colcon.colcon_core.shell:Creating environment hook '/home/pi/robot_ws/install/mecanum_control/share/mecanum_control/hook/ament_prefix_path.sh'
[4.567s] INFO:colcon.colcon_core.shell:Skip shell extension 'powershell' for command environment: Not usable outside of PowerShell
[4.567s] DEBUG:colcon.colcon_core.shell:Skip shell extension 'dsv' for command environment
[4.594s] INFO:colcon.colcon_ros.task.ament_python.build:Building ROS package in '/home/pi/robot_ws/src/mecanum_kinematics' with build type 'ament_python'
[4.595s] Level 1:colcon.colcon_core.shell:create_environment_hook('mecanum_kinematics', 'ament_prefix_path')
[4.596s] INFO:colcon.colcon_core.shell:Creating environment hook '/home/pi/robot_ws/install/mecanum_kinematics/share/mecanum_kinematics/hook/ament_prefix_path.ps1'
[4.600s] INFO:colcon.colcon_core.shell:Creating environment descriptor '/home/pi/robot_ws/install/mecanum_kinematics/share/mecanum_kinematics/hook/ament_prefix_path.dsv'
[4.604s] INFO:colcon.colcon_core.shell:Creating environment hook '/home/pi/robot_ws/install/mecanum_kinematics/share/mecanum_kinematics/hook/ament_prefix_path.sh'
[4.609s] INFO:colcon.colcon_core.shell:Skip shell extension 'powershell' for command environment: Not usable outside of PowerShell
[4.610s] DEBUG:colcon.colcon_core.shell:Skip shell extension 'dsv' for command environment
[4.631s] INFO:colcon.colcon_ros.task.ament_python.build:Building ROS package in '/home/pi/robot_ws/src/mecanum_robot' with build type 'ament_python'
[4.632s] Level 1:colcon.colcon_core.shell:create_environment_hook('mecanum_robot', 'ament_prefix_path')
[4.633s] INFO:colcon.colcon_core.shell:Creating environment hook '/home/pi/robot_ws/install/mecanum_robot/share/mecanum_robot/hook/ament_prefix_path.ps1'
[4.637s] INFO:colcon.colcon_core.shell:Creating environment descriptor '/home/pi/robot_ws/install/mecanum_robot/share/mecanum_robot/hook/ament_prefix_path.dsv'
[4.642s] INFO:colcon.colcon_core.shell:Creating environment hook '/home/pi/robot_ws/install/mecanum_robot/share/mecanum_robot/hook/ament_prefix_path.sh'
[4.650s] INFO:colcon.colcon_core.shell:Skip shell extension 'powershell' for command environment: Not usable outside of PowerShell
[4.651s] DEBUG:colcon.colcon_core.shell:Skip shell extension 'dsv' for command environment
[4.675s] INFO:colcon.colcon_ros.task.ament_cmake.build:Building ROS package in '/home/pi/robot_ws/src/scan_qos_bridge' with build type 'ament_cmake'
[4.676s] INFO:colcon.colcon_cmake.task.cmake.build:Building CMake package in '/home/pi/robot_ws/src/scan_qos_bridge'
[4.677s] INFO:colcon.colcon_core.shell:Skip shell extension 'powershell' for command environment: Not usable outside of PowerShell
[4.679s] DEBUG:colcon.colcon_core.shell:Skip shell extension 'dsv' for command environment
[6.934s] INFO:colcon.colcon_core.task.python.build:Building Python package in '/home/pi/robot_ws/src/mecanum_control'
[6.938s] INFO:colcon.colcon_core.shell:Skip shell extension 'powershell' for command environment: Not usable outside of PowerShell
[6.939s] DEBUG:colcon.colcon_core.shell:Skip shell extension 'dsv' for command environment
[9.182s] INFO:colcon.colcon_core.task.python.build:Building Python package in '/home/pi/robot_ws/src/mecanum_kinematics'
[9.183s] INFO:colcon.colcon_core.shell:Skip shell extension 'powershell' for command environment: Not usable outside of PowerShell
[9.183s] DEBUG:colcon.colcon_core.shell:Skip shell extension 'dsv' for command environment
[10.965s] INFO:colcon.colcon_core.task.python.build:Building Python package in '/home/pi/robot_ws/src/mecanum_robot'
[10.967s] INFO:colcon.colcon_core.shell:Skip shell extension 'powershell' for command environment: Not usable outside of PowerShell
[10.968s] DEBUG:colcon.colcon_core.shell:Skip shell extension 'dsv' for command environment
[11.033s] DEBUG:colcon.colcon_core.event_handler.log_command:Invoking command in '/home/pi/robot_ws/build/scan_qos_bridge': CMAKE_PREFIX_PATH=/opt/ros/humble /usr/bin/cmake --build /home/pi/robot_ws/build/scan_qos_bridge -- -j4 -l4
[13.277s] DEBUG:colcon.colcon_core.event_handler.log_command:Invoked command in '/home/pi/robot_ws/build/scan_qos_bridge' returned '0': CMAKE_PREFIX_PATH=/opt/ros/humble /usr/bin/cmake --build /home/pi/robot_ws/build/scan_qos_bridge -- -j4 -l4
[13.395s] DEBUG:colcon.colcon_core.event_handler.log_command:Invoking command in '/home/pi/robot_ws/build/scan_qos_bridge': CMAKE_PREFIX_PATH=/opt/ros/humble /usr/bin/cmake --install /home/pi/robot_ws/build/scan_qos_bridge
[13.657s] Level 1:colcon.colcon_core.environment:create_environment_scripts_only(scan_qos_bridge)
[13.661s] DEBUG:colcon.colcon_core.event_handler.log_command:Invoked command in '/home/pi/robot_ws/build/scan_qos_bridge' returned '0': CMAKE_PREFIX_PATH=/opt/ros/humble /usr/bin/cmake --install /home/pi/robot_ws/build/scan_qos_bridge
[14.064s] Level 1:colcon.colcon_core.environment:checking '/home/pi/robot_ws/install/scan_qos_bridge' for CMake module files
[14.073s] Level 1:colcon.colcon_core.environment:checking '/home/pi/robot_ws/install/scan_qos_bridge' for CMake config files
[14.076s] Level 1:colcon.colcon_core.shell:create_environment_hook('scan_qos_bridge', 'cmake_prefix_path')
[14.078s] INFO:colcon.colcon_core.shell:Creating environment hook '/home/pi/robot_ws/install/scan_qos_bridge/share/scan_qos_bridge/hook/cmake_prefix_path.ps1'
[14.082s] INFO:colcon.colcon_core.shell:Creating environment descriptor '/home/pi/robot_ws/install/scan_qos_bridge/share/scan_qos_bridge/hook/cmake_prefix_path.dsv'
[14.093s] INFO:colcon.colcon_core.shell:Creating environment hook '/home/pi/robot_ws/install/scan_qos_bridge/share/scan_qos_bridge/hook/cmake_prefix_path.sh'
[14.098s] Level 1:colcon.colcon_core.environment:checking '/home/pi/robot_ws/install/scan_qos_bridge/lib'
[14.099s] Level 1:colcon.colcon_core.environment:checking '/home/pi/robot_ws/install/scan_qos_bridge/bin'
[14.100s] Level 1:colcon.colcon_core.environment:checking '/home/pi/robot_ws/install/scan_qos_bridge/lib/pkgconfig/scan_qos_bridge.pc'
[14.101s] Level 1:colcon.colcon_core.environment:checking '/home/pi/robot_ws/install/scan_qos_bridge/lib/python3.10/site-packages'
[14.111s] Level 1:colcon.colcon_core.environment:checking '/home/pi/robot_ws/install/scan_qos_bridge/bin'
[14.114s] INFO:colcon.colcon_core.shell:Creating package script '/home/pi/robot_ws/install/scan_qos_bridge/share/scan_qos_bridge/package.ps1'
[14.128s] INFO:colcon.colcon_core.shell:Creating package descriptor '/home/pi/robot_ws/install/scan_qos_bridge/share/scan_qos_bridge/package.dsv'
[14.142s] INFO:colcon.colcon_core.shell:Creating package script '/home/pi/robot_ws/install/scan_qos_bridge/share/scan_qos_bridge/package.sh'
[14.162s] INFO:colcon.colcon_core.shell:Creating package script '/home/pi/robot_ws/install/scan_qos_bridge/share/scan_qos_bridge/package.bash'
[14.186s] INFO:colcon.colcon_core.shell:Creating package script '/home/pi/robot_ws/install/scan_qos_bridge/share/scan_qos_bridge/package.zsh'
[14.211s] Level 1:colcon.colcon_core.environment:create_file_with_runtime_dependencies(/home/pi/robot_ws/install/scan_qos_bridge/share/colcon-core/packages/scan_qos_bridge)
[14.215s] Level 1:colcon.colcon_core.environment:create_environment_scripts_only(scan_qos_bridge)
[14.217s] Level 1:colcon.colcon_core.environment:checking '/home/pi/robot_ws/install/scan_qos_bridge' for CMake module files
[14.230s] Level 1:colcon.colcon_core.environment:checking '/home/pi/robot_ws/install/scan_qos_bridge' for CMake config files
[14.233s] Level 1:colcon.colcon_core.shell:create_environment_hook('scan_qos_bridge', 'cmake_prefix_path')
[14.237s] INFO:colcon.colcon_core.shell:Creating environment hook '/home/pi/robot_ws/install/scan_qos_bridge/share/scan_qos_bridge/hook/cmake_prefix_path.ps1'
[14.240s] INFO:colcon.colcon_core.shell:Creating environment descriptor '/home/pi/robot_ws/install/scan_qos_bridge/share/scan_qos_bridge/hook/cmake_prefix_path.dsv'
[14.243s] INFO:colcon.colcon_core.shell:Creating environment hook '/home/pi/robot_ws/install/scan_qos_bridge/share/scan_qos_bridge/hook/cmake_prefix_path.sh'
[14.257s] Level 1:colcon.colcon_core.environment:checking '/home/pi/robot_ws/install/scan_qos_bridge/lib'
[14.258s] Level 1:colcon.colcon_core.environment:checking '/home/pi/robot_ws/install/scan_qos_bridge/bin'
[14.263s] Level 1:colcon.colcon_core.environment:checking '/home/pi/robot_ws/install/scan_qos_bridge/lib/pkgconfig/scan_qos_bridge.pc'
[14.265s] Level 1:colcon.colcon_core.environment:checking '/home/pi/robot_ws/install/scan_qos_bridge/lib/python3.10/site-packages'
[14.277s] Level 1:colcon.colcon_core.environment:checking '/home/pi/robot_ws/install/scan_qos_bridge/bin'
[14.289s] INFO:colcon.colcon_core.shell:Creating package script '/home/pi/robot_ws/install/scan_qos_bridge/share/scan_qos_bridge/package.ps1'
[14.304s] INFO:colcon.colcon_core.shell:Creating package descriptor '/home/pi/robot_ws/install/scan_qos_bridge/share/scan_qos_bridge/package.dsv'
[14.315s] INFO:colcon.colcon_core.shell:Creating package script '/home/pi/robot_ws/install/scan_qos_bridge/share/scan_qos_bridge/package.sh'
[14.318s] INFO:colcon.colcon_core.shell:Creating package script '/home/pi/robot_ws/install/scan_qos_bridge/share/scan_qos_bridge/package.bash'
[14.322s] INFO:colcon.colcon_core.shell:Creating package script '/home/pi/robot_ws/install/scan_qos_bridge/share/scan_qos_bridge/package.zsh'
[14.326s] Level 1:colcon.colcon_core.environment:create_file_with_runtime_dependencies(/home/pi/robot_ws/install/scan_qos_bridge/share/colcon-core/packages/scan_qos_bridge)
[14.338s] INFO:colcon.colcon_ros.task.ament_cmake.build:Building ROS package in '/home/pi/robot_ws/src/ydlidar_ros2_driver' with build type 'ament_cmake'
[14.339s] INFO:colcon.colcon_cmake.task.cmake.build:Building CMake package in '/home/pi/robot_ws/src/ydlidar_ros2_driver'
[14.341s] INFO:colcon.colcon_core.shell:Skip shell extension 'powershell' for command environment: Not usable outside of PowerShell
[14.341s] DEBUG:colcon.colcon_core.shell:Skip shell extension 'dsv' for command environment
[14.425s] DEBUG:colcon.colcon_core.event_handler.log_command:Invoking command in '/home/pi/robot_ws/build/ydlidar_ros2_driver': CMAKE_PREFIX_PATH=/opt/ros/humble /usr/bin/cmake --build /home/pi/robot_ws/build/ydlidar_ros2_driver -- -j4 -l4
[15.664s] DEBUG:colcon.colcon_core.event_handler.log_command:Invoking command in '/home/pi/robot_ws/src/mecanum_control': PYTHONPATH=/home/pi/robot_ws/build/mecanum_control/prefix_override:/usr/lib/python3/dist-packages/colcon_core/task/python/colcon_distutils_commands:/home/pi/robot_ws/install/mecanum_control/lib/python3.10/site-packages:${PYTHONPATH} /usr/bin/python3 -W ignore:setup.py install is deprecated -W ignore:easy_install command is deprecated setup.py egg_info --egg-base ../../build/mecanum_control build --build-base /home/pi/robot_ws/build/mecanum_control/build install --record /home/pi/robot_ws/build/mecanum_control/install.log --single-version-externally-managed install_data
[15.953s] DEBUG:colcon.colcon_core.event_handler.log_command:Invoking command in '/home/pi/robot_ws/src/mecanum_kinematics': PYTHONPATH=/home/pi/robot_ws/build/mecanum_kinematics/prefix_override:/usr/lib/python3/dist-packages/colcon_core/task/python/colcon_distutils_commands:/home/pi/robot_ws/install/mecanum_kinematics/lib/python3.10/site-packages:${PYTHONPATH} /usr/bin/python3 -W ignore:setup.py install is deprecated -W ignore:easy_install command is deprecated setup.py egg_info --egg-base ../../build/mecanum_kinematics build --build-base /home/pi/robot_ws/build/mecanum_kinematics/build install --record /home/pi/robot_ws/build/mecanum_kinematics/install.log --single-version-externally-managed install_data
[16.220s] DEBUG:colcon.colcon_core.event_handler.log_command:Invoked command in '/home/pi/robot_ws/build/ydlidar_ros2_driver' returned '0': CMAKE_PREFIX_PATH=/opt/ros/humble /usr/bin/cmake --build /home/pi/robot_ws/build/ydlidar_ros2_driver -- -j4 -l4
[16.248s] DEBUG:colcon.colcon_core.event_handler.log_command:Invoking command in '/home/pi/robot_ws/build/ydlidar_ros2_driver': CMAKE_PREFIX_PATH=/opt/ros/humble /usr/bin/cmake --install /home/pi/robot_ws/build/ydlidar_ros2_driver
[16.319s] DEBUG:colcon.colcon_core.event_handler.log_command:Invoking command in '/home/pi/robot_ws/src/mecanum_robot': PYTHONPATH=/home/pi/robot_ws/build/mecanum_robot/prefix_override:/usr/lib/python3/dist-packages/colcon_core/task/python/colcon_distutils_commands:/home/pi/robot_ws/install/mecanum_robot/lib/python3.10/site-packages:${PYTHONPATH} /usr/bin/python3 -W ignore:setup.py install is deprecated -W ignore:easy_install command is deprecated setup.py egg_info --egg-base ../../build/mecanum_robot build --build-base /home/pi/robot_ws/build/mecanum_robot/build install --record /home/pi/robot_ws/build/mecanum_robot/install.log --single-version-externally-managed install_data
[16.566s] Level 1:colcon.colcon_core.environment:create_environment_scripts_only(ydlidar_ros2_driver)
[16.568s] Level 1:colcon.colcon_core.environment:checking '/home/pi/robot_ws/install/ydlidar_ros2_driver' for CMake module files
[16.572s] Level 1:colcon.colcon_core.environment:checking '/home/pi/robot_ws/install/ydlidar_ros2_driver' for CMake config files
[16.580s] Level 1:colcon.colcon_core.shell:create_environment_hook('ydlidar_ros2_driver', 'cmake_prefix_path')
[16.581s] INFO:colcon.colcon_core.shell:Creating environment hook '/home/pi/robot_ws/install/ydlidar_ros2_driver/share/ydlidar_ros2_driver/hook/cmake_prefix_path.ps1'
[16.586s] DEBUG:colcon.colcon_core.event_handler.log_command:Invoked command in '/home/pi/robot_ws/build/ydlidar_ros2_driver' returned '0': CMAKE_PREFIX_PATH=/opt/ros/humble /usr/bin/cmake --install /home/pi/robot_ws/build/ydlidar_ros2_driver
[16.586s] INFO:colcon.colcon_core.shell:Creating environment descriptor '/home/pi/robot_ws/install/ydlidar_ros2_driver/share/ydlidar_ros2_driver/hook/cmake_prefix_path.dsv'
[16.590s] INFO:colcon.colcon_core.shell:Creating environment hook '/home/pi/robot_ws/install/ydlidar_ros2_driver/share/ydlidar_ros2_driver/hook/cmake_prefix_path.sh'
[16.597s] Level 1:colcon.colcon_core.environment:checking '/home/pi/robot_ws/install/ydlidar_ros2_driver/lib'
[16.598s] Level 1:colcon.colcon_core.environment:checking '/home/pi/robot_ws/install/ydlidar_ros2_driver/bin'
[16.598s] Level 1:colcon.colcon_core.environment:checking '/home/pi/robot_ws/install/ydlidar_ros2_driver/lib/pkgconfig/ydlidar_ros2_driver.pc'
[16.601s] Level 1:colcon.colcon_core.environment:checking '/home/pi/robot_ws/install/ydlidar_ros2_driver/lib/python3.10/site-packages'
[16.603s] Level 1:colcon.colcon_core.environment:checking '/home/pi/robot_ws/install/ydlidar_ros2_driver/bin'
[16.605s] INFO:colcon.colcon_core.shell:Creating package script '/home/pi/robot_ws/install/ydlidar_ros2_driver/share/ydlidar_ros2_driver/package.ps1'
[16.609s] INFO:colcon.colcon_core.shell:Creating package descriptor '/home/pi/robot_ws/install/ydlidar_ros2_driver/share/ydlidar_ros2_driver/package.dsv'
[16.615s] INFO:colcon.colcon_core.shell:Creating package script '/home/pi/robot_ws/install/ydlidar_ros2_driver/share/ydlidar_ros2_driver/package.sh'
[16.619s] INFO:colcon.colcon_core.shell:Creating package script '/home/pi/robot_ws/install/ydlidar_ros2_driver/share/ydlidar_ros2_driver/package.bash'
[16.623s] INFO:colcon.colcon_core.shell:Creating package script '/home/pi/robot_ws/install/ydlidar_ros2_driver/share/ydlidar_ros2_driver/package.zsh'
[16.630s] Level 1:colcon.colcon_core.environment:create_file_with_runtime_dependencies(/home/pi/robot_ws/install/ydlidar_ros2_driver/share/colcon-core/packages/ydlidar_ros2_driver)
[16.649s] Level 1:colcon.colcon_core.environment:create_environment_scripts_only(ydlidar_ros2_driver)
[16.651s] Level 1:colcon.colcon_core.environment:checking '/home/pi/robot_ws/install/ydlidar_ros2_driver' for CMake module files
[16.658s] Level 1:colcon.colcon_core.environment:checking '/home/pi/robot_ws/install/ydlidar_ros2_driver' for CMake config files
[16.661s] Level 1:colcon.colcon_core.shell:create_environment_hook('ydlidar_ros2_driver', 'cmake_prefix_path')
[16.663s] INFO:colcon.colcon_core.shell:Creating environment hook '/home/pi/robot_ws/install/ydlidar_ros2_driver/share/ydlidar_ros2_driver/hook/cmake_prefix_path.ps1'
[16.668s] INFO:colcon.colcon_core.shell:Creating environment descriptor '/home/pi/robot_ws/install/ydlidar_ros2_driver/share/ydlidar_ros2_driver/hook/cmake_prefix_path.dsv'
[16.672s] INFO:colcon.colcon_core.shell:Creating environment hook '/home/pi/robot_ws/install/ydlidar_ros2_driver/share/ydlidar_ros2_driver/hook/cmake_prefix_path.sh'
[16.679s] Level 1:colcon.colcon_core.environment:checking '/home/pi/robot_ws/install/ydlidar_ros2_driver/lib'
[16.679s] Level 1:colcon.colcon_core.environment:checking '/home/pi/robot_ws/install/ydlidar_ros2_driver/bin'
[16.680s] Level 1:colcon.colcon_core.environment:checking '/home/pi/robot_ws/install/ydlidar_ros2_driver/lib/pkgconfig/ydlidar_ros2_driver.pc'
[16.682s] Level 1:colcon.colcon_core.environment:checking '/home/pi/robot_ws/install/ydlidar_ros2_driver/lib/python3.10/site-packages'
[16.684s] Level 1:colcon.colcon_core.environment:checking '/home/pi/robot_ws/install/ydlidar_ros2_driver/bin'
[16.686s] INFO:colcon.colcon_core.shell:Creating package script '/home/pi/robot_ws/install/ydlidar_ros2_driver/share/ydlidar_ros2_driver/package.ps1'
[16.694s] INFO:colcon.colcon_core.shell:Creating package descriptor '/home/pi/robot_ws/install/ydlidar_ros2_driver/share/ydlidar_ros2_driver/package.dsv'
[16.701s] INFO:colcon.colcon_core.shell:Creating package script '/home/pi/robot_ws/install/ydlidar_ros2_driver/share/ydlidar_ros2_driver/package.sh'
[16.706s] INFO:colcon.colcon_core.shell:Creating package script '/home/pi/robot_ws/install/ydlidar_ros2_driver/share/ydlidar_ros2_driver/package.bash'
[16.710s] INFO:colcon.colcon_core.shell:Creating package script '/home/pi/robot_ws/install/ydlidar_ros2_driver/share/ydlidar_ros2_driver/package.zsh'
[16.715s] Level 1:colcon.colcon_core.environment:create_file_with_runtime_dependencies(/home/pi/robot_ws/install/ydlidar_ros2_driver/share/colcon-core/packages/ydlidar_ros2_driver)
[19.779s] Level 1:colcon.colcon_core.environment:checking '/home/pi/robot_ws/install/mecanum_robot' for CMake module files
[19.786s] DEBUG:colcon.colcon_core.event_handler.log_command:Invoked command in '/home/pi/robot_ws/src/mecanum_robot' returned '0': PYTHONPATH=/home/pi/robot_ws/build/mecanum_robot/prefix_override:/usr/lib/python3/dist-packages/colcon_core/task/python/colcon_distutils_commands:/home/pi/robot_ws/install/mecanum_robot/lib/python3.10/site-packages:${PYTHONPATH} /usr/bin/python3 -W ignore:setup.py install is deprecated -W ignore:easy_install command is deprecated setup.py egg_info --egg-base ../../build/mecanum_robot build --build-base /home/pi/robot_ws/build/mecanum_robot/build install --record /home/pi/robot_ws/build/mecanum_robot/install.log --single-version-externally-managed install_data
[19.804s] Level 1:colcon.colcon_core.environment:checking '/home/pi/robot_ws/install/mecanum_robot' for CMake config files
[19.826s] Level 1:colcon.colcon_core.shell:create_environment_hook('mecanum_robot', 'cmake_prefix_path')
[19.829s] INFO:colcon.colcon_core.shell:Creating environment hook '/home/pi/robot_ws/install/mecanum_robot/share/mecanum_robot/hook/cmake_prefix_path.ps1'
[19.839s] INFO:colcon.colcon_core.shell:Creating environment descriptor '/home/pi/robot_ws/install/mecanum_robot/share/mecanum_robot/hook/cmake_prefix_path.dsv'
[19.847s] INFO:colcon.colcon_core.shell:Creating environment hook '/home/pi/robot_ws/install/mecanum_robot/share/mecanum_robot/hook/cmake_prefix_path.sh'
[19.857s] Level 1:colcon.colcon_core.environment:checking '/home/pi/robot_ws/install/mecanum_robot/lib'
[19.860s] Level 1:colcon.colcon_core.environment:checking '/home/pi/robot_ws/install/mecanum_robot/bin'
[19.862s] Level 1:colcon.colcon_core.environment:checking '/home/pi/robot_ws/install/mecanum_robot/lib/pkgconfig/mecanum_robot.pc'
[19.864s] Level 1:colcon.colcon_core.environment:checking '/home/pi/robot_ws/install/mecanum_robot/lib/python3.10/site-packages'
[19.866s] Level 1:colcon.colcon_core.shell:create_environment_hook('mecanum_robot', 'pythonpath')
[19.869s] INFO:colcon.colcon_core.shell:Creating environment hook '/home/pi/robot_ws/install/mecanum_robot/share/mecanum_robot/hook/pythonpath.ps1'
[19.876s] INFO:colcon.colcon_core.shell:Creating environment descriptor '/home/pi/robot_ws/install/mecanum_robot/share/mecanum_robot/hook/pythonpath.dsv'
[19.884s] INFO:colcon.colcon_core.shell:Creating environment hook '/home/pi/robot_ws/install/mecanum_robot/share/mecanum_robot/hook/pythonpath.sh'
[19.893s] Level 1:colcon.colcon_core.environment:checking '/home/pi/robot_ws/install/mecanum_robot/bin'
[19.895s] Level 1:colcon.colcon_core.environment:create_environment_scripts_only(mecanum_robot)
[19.900s] INFO:colcon.colcon_core.shell:Creating package script '/home/pi/robot_ws/install/mecanum_robot/share/mecanum_robot/package.ps1'
[19.909s] INFO:colcon.colcon_core.shell:Creating package descriptor '/home/pi/robot_ws/install/mecanum_robot/share/mecanum_robot/package.dsv'
[19.916s] INFO:colcon.colcon_core.shell:Creating package script '/home/pi/robot_ws/install/mecanum_robot/share/mecanum_robot/package.sh'
[19.922s] INFO:colcon.colcon_core.shell:Creating package script '/home/pi/robot_ws/install/mecanum_robot/share/mecanum_robot/package.bash'
[19.927s] INFO:colcon.colcon_core.shell:Creating package script '/home/pi/robot_ws/install/mecanum_robot/share/mecanum_robot/package.zsh'
[19.932s] Level 1:colcon.colcon_core.environment:create_file_with_runtime_dependencies(/home/pi/robot_ws/install/mecanum_robot/share/colcon-core/packages/mecanum_robot)
[19.944s] Level 1:colcon.colcon_core.environment:checking '/home/pi/robot_ws/install/mecanum_control' for CMake module files
[19.948s] DEBUG:colcon.colcon_core.event_handler.log_command:Invoked command in '/home/pi/robot_ws/src/mecanum_control' returned '0': PYTHONPATH=/home/pi/robot_ws/build/mecanum_control/prefix_override:/usr/lib/python3/dist-packages/colcon_core/task/python/colcon_distutils_commands:/home/pi/robot_ws/install/mecanum_control/lib/python3.10/site-packages:${PYTHONPATH} /usr/bin/python3 -W ignore:setup.py install is deprecated -W ignore:easy_install command is deprecated setup.py egg_info --egg-base ../../build/mecanum_control build --build-base /home/pi/robot_ws/build/mecanum_control/build install --record /home/pi/robot_ws/build/mecanum_control/install.log --single-version-externally-managed install_data
[19.953s] Level 1:colcon.colcon_core.environment:checking '/home/pi/robot_ws/install/mecanum_control' for CMake config files
[19.959s] Level 1:colcon.colcon_core.environment:checking '/home/pi/robot_ws/install/mecanum_control/lib'
[19.960s] Level 1:colcon.colcon_core.environment:checking '/home/pi/robot_ws/install/mecanum_control/bin'
[19.961s] Level 1:colcon.colcon_core.environment:checking '/home/pi/robot_ws/install/mecanum_control/lib/pkgconfig/mecanum_control.pc'
[19.963s] Level 1:colcon.colcon_core.environment:checking '/home/pi/robot_ws/install/mecanum_control/lib/python3.10/site-packages'
[19.964s] Level 1:colcon.colcon_core.shell:create_environment_hook('mecanum_control', 'pythonpath')
[19.967s] INFO:colcon.colcon_core.shell:Creating environment hook '/home/pi/robot_ws/install/mecanum_control/share/mecanum_control/hook/pythonpath.ps1'
[19.972s] INFO:colcon.colcon_core.shell:Creating environment descriptor '/home/pi/robot_ws/install/mecanum_control/share/mecanum_control/hook/pythonpath.dsv'
[19.977s] INFO:colcon.colcon_core.shell:Creating environment hook '/home/pi/robot_ws/install/mecanum_control/share/mecanum_control/hook/pythonpath.sh'
[19.985s] Level 1:colcon.colcon_core.environment:checking '/home/pi/robot_ws/install/mecanum_control/bin'
[19.986s] Level 1:colcon.colcon_core.environment:create_environment_scripts_only(mecanum_control)
[19.988s] INFO:colcon.colcon_core.shell:Creating package script '/home/pi/robot_ws/install/mecanum_control/share/mecanum_control/package.ps1'
[19.994s] INFO:colcon.colcon_core.shell:Creating package descriptor '/home/pi/robot_ws/install/mecanum_control/share/mecanum_control/package.dsv'
[20.001s] INFO:colcon.colcon_core.shell:Creating package script '/home/pi/robot_ws/install/mecanum_control/share/mecanum_control/package.sh'
[20.007s] INFO:colcon.colcon_core.shell:Creating package script '/home/pi/robot_ws/install/mecanum_control/share/mecanum_control/package.bash'
[20.014s] INFO:colcon.colcon_core.shell:Creating package script '/home/pi/robot_ws/install/mecanum_control/share/mecanum_control/package.zsh'
[20.019s] Level 1:colcon.colcon_core.environment:create_file_with_runtime_dependencies(/home/pi/robot_ws/install/mecanum_control/share/colcon-core/packages/mecanum_control)
[20.905s] Level 1:colcon.colcon_core.environment:checking '/home/pi/robot_ws/install/mecanum_kinematics' for CMake module files
[20.909s] DEBUG:colcon.colcon_core.event_handler.log_command:Invoked command in '/home/pi/robot_ws/src/mecanum_kinematics' returned '0': PYTHONPATH=/home/pi/robot_ws/build/mecanum_kinematics/prefix_override:/usr/lib/python3/dist-packages/colcon_core/task/python/colcon_distutils_commands:/home/pi/robot_ws/install/mecanum_kinematics/lib/python3.10/site-packages:${PYTHONPATH} /usr/bin/python3 -W ignore:setup.py install is deprecated -W ignore:easy_install command is deprecated setup.py egg_info --egg-base ../../build/mecanum_kinematics build --build-base /home/pi/robot_ws/build/mecanum_kinematics/build install --record /home/pi/robot_ws/build/mecanum_kinematics/install.log --single-version-externally-managed install_data
[20.913s] Level 1:colcon.colcon_core.environment:checking '/home/pi/robot_ws/install/mecanum_kinematics' for CMake config files
[20.921s] Level 1:colcon.colcon_core.environment:checking '/home/pi/robot_ws/install/mecanum_kinematics/lib'
[20.922s] Level 1:colcon.colcon_core.environment:checking '/home/pi/robot_ws/install/mecanum_kinematics/bin'
[20.923s] Level 1:colcon.colcon_core.environment:checking '/home/pi/robot_ws/install/mecanum_kinematics/lib/pkgconfig/mecanum_kinematics.pc'
[20.926s] Level 1:colcon.colcon_core.environment:checking '/home/pi/robot_ws/install/mecanum_kinematics/lib/python3.10/site-packages'
[20.926s] Level 1:colcon.colcon_core.shell:create_environment_hook('mecanum_kinematics', 'pythonpath')
[20.929s] INFO:colcon.colcon_core.shell:Creating environment hook '/home/pi/robot_ws/install/mecanum_kinematics/share/mecanum_kinematics/hook/pythonpath.ps1'
[20.935s] INFO:colcon.colcon_core.shell:Creating environment descriptor '/home/pi/robot_ws/install/mecanum_kinematics/share/mecanum_kinematics/hook/pythonpath.dsv'
[20.940s] INFO:colcon.colcon_core.shell:Creating environment hook '/home/pi/robot_ws/install/mecanum_kinematics/share/mecanum_kinematics/hook/pythonpath.sh'
[20.945s] Level 1:colcon.colcon_core.environment:checking '/home/pi/robot_ws/install/mecanum_kinematics/bin'
[20.946s] Level 1:colcon.colcon_core.environment:create_environment_scripts_only(mecanum_kinematics)
[20.949s] INFO:colcon.colcon_core.shell:Creating package script '/home/pi/robot_ws/install/mecanum_kinematics/share/mecanum_kinematics/package.ps1'
[20.952s] INFO:colcon.colcon_core.shell:Creating package descriptor '/home/pi/robot_ws/install/mecanum_kinematics/share/mecanum_kinematics/package.dsv'
[20.956s] INFO:colcon.colcon_core.shell:Creating package script '/home/pi/robot_ws/install/mecanum_kinematics/share/mecanum_kinematics/package.sh'
[20.960s] INFO:colcon.colcon_core.shell:Creating package script '/home/pi/robot_ws/install/mecanum_kinematics/share/mecanum_kinematics/package.bash'
[20.964s] INFO:colcon.colcon_core.shell:Creating package script '/home/pi/robot_ws/install/mecanum_kinematics/share/mecanum_kinematics/package.zsh'
[20.967s] Level 1:colcon.colcon_core.environment:create_file_with_runtime_dependencies(/home/pi/robot_ws/install/mecanum_kinematics/share/colcon-core/packages/mecanum_kinematics)
[20.970s] DEBUG:colcon.colcon_parallel_executor.executor.parallel:closing loop
[20.973s] DEBUG:colcon.colcon_parallel_executor.executor.parallel:loop closed
[20.973s] DEBUG:colcon.colcon_parallel_executor.executor.parallel:run_until_complete finished with '0'
[20.974s] DEBUG:colcon.colcon_core.event_reactor:joining thread
[21.030s] INFO:colcon.colcon_core.plugin_system:Skipping extension 'colcon_notification.desktop_notification.terminal_notifier': Not used on non-Darwin systems
[21.031s] INFO:colcon.colcon_core.plugin_system:Skipping extension 'colcon_notification.desktop_notification.win32': Not used on non-Windows systems
[21.032s] INFO:colcon.colcon_notification.desktop_notification:Sending desktop notification using 'notify2'
[21.201s] DEBUG:colcon.colcon_core.event_reactor:joined thread
[21.204s] INFO:colcon.colcon_core.shell:Creating prefix script '/home/pi/robot_ws/install/local_setup.ps1'
[21.223s] INFO:colcon.colcon_core.shell:Creating prefix util module '/home/pi/robot_ws/install/_local_setup_util_ps1.py'
[21.235s] INFO:colcon.colcon_core.shell:Creating prefix chain script '/home/pi/robot_ws/install/setup.ps1'
[21.246s] INFO:colcon.colcon_core.shell:Creating prefix script '/home/pi/robot_ws/install/local_setup.sh'
[21.254s] INFO:colcon.colcon_core.shell:Creating prefix util module '/home/pi/robot_ws/install/_local_setup_util_sh.py'
[21.258s] INFO:colcon.colcon_core.shell:Creating prefix chain script '/home/pi/robot_ws/install/setup.sh'
[21.268s] INFO:colcon.colcon_core.shell:Creating prefix script '/home/pi/robot_ws/install/local_setup.bash'
[21.276s] INFO:colcon.colcon_core.shell:Creating prefix chain script '/home/pi/robot_ws/install/setup.bash'
[21.284s] INFO:colcon.colcon_core.shell:Creating prefix script '/home/pi/robot_ws/install/local_setup.zsh'
[21.290s] INFO:colcon.colcon_core.shell:Creating prefix chain script '/home/pi/robot_ws/install/setup.zsh'
