[2.860s] Invoking command in '/home/pi/robot_ws/src/mecanum_robot': PYTHONPATH=/home/pi/robot_ws/build/mecanum_robot/prefix_override:/usr/lib/python3/dist-packages/colcon_core/task/python/colcon_distutils_commands:/home/pi/robot_ws/install/mecanum_robot/lib/python3.10/site-packages:${PYTHONPATH} /usr/bin/python3 -W ignore:setup.py install is deprecated -W ignore:easy_install command is deprecated setup.py egg_info --egg-base ../../build/mecanum_robot build --build-base /home/pi/robot_ws/build/mecanum_robot/build install --record /home/pi/robot_ws/build/mecanum_robot/install.log --single-version-externally-managed install_data
[3.972s] running egg_info
[3.975s] writing ../../build/mecanum_robot/mecanum_robot.egg-info/PKG-INFO
[3.976s] writing dependency_links to ../../build/mecanum_robot/mecanum_robot.egg-info/dependency_links.txt
[3.977s] writing entry points to ../../build/mecanum_robot/mecanum_robot.egg-info/entry_points.txt
[3.978s] writing requirements to ../../build/mecanum_robot/mecanum_robot.egg-info/requires.txt
[3.979s] writing top-level names to ../../build/mecanum_robot/mecanum_robot.egg-info/top_level.txt
[3.988s] reading manifest file '../../build/mecanum_robot/mecanum_robot.egg-info/SOURCES.txt'
[3.992s] writing manifest file '../../build/mecanum_robot/mecanum_robot.egg-info/SOURCES.txt'
[3.993s] running build
[3.994s] running build_py
[3.994s] copying mecanum_robot/tf_broadcaster.py -> /home/pi/robot_ws/build/mecanum_robot/build/lib/mecanum_robot
[3.996s] running install
[3.997s] running install_lib
[4.001s] copying /home/pi/robot_ws/build/mecanum_robot/build/lib/mecanum_robot/tf_broadcaster.py -> /home/pi/robot_ws/install/mecanum_robot/lib/python3.10/site-packages/mecanum_robot
[4.004s] byte-compiling /home/pi/robot_ws/install/mecanum_robot/lib/python3.10/site-packages/mecanum_robot/tf_broadcaster.py to tf_broadcaster.cpython-310.pyc
[4.006s] running install_data
[4.008s] copying mecanum_robot/tf_broadcaster.py -> /home/pi/robot_ws/install/mecanum_robot/share/mecanum_robot/mecanum_robot
[4.009s] running install_egg_info
[4.021s] removing '/home/pi/robot_ws/install/mecanum_robot/lib/python3.10/site-packages/mecanum_robot-0.0.0-py3.10.egg-info' (and everything under it)
[4.022s] Copying ../../build/mecanum_robot/mecanum_robot.egg-info to /home/pi/robot_ws/install/mecanum_robot/lib/python3.10/site-packages/mecanum_robot-0.0.0-py3.10.egg-info
[4.029s] running install_scripts
[4.109s] Installing static_tf_broadcaster script to /home/pi/robot_ws/install/mecanum_robot/lib/mecanum_robot
[4.111s] writing list of installed files to '/home/pi/robot_ws/build/mecanum_robot/install.log'
[4.250s] Invoked command in '/home/pi/robot_ws/src/mecanum_robot' returned '0': PYTHONPATH=/home/pi/robot_ws/build/mecanum_robot/prefix_override:/usr/lib/python3/dist-packages/colcon_core/task/python/colcon_distutils_commands:/home/pi/robot_ws/install/mecanum_robot/lib/python3.10/site-packages:${PYTHONPATH} /usr/bin/python3 -W ignore:setup.py install is deprecated -W ignore:easy_install command is deprecated setup.py egg_info --egg-base ../../build/mecanum_robot build --build-base /home/pi/robot_ws/build/mecanum_robot/build install --record /home/pi/robot_ws/build/mecanum_robot/install.log --single-version-externally-managed install_data
