[0.455s] DEBUG:colcon:Command line arguments: ['/usr/bin/colcon', 'build']
[0.455s] DEBUG:colcon:Parsed command line arguments: Namespace(log_base=None, log_level=None, verb_name='build', build_base='build', install_base='install', merge_install=False, symlink_install=False, test_result_base=None, continue_on_error=False, executor='parallel', parallel_workers=4, event_handlers=None, ignore_user_meta=False, metas=['./colcon.meta'], base_paths=['.'], packages_ignore=None, packages_ignore_regex=None, paths=None, packages_up_to=None, packages_up_to_regex=None, packages_above=None, packages_above_and_dependencies=None, packages_above_depth=None, packages_select_by_dep=None, packages_skip_by_dep=None, packages_skip_up_to=None, packages_select_build_failed=False, packages_skip_build_finished=False, packages_select_test_failures=False, packages_skip_test_passed=False, packages_select=None, packages_skip=None, packages_select_regex=None, packages_skip_regex=None, packages_start=None, packages_end=None, allow_overriding=[], cmake_args=None, cmake_target=None, cmake_target_skip_unavailable=False, cmake_clean_cache=False, cmake_clean_first=False, cmake_force_configure=False, ament_cmake_args=None, catkin_cmake_args=None, catkin_skip_building_tests=False, verb_parser=<colcon_defaults.argument_parser.defaults.DefaultArgumentsDecorator object at 0xffffb87183d0>, verb_extension=<colcon_core.verb.build.BuildVerb object at 0xffffb88bd840>, main=<bound method BuildVerb.main of <colcon_core.verb.build.BuildVerb object at 0xffffb88bd840>>)
[1.290s] Level 1:colcon.colcon_core.package_discovery:discover_packages(colcon_meta) check parameters
[1.291s] Level 1:colcon.colcon_core.package_discovery:discover_packages(recursive) check parameters
[1.291s] Level 1:colcon.colcon_core.package_discovery:discover_packages(ignore) check parameters
[1.291s] Level 1:colcon.colcon_core.package_discovery:discover_packages(path) check parameters
[1.292s] Level 1:colcon.colcon_core.package_discovery:discover_packages(colcon_meta) discover
[1.292s] Level 1:colcon.colcon_core.package_discovery:discover_packages(recursive) discover
[1.292s] INFO:colcon.colcon_core.package_discovery:Crawling recursively for packages in '/home/pi/robot_ws'
[1.292s] Level 1:colcon.colcon_core.package_identification:_identify(.) by extensions ['ignore', 'ignore_ament_install']
[1.293s] Level 1:colcon.colcon_core.package_identification:_identify(.) by extension 'ignore'
[1.293s] Level 1:colcon.colcon_core.package_identification:_identify(.) by extension 'ignore_ament_install'
[1.293s] Level 1:colcon.colcon_core.package_identification:_identify(.) by extensions ['colcon_pkg']
[1.293s] Level 1:colcon.colcon_core.package_identification:_identify(.) by extension 'colcon_pkg'
[1.294s] Level 1:colcon.colcon_core.package_identification:_identify(.) by extensions ['colcon_meta']
[1.294s] Level 1:colcon.colcon_core.package_identification:_identify(.) by extension 'colcon_meta'
[1.294s] Level 1:colcon.colcon_core.package_identification:_identify(.) by extensions ['ros']
[1.294s] Level 1:colcon.colcon_core.package_identification:_identify(.) by extension 'ros'
[1.353s] Level 1:colcon.colcon_core.package_identification:_identify(.) by extensions ['cmake', 'python']
[1.354s] Level 1:colcon.colcon_core.package_identification:_identify(.) by extension 'cmake'
[1.354s] Level 1:colcon.colcon_core.package_identification:_identify(.) by extension 'python'
[1.354s] Level 1:colcon.colcon_core.package_identification:_identify(.) by extensions ['python_setup_py']
[1.354s] Level 1:colcon.colcon_core.package_identification:_identify(.) by extension 'python_setup_py'
[1.355s] Level 1:colcon.colcon_core.package_identification:_identify(build) by extensions ['ignore', 'ignore_ament_install']
[1.356s] Level 1:colcon.colcon_core.package_identification:_identify(build) by extension 'ignore'
[1.356s] Level 1:colcon.colcon_core.package_identification:_identify(build) ignored
[1.357s] Level 1:colcon.colcon_core.package_identification:_identify(install) by extensions ['ignore', 'ignore_ament_install']
[1.357s] Level 1:colcon.colcon_core.package_identification:_identify(install) by extension 'ignore'
[1.358s] Level 1:colcon.colcon_core.package_identification:_identify(install) ignored
[1.359s] Level 1:colcon.colcon_core.package_identification:_identify(log) by extensions ['ignore', 'ignore_ament_install']
[1.359s] Level 1:colcon.colcon_core.package_identification:_identify(log) by extension 'ignore'
[1.360s] Level 1:colcon.colcon_core.package_identification:_identify(log) ignored
[1.360s] Level 1:colcon.colcon_core.package_identification:_identify(src) by extensions ['ignore', 'ignore_ament_install']
[1.360s] Level 1:colcon.colcon_core.package_identification:_identify(src) by extension 'ignore'
[1.361s] Level 1:colcon.colcon_core.package_identification:_identify(src) by extension 'ignore_ament_install'
[1.361s] Level 1:colcon.colcon_core.package_identification:_identify(src) by extensions ['colcon_pkg']
[1.361s] Level 1:colcon.colcon_core.package_identification:_identify(src) by extension 'colcon_pkg'
[1.361s] Level 1:colcon.colcon_core.package_identification:_identify(src) by extensions ['colcon_meta']
[1.361s] Level 1:colcon.colcon_core.package_identification:_identify(src) by extension 'colcon_meta'
[1.362s] Level 1:colcon.colcon_core.package_identification:_identify(src) by extensions ['ros']
[1.362s] Level 1:colcon.colcon_core.package_identification:_identify(src) by extension 'ros'
[1.362s] Level 1:colcon.colcon_core.package_identification:_identify(src) by extensions ['cmake', 'python']
[1.362s] Level 1:colcon.colcon_core.package_identification:_identify(src) by extension 'cmake'
[1.362s] Level 1:colcon.colcon_core.package_identification:_identify(src) by extension 'python'
[1.363s] Level 1:colcon.colcon_core.package_identification:_identify(src) by extensions ['python_setup_py']
[1.363s] Level 1:colcon.colcon_core.package_identification:_identify(src) by extension 'python_setup_py'
[1.363s] Level 1:colcon.colcon_core.package_identification:_identify(src/mecanum_control) by extensions ['ignore', 'ignore_ament_install']
[1.364s] Level 1:colcon.colcon_core.package_identification:_identify(src/mecanum_control) by extension 'ignore'
[1.364s] Level 1:colcon.colcon_core.package_identification:_identify(src/mecanum_control) by extension 'ignore_ament_install'
[1.364s] Level 1:colcon.colcon_core.package_identification:_identify(src/mecanum_control) by extensions ['colcon_pkg']
[1.364s] Level 1:colcon.colcon_core.package_identification:_identify(src/mecanum_control) by extension 'colcon_pkg'
[1.365s] Level 1:colcon.colcon_core.package_identification:_identify(src/mecanum_control) by extensions ['colcon_meta']
[1.365s] Level 1:colcon.colcon_core.package_identification:_identify(src/mecanum_control) by extension 'colcon_meta'
[1.365s] Level 1:colcon.colcon_core.package_identification:_identify(src/mecanum_control) by extensions ['ros']
[1.365s] Level 1:colcon.colcon_core.package_identification:_identify(src/mecanum_control) by extension 'ros'
[1.375s] DEBUG:colcon.colcon_core.package_identification:Package 'src/mecanum_control' with type 'ros.ament_python' and name 'mecanum_control'
[1.375s] Level 1:colcon.colcon_core.package_identification:_identify(src/mecanum_kinematics) by extensions ['ignore', 'ignore_ament_install']
[1.376s] Level 1:colcon.colcon_core.package_identification:_identify(src/mecanum_kinematics) by extension 'ignore'
[1.376s] Level 1:colcon.colcon_core.package_identification:_identify(src/mecanum_kinematics) by extension 'ignore_ament_install'
[1.376s] Level 1:colcon.colcon_core.package_identification:_identify(src/mecanum_kinematics) by extensions ['colcon_pkg']
[1.377s] Level 1:colcon.colcon_core.package_identification:_identify(src/mecanum_kinematics) by extension 'colcon_pkg'
[1.377s] Level 1:colcon.colcon_core.package_identification:_identify(src/mecanum_kinematics) by extensions ['colcon_meta']
[1.377s] Level 1:colcon.colcon_core.package_identification:_identify(src/mecanum_kinematics) by extension 'colcon_meta'
[1.377s] Level 1:colcon.colcon_core.package_identification:_identify(src/mecanum_kinematics) by extensions ['ros']
[1.377s] Level 1:colcon.colcon_core.package_identification:_identify(src/mecanum_kinematics) by extension 'ros'
[1.380s] DEBUG:colcon.colcon_core.package_identification:Package 'src/mecanum_kinematics' with type 'ros.ament_python' and name 'mecanum_kinematics'
[1.381s] Level 1:colcon.colcon_core.package_identification:_identify(src/mecanum_robot) by extensions ['ignore', 'ignore_ament_install']
[1.381s] Level 1:colcon.colcon_core.package_identification:_identify(src/mecanum_robot) by extension 'ignore'
[1.382s] Level 1:colcon.colcon_core.package_identification:_identify(src/mecanum_robot) by extension 'ignore_ament_install'
[1.382s] Level 1:colcon.colcon_core.package_identification:_identify(src/mecanum_robot) by extensions ['colcon_pkg']
[1.382s] Level 1:colcon.colcon_core.package_identification:_identify(src/mecanum_robot) by extension 'colcon_pkg'
[1.382s] Level 1:colcon.colcon_core.package_identification:_identify(src/mecanum_robot) by extensions ['colcon_meta']
[1.383s] Level 1:colcon.colcon_core.package_identification:_identify(src/mecanum_robot) by extension 'colcon_meta'
[1.383s] Level 1:colcon.colcon_core.package_identification:_identify(src/mecanum_robot) by extensions ['ros']
[1.383s] Level 1:colcon.colcon_core.package_identification:_identify(src/mecanum_robot) by extension 'ros'
[1.386s] DEBUG:colcon.colcon_core.package_identification:Package 'src/mecanum_robot' with type 'ros.ament_python' and name 'mecanum_robot'
[1.387s] Level 1:colcon.colcon_core.package_identification:_identify(src/scan_qos_bridge) by extensions ['ignore', 'ignore_ament_install']
[1.388s] Level 1:colcon.colcon_core.package_identification:_identify(src/scan_qos_bridge) by extension 'ignore'
[1.388s] Level 1:colcon.colcon_core.package_identification:_identify(src/scan_qos_bridge) by extension 'ignore_ament_install'
[1.388s] Level 1:colcon.colcon_core.package_identification:_identify(src/scan_qos_bridge) by extensions ['colcon_pkg']
[1.388s] Level 1:colcon.colcon_core.package_identification:_identify(src/scan_qos_bridge) by extension 'colcon_pkg'
[1.388s] Level 1:colcon.colcon_core.package_identification:_identify(src/scan_qos_bridge) by extensions ['colcon_meta']
[1.389s] Level 1:colcon.colcon_core.package_identification:_identify(src/scan_qos_bridge) by extension 'colcon_meta'
[1.389s] Level 1:colcon.colcon_core.package_identification:_identify(src/scan_qos_bridge) by extensions ['ros']
[1.389s] Level 1:colcon.colcon_core.package_identification:_identify(src/scan_qos_bridge) by extension 'ros'
[1.392s] DEBUG:colcon.colcon_core.package_identification:Package 'src/scan_qos_bridge' with type 'ros.ament_cmake' and name 'scan_qos_bridge'
[1.392s] Level 1:colcon.colcon_core.package_identification:_identify(src/ydlidar_ros2_driver) by extensions ['ignore', 'ignore_ament_install']
[1.393s] Level 1:colcon.colcon_core.package_identification:_identify(src/ydlidar_ros2_driver) by extension 'ignore'
[1.393s] Level 1:colcon.colcon_core.package_identification:_identify(src/ydlidar_ros2_driver) by extension 'ignore_ament_install'
[1.393s] Level 1:colcon.colcon_core.package_identification:_identify(src/ydlidar_ros2_driver) by extensions ['colcon_pkg']
[1.393s] Level 1:colcon.colcon_core.package_identification:_identify(src/ydlidar_ros2_driver) by extension 'colcon_pkg'
[1.394s] Level 1:colcon.colcon_core.package_identification:_identify(src/ydlidar_ros2_driver) by extensions ['colcon_meta']
[1.394s] Level 1:colcon.colcon_core.package_identification:_identify(src/ydlidar_ros2_driver) by extension 'colcon_meta'
[1.394s] Level 1:colcon.colcon_core.package_identification:_identify(src/ydlidar_ros2_driver) by extensions ['ros']
[1.394s] Level 1:colcon.colcon_core.package_identification:_identify(src/ydlidar_ros2_driver) by extension 'ros'
[1.397s] DEBUG:colcon.colcon_core.package_identification:Package 'src/ydlidar_ros2_driver' with type 'ros.ament_cmake' and name 'ydlidar_ros2_driver'
[1.397s] Level 1:colcon.colcon_core.package_discovery:discover_packages(recursive) using defaults
[1.397s] Level 1:colcon.colcon_core.package_discovery:discover_packages(ignore) discover
[1.398s] Level 1:colcon.colcon_core.package_discovery:discover_packages(ignore) using defaults
[1.398s] Level 1:colcon.colcon_core.package_discovery:discover_packages(path) discover
[1.398s] Level 1:colcon.colcon_core.package_discovery:discover_packages(path) using defaults
[1.485s] Level 1:colcon.colcon_core.package_discovery:discover_packages(prefix_path) check parameters
[1.486s] Level 1:colcon.colcon_core.package_discovery:discover_packages(prefix_path) discover
[1.495s] DEBUG:colcon.colcon_installed_package_information.package_discovery:Found 5 installed packages in /home/pi/robot_ws/install
[1.504s] DEBUG:colcon.colcon_installed_package_information.package_discovery:Found 286 installed packages in /opt/ros/humble
[1.550s] Level 1:colcon.colcon_core.package_discovery:discover_packages(prefix_path) using defaults
[1.734s] Level 5:colcon.colcon_core.verb:set package 'mecanum_control' build argument 'cmake_args' from command line to 'None'
[1.734s] Level 5:colcon.colcon_core.verb:set package 'mecanum_control' build argument 'cmake_target' from command line to 'None'
[1.734s] Level 5:colcon.colcon_core.verb:set package 'mecanum_control' build argument 'cmake_target_skip_unavailable' from command line to 'False'
[1.735s] Level 5:colcon.colcon_core.verb:set package 'mecanum_control' build argument 'cmake_clean_cache' from command line to 'False'
[1.735s] Level 5:colcon.colcon_core.verb:set package 'mecanum_control' build argument 'cmake_clean_first' from command line to 'False'
[1.735s] Level 5:colcon.colcon_core.verb:set package 'mecanum_control' build argument 'cmake_force_configure' from command line to 'False'
[1.735s] Level 5:colcon.colcon_core.verb:set package 'mecanum_control' build argument 'ament_cmake_args' from command line to 'None'
[1.735s] Level 5:colcon.colcon_core.verb:set package 'mecanum_control' build argument 'catkin_cmake_args' from command line to 'None'
[1.735s] Level 5:colcon.colcon_core.verb:set package 'mecanum_control' build argument 'catkin_skip_building_tests' from command line to 'False'
[1.735s] DEBUG:colcon.colcon_core.verb:Building package 'mecanum_control' with the following arguments: {'ament_cmake_args': None, 'build_base': '/home/pi/robot_ws/build/mecanum_control', 'catkin_cmake_args': None, 'catkin_skip_building_tests': False, 'cmake_args': None, 'cmake_clean_cache': False, 'cmake_clean_first': False, 'cmake_force_configure': False, 'cmake_target': None, 'cmake_target_skip_unavailable': False, 'install_base': '/home/pi/robot_ws/install/mecanum_control', 'merge_install': False, 'path': '/home/pi/robot_ws/src/mecanum_control', 'symlink_install': False, 'test_result_base': None}
[1.737s] Level 5:colcon.colcon_core.verb:set package 'mecanum_kinematics' build argument 'cmake_args' from command line to 'None'
[1.737s] Level 5:colcon.colcon_core.verb:set package 'mecanum_kinematics' build argument 'cmake_target' from command line to 'None'
[1.737s] Level 5:colcon.colcon_core.verb:set package 'mecanum_kinematics' build argument 'cmake_target_skip_unavailable' from command line to 'False'
[1.737s] Level 5:colcon.colcon_core.verb:set package 'mecanum_kinematics' build argument 'cmake_clean_cache' from command line to 'False'
[1.737s] Level 5:colcon.colcon_core.verb:set package 'mecanum_kinematics' build argument 'cmake_clean_first' from command line to 'False'
[1.738s] Level 5:colcon.colcon_core.verb:set package 'mecanum_kinematics' build argument 'cmake_force_configure' from command line to 'False'
[1.738s] Level 5:colcon.colcon_core.verb:set package 'mecanum_kinematics' build argument 'ament_cmake_args' from command line to 'None'
[1.738s] Level 5:colcon.colcon_core.verb:set package 'mecanum_kinematics' build argument 'catkin_cmake_args' from command line to 'None'
[1.738s] Level 5:colcon.colcon_core.verb:set package 'mecanum_kinematics' build argument 'catkin_skip_building_tests' from command line to 'False'
[1.738s] DEBUG:colcon.colcon_core.verb:Building package 'mecanum_kinematics' with the following arguments: {'ament_cmake_args': None, 'build_base': '/home/pi/robot_ws/build/mecanum_kinematics', 'catkin_cmake_args': None, 'catkin_skip_building_tests': False, 'cmake_args': None, 'cmake_clean_cache': False, 'cmake_clean_first': False, 'cmake_force_configure': False, 'cmake_target': None, 'cmake_target_skip_unavailable': False, 'install_base': '/home/pi/robot_ws/install/mecanum_kinematics', 'merge_install': False, 'path': '/home/pi/robot_ws/src/mecanum_kinematics', 'symlink_install': False, 'test_result_base': None}
[1.740s] Level 5:colcon.colcon_core.verb:set package 'mecanum_robot' build argument 'cmake_args' from command line to 'None'
[1.740s] Level 5:colcon.colcon_core.verb:set package 'mecanum_robot' build argument 'cmake_target' from command line to 'None'
[1.740s] Level 5:colcon.colcon_core.verb:set package 'mecanum_robot' build argument 'cmake_target_skip_unavailable' from command line to 'False'
[1.740s] Level 5:colcon.colcon_core.verb:set package 'mecanum_robot' build argument 'cmake_clean_cache' from command line to 'False'
[1.740s] Level 5:colcon.colcon_core.verb:set package 'mecanum_robot' build argument 'cmake_clean_first' from command line to 'False'
[1.740s] Level 5:colcon.colcon_core.verb:set package 'mecanum_robot' build argument 'cmake_force_configure' from command line to 'False'
[1.740s] Level 5:colcon.colcon_core.verb:set package 'mecanum_robot' build argument 'ament_cmake_args' from command line to 'None'
[1.741s] Level 5:colcon.colcon_core.verb:set package 'mecanum_robot' build argument 'catkin_cmake_args' from command line to 'None'
[1.741s] Level 5:colcon.colcon_core.verb:set package 'mecanum_robot' build argument 'catkin_skip_building_tests' from command line to 'False'
[1.741s] DEBUG:colcon.colcon_core.verb:Building package 'mecanum_robot' with the following arguments: {'ament_cmake_args': None, 'build_base': '/home/pi/robot_ws/build/mecanum_robot', 'catkin_cmake_args': None, 'catkin_skip_building_tests': False, 'cmake_args': None, 'cmake_clean_cache': False, 'cmake_clean_first': False, 'cmake_force_configure': False, 'cmake_target': None, 'cmake_target_skip_unavailable': False, 'install_base': '/home/pi/robot_ws/install/mecanum_robot', 'merge_install': False, 'path': '/home/pi/robot_ws/src/mecanum_robot', 'symlink_install': False, 'test_result_base': None}
[1.742s] Level 5:colcon.colcon_core.verb:set package 'scan_qos_bridge' build argument 'cmake_args' from command line to 'None'
[1.742s] Level 5:colcon.colcon_core.verb:set package 'scan_qos_bridge' build argument 'cmake_target' from command line to 'None'
[1.743s] Level 5:colcon.colcon_core.verb:set package 'scan_qos_bridge' build argument 'cmake_target_skip_unavailable' from command line to 'False'
[1.743s] Level 5:colcon.colcon_core.verb:set package 'scan_qos_bridge' build argument 'cmake_clean_cache' from command line to 'False'
[1.743s] Level 5:colcon.colcon_core.verb:set package 'scan_qos_bridge' build argument 'cmake_clean_first' from command line to 'False'
[1.743s] Level 5:colcon.colcon_core.verb:set package 'scan_qos_bridge' build argument 'cmake_force_configure' from command line to 'False'
[1.743s] Level 5:colcon.colcon_core.verb:set package 'scan_qos_bridge' build argument 'ament_cmake_args' from command line to 'None'
[1.743s] Level 5:colcon.colcon_core.verb:set package 'scan_qos_bridge' build argument 'catkin_cmake_args' from command line to 'None'
[1.743s] Level 5:colcon.colcon_core.verb:set package 'scan_qos_bridge' build argument 'catkin_skip_building_tests' from command line to 'False'
[1.743s] DEBUG:colcon.colcon_core.verb:Building package 'scan_qos_bridge' with the following arguments: {'ament_cmake_args': None, 'build_base': '/home/pi/robot_ws/build/scan_qos_bridge', 'catkin_cmake_args': None, 'catkin_skip_building_tests': False, 'cmake_args': None, 'cmake_clean_cache': False, 'cmake_clean_first': False, 'cmake_force_configure': False, 'cmake_target': None, 'cmake_target_skip_unavailable': False, 'install_base': '/home/pi/robot_ws/install/scan_qos_bridge', 'merge_install': False, 'path': '/home/pi/robot_ws/src/scan_qos_bridge', 'symlink_install': False, 'test_result_base': None}
[1.745s] Level 5:colcon.colcon_core.verb:set package 'ydlidar_ros2_driver' build argument 'cmake_args' from command line to 'None'
[1.745s] Level 5:colcon.colcon_core.verb:set package 'ydlidar_ros2_driver' build argument 'cmake_target' from command line to 'None'
[1.745s] Level 5:colcon.colcon_core.verb:set package 'ydlidar_ros2_driver' build argument 'cmake_target_skip_unavailable' from command line to 'False'
[1.745s] Level 5:colcon.colcon_core.verb:set package 'ydlidar_ros2_driver' build argument 'cmake_clean_cache' from command line to 'False'
[1.745s] Level 5:colcon.colcon_core.verb:set package 'ydlidar_ros2_driver' build argument 'cmake_clean_first' from command line to 'False'
[1.745s] Level 5:colcon.colcon_core.verb:set package 'ydlidar_ros2_driver' build argument 'cmake_force_configure' from command line to 'False'
[1.746s] Level 5:colcon.colcon_core.verb:set package 'ydlidar_ros2_driver' build argument 'ament_cmake_args' from command line to 'None'
[1.746s] Level 5:colcon.colcon_core.verb:set package 'ydlidar_ros2_driver' build argument 'catkin_cmake_args' from command line to 'None'
[1.746s] Level 5:colcon.colcon_core.verb:set package 'ydlidar_ros2_driver' build argument 'catkin_skip_building_tests' from command line to 'False'
[1.746s] DEBUG:colcon.colcon_core.verb:Building package 'ydlidar_ros2_driver' with the following arguments: {'ament_cmake_args': None, 'build_base': '/home/pi/robot_ws/build/ydlidar_ros2_driver', 'catkin_cmake_args': None, 'catkin_skip_building_tests': False, 'cmake_args': None, 'cmake_clean_cache': False, 'cmake_clean_first': False, 'cmake_force_configure': False, 'cmake_target': None, 'cmake_target_skip_unavailable': False, 'install_base': '/home/pi/robot_ws/install/ydlidar_ros2_driver', 'merge_install': False, 'path': '/home/pi/robot_ws/src/ydlidar_ros2_driver', 'symlink_install': False, 'test_result_base': None}
[1.746s] INFO:colcon.colcon_core.executor:Executing jobs using 'parallel' executor
[1.750s] DEBUG:colcon.colcon_parallel_executor.executor.parallel:run_until_complete
[1.751s] INFO:colcon.colcon_ros.task.ament_python.build:Building ROS package in '/home/pi/robot_ws/src/mecanum_control' with build type 'ament_python'
[1.752s] Level 1:colcon.colcon_core.shell:create_environment_hook('mecanum_control', 'ament_prefix_path')
[1.763s] INFO:colcon.colcon_core.plugin_system:Skipping extension 'colcon_core.shell.bat': Not used on non-Windows systems
[1.764s] INFO:colcon.colcon_core.shell:Creating environment hook '/home/pi/robot_ws/install/mecanum_control/share/mecanum_control/hook/ament_prefix_path.ps1'
[1.767s] INFO:colcon.colcon_core.shell:Creating environment descriptor '/home/pi/robot_ws/install/mecanum_control/share/mecanum_control/hook/ament_prefix_path.dsv'
[1.770s] INFO:colcon.colcon_core.shell:Creating environment hook '/home/pi/robot_ws/install/mecanum_control/share/mecanum_control/hook/ament_prefix_path.sh'
[1.773s] INFO:colcon.colcon_core.shell:Skip shell extension 'powershell' for command environment: Not usable outside of PowerShell
[1.774s] DEBUG:colcon.colcon_core.shell:Skip shell extension 'dsv' for command environment
[1.795s] INFO:colcon.colcon_ros.task.ament_python.build:Building ROS package in '/home/pi/robot_ws/src/mecanum_kinematics' with build type 'ament_python'
[1.795s] Level 1:colcon.colcon_core.shell:create_environment_hook('mecanum_kinematics', 'ament_prefix_path')
[1.797s] INFO:colcon.colcon_core.shell:Creating environment hook '/home/pi/robot_ws/install/mecanum_kinematics/share/mecanum_kinematics/hook/ament_prefix_path.ps1'
[1.800s] INFO:colcon.colcon_core.shell:Creating environment descriptor '/home/pi/robot_ws/install/mecanum_kinematics/share/mecanum_kinematics/hook/ament_prefix_path.dsv'
[1.805s] INFO:colcon.colcon_core.shell:Creating environment hook '/home/pi/robot_ws/install/mecanum_kinematics/share/mecanum_kinematics/hook/ament_prefix_path.sh'
[1.809s] INFO:colcon.colcon_core.shell:Skip shell extension 'powershell' for command environment: Not usable outside of PowerShell
[1.809s] DEBUG:colcon.colcon_core.shell:Skip shell extension 'dsv' for command environment
[1.830s] INFO:colcon.colcon_ros.task.ament_python.build:Building ROS package in '/home/pi/robot_ws/src/mecanum_robot' with build type 'ament_python'
[1.831s] Level 1:colcon.colcon_core.shell:create_environment_hook('mecanum_robot', 'ament_prefix_path')
[1.832s] INFO:colcon.colcon_core.shell:Creating environment hook '/home/pi/robot_ws/install/mecanum_robot/share/mecanum_robot/hook/ament_prefix_path.ps1'
[1.835s] INFO:colcon.colcon_core.shell:Creating environment descriptor '/home/pi/robot_ws/install/mecanum_robot/share/mecanum_robot/hook/ament_prefix_path.dsv'
[1.838s] INFO:colcon.colcon_core.shell:Creating environment hook '/home/pi/robot_ws/install/mecanum_robot/share/mecanum_robot/hook/ament_prefix_path.sh'
[1.842s] INFO:colcon.colcon_core.shell:Skip shell extension 'powershell' for command environment: Not usable outside of PowerShell
[1.842s] DEBUG:colcon.colcon_core.shell:Skip shell extension 'dsv' for command environment
[1.861s] INFO:colcon.colcon_ros.task.ament_cmake.build:Building ROS package in '/home/pi/robot_ws/src/scan_qos_bridge' with build type 'ament_cmake'
[1.862s] INFO:colcon.colcon_cmake.task.cmake.build:Building CMake package in '/home/pi/robot_ws/src/scan_qos_bridge'
[1.863s] INFO:colcon.colcon_core.shell:Skip shell extension 'powershell' for command environment: Not usable outside of PowerShell
[1.864s] DEBUG:colcon.colcon_core.shell:Skip shell extension 'dsv' for command environment
[3.134s] INFO:colcon.colcon_core.task.python.build:Building Python package in '/home/pi/robot_ws/src/mecanum_control'
[3.135s] INFO:colcon.colcon_core.shell:Skip shell extension 'powershell' for command environment: Not usable outside of PowerShell
[3.136s] DEBUG:colcon.colcon_core.shell:Skip shell extension 'dsv' for command environment
[4.384s] INFO:colcon.colcon_core.task.python.build:Building Python package in '/home/pi/robot_ws/src/mecanum_kinematics'
[4.385s] INFO:colcon.colcon_core.shell:Skip shell extension 'powershell' for command environment: Not usable outside of PowerShell
[4.385s] DEBUG:colcon.colcon_core.shell:Skip shell extension 'dsv' for command environment
[5.626s] INFO:colcon.colcon_core.task.python.build:Building Python package in '/home/pi/robot_ws/src/mecanum_robot'
[5.627s] INFO:colcon.colcon_core.shell:Skip shell extension 'powershell' for command environment: Not usable outside of PowerShell
[5.627s] DEBUG:colcon.colcon_core.shell:Skip shell extension 'dsv' for command environment
[5.669s] DEBUG:colcon.colcon_core.event_handler.log_command:Invoking command in '/home/pi/robot_ws/build/scan_qos_bridge': CMAKE_PREFIX_PATH=${CMAKE_PREFIX_PATH}:/home/pi/robot_ws/install/mecanum_kinematics:/home/pi/robot_ws/install/mecanum_control:/opt/ros/humble /usr/bin/cmake --build /home/pi/robot_ws/build/scan_qos_bridge -- -j4 -l4
[6.116s] DEBUG:colcon.colcon_core.event_handler.log_command:Invoked command in '/home/pi/robot_ws/build/scan_qos_bridge' returned '0': CMAKE_PREFIX_PATH=${CMAKE_PREFIX_PATH}:/home/pi/robot_ws/install/mecanum_kinematics:/home/pi/robot_ws/install/mecanum_control:/opt/ros/humble /usr/bin/cmake --build /home/pi/robot_ws/build/scan_qos_bridge -- -j4 -l4
[6.175s] DEBUG:colcon.colcon_core.event_handler.log_command:Invoking command in '/home/pi/robot_ws/build/scan_qos_bridge': CMAKE_PREFIX_PATH=${CMAKE_PREFIX_PATH}:/home/pi/robot_ws/install/mecanum_kinematics:/home/pi/robot_ws/install/mecanum_control:/opt/ros/humble /usr/bin/cmake --install /home/pi/robot_ws/build/scan_qos_bridge
[6.238s] Level 1:colcon.colcon_core.environment:create_environment_scripts_only(scan_qos_bridge)
[6.260s] DEBUG:colcon.colcon_core.event_handler.log_command:Invoked command in '/home/pi/robot_ws/build/scan_qos_bridge' returned '0': CMAKE_PREFIX_PATH=${CMAKE_PREFIX_PATH}:/home/pi/robot_ws/install/mecanum_kinematics:/home/pi/robot_ws/install/mecanum_control:/opt/ros/humble /usr/bin/cmake --install /home/pi/robot_ws/build/scan_qos_bridge
[6.269s] Level 1:colcon.colcon_core.environment:checking '/home/pi/robot_ws/install/scan_qos_bridge' for CMake module files
[6.273s] Level 1:colcon.colcon_core.environment:checking '/home/pi/robot_ws/install/scan_qos_bridge' for CMake config files
[6.277s] Level 1:colcon.colcon_core.shell:create_environment_hook('scan_qos_bridge', 'cmake_prefix_path')
[6.278s] INFO:colcon.colcon_core.shell:Creating environment hook '/home/pi/robot_ws/install/scan_qos_bridge/share/scan_qos_bridge/hook/cmake_prefix_path.ps1'
[6.282s] INFO:colcon.colcon_core.shell:Creating environment descriptor '/home/pi/robot_ws/install/scan_qos_bridge/share/scan_qos_bridge/hook/cmake_prefix_path.dsv'
[6.285s] INFO:colcon.colcon_core.shell:Creating environment hook '/home/pi/robot_ws/install/scan_qos_bridge/share/scan_qos_bridge/hook/cmake_prefix_path.sh'
[6.290s] Level 1:colcon.colcon_core.environment:checking '/home/pi/robot_ws/install/scan_qos_bridge/lib'
[6.292s] Level 1:colcon.colcon_core.environment:checking '/home/pi/robot_ws/install/scan_qos_bridge/bin'
[6.294s] Level 1:colcon.colcon_core.environment:checking '/home/pi/robot_ws/install/scan_qos_bridge/lib/pkgconfig/scan_qos_bridge.pc'
[6.299s] Level 1:colcon.colcon_core.environment:checking '/home/pi/robot_ws/install/scan_qos_bridge/lib/python3.10/site-packages'
[6.300s] Level 1:colcon.colcon_core.environment:checking '/home/pi/robot_ws/install/scan_qos_bridge/bin'
[6.303s] INFO:colcon.colcon_core.shell:Creating package script '/home/pi/robot_ws/install/scan_qos_bridge/share/scan_qos_bridge/package.ps1'
[6.310s] INFO:colcon.colcon_core.shell:Creating package descriptor '/home/pi/robot_ws/install/scan_qos_bridge/share/scan_qos_bridge/package.dsv'
[6.318s] INFO:colcon.colcon_core.shell:Creating package script '/home/pi/robot_ws/install/scan_qos_bridge/share/scan_qos_bridge/package.sh'
[6.323s] INFO:colcon.colcon_core.shell:Creating package script '/home/pi/robot_ws/install/scan_qos_bridge/share/scan_qos_bridge/package.bash'
[6.328s] INFO:colcon.colcon_core.shell:Creating package script '/home/pi/robot_ws/install/scan_qos_bridge/share/scan_qos_bridge/package.zsh'
[6.333s] Level 1:colcon.colcon_core.environment:create_file_with_runtime_dependencies(/home/pi/robot_ws/install/scan_qos_bridge/share/colcon-core/packages/scan_qos_bridge)
[6.337s] Level 1:colcon.colcon_core.environment:create_environment_scripts_only(scan_qos_bridge)
[6.339s] Level 1:colcon.colcon_core.environment:checking '/home/pi/robot_ws/install/scan_qos_bridge' for CMake module files
[6.342s] Level 1:colcon.colcon_core.environment:checking '/home/pi/robot_ws/install/scan_qos_bridge' for CMake config files
[6.345s] Level 1:colcon.colcon_core.shell:create_environment_hook('scan_qos_bridge', 'cmake_prefix_path')
[6.347s] INFO:colcon.colcon_core.shell:Creating environment hook '/home/pi/robot_ws/install/scan_qos_bridge/share/scan_qos_bridge/hook/cmake_prefix_path.ps1'
[6.349s] INFO:colcon.colcon_core.shell:Creating environment descriptor '/home/pi/robot_ws/install/scan_qos_bridge/share/scan_qos_bridge/hook/cmake_prefix_path.dsv'
[6.352s] INFO:colcon.colcon_core.shell:Creating environment hook '/home/pi/robot_ws/install/scan_qos_bridge/share/scan_qos_bridge/hook/cmake_prefix_path.sh'
[6.357s] Level 1:colcon.colcon_core.environment:checking '/home/pi/robot_ws/install/scan_qos_bridge/lib'
[6.358s] Level 1:colcon.colcon_core.environment:checking '/home/pi/robot_ws/install/scan_qos_bridge/bin'
[6.358s] Level 1:colcon.colcon_core.environment:checking '/home/pi/robot_ws/install/scan_qos_bridge/lib/pkgconfig/scan_qos_bridge.pc'
[6.360s] Level 1:colcon.colcon_core.environment:checking '/home/pi/robot_ws/install/scan_qos_bridge/lib/python3.10/site-packages'
[6.362s] Level 1:colcon.colcon_core.environment:checking '/home/pi/robot_ws/install/scan_qos_bridge/bin'
[6.364s] INFO:colcon.colcon_core.shell:Creating package script '/home/pi/robot_ws/install/scan_qos_bridge/share/scan_qos_bridge/package.ps1'
[6.368s] INFO:colcon.colcon_core.shell:Creating package descriptor '/home/pi/robot_ws/install/scan_qos_bridge/share/scan_qos_bridge/package.dsv'
[6.372s] INFO:colcon.colcon_core.shell:Creating package script '/home/pi/robot_ws/install/scan_qos_bridge/share/scan_qos_bridge/package.sh'
[6.376s] INFO:colcon.colcon_core.shell:Creating package script '/home/pi/robot_ws/install/scan_qos_bridge/share/scan_qos_bridge/package.bash'
[6.381s] INFO:colcon.colcon_core.shell:Creating package script '/home/pi/robot_ws/install/scan_qos_bridge/share/scan_qos_bridge/package.zsh'
[6.385s] Level 1:colcon.colcon_core.environment:create_file_with_runtime_dependencies(/home/pi/robot_ws/install/scan_qos_bridge/share/colcon-core/packages/scan_qos_bridge)
[6.392s] INFO:colcon.colcon_ros.task.ament_cmake.build:Building ROS package in '/home/pi/robot_ws/src/ydlidar_ros2_driver' with build type 'ament_cmake'
[6.396s] INFO:colcon.colcon_cmake.task.cmake.build:Building CMake package in '/home/pi/robot_ws/src/ydlidar_ros2_driver'
[6.400s] INFO:colcon.colcon_core.shell:Skip shell extension 'powershell' for command environment: Not usable outside of PowerShell
[6.400s] DEBUG:colcon.colcon_core.shell:Skip shell extension 'dsv' for command environment
[6.516s] DEBUG:colcon.colcon_core.event_handler.log_command:Invoking command in '/home/pi/robot_ws/build/ydlidar_ros2_driver': CMAKE_PREFIX_PATH=${CMAKE_PREFIX_PATH}:/home/pi/robot_ws/install/mecanum_kinematics:/home/pi/robot_ws/install/mecanum_control:/opt/ros/humble /usr/bin/cmake --build /home/pi/robot_ws/build/ydlidar_ros2_driver -- -j4 -l4
[7.018s] DEBUG:colcon.colcon_core.event_handler.log_command:Invoked command in '/home/pi/robot_ws/build/ydlidar_ros2_driver' returned '0': CMAKE_PREFIX_PATH=${CMAKE_PREFIX_PATH}:/home/pi/robot_ws/install/mecanum_kinematics:/home/pi/robot_ws/install/mecanum_control:/opt/ros/humble /usr/bin/cmake --build /home/pi/robot_ws/build/ydlidar_ros2_driver -- -j4 -l4
[7.021s] DEBUG:colcon.colcon_core.event_handler.log_command:Invoking command in '/home/pi/robot_ws/build/ydlidar_ros2_driver': CMAKE_PREFIX_PATH=${CMAKE_PREFIX_PATH}:/home/pi/robot_ws/install/mecanum_kinematics:/home/pi/robot_ws/install/mecanum_control:/opt/ros/humble /usr/bin/cmake --install /home/pi/robot_ws/build/ydlidar_ros2_driver
[7.137s] Level 1:colcon.colcon_core.environment:create_environment_scripts_only(ydlidar_ros2_driver)
[7.138s] Level 1:colcon.colcon_core.environment:checking '/home/pi/robot_ws/install/ydlidar_ros2_driver' for CMake module files
[7.142s] Level 1:colcon.colcon_core.environment:checking '/home/pi/robot_ws/install/ydlidar_ros2_driver' for CMake config files
[7.145s] Level 1:colcon.colcon_core.shell:create_environment_hook('ydlidar_ros2_driver', 'cmake_prefix_path')
[7.148s] INFO:colcon.colcon_core.shell:Creating environment hook '/home/pi/robot_ws/install/ydlidar_ros2_driver/share/ydlidar_ros2_driver/hook/cmake_prefix_path.ps1'
[7.147s] DEBUG:colcon.colcon_core.event_handler.log_command:Invoked command in '/home/pi/robot_ws/build/ydlidar_ros2_driver' returned '0': CMAKE_PREFIX_PATH=${CMAKE_PREFIX_PATH}:/home/pi/robot_ws/install/mecanum_kinematics:/home/pi/robot_ws/install/mecanum_control:/opt/ros/humble /usr/bin/cmake --install /home/pi/robot_ws/build/ydlidar_ros2_driver
[7.152s] INFO:colcon.colcon_core.shell:Creating environment descriptor '/home/pi/robot_ws/install/ydlidar_ros2_driver/share/ydlidar_ros2_driver/hook/cmake_prefix_path.dsv'
[7.155s] INFO:colcon.colcon_core.shell:Creating environment hook '/home/pi/robot_ws/install/ydlidar_ros2_driver/share/ydlidar_ros2_driver/hook/cmake_prefix_path.sh'
[7.159s] Level 1:colcon.colcon_core.environment:checking '/home/pi/robot_ws/install/ydlidar_ros2_driver/lib'
[7.160s] Level 1:colcon.colcon_core.environment:checking '/home/pi/robot_ws/install/ydlidar_ros2_driver/bin'
[7.161s] Level 1:colcon.colcon_core.environment:checking '/home/pi/robot_ws/install/ydlidar_ros2_driver/lib/pkgconfig/ydlidar_ros2_driver.pc'
[7.162s] Level 1:colcon.colcon_core.environment:checking '/home/pi/robot_ws/install/ydlidar_ros2_driver/lib/python3.10/site-packages'
[7.163s] Level 1:colcon.colcon_core.environment:checking '/home/pi/robot_ws/install/ydlidar_ros2_driver/bin'
[7.165s] INFO:colcon.colcon_core.shell:Creating package script '/home/pi/robot_ws/install/ydlidar_ros2_driver/share/ydlidar_ros2_driver/package.ps1'
[7.168s] INFO:colcon.colcon_core.shell:Creating package descriptor '/home/pi/robot_ws/install/ydlidar_ros2_driver/share/ydlidar_ros2_driver/package.dsv'
[7.171s] INFO:colcon.colcon_core.shell:Creating package script '/home/pi/robot_ws/install/ydlidar_ros2_driver/share/ydlidar_ros2_driver/package.sh'
[7.174s] INFO:colcon.colcon_core.shell:Creating package script '/home/pi/robot_ws/install/ydlidar_ros2_driver/share/ydlidar_ros2_driver/package.bash'
[7.177s] INFO:colcon.colcon_core.shell:Creating package script '/home/pi/robot_ws/install/ydlidar_ros2_driver/share/ydlidar_ros2_driver/package.zsh'
[7.180s] Level 1:colcon.colcon_core.environment:create_file_with_runtime_dependencies(/home/pi/robot_ws/install/ydlidar_ros2_driver/share/colcon-core/packages/ydlidar_ros2_driver)
[7.184s] Level 1:colcon.colcon_core.environment:create_environment_scripts_only(ydlidar_ros2_driver)
[7.185s] Level 1:colcon.colcon_core.environment:checking '/home/pi/robot_ws/install/ydlidar_ros2_driver' for CMake module files
[7.189s] Level 1:colcon.colcon_core.environment:checking '/home/pi/robot_ws/install/ydlidar_ros2_driver' for CMake config files
[7.192s] Level 1:colcon.colcon_core.shell:create_environment_hook('ydlidar_ros2_driver', 'cmake_prefix_path')
[7.193s] INFO:colcon.colcon_core.shell:Creating environment hook '/home/pi/robot_ws/install/ydlidar_ros2_driver/share/ydlidar_ros2_driver/hook/cmake_prefix_path.ps1'
[7.196s] INFO:colcon.colcon_core.shell:Creating environment descriptor '/home/pi/robot_ws/install/ydlidar_ros2_driver/share/ydlidar_ros2_driver/hook/cmake_prefix_path.dsv'
[7.199s] INFO:colcon.colcon_core.shell:Creating environment hook '/home/pi/robot_ws/install/ydlidar_ros2_driver/share/ydlidar_ros2_driver/hook/cmake_prefix_path.sh'
[7.203s] Level 1:colcon.colcon_core.environment:checking '/home/pi/robot_ws/install/ydlidar_ros2_driver/lib'
[7.204s] Level 1:colcon.colcon_core.environment:checking '/home/pi/robot_ws/install/ydlidar_ros2_driver/bin'
[7.205s] Level 1:colcon.colcon_core.environment:checking '/home/pi/robot_ws/install/ydlidar_ros2_driver/lib/pkgconfig/ydlidar_ros2_driver.pc'
[7.206s] Level 1:colcon.colcon_core.environment:checking '/home/pi/robot_ws/install/ydlidar_ros2_driver/lib/python3.10/site-packages'
[7.208s] Level 1:colcon.colcon_core.environment:checking '/home/pi/robot_ws/install/ydlidar_ros2_driver/bin'
[7.209s] INFO:colcon.colcon_core.shell:Creating package script '/home/pi/robot_ws/install/ydlidar_ros2_driver/share/ydlidar_ros2_driver/package.ps1'
[7.212s] INFO:colcon.colcon_core.shell:Creating package descriptor '/home/pi/robot_ws/install/ydlidar_ros2_driver/share/ydlidar_ros2_driver/package.dsv'
[7.216s] INFO:colcon.colcon_core.shell:Creating package script '/home/pi/robot_ws/install/ydlidar_ros2_driver/share/ydlidar_ros2_driver/package.sh'
[7.220s] INFO:colcon.colcon_core.shell:Creating package script '/home/pi/robot_ws/install/ydlidar_ros2_driver/share/ydlidar_ros2_driver/package.bash'
[7.224s] INFO:colcon.colcon_core.shell:Creating package script '/home/pi/robot_ws/install/ydlidar_ros2_driver/share/ydlidar_ros2_driver/package.zsh'
[7.227s] Level 1:colcon.colcon_core.environment:create_file_with_runtime_dependencies(/home/pi/robot_ws/install/ydlidar_ros2_driver/share/colcon-core/packages/ydlidar_ros2_driver)
[8.345s] DEBUG:colcon.colcon_core.event_handler.log_command:Invoking command in '/home/pi/robot_ws/src/mecanum_robot': PYTHONPATH=/home/pi/robot_ws/build/mecanum_robot/prefix_override:/usr/lib/python3/dist-packages/colcon_core/task/python/colcon_distutils_commands:/home/pi/robot_ws/install/mecanum_robot/lib/python3.10/site-packages:${PYTHONPATH} /usr/bin/python3 -W ignore:setup.py install is deprecated -W ignore:easy_install command is deprecated setup.py egg_info --egg-base ../../build/mecanum_robot build --build-base /home/pi/robot_ws/build/mecanum_robot/build install --record /home/pi/robot_ws/build/mecanum_robot/install.log --single-version-externally-managed install_data
[8.975s] DEBUG:colcon.colcon_core.event_handler.log_command:Invoking command in '/home/pi/robot_ws/src/mecanum_control': PYTHONPATH=/home/pi/robot_ws/build/mecanum_control/prefix_override:/usr/lib/python3/dist-packages/colcon_core/task/python/colcon_distutils_commands:/home/pi/robot_ws/install/mecanum_control/lib/python3.10/site-packages:${PYTHONPATH} /usr/bin/python3 -W ignore:setup.py install is deprecated -W ignore:easy_install command is deprecated setup.py egg_info --egg-base ../../build/mecanum_control build --build-base /home/pi/robot_ws/build/mecanum_control/build install --record /home/pi/robot_ws/build/mecanum_control/install.log --single-version-externally-managed install_data
[9.069s] DEBUG:colcon.colcon_core.event_handler.log_command:Invoking command in '/home/pi/robot_ws/src/mecanum_kinematics': PYTHONPATH=/home/pi/robot_ws/build/mecanum_kinematics/prefix_override:/usr/lib/python3/dist-packages/colcon_core/task/python/colcon_distutils_commands:/home/pi/robot_ws/install/mecanum_kinematics/lib/python3.10/site-packages:${PYTHONPATH} /usr/bin/python3 -W ignore:setup.py install is deprecated -W ignore:easy_install command is deprecated setup.py egg_info --egg-base ../../build/mecanum_kinematics build --build-base /home/pi/robot_ws/build/mecanum_kinematics/build install --record /home/pi/robot_ws/build/mecanum_kinematics/install.log --single-version-externally-managed install_data
[11.234s] Level 1:colcon.colcon_core.environment:checking '/home/pi/robot_ws/install/mecanum_robot' for CMake module files
[11.238s] Level 1:colcon.colcon_core.environment:checking '/home/pi/robot_ws/install/mecanum_robot' for CMake config files
[11.244s] DEBUG:colcon.colcon_core.event_handler.log_command:Invoked command in '/home/pi/robot_ws/src/mecanum_robot' returned '0': PYTHONPATH=/home/pi/robot_ws/build/mecanum_robot/prefix_override:/usr/lib/python3/dist-packages/colcon_core/task/python/colcon_distutils_commands:/home/pi/robot_ws/install/mecanum_robot/lib/python3.10/site-packages:${PYTHONPATH} /usr/bin/python3 -W ignore:setup.py install is deprecated -W ignore:easy_install command is deprecated setup.py egg_info --egg-base ../../build/mecanum_robot build --build-base /home/pi/robot_ws/build/mecanum_robot/build install --record /home/pi/robot_ws/build/mecanum_robot/install.log --single-version-externally-managed install_data
[11.258s] Level 1:colcon.colcon_core.shell:create_environment_hook('mecanum_robot', 'cmake_prefix_path')
[11.259s] INFO:colcon.colcon_core.shell:Creating environment hook '/home/pi/robot_ws/install/mecanum_robot/share/mecanum_robot/hook/cmake_prefix_path.ps1'
[11.275s] INFO:colcon.colcon_core.shell:Creating environment descriptor '/home/pi/robot_ws/install/mecanum_robot/share/mecanum_robot/hook/cmake_prefix_path.dsv'
[11.279s] INFO:colcon.colcon_core.shell:Creating environment hook '/home/pi/robot_ws/install/mecanum_robot/share/mecanum_robot/hook/cmake_prefix_path.sh'
[11.290s] Level 1:colcon.colcon_core.environment:checking '/home/pi/robot_ws/install/mecanum_robot/lib'
[11.291s] Level 1:colcon.colcon_core.environment:checking '/home/pi/robot_ws/install/mecanum_robot/bin'
[11.292s] Level 1:colcon.colcon_core.environment:checking '/home/pi/robot_ws/install/mecanum_robot/lib/pkgconfig/mecanum_robot.pc'
[11.294s] Level 1:colcon.colcon_core.environment:checking '/home/pi/robot_ws/install/mecanum_robot/lib/python3.10/site-packages'
[11.294s] Level 1:colcon.colcon_core.shell:create_environment_hook('mecanum_robot', 'pythonpath')
[11.296s] INFO:colcon.colcon_core.shell:Creating environment hook '/home/pi/robot_ws/install/mecanum_robot/share/mecanum_robot/hook/pythonpath.ps1'
[11.299s] INFO:colcon.colcon_core.shell:Creating environment descriptor '/home/pi/robot_ws/install/mecanum_robot/share/mecanum_robot/hook/pythonpath.dsv'
[11.303s] INFO:colcon.colcon_core.shell:Creating environment hook '/home/pi/robot_ws/install/mecanum_robot/share/mecanum_robot/hook/pythonpath.sh'
[11.313s] Level 1:colcon.colcon_core.environment:checking '/home/pi/robot_ws/install/mecanum_robot/bin'
[11.314s] Level 1:colcon.colcon_core.environment:create_environment_scripts_only(mecanum_robot)
[11.316s] INFO:colcon.colcon_core.shell:Creating package script '/home/pi/robot_ws/install/mecanum_robot/share/mecanum_robot/package.ps1'
[11.331s] INFO:colcon.colcon_core.shell:Creating package descriptor '/home/pi/robot_ws/install/mecanum_robot/share/mecanum_robot/package.dsv'
[11.337s] INFO:colcon.colcon_core.shell:Creating package script '/home/pi/robot_ws/install/mecanum_robot/share/mecanum_robot/package.sh'
[11.351s] INFO:colcon.colcon_core.shell:Creating package script '/home/pi/robot_ws/install/mecanum_robot/share/mecanum_robot/package.bash'
[11.359s] INFO:colcon.colcon_core.shell:Creating package script '/home/pi/robot_ws/install/mecanum_robot/share/mecanum_robot/package.zsh'
[11.372s] Level 1:colcon.colcon_core.environment:create_file_with_runtime_dependencies(/home/pi/robot_ws/install/mecanum_robot/share/colcon-core/packages/mecanum_robot)
[11.973s] Level 1:colcon.colcon_core.environment:checking '/home/pi/robot_ws/install/mecanum_control' for CMake module files
[11.977s] DEBUG:colcon.colcon_core.event_handler.log_command:Invoked command in '/home/pi/robot_ws/src/mecanum_control' returned '0': PYTHONPATH=/home/pi/robot_ws/build/mecanum_control/prefix_override:/usr/lib/python3/dist-packages/colcon_core/task/python/colcon_distutils_commands:/home/pi/robot_ws/install/mecanum_control/lib/python3.10/site-packages:${PYTHONPATH} /usr/bin/python3 -W ignore:setup.py install is deprecated -W ignore:easy_install command is deprecated setup.py egg_info --egg-base ../../build/mecanum_control build --build-base /home/pi/robot_ws/build/mecanum_control/build install --record /home/pi/robot_ws/build/mecanum_control/install.log --single-version-externally-managed install_data
[11.979s] Level 1:colcon.colcon_core.environment:checking '/home/pi/robot_ws/install/mecanum_control' for CMake config files
[11.984s] Level 1:colcon.colcon_core.environment:checking '/home/pi/robot_ws/install/mecanum_control/lib'
[11.985s] Level 1:colcon.colcon_core.environment:checking '/home/pi/robot_ws/install/mecanum_control/bin'
[11.986s] Level 1:colcon.colcon_core.environment:checking '/home/pi/robot_ws/install/mecanum_control/lib/pkgconfig/mecanum_control.pc'
[11.987s] Level 1:colcon.colcon_core.environment:checking '/home/pi/robot_ws/install/mecanum_control/lib/python3.10/site-packages'
[11.987s] Level 1:colcon.colcon_core.shell:create_environment_hook('mecanum_control', 'pythonpath')
[11.989s] INFO:colcon.colcon_core.shell:Creating environment hook '/home/pi/robot_ws/install/mecanum_control/share/mecanum_control/hook/pythonpath.ps1'
[11.992s] INFO:colcon.colcon_core.shell:Creating environment descriptor '/home/pi/robot_ws/install/mecanum_control/share/mecanum_control/hook/pythonpath.dsv'
[11.995s] INFO:colcon.colcon_core.shell:Creating environment hook '/home/pi/robot_ws/install/mecanum_control/share/mecanum_control/hook/pythonpath.sh'
[12.000s] Level 1:colcon.colcon_core.environment:checking '/home/pi/robot_ws/install/mecanum_control/bin'
[12.000s] Level 1:colcon.colcon_core.environment:create_environment_scripts_only(mecanum_control)
[12.002s] INFO:colcon.colcon_core.shell:Creating package script '/home/pi/robot_ws/install/mecanum_control/share/mecanum_control/package.ps1'
[12.006s] INFO:colcon.colcon_core.shell:Creating package descriptor '/home/pi/robot_ws/install/mecanum_control/share/mecanum_control/package.dsv'
[12.009s] INFO:colcon.colcon_core.shell:Creating package script '/home/pi/robot_ws/install/mecanum_control/share/mecanum_control/package.sh'
[12.013s] INFO:colcon.colcon_core.shell:Creating package script '/home/pi/robot_ws/install/mecanum_control/share/mecanum_control/package.bash'
[12.016s] INFO:colcon.colcon_core.shell:Creating package script '/home/pi/robot_ws/install/mecanum_control/share/mecanum_control/package.zsh'
[12.019s] Level 1:colcon.colcon_core.environment:create_file_with_runtime_dependencies(/home/pi/robot_ws/install/mecanum_control/share/colcon-core/packages/mecanum_control)
[12.250s] Level 1:colcon.colcon_core.environment:checking '/home/pi/robot_ws/install/mecanum_kinematics' for CMake module files
[12.255s] DEBUG:colcon.colcon_core.event_handler.log_command:Invoked command in '/home/pi/robot_ws/src/mecanum_kinematics' returned '0': PYTHONPATH=/home/pi/robot_ws/build/mecanum_kinematics/prefix_override:/usr/lib/python3/dist-packages/colcon_core/task/python/colcon_distutils_commands:/home/pi/robot_ws/install/mecanum_kinematics/lib/python3.10/site-packages:${PYTHONPATH} /usr/bin/python3 -W ignore:setup.py install is deprecated -W ignore:easy_install command is deprecated setup.py egg_info --egg-base ../../build/mecanum_kinematics build --build-base /home/pi/robot_ws/build/mecanum_kinematics/build install --record /home/pi/robot_ws/build/mecanum_kinematics/install.log --single-version-externally-managed install_data
[12.261s] Level 1:colcon.colcon_core.environment:checking '/home/pi/robot_ws/install/mecanum_kinematics' for CMake config files
[12.268s] Level 1:colcon.colcon_core.environment:checking '/home/pi/robot_ws/install/mecanum_kinematics/lib'
[12.269s] Level 1:colcon.colcon_core.environment:checking '/home/pi/robot_ws/install/mecanum_kinematics/bin'
[12.270s] Level 1:colcon.colcon_core.environment:checking '/home/pi/robot_ws/install/mecanum_kinematics/lib/pkgconfig/mecanum_kinematics.pc'
[12.272s] Level 1:colcon.colcon_core.environment:checking '/home/pi/robot_ws/install/mecanum_kinematics/lib/python3.10/site-packages'
[12.273s] Level 1:colcon.colcon_core.shell:create_environment_hook('mecanum_kinematics', 'pythonpath')
[12.275s] INFO:colcon.colcon_core.shell:Creating environment hook '/home/pi/robot_ws/install/mecanum_kinematics/share/mecanum_kinematics/hook/pythonpath.ps1'
[12.279s] INFO:colcon.colcon_core.shell:Creating environment descriptor '/home/pi/robot_ws/install/mecanum_kinematics/share/mecanum_kinematics/hook/pythonpath.dsv'
[12.282s] INFO:colcon.colcon_core.shell:Creating environment hook '/home/pi/robot_ws/install/mecanum_kinematics/share/mecanum_kinematics/hook/pythonpath.sh'
[12.287s] Level 1:colcon.colcon_core.environment:checking '/home/pi/robot_ws/install/mecanum_kinematics/bin'
[12.288s] Level 1:colcon.colcon_core.environment:create_environment_scripts_only(mecanum_kinematics)
[12.289s] INFO:colcon.colcon_core.shell:Creating package script '/home/pi/robot_ws/install/mecanum_kinematics/share/mecanum_kinematics/package.ps1'
[12.293s] INFO:colcon.colcon_core.shell:Creating package descriptor '/home/pi/robot_ws/install/mecanum_kinematics/share/mecanum_kinematics/package.dsv'
[12.297s] INFO:colcon.colcon_core.shell:Creating package script '/home/pi/robot_ws/install/mecanum_kinematics/share/mecanum_kinematics/package.sh'
[12.300s] INFO:colcon.colcon_core.shell:Creating package script '/home/pi/robot_ws/install/mecanum_kinematics/share/mecanum_kinematics/package.bash'
[12.303s] INFO:colcon.colcon_core.shell:Creating package script '/home/pi/robot_ws/install/mecanum_kinematics/share/mecanum_kinematics/package.zsh'
[12.307s] Level 1:colcon.colcon_core.environment:create_file_with_runtime_dependencies(/home/pi/robot_ws/install/mecanum_kinematics/share/colcon-core/packages/mecanum_kinematics)
[12.312s] DEBUG:colcon.colcon_parallel_executor.executor.parallel:closing loop
[12.313s] DEBUG:colcon.colcon_parallel_executor.executor.parallel:loop closed
[12.313s] DEBUG:colcon.colcon_parallel_executor.executor.parallel:run_until_complete finished with '0'
[12.314s] DEBUG:colcon.colcon_core.event_reactor:joining thread
[12.353s] INFO:colcon.colcon_core.plugin_system:Skipping extension 'colcon_notification.desktop_notification.terminal_notifier': Not used on non-Darwin systems
[12.355s] INFO:colcon.colcon_core.plugin_system:Skipping extension 'colcon_notification.desktop_notification.win32': Not used on non-Windows systems
[12.356s] INFO:colcon.colcon_notification.desktop_notification:Sending desktop notification using 'notify2'
[12.437s] DEBUG:colcon.colcon_core.event_reactor:joined thread
[12.439s] INFO:colcon.colcon_core.shell:Creating prefix script '/home/pi/robot_ws/install/local_setup.ps1'
[12.446s] INFO:colcon.colcon_core.shell:Creating prefix util module '/home/pi/robot_ws/install/_local_setup_util_ps1.py'
[12.456s] INFO:colcon.colcon_core.shell:Creating prefix chain script '/home/pi/robot_ws/install/setup.ps1'
[12.464s] INFO:colcon.colcon_core.shell:Creating prefix script '/home/pi/robot_ws/install/local_setup.sh'
[12.468s] INFO:colcon.colcon_core.shell:Creating prefix util module '/home/pi/robot_ws/install/_local_setup_util_sh.py'
[12.473s] INFO:colcon.colcon_core.shell:Creating prefix chain script '/home/pi/robot_ws/install/setup.sh'
[12.481s] INFO:colcon.colcon_core.shell:Creating prefix script '/home/pi/robot_ws/install/local_setup.bash'
[12.485s] INFO:colcon.colcon_core.shell:Creating prefix chain script '/home/pi/robot_ws/install/setup.bash'
[12.494s] INFO:colcon.colcon_core.shell:Creating prefix script '/home/pi/robot_ws/install/local_setup.zsh'
[12.498s] INFO:colcon.colcon_core.shell:Creating prefix chain script '/home/pi/robot_ws/install/setup.zsh'
