[3.700s] Invoking command in '/home/pi/robot_ws/build/scan_qos_bridge': CMAKE_PREFIX_PATH=${CMAKE_PREFIX_PATH}:/home/pi/robot_ws/install/mecanum_kinematics:/home/pi/robot_ws/install/mecanum_control:/opt/ros/humble /usr/bin/cmake --build /home/pi/robot_ws/build/scan_qos_bridge -- -j4 -l4
[4.747s] [100%] Built target scan_relay
[4.804s] Invoked command in '/home/pi/robot_ws/build/scan_qos_bridge' returned '0': CMAKE_PREFIX_PATH=${CMAKE_PREFIX_PATH}:/home/pi/robot_ws/install/mecanum_kinematics:/home/pi/robot_ws/install/mecanum_control:/opt/ros/humble /usr/bin/cmake --build /home/pi/robot_ws/build/scan_qos_bridge -- -j4 -l4
[4.859s] Invoking command in '/home/pi/robot_ws/build/scan_qos_bridge': CMAKE_PREFIX_PATH=${CMAKE_PREFIX_PATH}:/home/pi/robot_ws/install/mecanum_kinematics:/home/pi/robot_ws/install/mecanum_control:/opt/ros/humble /usr/bin/cmake --install /home/pi/robot_ws/build/scan_qos_bridge
[4.901s] -- Install configuration: ""
[4.907s] -- Up-to-date: /home/pi/robot_ws/install/scan_qos_bridge/lib/scan_qos_bridge/scan_relay
[4.910s] -- Up-to-date: /home/pi/robot_ws/install/scan_qos_bridge/share/scan_qos_bridge/launch
[4.911s] -- Up-to-date: /home/pi/robot_ws/install/scan_qos_bridge/share/scan_qos_bridge/launch/scan_relay.launch.py
[4.913s] -- Up-to-date: /home/pi/robot_ws/install/scan_qos_bridge/share/ament_index/resource_index/package_run_dependencies/scan_qos_bridge
[4.915s] -- Up-to-date: /home/pi/robot_ws/install/scan_qos_bridge/share/ament_index/resource_index/parent_prefix_path/scan_qos_bridge
[4.916s] -- Up-to-date: /home/pi/robot_ws/install/scan_qos_bridge/share/scan_qos_bridge/environment/ament_prefix_path.sh
[4.918s] -- Up-to-date: /home/pi/robot_ws/install/scan_qos_bridge/share/scan_qos_bridge/environment/ament_prefix_path.dsv
[4.920s] -- Up-to-date: /home/pi/robot_ws/install/scan_qos_bridge/share/scan_qos_bridge/environment/path.sh
[4.922s] -- Up-to-date: /home/pi/robot_ws/install/scan_qos_bridge/share/scan_qos_bridge/environment/path.dsv
[4.923s] -- Up-to-date: /home/pi/robot_ws/install/scan_qos_bridge/share/scan_qos_bridge/local_setup.bash
[4.925s] -- Up-to-date: /home/pi/robot_ws/install/scan_qos_bridge/share/scan_qos_bridge/local_setup.sh
[4.926s] -- Up-to-date: /home/pi/robot_ws/install/scan_qos_bridge/share/scan_qos_bridge/local_setup.zsh
[4.928s] -- Up-to-date: /home/pi/robot_ws/install/scan_qos_bridge/share/scan_qos_bridge/local_setup.dsv
[4.930s] -- Installing: /home/pi/robot_ws/install/scan_qos_bridge/share/scan_qos_bridge/package.dsv
[4.935s] -- Up-to-date: /home/pi/robot_ws/install/scan_qos_bridge/share/ament_index/resource_index/packages/scan_qos_bridge
[4.937s] -- Up-to-date: /home/pi/robot_ws/install/scan_qos_bridge/share/scan_qos_bridge/cmake/scan_qos_bridgeConfig.cmake
[4.942s] -- Up-to-date: /home/pi/robot_ws/install/scan_qos_bridge/share/scan_qos_bridge/cmake/scan_qos_bridgeConfig-version.cmake
[4.942s] -- Up-to-date: /home/pi/robot_ws/install/scan_qos_bridge/share/scan_qos_bridge/package.xml
[4.956s] Invoked command in '/home/pi/robot_ws/build/scan_qos_bridge' returned '0': CMAKE_PREFIX_PATH=${CMAKE_PREFIX_PATH}:/home/pi/robot_ws/install/mecanum_kinematics:/home/pi/robot_ws/install/mecanum_control:/opt/ros/humble /usr/bin/cmake --install /home/pi/robot_ws/build/scan_qos_bridge
