[5.471s] Invoking command in '/home/pi/robot_ws/src/mecanum_control': PYTHONPATH=/home/pi/robot_ws/build/mecanum_control/prefix_override:/usr/lib/python3/dist-packages/colcon_core/task/python/colcon_distutils_commands:/home/pi/robot_ws/install/mecanum_control/lib/python3.10/site-packages:${PYTHONPATH} /usr/bin/python3 -W ignore:setup.py install is deprecated -W ignore:easy_install command is deprecated setup.py egg_info --egg-base ../../build/mecanum_control build --build-base /home/pi/robot_ws/build/mecanum_control/build install --record /home/pi/robot_ws/build/mecanum_control/install.log --single-version-externally-managed install_data
[8.043s] running egg_info
[8.060s] writing ../../build/mecanum_control/mecanum_control.egg-info/PKG-INFO
[8.061s] writing dependency_links to ../../build/mecanum_control/mecanum_control.egg-info/dependency_links.txt
[8.073s] writing entry points to ../../build/mecanum_control/mecanum_control.egg-info/entry_points.txt
[8.075s] writing requirements to ../../build/mecanum_control/mecanum_control.egg-info/requires.txt
[8.076s] writing top-level names to ../../build/mecanum_control/mecanum_control.egg-info/top_level.txt
[8.104s] reading manifest file '../../build/mecanum_control/mecanum_control.egg-info/SOURCES.txt'
[8.113s] writing manifest file '../../build/mecanum_control/mecanum_control.egg-info/SOURCES.txt'
[8.120s] running build
[8.121s] running build_py
[8.129s] copying mecanum_control/joy_to_cmd_vel.py -> /home/pi/robot_ws/build/mecanum_control/build/lib/mecanum_control
[8.137s] running install
[8.140s] running install_lib
[8.163s] copying /home/pi/robot_ws/build/mecanum_control/build/lib/mecanum_control/joy_to_cmd_vel.py -> /home/pi/robot_ws/install/mecanum_control/lib/python3.10/site-packages/mecanum_control
[8.175s] byte-compiling /home/pi/robot_ws/install/mecanum_control/lib/python3.10/site-packages/mecanum_control/joy_to_cmd_vel.py to joy_to_cmd_vel.cpython-310.pyc
[8.182s] running install_data
[8.185s] running install_egg_info
[8.226s] removing '/home/pi/robot_ws/install/mecanum_control/lib/python3.10/site-packages/mecanum_control-0.0.0-py3.10.egg-info' (and everything under it)
[8.227s] Copying ../../build/mecanum_control/mecanum_control.egg-info to /home/pi/robot_ws/install/mecanum_control/lib/python3.10/site-packages/mecanum_control-0.0.0-py3.10.egg-info
[8.254s] running install_scripts
[8.409s] Installing esp32_serial_bridge script to /home/pi/robot_ws/install/mecanum_control/lib/mecanum_control
[8.411s] Installing joy_to_cmd_vel script to /home/pi/robot_ws/install/mecanum_control/lib/mecanum_control
[8.413s] writing list of installed files to '/home/pi/robot_ws/build/mecanum_control/install.log'
[8.687s] Invoked command in '/home/pi/robot_ws/src/mecanum_control' returned '0': PYTHONPATH=/home/pi/robot_ws/build/mecanum_control/prefix_override:/usr/lib/python3/dist-packages/colcon_core/task/python/colcon_distutils_commands:/home/pi/robot_ws/install/mecanum_control/lib/python3.10/site-packages:${PYTHONPATH} /usr/bin/python3 -W ignore:setup.py install is deprecated -W ignore:easy_install command is deprecated setup.py egg_info --egg-base ../../build/mecanum_control build --build-base /home/pi/robot_ws/build/mecanum_control/build install --record /home/pi/robot_ws/build/mecanum_control/install.log --single-version-externally-managed install_data
