running develop
running egg_info
writing mecanum_kinematics.egg-info/PKG-INFO
writing dependency_links to mecanum_kinematics.egg-info/dependency_links.txt
writing entry points to mecanum_kinematics.egg-info/entry_points.txt
writing requirements to mecanum_kinematics.egg-info/requires.txt
writing top-level names to mecanum_kinematics.egg-info/top_level.txt
reading manifest file 'mecanum_kinematics.egg-info/SOURCES.txt'
writing manifest file 'mecanum_kinematics.egg-info/SOURCES.txt'
running build_ext
Creating /home/pi/robot_ws/install/mecanum_kinematics/lib/python3.10/site-packages/mecanum-kinematics.egg-link (link to .)
Installing encoder_gpio_publisher script to /home/pi/robot_ws/install/mecanum_kinematics/lib/mecanum_kinematics
Installing imu_publisher script to /home/pi/robot_ws/install/mecanum_kinematics/lib/mecanum_kinematics
Installing test_encoder script to /home/pi/robot_ws/install/mecanum_kinematics/lib/mecanum_kinematics

Installed /home/pi/robot_ws/build/mecanum_kinematics
running symlink_data
symbolically linking /home/pi/robot_ws/build/mecanum_kinematics/resource/mecanum_kinematics -> /home/pi/robot_ws/install/mecanum_kinematics/share/ament_index/resource_index/packages
symbolically linking /home/pi/robot_ws/build/mecanum_kinematics/package.xml -> /home/pi/robot_ws/install/mecanum_kinematics/share/mecanum_kinematics
symbolically linking /home/pi/robot_ws/build/mecanum_kinematics/launch/ekf_launch.py -> /home/pi/robot_ws/install/mecanum_kinematics/share/mecanum_kinematics/launch
symbolically linking /home/pi/robot_ws/build/mecanum_kinematics/config/ekf.yaml -> /home/pi/robot_ws/install/mecanum_kinematics/share/mecanum_kinematics/config
