[9.503s] Invoking command in '/home/pi/robot_ws/src/mecanum_control': PYTHONPATH=/home/pi/robot_ws/build/mecanum_control/prefix_override:/usr/lib/python3/dist-packages/colcon_core/task/python/colcon_distutils_commands:/home/pi/robot_ws/install/mecanum_control/lib/python3.10/site-packages:${PYTHONPATH} /usr/bin/python3 -W ignore:setup.py install is deprecated -W ignore:easy_install command is deprecated setup.py egg_info --egg-base ../../build/mecanum_control build --build-base /home/pi/robot_ws/build/mecanum_control/build install --record /home/pi/robot_ws/build/mecanum_control/install.log --single-version-externally-managed install_data
[13.099s] running egg_info
[13.107s] writing ../../build/mecanum_control/mecanum_control.egg-info/PKG-INFO
[13.110s] writing dependency_links to ../../build/mecanum_control/mecanum_control.egg-info/dependency_links.txt
[13.112s] writing entry points to ../../build/mecanum_control/mecanum_control.egg-info/entry_points.txt
[13.115s] writing requirements to ../../build/mecanum_control/mecanum_control.egg-info/requires.txt
[13.119s] writing top-level names to ../../build/mecanum_control/mecanum_control.egg-info/top_level.txt
[13.138s] reading manifest file '../../build/mecanum_control/mecanum_control.egg-info/SOURCES.txt'
[13.150s] writing manifest file '../../build/mecanum_control/mecanum_control.egg-info/SOURCES.txt'
[13.160s] running build
[13.169s] running build_py
[13.175s] copying mecanum_control/esp32_serial_bridge.py -> /home/pi/robot_ws/build/mecanum_control/build/lib/mecanum_control
[13.191s] running install
[13.193s] running install_lib
[13.209s] copying /home/pi/robot_ws/build/mecanum_control/build/lib/mecanum_control/esp32_serial_bridge.py -> /home/pi/robot_ws/install/mecanum_control/lib/python3.10/site-packages/mecanum_control
[13.228s] byte-compiling /home/pi/robot_ws/install/mecanum_control/lib/python3.10/site-packages/mecanum_control/esp32_serial_bridge.py to esp32_serial_bridge.cpython-310.pyc
[13.268s] running install_data
[13.272s] running install_egg_info
[13.284s] removing '/home/pi/robot_ws/install/mecanum_control/lib/python3.10/site-packages/mecanum_control-0.0.0-py3.10.egg-info' (and everything under it)
[13.291s] Copying ../../build/mecanum_control/mecanum_control.egg-info to /home/pi/robot_ws/install/mecanum_control/lib/python3.10/site-packages/mecanum_control-0.0.0-py3.10.egg-info
[13.292s] running install_scripts
[13.516s] Installing esp32_serial_bridge script to /home/pi/robot_ws/install/mecanum_control/lib/mecanum_control
[13.523s] Installing joy_to_cmd_vel script to /home/pi/robot_ws/install/mecanum_control/lib/mecanum_control
[13.528s] writing list of installed files to '/home/pi/robot_ws/build/mecanum_control/install.log'
[13.887s] Invoked command in '/home/pi/robot_ws/src/mecanum_control' returned '0': PYTHONPATH=/home/pi/robot_ws/build/mecanum_control/prefix_override:/usr/lib/python3/dist-packages/colcon_core/task/python/colcon_distutils_commands:/home/pi/robot_ws/install/mecanum_control/lib/python3.10/site-packages:${PYTHONPATH} /usr/bin/python3 -W ignore:setup.py install is deprecated -W ignore:easy_install command is deprecated setup.py egg_info --egg-base ../../build/mecanum_control build --build-base /home/pi/robot_ws/build/mecanum_control/build install --record /home/pi/robot_ws/build/mecanum_control/install.log --single-version-externally-managed install_data
