[2.524s] Invoking command in '/home/pi/robot_ws/build/mecanum_robot': CMAKE_PREFIX_PATH=/opt/ros/humble /usr/bin/cmake --build /home/pi/robot_ws/build/mecanum_robot -- -j4 -l4
[3.132s] Invoked command in '/home/pi/robot_ws/build/mecanum_robot' returned '0': CMAKE_PREFIX_PATH=/opt/ros/humble /usr/bin/cmake --build /home/pi/robot_ws/build/mecanum_robot -- -j4 -l4
[3.197s] Invoking command in '/home/pi/robot_ws/build/mecanum_robot': CMAKE_PREFIX_PATH=/opt/ros/humble /usr/bin/cmake --install /home/pi/robot_ws/build/mecanum_robot
[3.269s] -- Install configuration: ""
[3.272s] -- Up-to-date: /home/pi/robot_ws/install/mecanum_robot/share/mecanum_robot/description
[3.277s] -- Up-to-date: /home/pi/robot_ws/install/mecanum_robot/share/mecanum_robot/description/inertial_macros.xacro
[3.282s] -- Up-to-date: /home/pi/robot_ws/install/mecanum_robot/share/mecanum_robot/description/lidar.xacro
[3.291s] -- Up-to-date: /home/pi/robot_ws/install/mecanum_robot/share/mecanum_robot/description/robot.urdf.xacro
[3.294s] -- Up-to-date: /home/pi/robot_ws/install/mecanum_robot/share/mecanum_robot/description/robot_core.xacro
[3.299s] -- Up-to-date: /home/pi/robot_ws/install/mecanum_robot/share/mecanum_robot/launch
[3.300s] -- Up-to-date: /home/pi/robot_ws/install/mecanum_robot/share/mecanum_robot/launch/launch_sim.launch.py
[3.301s] -- Up-to-date: /home/pi/robot_ws/install/mecanum_robot/share/mecanum_robot/launch/rsp.launch.py
[3.301s] -- Up-to-date: /home/pi/robot_ws/install/mecanum_robot/share/mecanum_robot/config
[3.302s] -- Up-to-date: /home/pi/robot_ws/install/mecanum_robot/share/mecanum_robot/config/simple_controllers.yaml
[3.302s] -- Up-to-date: /home/pi/robot_ws/install/mecanum_robot/share/mecanum_robot/config/view_bot.rviz
[3.303s] -- Up-to-date: /home/pi/robot_ws/install/mecanum_robot/share/mecanum_robot/config/mecanum_controllers.yaml
[3.303s] -- Up-to-date: /home/pi/robot_ws/install/mecanum_robot/share/ament_index/resource_index/package_run_dependencies/mecanum_robot
[3.304s] -- Up-to-date: /home/pi/robot_ws/install/mecanum_robot/share/ament_index/resource_index/parent_prefix_path/mecanum_robot
[3.304s] -- Up-to-date: /home/pi/robot_ws/install/mecanum_robot/share/mecanum_robot/environment/ament_prefix_path.sh
[3.305s] -- Up-to-date: /home/pi/robot_ws/install/mecanum_robot/share/mecanum_robot/environment/ament_prefix_path.dsv
[3.305s] -- Up-to-date: /home/pi/robot_ws/install/mecanum_robot/share/mecanum_robot/environment/path.sh
[3.306s] -- Up-to-date: /home/pi/robot_ws/install/mecanum_robot/share/mecanum_robot/environment/path.dsv
[3.306s] -- Up-to-date: /home/pi/robot_ws/install/mecanum_robot/share/mecanum_robot/local_setup.bash
[3.307s] -- Up-to-date: /home/pi/robot_ws/install/mecanum_robot/share/mecanum_robot/local_setup.sh
[3.312s] -- Up-to-date: /home/pi/robot_ws/install/mecanum_robot/share/mecanum_robot/local_setup.zsh
[3.312s] -- Up-to-date: /home/pi/robot_ws/install/mecanum_robot/share/mecanum_robot/local_setup.dsv
[3.313s] -- Up-to-date: /home/pi/robot_ws/install/mecanum_robot/share/mecanum_robot/package.dsv
[3.313s] -- Up-to-date: /home/pi/robot_ws/install/mecanum_robot/share/ament_index/resource_index/packages/mecanum_robot
[3.314s] -- Up-to-date: /home/pi/robot_ws/install/mecanum_robot/share/mecanum_robot/cmake/mecanum_robotConfig.cmake
[3.314s] -- Up-to-date: /home/pi/robot_ws/install/mecanum_robot/share/mecanum_robot/cmake/mecanum_robotConfig-version.cmake
[3.315s] -- Up-to-date: /home/pi/robot_ws/install/mecanum_robot/share/mecanum_robot/package.xml
[3.316s] Invoked command in '/home/pi/robot_ws/build/mecanum_robot' returned '0': CMAKE_PREFIX_PATH=/opt/ros/humble /usr/bin/cmake --install /home/pi/robot_ws/build/mecanum_robot
