running egg_info
writing ../../build/mecanum_control/mecanum_control.egg-info/PKG-INFO
writing dependency_links to ../../build/mecanum_control/mecanum_control.egg-info/dependency_links.txt
writing entry points to ../../build/mecanum_control/mecanum_control.egg-info/entry_points.txt
writing requirements to ../../build/mecanum_control/mecanum_control.egg-info/requires.txt
writing top-level names to ../../build/mecanum_control/mecanum_control.egg-info/top_level.txt
reading manifest file '../../build/mecanum_control/mecanum_control.egg-info/SOURCES.txt'
writing manifest file '../../build/mecanum_control/mecanum_control.egg-info/SOURCES.txt'
running build
running build_py
running install
running install_lib
running install_data
copying launch/joystick_control.launch.py -> /home/pi/robot_ws/install/mecanum_control/share/mecanum_control/launch
running install_egg_info
removing '/home/pi/robot_ws/install/mecanum_control/lib/python3.10/site-packages/mecanum_control-0.0.0-py3.10.egg-info' (and everything under it)
Copying ../../build/mecanum_control/mecanum_control.egg-info to /home/pi/robot_ws/install/mecanum_control/lib/python3.10/site-packages/mecanum_control-0.0.0-py3.10.egg-info
running install_scripts
Installing esp32_serial_bridge script to /home/pi/robot_ws/install/mecanum_control/lib/mecanum_control
Installing joy_to_cmd_vel script to /home/pi/robot_ws/install/mecanum_control/lib/mecanum_control
writing list of installed files to '/home/pi/robot_ws/build/mecanum_control/install.log'
