[6.924s] Invoking command in '/home/pi/robot_ws/src/mecanum_control': PYTHONPATH=/home/pi/robot_ws/build/mecanum_control/prefix_override:/usr/lib/python3/dist-packages/colcon_core/task/python/colcon_distutils_commands:/home/pi/robot_ws/install/mecanum_control/lib/python3.10/site-packages:${PYTHONPATH} /usr/bin/python3 -W ignore:setup.py install is deprecated -W ignore:easy_install command is deprecated setup.py egg_info --egg-base ../../build/mecanum_control build --build-base /home/pi/robot_ws/build/mecanum_control/build install --record /home/pi/robot_ws/build/mecanum_control/install.log --single-version-externally-managed install_data
[9.544s] running egg_info
[9.554s] writing ../../build/mecanum_control/mecanum_control.egg-info/PKG-INFO
[9.555s] writing dependency_links to ../../build/mecanum_control/mecanum_control.egg-info/dependency_links.txt
[9.557s] writing entry points to ../../build/mecanum_control/mecanum_control.egg-info/entry_points.txt
[9.558s] writing requirements to ../../build/mecanum_control/mecanum_control.egg-info/requires.txt
[9.559s] writing top-level names to ../../build/mecanum_control/mecanum_control.egg-info/top_level.txt
[9.568s] reading manifest file '../../build/mecanum_control/mecanum_control.egg-info/SOURCES.txt'
[9.584s] writing manifest file '../../build/mecanum_control/mecanum_control.egg-info/SOURCES.txt'
[9.586s] running build
[9.599s] running build_py
[9.600s] running install
[9.601s] running install_lib
[9.624s] running install_data
[9.625s] copying launch/joystick_control.launch.py -> /home/pi/robot_ws/install/mecanum_control/share/mecanum_control/launch
[9.627s] running install_egg_info
[9.633s] removing '/home/pi/robot_ws/install/mecanum_control/lib/python3.10/site-packages/mecanum_control-0.0.0-py3.10.egg-info' (and everything under it)
[9.635s] Copying ../../build/mecanum_control/mecanum_control.egg-info to /home/pi/robot_ws/install/mecanum_control/lib/python3.10/site-packages/mecanum_control-0.0.0-py3.10.egg-info
[9.648s] running install_scripts
[9.796s] Installing esp32_serial_bridge script to /home/pi/robot_ws/install/mecanum_control/lib/mecanum_control
[9.796s] Installing joy_to_cmd_vel script to /home/pi/robot_ws/install/mecanum_control/lib/mecanum_control
[9.798s] writing list of installed files to '/home/pi/robot_ws/build/mecanum_control/install.log'
[10.098s] Invoked command in '/home/pi/robot_ws/src/mecanum_control' returned '0': PYTHONPATH=/home/pi/robot_ws/build/mecanum_control/prefix_override:/usr/lib/python3/dist-packages/colcon_core/task/python/colcon_distutils_commands:/home/pi/robot_ws/install/mecanum_control/lib/python3.10/site-packages:${PYTHONPATH} /usr/bin/python3 -W ignore:setup.py install is deprecated -W ignore:easy_install command is deprecated setup.py egg_info --egg-base ../../build/mecanum_control build --build-base /home/pi/robot_ws/build/mecanum_control/build install --record /home/pi/robot_ws/build/mecanum_control/install.log --single-version-externally-managed install_data
