[6.862s] Invoking command in '/home/pi/robot_ws/src/mecanum_robot': PYTHONPATH=/home/pi/robot_ws/build/mecanum_robot/prefix_override:/usr/lib/python3/dist-packages/colcon_core/task/python/colcon_distutils_commands:/home/pi/robot_ws/install/mecanum_robot/lib/python3.10/site-packages:${PYTHONPATH} /usr/bin/python3 -W ignore:setup.py install is deprecated -W ignore:easy_install command is deprecated setup.py egg_info --egg-base ../../build/mecanum_robot build --build-base /home/pi/robot_ws/build/mecanum_robot/build install --record /home/pi/robot_ws/build/mecanum_robot/install.log --single-version-externally-managed install_data
[8.502s] running egg_info
[8.505s] writing ../../build/mecanum_robot/mecanum_robot.egg-info/PKG-INFO
[8.507s] writing dependency_links to ../../build/mecanum_robot/mecanum_robot.egg-info/dependency_links.txt
[8.508s] writing entry points to ../../build/mecanum_robot/mecanum_robot.egg-info/entry_points.txt
[8.509s] writing requirements to ../../build/mecanum_robot/mecanum_robot.egg-info/requires.txt
[8.510s] writing top-level names to ../../build/mecanum_robot/mecanum_robot.egg-info/top_level.txt
[8.524s] reading manifest file '../../build/mecanum_robot/mecanum_robot.egg-info/SOURCES.txt'
[8.527s] writing manifest file '../../build/mecanum_robot/mecanum_robot.egg-info/SOURCES.txt'
[8.528s] running build
[8.528s] running build_py
[8.531s] running install
[8.531s] running install_lib
[8.538s] running install_data
[8.541s] running install_egg_info
[8.553s] removing '/home/pi/robot_ws/install/mecanum_robot/lib/python3.10/site-packages/mecanum_robot-0.0.0-py3.10.egg-info' (and everything under it)
[8.556s] Copying ../../build/mecanum_robot/mecanum_robot.egg-info to /home/pi/robot_ws/install/mecanum_robot/lib/python3.10/site-packages/mecanum_robot-0.0.0-py3.10.egg-info
[8.563s] running install_scripts
[8.676s] Installing static_odom script to /home/pi/robot_ws/install/mecanum_robot/lib/mecanum_robot
[8.689s] writing list of installed files to '/home/pi/robot_ws/build/mecanum_robot/install.log'
[8.925s] Invoked command in '/home/pi/robot_ws/src/mecanum_robot' returned '0': PYTHONPATH=/home/pi/robot_ws/build/mecanum_robot/prefix_override:/usr/lib/python3/dist-packages/colcon_core/task/python/colcon_distutils_commands:/home/pi/robot_ws/install/mecanum_robot/lib/python3.10/site-packages:${PYTHONPATH} /usr/bin/python3 -W ignore:setup.py install is deprecated -W ignore:easy_install command is deprecated setup.py egg_info --egg-base ../../build/mecanum_robot build --build-base /home/pi/robot_ws/build/mecanum_robot/build install --record /home/pi/robot_ws/build/mecanum_robot/install.log --single-version-externally-managed install_data
