[2.861s] Invoking command in '/home/pi/robot_ws/src/mecanum_robot': PYTHONPATH=/home/pi/robot_ws/build/mecanum_robot/prefix_override:/usr/lib/python3/dist-packages/colcon_core/task/python/colcon_distutils_commands:/home/pi/robot_ws/install/mecanum_robot/lib/python3.10/site-packages:${PYTHONPATH} /usr/bin/python3 -W ignore:setup.py install is deprecated -W ignore:easy_install command is deprecated setup.py egg_info --egg-base ../../build/mecanum_robot build --build-base /home/pi/robot_ws/build/mecanum_robot/build install --record /home/pi/robot_ws/build/mecanum_robot/install.log --single-version-externally-managed install_data
[3.989s] running egg_info
[3.992s] writing ../../build/mecanum_robot/mecanum_robot.egg-info/PKG-INFO
[3.993s] writing dependency_links to ../../build/mecanum_robot/mecanum_robot.egg-info/dependency_links.txt
[3.994s] writing entry points to ../../build/mecanum_robot/mecanum_robot.egg-info/entry_points.txt
[3.995s] writing requirements to ../../build/mecanum_robot/mecanum_robot.egg-info/requires.txt
[3.996s] writing top-level names to ../../build/mecanum_robot/mecanum_robot.egg-info/top_level.txt
[4.004s] reading manifest file '../../build/mecanum_robot/mecanum_robot.egg-info/SOURCES.txt'
[4.008s] writing manifest file '../../build/mecanum_robot/mecanum_robot.egg-info/SOURCES.txt'
[4.009s] running build
[4.010s] running build_py
[4.011s] running install
[4.012s] running install_lib
[4.018s] running install_data
[4.020s] copying launch/test_slam.launch.py -> /home/pi/robot_ws/install/mecanum_robot/share/mecanum_robot/launch
[4.021s] running install_egg_info
[4.036s] removing '/home/pi/robot_ws/install/mecanum_robot/lib/python3.10/site-packages/mecanum_robot-0.0.0-py3.10.egg-info' (and everything under it)
[4.038s] Copying ../../build/mecanum_robot/mecanum_robot.egg-info to /home/pi/robot_ws/install/mecanum_robot/lib/python3.10/site-packages/mecanum_robot-0.0.0-py3.10.egg-info
[4.045s] running install_scripts
[4.127s] Installing static_tf_broadcaster script to /home/pi/robot_ws/install/mecanum_robot/lib/mecanum_robot
[4.129s] writing list of installed files to '/home/pi/robot_ws/build/mecanum_robot/install.log'
[4.262s] Invoked command in '/home/pi/robot_ws/src/mecanum_robot' returned '0': PYTHONPATH=/home/pi/robot_ws/build/mecanum_robot/prefix_override:/usr/lib/python3/dist-packages/colcon_core/task/python/colcon_distutils_commands:/home/pi/robot_ws/install/mecanum_robot/lib/python3.10/site-packages:${PYTHONPATH} /usr/bin/python3 -W ignore:setup.py install is deprecated -W ignore:easy_install command is deprecated setup.py egg_info --egg-base ../../build/mecanum_robot build --build-base /home/pi/robot_ws/build/mecanum_robot/build install --record /home/pi/robot_ws/build/mecanum_robot/install.log --single-version-externally-managed install_data
