[6.652s] Invoking command in '/home/pi/robot_ws/src/mecanum_robot': PYTHONPATH=/home/pi/robot_ws/build/mecanum_robot/prefix_override:/usr/lib/python3/dist-packages/colcon_core/task/python/colcon_distutils_commands:/home/pi/robot_ws/install/mecanum_robot/lib/python3.10/site-packages:${PYTHONPATH} /usr/bin/python3 -W ignore:setup.py install is deprecated -W ignore:easy_install command is deprecated setup.py egg_info --egg-base ../../build/mecanum_robot build --build-base /home/pi/robot_ws/build/mecanum_robot/build install --record /home/pi/robot_ws/build/mecanum_robot/install.log --single-version-externally-managed install_data
[9.150s] running egg_info
[9.155s] writing ../../build/mecanum_robot/mecanum_robot.egg-info/PKG-INFO
[9.161s] writing dependency_links to ../../build/mecanum_robot/mecanum_robot.egg-info/dependency_links.txt
[9.163s] writing entry points to ../../build/mecanum_robot/mecanum_robot.egg-info/entry_points.txt
[9.169s] writing requirements to ../../build/mecanum_robot/mecanum_robot.egg-info/requires.txt
[9.170s] writing top-level names to ../../build/mecanum_robot/mecanum_robot.egg-info/top_level.txt
[9.186s] reading manifest file '../../build/mecanum_robot/mecanum_robot.egg-info/SOURCES.txt'
[9.194s] writing manifest file '../../build/mecanum_robot/mecanum_robot.egg-info/SOURCES.txt'
[9.195s] running build
[9.197s] running build_py
[9.198s] running install
[9.199s] running install_lib
[9.206s] running install_data
[9.208s] running install_egg_info
[9.226s] removing '/home/pi/robot_ws/install/mecanum_robot/lib/python3.10/site-packages/mecanum_robot-0.0.0-py3.10.egg-info' (and everything under it)
[9.231s] Copying ../../build/mecanum_robot/mecanum_robot.egg-info to /home/pi/robot_ws/install/mecanum_robot/lib/python3.10/site-packages/mecanum_robot-0.0.0-py3.10.egg-info
[9.243s] running install_scripts
[9.457s] Installing static_odom script to /home/pi/robot_ws/install/mecanum_robot/lib/mecanum_robot
[9.460s] writing list of installed files to '/home/pi/robot_ws/build/mecanum_robot/install.log'
[9.661s] Invoked command in '/home/pi/robot_ws/src/mecanum_robot' returned '0': PYTHONPATH=/home/pi/robot_ws/build/mecanum_robot/prefix_override:/usr/lib/python3/dist-packages/colcon_core/task/python/colcon_distutils_commands:/home/pi/robot_ws/install/mecanum_robot/lib/python3.10/site-packages:${PYTHONPATH} /usr/bin/python3 -W ignore:setup.py install is deprecated -W ignore:easy_install command is deprecated setup.py egg_info --egg-base ../../build/mecanum_robot build --build-base /home/pi/robot_ws/build/mecanum_robot/build install --record /home/pi/robot_ws/build/mecanum_robot/install.log --single-version-externally-managed install_data
