/home/pi/robot_ws/install/mecanum_kinematics/lib/python3.10/site-packages/mecanum_kinematics/encoder_gpio_publisher.py
/home/pi/robot_ws/install/mecanum_kinematics/lib/python3.10/site-packages/mecanum_kinematics/test_encoder.py
/home/pi/robot_ws/install/mecanum_kinematics/lib/python3.10/site-packages/mecanum_kinematics/__init__.py
/home/pi/robot_ws/install/mecanum_kinematics/lib/python3.10/site-packages/mecanum_kinematics/imu_publisher.py
/home/pi/robot_ws/install/mecanum_kinematics/lib/python3.10/site-packages/mecanum_kinematics/__pycache__/encoder_gpio_publisher.cpython-310.pyc
/home/pi/robot_ws/install/mecanum_kinematics/lib/python3.10/site-packages/mecanum_kinematics/__pycache__/test_encoder.cpython-310.pyc
/home/pi/robot_ws/install/mecanum_kinematics/lib/python3.10/site-packages/mecanum_kinematics/__pycache__/__init__.cpython-310.pyc
/home/pi/robot_ws/install/mecanum_kinematics/lib/python3.10/site-packages/mecanum_kinematics/__pycache__/imu_publisher.cpython-310.pyc
/home/pi/robot_ws/install/mecanum_kinematics/share/ament_index/resource_index/packages/mecanum_kinematics
/home/pi/robot_ws/install/mecanum_kinematics/share/mecanum_kinematics/package.xml
/home/pi/robot_ws/install/mecanum_kinematics/share/mecanum_kinematics/launch/ekf_launch.py
/home/pi/robot_ws/install/mecanum_kinematics/share/mecanum_kinematics/config/ekf.yaml
/home/pi/robot_ws/install/mecanum_kinematics/lib/python3.10/site-packages/mecanum_kinematics-0.0.0-py3.10.egg-info/zip-safe
/home/pi/robot_ws/install/mecanum_kinematics/lib/python3.10/site-packages/mecanum_kinematics-0.0.0-py3.10.egg-info/PKG-INFO
/home/pi/robot_ws/install/mecanum_kinematics/lib/python3.10/site-packages/mecanum_kinematics-0.0.0-py3.10.egg-info/top_level.txt
/home/pi/robot_ws/install/mecanum_kinematics/lib/python3.10/site-packages/mecanum_kinematics-0.0.0-py3.10.egg-info/requires.txt
/home/pi/robot_ws/install/mecanum_kinematics/lib/python3.10/site-packages/mecanum_kinematics-0.0.0-py3.10.egg-info/entry_points.txt
/home/pi/robot_ws/install/mecanum_kinematics/lib/python3.10/site-packages/mecanum_kinematics-0.0.0-py3.10.egg-info/dependency_links.txt
/home/pi/robot_ws/install/mecanum_kinematics/lib/python3.10/site-packages/mecanum_kinematics-0.0.0-py3.10.egg-info/SOURCES.txt
/home/pi/robot_ws/install/mecanum_kinematics/lib/mecanum_kinematics/encoder_gpio_publisher
/home/pi/robot_ws/install/mecanum_kinematics/lib/mecanum_kinematics/imu_publisher
/home/pi/robot_ws/install/mecanum_kinematics/lib/mecanum_kinematics/test_encoder
