[6.499s] Invoking command in '/home/pi/robot_ws/src/mecanum_control': PYTHONPATH=/home/pi/robot_ws/build/mecanum_control/prefix_override:/usr/lib/python3/dist-packages/colcon_core/task/python/colcon_distutils_commands:/home/pi/robot_ws/install/mecanum_control/lib/python3.10/site-packages:${PYTHONPATH} /usr/bin/python3 -W ignore:setup.py install is deprecated -W ignore:easy_install command is deprecated setup.py egg_info --egg-base ../../build/mecanum_control build --build-base /home/pi/robot_ws/build/mecanum_control/build install --record /home/pi/robot_ws/build/mecanum_control/install.log --single-version-externally-managed install_data
[8.881s] running egg_info
[8.882s] writing ../../build/mecanum_control/mecanum_control.egg-info/PKG-INFO
[8.886s] writing dependency_links to ../../build/mecanum_control/mecanum_control.egg-info/dependency_links.txt
[8.887s] writing entry points to ../../build/mecanum_control/mecanum_control.egg-info/entry_points.txt
[8.890s] writing requirements to ../../build/mecanum_control/mecanum_control.egg-info/requires.txt
[8.893s] writing top-level names to ../../build/mecanum_control/mecanum_control.egg-info/top_level.txt
[8.911s] reading manifest file '../../build/mecanum_control/mecanum_control.egg-info/SOURCES.txt'
[8.926s] writing manifest file '../../build/mecanum_control/mecanum_control.egg-info/SOURCES.txt'
[8.933s] running build
[8.935s] running build_py
[8.963s] running install
[8.973s] running install_lib
[9.036s] running install_data
[9.040s] running install_egg_info
[9.131s] removing '/home/pi/robot_ws/install/mecanum_control/lib/python3.10/site-packages/mecanum_control-0.0.0-py3.10.egg-info' (and everything under it)
[9.134s] Copying ../../build/mecanum_control/mecanum_control.egg-info to /home/pi/robot_ws/install/mecanum_control/lib/python3.10/site-packages/mecanum_control-0.0.0-py3.10.egg-info
[9.144s] running install_scripts
[9.283s] Installing esp32_serial_bridge script to /home/pi/robot_ws/install/mecanum_control/lib/mecanum_control
[9.285s] Installing joy_to_cmd_vel script to /home/pi/robot_ws/install/mecanum_control/lib/mecanum_control
[9.287s] writing list of installed files to '/home/pi/robot_ws/build/mecanum_control/install.log'
[9.491s] Invoked command in '/home/pi/robot_ws/src/mecanum_control' returned '0': PYTHONPATH=/home/pi/robot_ws/build/mecanum_control/prefix_override:/usr/lib/python3/dist-packages/colcon_core/task/python/colcon_distutils_commands:/home/pi/robot_ws/install/mecanum_control/lib/python3.10/site-packages:${PYTHONPATH} /usr/bin/python3 -W ignore:setup.py install is deprecated -W ignore:easy_install command is deprecated setup.py egg_info --egg-base ../../build/mecanum_control build --build-base /home/pi/robot_ws/build/mecanum_control/build install --record /home/pi/robot_ws/build/mecanum_control/install.log --single-version-externally-managed install_data
