[0.138s] Invoking command in '/home/pi/robot_ws/build/ydlidar_ros2_driver': CMAKE_PREFIX_PATH=${CMAKE_PREFIX_PATH}:/home/pi/robot_ws/install/mecanum_kinematics:/home/pi/robot_ws/install/mecanum_control:/opt/ros/humble /usr/bin/cmake --build /home/pi/robot_ws/build/ydlidar_ros2_driver -- -j4 -l4
[1.637s] [ 50%] Built target ydlidar_ros2_driver_client
[1.723s] [100%] Built target ydlidar_ros2_driver_node
[1.787s] Invoked command in '/home/pi/robot_ws/build/ydlidar_ros2_driver' returned '0': CMAKE_PREFIX_PATH=${CMAKE_PREFIX_PATH}:/home/pi/robot_ws/install/mecanum_kinematics:/home/pi/robot_ws/install/mecanum_control:/opt/ros/humble /usr/bin/cmake --build /home/pi/robot_ws/build/ydlidar_ros2_driver -- -j4 -l4
[1.792s] Invoking command in '/home/pi/robot_ws/build/ydlidar_ros2_driver': CMAKE_PREFIX_PATH=${CMAKE_PREFIX_PATH}:/home/pi/robot_ws/install/mecanum_kinematics:/home/pi/robot_ws/install/mecanum_control:/opt/ros/humble /usr/bin/cmake --install /home/pi/robot_ws/build/ydlidar_ros2_driver
[1.943s] -- Install configuration: ""
[1.963s] -- Up-to-date: /home/pi/robot_ws/install/ydlidar_ros2_driver/lib/ydlidar_ros2_driver/ydlidar_ros2_driver_node
[1.982s] -- Up-to-date: /home/pi/robot_ws/install/ydlidar_ros2_driver/lib/ydlidar_ros2_driver/ydlidar_ros2_driver_client
[1.984s] -- Up-to-date: /home/pi/robot_ws/install/ydlidar_ros2_driver/share/ydlidar_ros2_driver/launch
[1.988s] -- Up-to-date: /home/pi/robot_ws/install/ydlidar_ros2_driver/share/ydlidar_ros2_driver/launch/ydlidar_launch.py
[1.994s] -- Up-to-date: /home/pi/robot_ws/install/ydlidar_ros2_driver/share/ydlidar_ros2_driver/launch/ydlidar_launch_view.py
[1.996s] -- Up-to-date: /home/pi/robot_ws/install/ydlidar_ros2_driver/share/ydlidar_ros2_driver/launch/ydlidar.py
[2.009s] -- Up-to-date: /home/pi/robot_ws/install/ydlidar_ros2_driver/share/ydlidar_ros2_driver/params
[2.011s] -- Up-to-date: /home/pi/robot_ws/install/ydlidar_ros2_driver/share/ydlidar_ros2_driver/params/GS2.yaml
[2.012s] -- Up-to-date: /home/pi/robot_ws/install/ydlidar_ros2_driver/share/ydlidar_ros2_driver/params/G2.yaml
[2.018s] -- Up-to-date: /home/pi/robot_ws/install/ydlidar_ros2_driver/share/ydlidar_ros2_driver/params/ydlidar.yaml
[2.019s] -- Up-to-date: /home/pi/robot_ws/install/ydlidar_ros2_driver/share/ydlidar_ros2_driver/params/X2.yaml
[2.020s] -- Up-to-date: /home/pi/robot_ws/install/ydlidar_ros2_driver/share/ydlidar_ros2_driver/params/sdm15.yaml
[2.022s] -- Up-to-date: /home/pi/robot_ws/install/ydlidar_ros2_driver/share/ydlidar_ros2_driver/params/TEA.yaml
[2.023s] -- Up-to-date: /home/pi/robot_ws/install/ydlidar_ros2_driver/share/ydlidar_ros2_driver/params/G6.yaml
[2.025s] -- Installing: /home/pi/robot_ws/install/ydlidar_ros2_driver/share/ydlidar_ros2_driver/params/X3.yaml
[2.047s] -- Up-to-date: /home/pi/robot_ws/install/ydlidar_ros2_driver/share/ydlidar_ros2_driver/params/GS5.yaml
[2.048s] -- Up-to-date: /home/pi/robot_ws/install/ydlidar_ros2_driver/share/ydlidar_ros2_driver/params/TminiPro.yaml
[2.049s] -- Up-to-date: /home/pi/robot_ws/install/ydlidar_ros2_driver/share/ydlidar_ros2_driver/params/X4.yaml
[2.051s] -- Up-to-date: /home/pi/robot_ws/install/ydlidar_ros2_driver/share/ydlidar_ros2_driver/params/TG.yaml
[2.052s] -- Up-to-date: /home/pi/robot_ws/install/ydlidar_ros2_driver/share/ydlidar_ros2_driver/params/X4-Pro.yaml
[2.065s] -- Up-to-date: /home/pi/robot_ws/install/ydlidar_ros2_driver/share/ydlidar_ros2_driver/params/G1.yaml
[2.066s] -- Up-to-date: /home/pi/robot_ws/install/ydlidar_ros2_driver/share/ydlidar_ros2_driver/startup
[2.068s] -- Up-to-date: /home/pi/robot_ws/install/ydlidar_ros2_driver/share/ydlidar_ros2_driver/startup/initenv.sh
[2.069s] -- Up-to-date: /home/pi/robot_ws/install/ydlidar_ros2_driver/share/ydlidar_ros2_driver/config
[2.086s] -- Up-to-date: /home/pi/robot_ws/install/ydlidar_ros2_driver/share/ydlidar_ros2_driver/config/ydlidar.rviz
[2.094s] -- Up-to-date: /home/pi/robot_ws/install/ydlidar_ros2_driver/share/ament_index/resource_index/package_run_dependencies/ydlidar_ros2_driver
[2.097s] -- Up-to-date: /home/pi/robot_ws/install/ydlidar_ros2_driver/share/ament_index/resource_index/parent_prefix_path/ydlidar_ros2_driver
[2.099s] -- Up-to-date: /home/pi/robot_ws/install/ydlidar_ros2_driver/share/ydlidar_ros2_driver/environment/ament_prefix_path.sh
[2.102s] -- Up-to-date: /home/pi/robot_ws/install/ydlidar_ros2_driver/share/ydlidar_ros2_driver/environment/ament_prefix_path.dsv
[2.103s] -- Up-to-date: /home/pi/robot_ws/install/ydlidar_ros2_driver/share/ydlidar_ros2_driver/environment/path.sh
[2.105s] -- Up-to-date: /home/pi/robot_ws/install/ydlidar_ros2_driver/share/ydlidar_ros2_driver/environment/path.dsv
[2.116s] -- Up-to-date: /home/pi/robot_ws/install/ydlidar_ros2_driver/share/ydlidar_ros2_driver/local_setup.bash
[2.118s] -- Up-to-date: /home/pi/robot_ws/install/ydlidar_ros2_driver/share/ydlidar_ros2_driver/local_setup.sh
[2.120s] -- Up-to-date: /home/pi/robot_ws/install/ydlidar_ros2_driver/share/ydlidar_ros2_driver/local_setup.zsh
[2.132s] -- Up-to-date: /home/pi/robot_ws/install/ydlidar_ros2_driver/share/ydlidar_ros2_driver/local_setup.dsv
[2.133s] -- Installing: /home/pi/robot_ws/install/ydlidar_ros2_driver/share/ydlidar_ros2_driver/package.dsv
[2.143s] -- Up-to-date: /home/pi/robot_ws/install/ydlidar_ros2_driver/share/ament_index/resource_index/packages/ydlidar_ros2_driver
[2.145s] -- Up-to-date: /home/pi/robot_ws/install/ydlidar_ros2_driver/share/ydlidar_ros2_driver/cmake/ydlidar_ros2_driverConfig.cmake
[2.149s] -- Up-to-date: /home/pi/robot_ws/install/ydlidar_ros2_driver/share/ydlidar_ros2_driver/cmake/ydlidar_ros2_driverConfig-version.cmake
[2.150s] -- Up-to-date: /home/pi/robot_ws/install/ydlidar_ros2_driver/share/ydlidar_ros2_driver/package.xml
[2.175s] Invoked command in '/home/pi/robot_ws/build/ydlidar_ros2_driver' returned '0': CMAKE_PREFIX_PATH=${CMAKE_PREFIX_PATH}:/home/pi/robot_ws/install/mecanum_kinematics:/home/pi/robot_ws/install/mecanum_control:/opt/ros/humble /usr/bin/cmake --install /home/pi/robot_ws/build/ydlidar_ros2_driver
