[0.063s] Invoking command in '/home/pi/robot_ws/build/ydlidar_ros2_driver': CMAKE_PREFIX_PATH=${CMAKE_PREFIX_PATH}:/home/pi/robot_ws/install/mecanum_kinematics:/home/pi/robot_ws/install/mecanum_control:/opt/ros/humble /usr/bin/cmake --build /home/pi/robot_ws/build/ydlidar_ros2_driver -- -j4 -l4
[0.822s] [ 50%] Built target ydlidar_ros2_driver_client
[0.883s] [100%] Built target ydlidar_ros2_driver_node
[0.974s] Invoked command in '/home/pi/robot_ws/build/ydlidar_ros2_driver' returned '0': CMAKE_PREFIX_PATH=${CMAKE_PREFIX_PATH}:/home/pi/robot_ws/install/mecanum_kinematics:/home/pi/robot_ws/install/mecanum_control:/opt/ros/humble /usr/bin/cmake --build /home/pi/robot_ws/build/ydlidar_ros2_driver -- -j4 -l4
[0.986s] Invoking command in '/home/pi/robot_ws/build/ydlidar_ros2_driver': CMAKE_PREFIX_PATH=${CMAKE_PREFIX_PATH}:/home/pi/robot_ws/install/mecanum_kinematics:/home/pi/robot_ws/install/mecanum_control:/opt/ros/humble /usr/bin/cmake --install /home/pi/robot_ws/build/ydlidar_ros2_driver
[1.048s] -- Install configuration: ""
[1.053s] -- Up-to-date: /home/pi/robot_ws/install/ydlidar_ros2_driver/lib/ydlidar_ros2_driver/ydlidar_ros2_driver_node
[1.064s] -- Up-to-date: /home/pi/robot_ws/install/ydlidar_ros2_driver/lib/ydlidar_ros2_driver/ydlidar_ros2_driver_client
[1.070s] -- Up-to-date: /home/pi/robot_ws/install/ydlidar_ros2_driver/share/ydlidar_ros2_driver/launch
[1.076s] -- Up-to-date: /home/pi/robot_ws/install/ydlidar_ros2_driver/share/ydlidar_ros2_driver/launch/ydlidar_launch.py
[1.081s] -- Up-to-date: /home/pi/robot_ws/install/ydlidar_ros2_driver/share/ydlidar_ros2_driver/launch/ydlidar_launch_view.py
[1.086s] -- Up-to-date: /home/pi/robot_ws/install/ydlidar_ros2_driver/share/ydlidar_ros2_driver/launch/ydlidar.py
[1.091s] -- Up-to-date: /home/pi/robot_ws/install/ydlidar_ros2_driver/share/ydlidar_ros2_driver/params
[1.101s] -- Up-to-date: /home/pi/robot_ws/install/ydlidar_ros2_driver/share/ydlidar_ros2_driver/params/GS2.yaml
[1.104s] -- Up-to-date: /home/pi/robot_ws/install/ydlidar_ros2_driver/share/ydlidar_ros2_driver/params/G2.yaml
[1.110s] -- Up-to-date: /home/pi/robot_ws/install/ydlidar_ros2_driver/share/ydlidar_ros2_driver/params/ydlidar.yaml
[1.117s] -- Up-to-date: /home/pi/robot_ws/install/ydlidar_ros2_driver/share/ydlidar_ros2_driver/params/X2.yaml
[1.122s] -- Up-to-date: /home/pi/robot_ws/install/ydlidar_ros2_driver/share/ydlidar_ros2_driver/params/sdm15.yaml
[1.122s] -- Up-to-date: /home/pi/robot_ws/install/ydlidar_ros2_driver/share/ydlidar_ros2_driver/params/TEA.yaml
[1.133s] -- Up-to-date: /home/pi/robot_ws/install/ydlidar_ros2_driver/share/ydlidar_ros2_driver/params/G6.yaml
[1.146s] -- Up-to-date: /home/pi/robot_ws/install/ydlidar_ros2_driver/share/ydlidar_ros2_driver/params/X3.yaml
[1.148s] -- Up-to-date: /home/pi/robot_ws/install/ydlidar_ros2_driver/share/ydlidar_ros2_driver/params/GS5.yaml
[1.148s] -- Up-to-date: /home/pi/robot_ws/install/ydlidar_ros2_driver/share/ydlidar_ros2_driver/params/TminiPro.yaml
[1.149s] -- Up-to-date: /home/pi/robot_ws/install/ydlidar_ros2_driver/share/ydlidar_ros2_driver/params/X4.yaml
[1.150s] -- Up-to-date: /home/pi/robot_ws/install/ydlidar_ros2_driver/share/ydlidar_ros2_driver/params/TG.yaml
[1.151s] -- Up-to-date: /home/pi/robot_ws/install/ydlidar_ros2_driver/share/ydlidar_ros2_driver/params/X4-Pro.yaml
[1.151s] -- Up-to-date: /home/pi/robot_ws/install/ydlidar_ros2_driver/share/ydlidar_ros2_driver/params/G1.yaml
[1.152s] -- Up-to-date: /home/pi/robot_ws/install/ydlidar_ros2_driver/share/ydlidar_ros2_driver/startup
[1.175s] -- Up-to-date: /home/pi/robot_ws/install/ydlidar_ros2_driver/share/ydlidar_ros2_driver/startup/initenv.sh
[1.180s] -- Up-to-date: /home/pi/robot_ws/install/ydlidar_ros2_driver/share/ydlidar_ros2_driver/config
[1.186s] -- Up-to-date: /home/pi/robot_ws/install/ydlidar_ros2_driver/share/ydlidar_ros2_driver/config/ydlidar.rviz
[1.187s] -- Up-to-date: /home/pi/robot_ws/install/ydlidar_ros2_driver/share/ament_index/resource_index/package_run_dependencies/ydlidar_ros2_driver
[1.187s] -- Up-to-date: /home/pi/robot_ws/install/ydlidar_ros2_driver/share/ament_index/resource_index/parent_prefix_path/ydlidar_ros2_driver
[1.188s] -- Up-to-date: /home/pi/robot_ws/install/ydlidar_ros2_driver/share/ydlidar_ros2_driver/environment/ament_prefix_path.sh
[1.189s] -- Up-to-date: /home/pi/robot_ws/install/ydlidar_ros2_driver/share/ydlidar_ros2_driver/environment/ament_prefix_path.dsv
[1.208s] -- Up-to-date: /home/pi/robot_ws/install/ydlidar_ros2_driver/share/ydlidar_ros2_driver/environment/path.sh
[1.225s] -- Up-to-date: /home/pi/robot_ws/install/ydlidar_ros2_driver/share/ydlidar_ros2_driver/environment/path.dsv
[1.226s] -- Up-to-date: /home/pi/robot_ws/install/ydlidar_ros2_driver/share/ydlidar_ros2_driver/local_setup.bash
[1.226s] -- Up-to-date: /home/pi/robot_ws/install/ydlidar_ros2_driver/share/ydlidar_ros2_driver/local_setup.sh
[1.227s] -- Up-to-date: /home/pi/robot_ws/install/ydlidar_ros2_driver/share/ydlidar_ros2_driver/local_setup.zsh
[1.228s] -- Up-to-date: /home/pi/robot_ws/install/ydlidar_ros2_driver/share/ydlidar_ros2_driver/local_setup.dsv
[1.229s] -- Installing: /home/pi/robot_ws/install/ydlidar_ros2_driver/share/ydlidar_ros2_driver/package.dsv
[1.256s] -- Up-to-date: /home/pi/robot_ws/install/ydlidar_ros2_driver/share/ament_index/resource_index/packages/ydlidar_ros2_driver
[1.259s] -- Up-to-date: /home/pi/robot_ws/install/ydlidar_ros2_driver/share/ydlidar_ros2_driver/cmake/ydlidar_ros2_driverConfig.cmake
[1.262s] -- Up-to-date: /home/pi/robot_ws/install/ydlidar_ros2_driver/share/ydlidar_ros2_driver/cmake/ydlidar_ros2_driverConfig-version.cmake
[1.263s] -- Up-to-date: /home/pi/robot_ws/install/ydlidar_ros2_driver/share/ydlidar_ros2_driver/package.xml
[1.264s] Invoked command in '/home/pi/robot_ws/build/ydlidar_ros2_driver' returned '0': CMAKE_PREFIX_PATH=${CMAKE_PREFIX_PATH}:/home/pi/robot_ws/install/mecanum_kinematics:/home/pi/robot_ws/install/mecanum_control:/opt/ros/humble /usr/bin/cmake --install /home/pi/robot_ws/build/ydlidar_ros2_driver
