[8.270s] Invoking command in '/home/pi/robot_ws/src/mecanum_control': PYTHONPATH=/home/pi/robot_ws/build/mecanum_control/prefix_override:/usr/lib/python3/dist-packages/colcon_core/task/python/colcon_distutils_commands:/home/pi/robot_ws/install/mecanum_control/lib/python3.10/site-packages:${PYTHONPATH} /usr/bin/python3 -W ignore:setup.py install is deprecated -W ignore:easy_install command is deprecated setup.py egg_info --egg-base ../../build/mecanum_control build --build-base /home/pi/robot_ws/build/mecanum_control/build install --record /home/pi/robot_ws/build/mecanum_control/install.log --single-version-externally-managed install_data
[10.529s] running egg_info
[10.533s] writing ../../build/mecanum_control/mecanum_control.egg-info/PKG-INFO
[10.535s] writing dependency_links to ../../build/mecanum_control/mecanum_control.egg-info/dependency_links.txt
[10.536s] writing entry points to ../../build/mecanum_control/mecanum_control.egg-info/entry_points.txt
[10.550s] writing requirements to ../../build/mecanum_control/mecanum_control.egg-info/requires.txt
[10.552s] writing top-level names to ../../build/mecanum_control/mecanum_control.egg-info/top_level.txt
[10.552s] reading manifest file '../../build/mecanum_control/mecanum_control.egg-info/SOURCES.txt'
[10.557s] writing manifest file '../../build/mecanum_control/mecanum_control.egg-info/SOURCES.txt'
[10.562s] running build
[10.563s] running build_py
[10.569s] copying mecanum_control/esp32_serial_bridge.py -> /home/pi/robot_ws/build/mecanum_control/build/lib/mecanum_control
[10.570s] running install
[10.571s] running install_lib
[10.572s] copying /home/pi/robot_ws/build/mecanum_control/build/lib/mecanum_control/esp32_serial_bridge.py -> /home/pi/robot_ws/install/mecanum_control/lib/python3.10/site-packages/mecanum_control
[10.579s] byte-compiling /home/pi/robot_ws/install/mecanum_control/lib/python3.10/site-packages/mecanum_control/esp32_serial_bridge.py to esp32_serial_bridge.cpython-310.pyc
[10.582s] running install_data
[10.583s] running install_egg_info
[10.600s] removing '/home/pi/robot_ws/install/mecanum_control/lib/python3.10/site-packages/mecanum_control-0.0.0-py3.10.egg-info' (and everything under it)
[10.603s] Copying ../../build/mecanum_control/mecanum_control.egg-info to /home/pi/robot_ws/install/mecanum_control/lib/python3.10/site-packages/mecanum_control-0.0.0-py3.10.egg-info
[10.613s] running install_scripts
[10.751s] Installing esp32_serial_bridge script to /home/pi/robot_ws/install/mecanum_control/lib/mecanum_control
[10.753s] Installing joy_to_cmd_vel script to /home/pi/robot_ws/install/mecanum_control/lib/mecanum_control
[10.757s] writing list of installed files to '/home/pi/robot_ws/build/mecanum_control/install.log'
[11.002s] Invoked command in '/home/pi/robot_ws/src/mecanum_control' returned '0': PYTHONPATH=/home/pi/robot_ws/build/mecanum_control/prefix_override:/usr/lib/python3/dist-packages/colcon_core/task/python/colcon_distutils_commands:/home/pi/robot_ws/install/mecanum_control/lib/python3.10/site-packages:${PYTHONPATH} /usr/bin/python3 -W ignore:setup.py install is deprecated -W ignore:easy_install command is deprecated setup.py egg_info --egg-base ../../build/mecanum_control build --build-base /home/pi/robot_ws/build/mecanum_control/build install --record /home/pi/robot_ws/build/mecanum_control/install.log --single-version-externally-managed install_data
