running egg_info
creating ../../build/mecanum_kinematics/mecanum_kinematics.egg-info
writing ../../build/mecanum_kinematics/mecanum_kinematics.egg-info/PKG-INFO
writing dependency_links to ../../build/mecanum_kinematics/mecanum_kinematics.egg-info/dependency_links.txt
writing entry points to ../../build/mecanum_kinematics/mecanum_kinematics.egg-info/entry_points.txt
writing requirements to ../../build/mecanum_kinematics/mecanum_kinematics.egg-info/requires.txt
writing top-level names to ../../build/mecanum_kinematics/mecanum_kinematics.egg-info/top_level.txt
writing manifest file '../../build/mecanum_kinematics/mecanum_kinematics.egg-info/SOURCES.txt'
reading manifest file '../../build/mecanum_kinematics/mecanum_kinematics.egg-info/SOURCES.txt'
writing manifest file '../../build/mecanum_kinematics/mecanum_kinematics.egg-info/SOURCES.txt'
running build
running build_py
creating /home/pi/robot_ws/build/mecanum_kinematics/build
creating /home/pi/robot_ws/build/mecanum_kinematics/build/lib
creating /home/pi/robot_ws/build/mecanum_kinematics/build/lib/mecanum_kinematics
copying mecanum_kinematics/__init__.py -> /home/pi/robot_ws/build/mecanum_kinematics/build/lib/mecanum_kinematics
running install
running install_lib
creating /home/pi/robot_ws/install/mecanum_kinematics/lib/python3.10/site-packages/mecanum_kinematics
copying /home/pi/robot_ws/build/mecanum_kinematics/build/lib/mecanum_kinematics/__init__.py -> /home/pi/robot_ws/install/mecanum_kinematics/lib/python3.10/site-packages/mecanum_kinematics
byte-compiling /home/pi/robot_ws/install/mecanum_kinematics/lib/python3.10/site-packages/mecanum_kinematics/__init__.py to __init__.cpython-310.pyc
running install_data
creating /home/pi/robot_ws/install/mecanum_kinematics/share/ament_index
creating /home/pi/robot_ws/install/mecanum_kinematics/share/ament_index/resource_index
creating /home/pi/robot_ws/install/mecanum_kinematics/share/ament_index/resource_index/packages
copying resource/mecanum_kinematics -> /home/pi/robot_ws/install/mecanum_kinematics/share/ament_index/resource_index/packages
copying package.xml -> /home/pi/robot_ws/install/mecanum_kinematics/share/mecanum_kinematics
running install_egg_info
Copying ../../build/mecanum_kinematics/mecanum_kinematics.egg-info to /home/pi/robot_ws/install/mecanum_kinematics/lib/python3.10/site-packages/mecanum_kinematics-0.0.0-py3.10.egg-info
running install_scripts
writing list of installed files to '/home/pi/robot_ws/build/mecanum_kinematics/install.log'
