[5.621s] Invoking command in '/home/pi/robot_ws/src/mecanum_kinematics': PYTHONPATH=/home/pi/robot_ws/build/mecanum_kinematics/prefix_override:/usr/lib/python3/dist-packages/colcon_core/task/python/colcon_distutils_commands:/home/pi/robot_ws/install/mecanum_kinematics/lib/python3.10/site-packages:${PYTHONPATH} /usr/bin/python3 -W ignore:setup.py install is deprecated -W ignore:easy_install command is deprecated setup.py egg_info --egg-base ../../build/mecanum_kinematics build --build-base /home/pi/robot_ws/build/mecanum_kinematics/build install --record /home/pi/robot_ws/build/mecanum_kinematics/install.log --single-version-externally-managed install_data
[9.135s] running egg_info
[9.140s] creating ../../build/mecanum_kinematics/mecanum_kinematics.egg-info
[9.141s] writing ../../build/mecanum_kinematics/mecanum_kinematics.egg-info/PKG-INFO
[9.144s] writing dependency_links to ../../build/mecanum_kinematics/mecanum_kinematics.egg-info/dependency_links.txt
[9.151s] writing entry points to ../../build/mecanum_kinematics/mecanum_kinematics.egg-info/entry_points.txt
[9.156s] writing requirements to ../../build/mecanum_kinematics/mecanum_kinematics.egg-info/requires.txt
[9.161s] writing top-level names to ../../build/mecanum_kinematics/mecanum_kinematics.egg-info/top_level.txt
[9.166s] writing manifest file '../../build/mecanum_kinematics/mecanum_kinematics.egg-info/SOURCES.txt'
[9.202s] reading manifest file '../../build/mecanum_kinematics/mecanum_kinematics.egg-info/SOURCES.txt'
[9.221s] writing manifest file '../../build/mecanum_kinematics/mecanum_kinematics.egg-info/SOURCES.txt'
[9.228s] running build
[9.228s] running build_py
[9.233s] creating /home/pi/robot_ws/build/mecanum_kinematics/build
[9.234s] creating /home/pi/robot_ws/build/mecanum_kinematics/build/lib
[9.234s] creating /home/pi/robot_ws/build/mecanum_kinematics/build/lib/mecanum_kinematics
[9.238s] copying mecanum_kinematics/__init__.py -> /home/pi/robot_ws/build/mecanum_kinematics/build/lib/mecanum_kinematics
[9.244s] running install
[9.250s] running install_lib
[9.270s] creating /home/pi/robot_ws/install/mecanum_kinematics/lib/python3.10/site-packages/mecanum_kinematics
[9.277s] copying /home/pi/robot_ws/build/mecanum_kinematics/build/lib/mecanum_kinematics/__init__.py -> /home/pi/robot_ws/install/mecanum_kinematics/lib/python3.10/site-packages/mecanum_kinematics
[9.294s] byte-compiling /home/pi/robot_ws/install/mecanum_kinematics/lib/python3.10/site-packages/mecanum_kinematics/__init__.py to __init__.cpython-310.pyc
[9.308s] running install_data
[9.420s] creating /home/pi/robot_ws/install/mecanum_kinematics/share/ament_index
[9.421s] creating /home/pi/robot_ws/install/mecanum_kinematics/share/ament_index/resource_index
[9.422s] creating /home/pi/robot_ws/install/mecanum_kinematics/share/ament_index/resource_index/packages
[9.423s] copying resource/mecanum_kinematics -> /home/pi/robot_ws/install/mecanum_kinematics/share/ament_index/resource_index/packages
[9.429s] copying package.xml -> /home/pi/robot_ws/install/mecanum_kinematics/share/mecanum_kinematics
[9.430s] running install_egg_info
[9.479s] Copying ../../build/mecanum_kinematics/mecanum_kinematics.egg-info to /home/pi/robot_ws/install/mecanum_kinematics/lib/python3.10/site-packages/mecanum_kinematics-0.0.0-py3.10.egg-info
[9.560s] running install_scripts
[9.798s] writing list of installed files to '/home/pi/robot_ws/build/mecanum_kinematics/install.log'
[10.181s] Invoked command in '/home/pi/robot_ws/src/mecanum_kinematics' returned '0': PYTHONPATH=/home/pi/robot_ws/build/mecanum_kinematics/prefix_override:/usr/lib/python3/dist-packages/colcon_core/task/python/colcon_distutils_commands:/home/pi/robot_ws/install/mecanum_kinematics/lib/python3.10/site-packages:${PYTHONPATH} /usr/bin/python3 -W ignore:setup.py install is deprecated -W ignore:easy_install command is deprecated setup.py egg_info --egg-base ../../build/mecanum_kinematics build --build-base /home/pi/robot_ws/build/mecanum_kinematics/build install --record /home/pi/robot_ws/build/mecanum_kinematics/install.log --single-version-externally-managed install_data
