[17.957s] Invoking command in '/home/pi/robot_ws/src/mecanum_control': PYTHONPATH=/home/pi/robot_ws/build/mecanum_control/prefix_override:/usr/lib/python3/dist-packages/colcon_core/task/python/colcon_distutils_commands:/home/pi/robot_ws/install/mecanum_control/lib/python3.10/site-packages:${PYTHONPATH} /usr/bin/python3 -W ignore:setup.py install is deprecated -W ignore:easy_install command is deprecated setup.py egg_info --egg-base ../../build/mecanum_control build --build-base /home/pi/robot_ws/build/mecanum_control/build install --record /home/pi/robot_ws/build/mecanum_control/install.log --single-version-externally-managed install_data
[23.581s] running egg_info
[23.598s] writing ../../build/mecanum_control/mecanum_control.egg-info/PKG-INFO
[23.604s] writing dependency_links to ../../build/mecanum_control/mecanum_control.egg-info/dependency_links.txt
[23.612s] writing entry points to ../../build/mecanum_control/mecanum_control.egg-info/entry_points.txt
[23.619s] writing requirements to ../../build/mecanum_control/mecanum_control.egg-info/requires.txt
[23.628s] writing top-level names to ../../build/mecanum_control/mecanum_control.egg-info/top_level.txt
[23.679s] reading manifest file '../../build/mecanum_control/mecanum_control.egg-info/SOURCES.txt'
[23.711s] writing manifest file '../../build/mecanum_control/mecanum_control.egg-info/SOURCES.txt'
[23.712s] running build
[23.722s] running build_py
[23.727s] running install
[23.729s] running install_lib
[23.765s] running install_data
[23.775s] running install_egg_info
[23.844s] removing '/home/pi/robot_ws/install/mecanum_control/lib/python3.10/site-packages/mecanum_control-0.0.0-py3.10.egg-info' (and everything under it)
[23.874s] Copying ../../build/mecanum_control/mecanum_control.egg-info to /home/pi/robot_ws/install/mecanum_control/lib/python3.10/site-packages/mecanum_control-0.0.0-py3.10.egg-info
[23.918s] running install_scripts
[24.331s] Installing esp32_serial_bridge script to /home/pi/robot_ws/install/mecanum_control/lib/mecanum_control
[24.343s] Installing joy_to_cmd_vel script to /home/pi/robot_ws/install/mecanum_control/lib/mecanum_control
[24.361s] writing list of installed files to '/home/pi/robot_ws/build/mecanum_control/install.log'
[25.146s] Invoked command in '/home/pi/robot_ws/src/mecanum_control' returned '0': PYTHONPATH=/home/pi/robot_ws/build/mecanum_control/prefix_override:/usr/lib/python3/dist-packages/colcon_core/task/python/colcon_distutils_commands:/home/pi/robot_ws/install/mecanum_control/lib/python3.10/site-packages:${PYTHONPATH} /usr/bin/python3 -W ignore:setup.py install is deprecated -W ignore:easy_install command is deprecated setup.py egg_info --egg-base ../../build/mecanum_control build --build-base /home/pi/robot_ws/build/mecanum_control/build install --record /home/pi/robot_ws/build/mecanum_control/install.log --single-version-externally-managed install_data
