[6.354s] Invoking command in '/home/pi/robot_ws/build/scan_qos_bridge': CMAKE_PREFIX_PATH=/opt/ros/humble /usr/bin/cmake --build /home/pi/robot_ws/build/scan_qos_bridge -- -j4 -l4
[8.460s] [100%] Built target scan_relay
[8.598s] Invoked command in '/home/pi/robot_ws/build/scan_qos_bridge' returned '0': CMAKE_PREFIX_PATH=/opt/ros/humble /usr/bin/cmake --build /home/pi/robot_ws/build/scan_qos_bridge -- -j4 -l4
[8.716s] Invoking command in '/home/pi/robot_ws/build/scan_qos_bridge': CMAKE_PREFIX_PATH=/opt/ros/humble /usr/bin/cmake --install /home/pi/robot_ws/build/scan_qos_bridge
[8.789s] -- Install configuration: ""
[8.824s] -- Up-to-date: /home/pi/robot_ws/install/scan_qos_bridge/lib/scan_qos_bridge/scan_relay
[8.841s] -- Up-to-date: /home/pi/robot_ws/install/scan_qos_bridge/share/scan_qos_bridge/launch
[8.843s] -- Up-to-date: /home/pi/robot_ws/install/scan_qos_bridge/share/scan_qos_bridge/launch/scan_relay.launch.py
[8.845s] -- Up-to-date: /home/pi/robot_ws/install/scan_qos_bridge/share/ament_index/resource_index/package_run_dependencies/scan_qos_bridge
[8.858s] -- Up-to-date: /home/pi/robot_ws/install/scan_qos_bridge/share/ament_index/resource_index/parent_prefix_path/scan_qos_bridge
[8.860s] -- Up-to-date: /home/pi/robot_ws/install/scan_qos_bridge/share/scan_qos_bridge/environment/ament_prefix_path.sh
[8.862s] -- Up-to-date: /home/pi/robot_ws/install/scan_qos_bridge/share/scan_qos_bridge/environment/ament_prefix_path.dsv
[8.877s] -- Up-to-date: /home/pi/robot_ws/install/scan_qos_bridge/share/scan_qos_bridge/environment/path.sh
[8.886s] -- Up-to-date: /home/pi/robot_ws/install/scan_qos_bridge/share/scan_qos_bridge/environment/path.dsv
[8.887s] -- Up-to-date: /home/pi/robot_ws/install/scan_qos_bridge/share/scan_qos_bridge/local_setup.bash
[8.887s] -- Up-to-date: /home/pi/robot_ws/install/scan_qos_bridge/share/scan_qos_bridge/local_setup.sh
[8.888s] -- Up-to-date: /home/pi/robot_ws/install/scan_qos_bridge/share/scan_qos_bridge/local_setup.zsh
[8.925s] -- Up-to-date: /home/pi/robot_ws/install/scan_qos_bridge/share/scan_qos_bridge/local_setup.dsv
[8.932s] -- Installing: /home/pi/robot_ws/install/scan_qos_bridge/share/scan_qos_bridge/package.dsv
[8.949s] -- Up-to-date: /home/pi/robot_ws/install/scan_qos_bridge/share/ament_index/resource_index/packages/scan_qos_bridge
[8.950s] -- Up-to-date: /home/pi/robot_ws/install/scan_qos_bridge/share/scan_qos_bridge/cmake/scan_qos_bridgeConfig.cmake
[8.951s] -- Up-to-date: /home/pi/robot_ws/install/scan_qos_bridge/share/scan_qos_bridge/cmake/scan_qos_bridgeConfig-version.cmake
[8.952s] -- Up-to-date: /home/pi/robot_ws/install/scan_qos_bridge/share/scan_qos_bridge/package.xml
[8.982s] Invoked command in '/home/pi/robot_ws/build/scan_qos_bridge' returned '0': CMAKE_PREFIX_PATH=/opt/ros/humble /usr/bin/cmake --install /home/pi/robot_ws/build/scan_qos_bridge
