[6.861s] Invoking command in '/home/pi/robot_ws/src/mecanum_robot': PYTHONPATH=/home/pi/robot_ws/build/mecanum_robot/prefix_override:/usr/lib/python3/dist-packages/colcon_core/task/python/colcon_distutils_commands:/home/pi/robot_ws/install/mecanum_robot/lib/python3.10/site-packages:${PYTHONPATH} /usr/bin/python3 -W ignore:setup.py install is deprecated -W ignore:easy_install command is deprecated setup.py egg_info --egg-base ../../build/mecanum_robot build --build-base /home/pi/robot_ws/build/mecanum_robot/build install --record /home/pi/robot_ws/build/mecanum_robot/install.log --single-version-externally-managed install_data
[9.567s] running egg_info
[9.572s] writing ../../build/mecanum_robot/mecanum_robot.egg-info/PKG-INFO
[9.573s] writing dependency_links to ../../build/mecanum_robot/mecanum_robot.egg-info/dependency_links.txt
[9.576s] writing entry points to ../../build/mecanum_robot/mecanum_robot.egg-info/entry_points.txt
[9.577s] writing requirements to ../../build/mecanum_robot/mecanum_robot.egg-info/requires.txt
[9.583s] writing top-level names to ../../build/mecanum_robot/mecanum_robot.egg-info/top_level.txt
[9.590s] reading manifest file '../../build/mecanum_robot/mecanum_robot.egg-info/SOURCES.txt'
[9.597s] writing manifest file '../../build/mecanum_robot/mecanum_robot.egg-info/SOURCES.txt'
[9.598s] running build
[9.599s] running build_py
[9.603s] running install
[9.604s] running install_lib
[9.612s] running install_data
[9.616s] running install_egg_info
[9.634s] removing '/home/pi/robot_ws/install/mecanum_robot/lib/python3.10/site-packages/mecanum_robot-0.0.0-py3.10.egg-info' (and everything under it)
[9.636s] Copying ../../build/mecanum_robot/mecanum_robot.egg-info to /home/pi/robot_ws/install/mecanum_robot/lib/python3.10/site-packages/mecanum_robot-0.0.0-py3.10.egg-info
[9.647s] running install_scripts
[9.775s] Installing static_odom script to /home/pi/robot_ws/install/mecanum_robot/lib/mecanum_robot
[9.778s] writing list of installed files to '/home/pi/robot_ws/build/mecanum_robot/install.log'
[9.968s] Invoked command in '/home/pi/robot_ws/src/mecanum_robot' returned '0': PYTHONPATH=/home/pi/robot_ws/build/mecanum_robot/prefix_override:/usr/lib/python3/dist-packages/colcon_core/task/python/colcon_distutils_commands:/home/pi/robot_ws/install/mecanum_robot/lib/python3.10/site-packages:${PYTHONPATH} /usr/bin/python3 -W ignore:setup.py install is deprecated -W ignore:easy_install command is deprecated setup.py egg_info --egg-base ../../build/mecanum_robot build --build-base /home/pi/robot_ws/build/mecanum_robot/build install --record /home/pi/robot_ws/build/mecanum_robot/install.log --single-version-externally-managed install_data
