[0.760s] DEBUG:colcon:Command line arguments: ['/usr/bin/colcon', 'build']
[0.761s] DEBUG:colcon:Parsed command line arguments: Namespace(log_base=None, log_level=None, verb_name='build', build_base='build', install_base='install', merge_install=False, symlink_install=False, test_result_base=None, continue_on_error=False, executor='parallel', parallel_workers=4, event_handlers=None, ignore_user_meta=False, metas=['./colcon.meta'], base_paths=['.'], packages_ignore=None, packages_ignore_regex=None, paths=None, packages_up_to=None, packages_up_to_regex=None, packages_above=None, packages_above_and_dependencies=None, packages_above_depth=None, packages_select_by_dep=None, packages_skip_by_dep=None, packages_skip_up_to=None, packages_select_build_failed=False, packages_skip_build_finished=False, packages_select_test_failures=False, packages_skip_test_passed=False, packages_select=None, packages_skip=None, packages_select_regex=None, packages_skip_regex=None, packages_start=None, packages_end=None, allow_overriding=[], cmake_args=None, cmake_target=None, cmake_target_skip_unavailable=False, cmake_clean_cache=False, cmake_clean_first=False, cmake_force_configure=False, ament_cmake_args=None, catkin_cmake_args=None, catkin_skip_building_tests=False, verb_parser=<colcon_defaults.argument_parser.defaults.DefaultArgumentsDecorator object at 0xffff8b5bc670>, verb_extension=<colcon_core.verb.build.BuildVerb object at 0xffff8b759ae0>, main=<bound method BuildVerb.main of <colcon_core.verb.build.BuildVerb object at 0xffff8b759ae0>>)
[2.157s] Level 1:colcon.colcon_core.package_discovery:discover_packages(colcon_meta) check parameters
[2.158s] Level 1:colcon.colcon_core.package_discovery:discover_packages(recursive) check parameters
[2.158s] Level 1:colcon.colcon_core.package_discovery:discover_packages(ignore) check parameters
[2.158s] Level 1:colcon.colcon_core.package_discovery:discover_packages(path) check parameters
[2.159s] Level 1:colcon.colcon_core.package_discovery:discover_packages(colcon_meta) discover
[2.159s] Level 1:colcon.colcon_core.package_discovery:discover_packages(recursive) discover
[2.159s] INFO:colcon.colcon_core.package_discovery:Crawling recursively for packages in '/home/pi/robot_ws'
[2.159s] Level 1:colcon.colcon_core.package_identification:_identify(.) by extensions ['ignore', 'ignore_ament_install']
[2.160s] Level 1:colcon.colcon_core.package_identification:_identify(.) by extension 'ignore'
[2.160s] Level 1:colcon.colcon_core.package_identification:_identify(.) by extension 'ignore_ament_install'
[2.160s] Level 1:colcon.colcon_core.package_identification:_identify(.) by extensions ['colcon_pkg']
[2.161s] Level 1:colcon.colcon_core.package_identification:_identify(.) by extension 'colcon_pkg'
[2.161s] Level 1:colcon.colcon_core.package_identification:_identify(.) by extensions ['colcon_meta']
[2.161s] Level 1:colcon.colcon_core.package_identification:_identify(.) by extension 'colcon_meta'
[2.161s] Level 1:colcon.colcon_core.package_identification:_identify(.) by extensions ['ros']
[2.161s] Level 1:colcon.colcon_core.package_identification:_identify(.) by extension 'ros'
[2.208s] Level 1:colcon.colcon_core.package_identification:_identify(.) by extensions ['cmake', 'python']
[2.208s] Level 1:colcon.colcon_core.package_identification:_identify(.) by extension 'cmake'
[2.209s] Level 1:colcon.colcon_core.package_identification:_identify(.) by extension 'python'
[2.209s] Level 1:colcon.colcon_core.package_identification:_identify(.) by extensions ['python_setup_py']
[2.209s] Level 1:colcon.colcon_core.package_identification:_identify(.) by extension 'python_setup_py'
[2.210s] Level 1:colcon.colcon_core.package_identification:_identify(build) by extensions ['ignore', 'ignore_ament_install']
[2.211s] Level 1:colcon.colcon_core.package_identification:_identify(build) by extension 'ignore'
[2.211s] Level 1:colcon.colcon_core.package_identification:_identify(build) ignored
[2.212s] Level 1:colcon.colcon_core.package_identification:_identify(install) by extensions ['ignore', 'ignore_ament_install']
[2.212s] Level 1:colcon.colcon_core.package_identification:_identify(install) by extension 'ignore'
[2.212s] Level 1:colcon.colcon_core.package_identification:_identify(install) ignored
[2.214s] Level 1:colcon.colcon_core.package_identification:_identify(log) by extensions ['ignore', 'ignore_ament_install']
[2.215s] Level 1:colcon.colcon_core.package_identification:_identify(log) by extension 'ignore'
[2.215s] Level 1:colcon.colcon_core.package_identification:_identify(log) ignored
[2.215s] Level 1:colcon.colcon_core.package_identification:_identify(src) by extensions ['ignore', 'ignore_ament_install']
[2.216s] Level 1:colcon.colcon_core.package_identification:_identify(src) by extension 'ignore'
[2.216s] Level 1:colcon.colcon_core.package_identification:_identify(src) by extension 'ignore_ament_install'
[2.216s] Level 1:colcon.colcon_core.package_identification:_identify(src) by extensions ['colcon_pkg']
[2.216s] Level 1:colcon.colcon_core.package_identification:_identify(src) by extension 'colcon_pkg'
[2.216s] Level 1:colcon.colcon_core.package_identification:_identify(src) by extensions ['colcon_meta']
[2.216s] Level 1:colcon.colcon_core.package_identification:_identify(src) by extension 'colcon_meta'
[2.217s] Level 1:colcon.colcon_core.package_identification:_identify(src) by extensions ['ros']
[2.217s] Level 1:colcon.colcon_core.package_identification:_identify(src) by extension 'ros'
[2.217s] Level 1:colcon.colcon_core.package_identification:_identify(src) by extensions ['cmake', 'python']
[2.217s] Level 1:colcon.colcon_core.package_identification:_identify(src) by extension 'cmake'
[2.217s] Level 1:colcon.colcon_core.package_identification:_identify(src) by extension 'python'
[2.218s] Level 1:colcon.colcon_core.package_identification:_identify(src) by extensions ['python_setup_py']
[2.218s] Level 1:colcon.colcon_core.package_identification:_identify(src) by extension 'python_setup_py'
[2.218s] Level 1:colcon.colcon_core.package_identification:_identify(src/mecanum_control) by extensions ['ignore', 'ignore_ament_install']
[2.219s] Level 1:colcon.colcon_core.package_identification:_identify(src/mecanum_control) by extension 'ignore'
[2.219s] Level 1:colcon.colcon_core.package_identification:_identify(src/mecanum_control) by extension 'ignore_ament_install'
[2.219s] Level 1:colcon.colcon_core.package_identification:_identify(src/mecanum_control) by extensions ['colcon_pkg']
[2.219s] Level 1:colcon.colcon_core.package_identification:_identify(src/mecanum_control) by extension 'colcon_pkg'
[2.219s] Level 1:colcon.colcon_core.package_identification:_identify(src/mecanum_control) by extensions ['colcon_meta']
[2.220s] Level 1:colcon.colcon_core.package_identification:_identify(src/mecanum_control) by extension 'colcon_meta'
[2.220s] Level 1:colcon.colcon_core.package_identification:_identify(src/mecanum_control) by extensions ['ros']
[2.220s] Level 1:colcon.colcon_core.package_identification:_identify(src/mecanum_control) by extension 'ros'
[2.229s] DEBUG:colcon.colcon_core.package_identification:Package 'src/mecanum_control' with type 'ros.ament_python' and name 'mecanum_control'
[2.230s] Level 1:colcon.colcon_core.package_identification:_identify(src/mecanum_kinematics) by extensions ['ignore', 'ignore_ament_install']
[2.230s] Level 1:colcon.colcon_core.package_identification:_identify(src/mecanum_kinematics) by extension 'ignore'
[2.230s] Level 1:colcon.colcon_core.package_identification:_identify(src/mecanum_kinematics) by extension 'ignore_ament_install'
[2.231s] Level 1:colcon.colcon_core.package_identification:_identify(src/mecanum_kinematics) by extensions ['colcon_pkg']
[2.231s] Level 1:colcon.colcon_core.package_identification:_identify(src/mecanum_kinematics) by extension 'colcon_pkg'
[2.231s] Level 1:colcon.colcon_core.package_identification:_identify(src/mecanum_kinematics) by extensions ['colcon_meta']
[2.231s] Level 1:colcon.colcon_core.package_identification:_identify(src/mecanum_kinematics) by extension 'colcon_meta'
[2.231s] Level 1:colcon.colcon_core.package_identification:_identify(src/mecanum_kinematics) by extensions ['ros']
[2.232s] Level 1:colcon.colcon_core.package_identification:_identify(src/mecanum_kinematics) by extension 'ros'
[2.235s] DEBUG:colcon.colcon_core.package_identification:Package 'src/mecanum_kinematics' with type 'ros.ament_python' and name 'mecanum_kinematics'
[2.236s] Level 1:colcon.colcon_core.package_identification:_identify(src/mecanum_robot) by extensions ['ignore', 'ignore_ament_install']
[2.236s] Level 1:colcon.colcon_core.package_identification:_identify(src/mecanum_robot) by extension 'ignore'
[2.236s] Level 1:colcon.colcon_core.package_identification:_identify(src/mecanum_robot) by extension 'ignore_ament_install'
[2.237s] Level 1:colcon.colcon_core.package_identification:_identify(src/mecanum_robot) by extensions ['colcon_pkg']
[2.237s] Level 1:colcon.colcon_core.package_identification:_identify(src/mecanum_robot) by extension 'colcon_pkg'
[2.237s] Level 1:colcon.colcon_core.package_identification:_identify(src/mecanum_robot) by extensions ['colcon_meta']
[2.237s] Level 1:colcon.colcon_core.package_identification:_identify(src/mecanum_robot) by extension 'colcon_meta'
[2.237s] Level 1:colcon.colcon_core.package_identification:_identify(src/mecanum_robot) by extensions ['ros']
[2.237s] Level 1:colcon.colcon_core.package_identification:_identify(src/mecanum_robot) by extension 'ros'
[2.242s] DEBUG:colcon.colcon_core.package_identification:Package 'src/mecanum_robot' with type 'ros.ament_python' and name 'mecanum_robot'
[2.242s] Level 1:colcon.colcon_core.package_identification:_identify(src/scan_qos_bridge) by extensions ['ignore', 'ignore_ament_install']
[2.243s] Level 1:colcon.colcon_core.package_identification:_identify(src/scan_qos_bridge) by extension 'ignore'
[2.243s] Level 1:colcon.colcon_core.package_identification:_identify(src/scan_qos_bridge) by extension 'ignore_ament_install'
[2.243s] Level 1:colcon.colcon_core.package_identification:_identify(src/scan_qos_bridge) by extensions ['colcon_pkg']
[2.244s] Level 1:colcon.colcon_core.package_identification:_identify(src/scan_qos_bridge) by extension 'colcon_pkg'
[2.244s] Level 1:colcon.colcon_core.package_identification:_identify(src/scan_qos_bridge) by extensions ['colcon_meta']
[2.244s] Level 1:colcon.colcon_core.package_identification:_identify(src/scan_qos_bridge) by extension 'colcon_meta'
[2.244s] Level 1:colcon.colcon_core.package_identification:_identify(src/scan_qos_bridge) by extensions ['ros']
[2.244s] Level 1:colcon.colcon_core.package_identification:_identify(src/scan_qos_bridge) by extension 'ros'
[2.247s] DEBUG:colcon.colcon_core.package_identification:Package 'src/scan_qos_bridge' with type 'ros.ament_cmake' and name 'scan_qos_bridge'
[2.248s] Level 1:colcon.colcon_core.package_identification:_identify(src/ydlidar_ros2_driver) by extensions ['ignore', 'ignore_ament_install']
[2.248s] Level 1:colcon.colcon_core.package_identification:_identify(src/ydlidar_ros2_driver) by extension 'ignore'
[2.248s] Level 1:colcon.colcon_core.package_identification:_identify(src/ydlidar_ros2_driver) by extension 'ignore_ament_install'
[2.248s] Level 1:colcon.colcon_core.package_identification:_identify(src/ydlidar_ros2_driver) by extensions ['colcon_pkg']
[2.249s] Level 1:colcon.colcon_core.package_identification:_identify(src/ydlidar_ros2_driver) by extension 'colcon_pkg'
[2.249s] Level 1:colcon.colcon_core.package_identification:_identify(src/ydlidar_ros2_driver) by extensions ['colcon_meta']
[2.249s] Level 1:colcon.colcon_core.package_identification:_identify(src/ydlidar_ros2_driver) by extension 'colcon_meta'
[2.249s] Level 1:colcon.colcon_core.package_identification:_identify(src/ydlidar_ros2_driver) by extensions ['ros']
[2.249s] Level 1:colcon.colcon_core.package_identification:_identify(src/ydlidar_ros2_driver) by extension 'ros'
[2.252s] DEBUG:colcon.colcon_core.package_identification:Package 'src/ydlidar_ros2_driver' with type 'ros.ament_cmake' and name 'ydlidar_ros2_driver'
[2.252s] Level 1:colcon.colcon_core.package_discovery:discover_packages(recursive) using defaults
[2.252s] Level 1:colcon.colcon_core.package_discovery:discover_packages(ignore) discover
[2.253s] Level 1:colcon.colcon_core.package_discovery:discover_packages(ignore) using defaults
[2.253s] Level 1:colcon.colcon_core.package_discovery:discover_packages(path) discover
[2.253s] Level 1:colcon.colcon_core.package_discovery:discover_packages(path) using defaults
[2.337s] Level 1:colcon.colcon_core.package_discovery:discover_packages(prefix_path) check parameters
[2.337s] Level 1:colcon.colcon_core.package_discovery:discover_packages(prefix_path) discover
[2.347s] DEBUG:colcon.colcon_installed_package_information.package_discovery:Found 5 installed packages in /home/pi/robot_ws/install
[2.357s] DEBUG:colcon.colcon_installed_package_information.package_discovery:Found 321 installed packages in /opt/ros/humble
[2.401s] Level 1:colcon.colcon_core.package_discovery:discover_packages(prefix_path) using defaults
[2.591s] Level 5:colcon.colcon_core.verb:set package 'mecanum_control' build argument 'cmake_args' from command line to 'None'
[2.591s] Level 5:colcon.colcon_core.verb:set package 'mecanum_control' build argument 'cmake_target' from command line to 'None'
[2.591s] Level 5:colcon.colcon_core.verb:set package 'mecanum_control' build argument 'cmake_target_skip_unavailable' from command line to 'False'
[2.591s] Level 5:colcon.colcon_core.verb:set package 'mecanum_control' build argument 'cmake_clean_cache' from command line to 'False'
[2.591s] Level 5:colcon.colcon_core.verb:set package 'mecanum_control' build argument 'cmake_clean_first' from command line to 'False'
[2.591s] Level 5:colcon.colcon_core.verb:set package 'mecanum_control' build argument 'cmake_force_configure' from command line to 'False'
[2.592s] Level 5:colcon.colcon_core.verb:set package 'mecanum_control' build argument 'ament_cmake_args' from command line to 'None'
[2.592s] Level 5:colcon.colcon_core.verb:set package 'mecanum_control' build argument 'catkin_cmake_args' from command line to 'None'
[2.592s] Level 5:colcon.colcon_core.verb:set package 'mecanum_control' build argument 'catkin_skip_building_tests' from command line to 'False'
[2.592s] DEBUG:colcon.colcon_core.verb:Building package 'mecanum_control' with the following arguments: {'ament_cmake_args': None, 'build_base': '/home/pi/robot_ws/build/mecanum_control', 'catkin_cmake_args': None, 'catkin_skip_building_tests': False, 'cmake_args': None, 'cmake_clean_cache': False, 'cmake_clean_first': False, 'cmake_force_configure': False, 'cmake_target': None, 'cmake_target_skip_unavailable': False, 'install_base': '/home/pi/robot_ws/install/mecanum_control', 'merge_install': False, 'path': '/home/pi/robot_ws/src/mecanum_control', 'symlink_install': False, 'test_result_base': None}
[2.593s] Level 5:colcon.colcon_core.verb:set package 'mecanum_kinematics' build argument 'cmake_args' from command line to 'None'
[2.594s] Level 5:colcon.colcon_core.verb:set package 'mecanum_kinematics' build argument 'cmake_target' from command line to 'None'
[2.594s] Level 5:colcon.colcon_core.verb:set package 'mecanum_kinematics' build argument 'cmake_target_skip_unavailable' from command line to 'False'
[2.594s] Level 5:colcon.colcon_core.verb:set package 'mecanum_kinematics' build argument 'cmake_clean_cache' from command line to 'False'
[2.594s] Level 5:colcon.colcon_core.verb:set package 'mecanum_kinematics' build argument 'cmake_clean_first' from command line to 'False'
[2.594s] Level 5:colcon.colcon_core.verb:set package 'mecanum_kinematics' build argument 'cmake_force_configure' from command line to 'False'
[2.594s] Level 5:colcon.colcon_core.verb:set package 'mecanum_kinematics' build argument 'ament_cmake_args' from command line to 'None'
[2.594s] Level 5:colcon.colcon_core.verb:set package 'mecanum_kinematics' build argument 'catkin_cmake_args' from command line to 'None'
[2.594s] Level 5:colcon.colcon_core.verb:set package 'mecanum_kinematics' build argument 'catkin_skip_building_tests' from command line to 'False'
[2.595s] DEBUG:colcon.colcon_core.verb:Building package 'mecanum_kinematics' with the following arguments: {'ament_cmake_args': None, 'build_base': '/home/pi/robot_ws/build/mecanum_kinematics', 'catkin_cmake_args': None, 'catkin_skip_building_tests': False, 'cmake_args': None, 'cmake_clean_cache': False, 'cmake_clean_first': False, 'cmake_force_configure': False, 'cmake_target': None, 'cmake_target_skip_unavailable': False, 'install_base': '/home/pi/robot_ws/install/mecanum_kinematics', 'merge_install': False, 'path': '/home/pi/robot_ws/src/mecanum_kinematics', 'symlink_install': False, 'test_result_base': None}
[2.596s] Level 5:colcon.colcon_core.verb:set package 'mecanum_robot' build argument 'cmake_args' from command line to 'None'
[2.596s] Level 5:colcon.colcon_core.verb:set package 'mecanum_robot' build argument 'cmake_target' from command line to 'None'
[2.596s] Level 5:colcon.colcon_core.verb:set package 'mecanum_robot' build argument 'cmake_target_skip_unavailable' from command line to 'False'
[2.596s] Level 5:colcon.colcon_core.verb:set package 'mecanum_robot' build argument 'cmake_clean_cache' from command line to 'False'
[2.597s] Level 5:colcon.colcon_core.verb:set package 'mecanum_robot' build argument 'cmake_clean_first' from command line to 'False'
[2.597s] Level 5:colcon.colcon_core.verb:set package 'mecanum_robot' build argument 'cmake_force_configure' from command line to 'False'
[2.597s] Level 5:colcon.colcon_core.verb:set package 'mecanum_robot' build argument 'ament_cmake_args' from command line to 'None'
[2.597s] Level 5:colcon.colcon_core.verb:set package 'mecanum_robot' build argument 'catkin_cmake_args' from command line to 'None'
[2.597s] Level 5:colcon.colcon_core.verb:set package 'mecanum_robot' build argument 'catkin_skip_building_tests' from command line to 'False'
[2.597s] DEBUG:colcon.colcon_core.verb:Building package 'mecanum_robot' with the following arguments: {'ament_cmake_args': None, 'build_base': '/home/pi/robot_ws/build/mecanum_robot', 'catkin_cmake_args': None, 'catkin_skip_building_tests': False, 'cmake_args': None, 'cmake_clean_cache': False, 'cmake_clean_first': False, 'cmake_force_configure': False, 'cmake_target': None, 'cmake_target_skip_unavailable': False, 'install_base': '/home/pi/robot_ws/install/mecanum_robot', 'merge_install': False, 'path': '/home/pi/robot_ws/src/mecanum_robot', 'symlink_install': False, 'test_result_base': None}
[2.598s] Level 5:colcon.colcon_core.verb:set package 'scan_qos_bridge' build argument 'cmake_args' from command line to 'None'
[2.599s] Level 5:colcon.colcon_core.verb:set package 'scan_qos_bridge' build argument 'cmake_target' from command line to 'None'
[2.599s] Level 5:colcon.colcon_core.verb:set package 'scan_qos_bridge' build argument 'cmake_target_skip_unavailable' from command line to 'False'
[2.599s] Level 5:colcon.colcon_core.verb:set package 'scan_qos_bridge' build argument 'cmake_clean_cache' from command line to 'False'
[2.599s] Level 5:colcon.colcon_core.verb:set package 'scan_qos_bridge' build argument 'cmake_clean_first' from command line to 'False'
[2.599s] Level 5:colcon.colcon_core.verb:set package 'scan_qos_bridge' build argument 'cmake_force_configure' from command line to 'False'
[2.599s] Level 5:colcon.colcon_core.verb:set package 'scan_qos_bridge' build argument 'ament_cmake_args' from command line to 'None'
[2.599s] Level 5:colcon.colcon_core.verb:set package 'scan_qos_bridge' build argument 'catkin_cmake_args' from command line to 'None'
[2.599s] Level 5:colcon.colcon_core.verb:set package 'scan_qos_bridge' build argument 'catkin_skip_building_tests' from command line to 'False'
[2.600s] DEBUG:colcon.colcon_core.verb:Building package 'scan_qos_bridge' with the following arguments: {'ament_cmake_args': None, 'build_base': '/home/pi/robot_ws/build/scan_qos_bridge', 'catkin_cmake_args': None, 'catkin_skip_building_tests': False, 'cmake_args': None, 'cmake_clean_cache': False, 'cmake_clean_first': False, 'cmake_force_configure': False, 'cmake_target': None, 'cmake_target_skip_unavailable': False, 'install_base': '/home/pi/robot_ws/install/scan_qos_bridge', 'merge_install': False, 'path': '/home/pi/robot_ws/src/scan_qos_bridge', 'symlink_install': False, 'test_result_base': None}
[2.601s] Level 5:colcon.colcon_core.verb:set package 'ydlidar_ros2_driver' build argument 'cmake_args' from command line to 'None'
[2.601s] Level 5:colcon.colcon_core.verb:set package 'ydlidar_ros2_driver' build argument 'cmake_target' from command line to 'None'
[2.601s] Level 5:colcon.colcon_core.verb:set package 'ydlidar_ros2_driver' build argument 'cmake_target_skip_unavailable' from command line to 'False'
[2.601s] Level 5:colcon.colcon_core.verb:set package 'ydlidar_ros2_driver' build argument 'cmake_clean_cache' from command line to 'False'
[2.602s] Level 5:colcon.colcon_core.verb:set package 'ydlidar_ros2_driver' build argument 'cmake_clean_first' from command line to 'False'
[2.602s] Level 5:colcon.colcon_core.verb:set package 'ydlidar_ros2_driver' build argument 'cmake_force_configure' from command line to 'False'
[2.602s] Level 5:colcon.colcon_core.verb:set package 'ydlidar_ros2_driver' build argument 'ament_cmake_args' from command line to 'None'
[2.602s] Level 5:colcon.colcon_core.verb:set package 'ydlidar_ros2_driver' build argument 'catkin_cmake_args' from command line to 'None'
[2.602s] Level 5:colcon.colcon_core.verb:set package 'ydlidar_ros2_driver' build argument 'catkin_skip_building_tests' from command line to 'False'
[2.602s] DEBUG:colcon.colcon_core.verb:Building package 'ydlidar_ros2_driver' with the following arguments: {'ament_cmake_args': None, 'build_base': '/home/pi/robot_ws/build/ydlidar_ros2_driver', 'catkin_cmake_args': None, 'catkin_skip_building_tests': False, 'cmake_args': None, 'cmake_clean_cache': False, 'cmake_clean_first': False, 'cmake_force_configure': False, 'cmake_target': None, 'cmake_target_skip_unavailable': False, 'install_base': '/home/pi/robot_ws/install/ydlidar_ros2_driver', 'merge_install': False, 'path': '/home/pi/robot_ws/src/ydlidar_ros2_driver', 'symlink_install': False, 'test_result_base': None}
[2.603s] INFO:colcon.colcon_core.executor:Executing jobs using 'parallel' executor
[2.606s] DEBUG:colcon.colcon_parallel_executor.executor.parallel:run_until_complete
[2.607s] INFO:colcon.colcon_ros.task.ament_python.build:Building ROS package in '/home/pi/robot_ws/src/mecanum_control' with build type 'ament_python'
[2.608s] Level 1:colcon.colcon_core.shell:create_environment_hook('mecanum_control', 'ament_prefix_path')
[2.618s] INFO:colcon.colcon_core.plugin_system:Skipping extension 'colcon_core.shell.bat': Not used on non-Windows systems
[2.619s] INFO:colcon.colcon_core.shell:Creating environment hook '/home/pi/robot_ws/install/mecanum_control/share/mecanum_control/hook/ament_prefix_path.ps1'
[2.622s] INFO:colcon.colcon_core.shell:Creating environment descriptor '/home/pi/robot_ws/install/mecanum_control/share/mecanum_control/hook/ament_prefix_path.dsv'
[2.625s] INFO:colcon.colcon_core.shell:Creating environment hook '/home/pi/robot_ws/install/mecanum_control/share/mecanum_control/hook/ament_prefix_path.sh'
[2.628s] INFO:colcon.colcon_core.shell:Skip shell extension 'powershell' for command environment: Not usable outside of PowerShell
[2.629s] DEBUG:colcon.colcon_core.shell:Skip shell extension 'dsv' for command environment
[2.650s] INFO:colcon.colcon_ros.task.ament_python.build:Building ROS package in '/home/pi/robot_ws/src/mecanum_kinematics' with build type 'ament_python'
[2.651s] Level 1:colcon.colcon_core.shell:create_environment_hook('mecanum_kinematics', 'ament_prefix_path')
[2.652s] INFO:colcon.colcon_core.shell:Creating environment hook '/home/pi/robot_ws/install/mecanum_kinematics/share/mecanum_kinematics/hook/ament_prefix_path.ps1'
[2.654s] INFO:colcon.colcon_core.shell:Creating environment descriptor '/home/pi/robot_ws/install/mecanum_kinematics/share/mecanum_kinematics/hook/ament_prefix_path.dsv'
[2.657s] INFO:colcon.colcon_core.shell:Creating environment hook '/home/pi/robot_ws/install/mecanum_kinematics/share/mecanum_kinematics/hook/ament_prefix_path.sh'
[2.662s] INFO:colcon.colcon_core.shell:Skip shell extension 'powershell' for command environment: Not usable outside of PowerShell
[2.662s] DEBUG:colcon.colcon_core.shell:Skip shell extension 'dsv' for command environment
[2.683s] INFO:colcon.colcon_ros.task.ament_python.build:Building ROS package in '/home/pi/robot_ws/src/mecanum_robot' with build type 'ament_python'
[2.683s] Level 1:colcon.colcon_core.shell:create_environment_hook('mecanum_robot', 'ament_prefix_path')
[2.685s] INFO:colcon.colcon_core.shell:Creating environment hook '/home/pi/robot_ws/install/mecanum_robot/share/mecanum_robot/hook/ament_prefix_path.ps1'
[2.687s] INFO:colcon.colcon_core.shell:Creating environment descriptor '/home/pi/robot_ws/install/mecanum_robot/share/mecanum_robot/hook/ament_prefix_path.dsv'
[2.690s] INFO:colcon.colcon_core.shell:Creating environment hook '/home/pi/robot_ws/install/mecanum_robot/share/mecanum_robot/hook/ament_prefix_path.sh'
[2.695s] INFO:colcon.colcon_core.shell:Skip shell extension 'powershell' for command environment: Not usable outside of PowerShell
[2.695s] DEBUG:colcon.colcon_core.shell:Skip shell extension 'dsv' for command environment
[2.717s] INFO:colcon.colcon_ros.task.ament_cmake.build:Building ROS package in '/home/pi/robot_ws/src/scan_qos_bridge' with build type 'ament_cmake'
[2.718s] INFO:colcon.colcon_cmake.task.cmake.build:Building CMake package in '/home/pi/robot_ws/src/scan_qos_bridge'
[2.719s] INFO:colcon.colcon_core.shell:Skip shell extension 'powershell' for command environment: Not usable outside of PowerShell
[2.720s] DEBUG:colcon.colcon_core.shell:Skip shell extension 'dsv' for command environment
[3.937s] INFO:colcon.colcon_core.task.python.build:Building Python package in '/home/pi/robot_ws/src/mecanum_control'
[3.938s] INFO:colcon.colcon_core.shell:Skip shell extension 'powershell' for command environment: Not usable outside of PowerShell
[3.939s] DEBUG:colcon.colcon_core.shell:Skip shell extension 'dsv' for command environment
[5.176s] INFO:colcon.colcon_core.task.python.build:Building Python package in '/home/pi/robot_ws/src/mecanum_kinematics'
[5.177s] INFO:colcon.colcon_core.shell:Skip shell extension 'powershell' for command environment: Not usable outside of PowerShell
[5.177s] DEBUG:colcon.colcon_core.shell:Skip shell extension 'dsv' for command environment
[6.421s] INFO:colcon.colcon_core.task.python.build:Building Python package in '/home/pi/robot_ws/src/mecanum_robot'
[6.423s] INFO:colcon.colcon_core.shell:Skip shell extension 'powershell' for command environment: Not usable outside of PowerShell
[6.423s] DEBUG:colcon.colcon_core.shell:Skip shell extension 'dsv' for command environment
[6.471s] DEBUG:colcon.colcon_core.event_handler.log_command:Invoking command in '/home/pi/robot_ws/build/scan_qos_bridge': CMAKE_PREFIX_PATH=${CMAKE_PREFIX_PATH}:/home/pi/robot_ws/install/mecanum_kinematics:/home/pi/robot_ws/install/mecanum_control:/opt/ros/humble /usr/bin/cmake --build /home/pi/robot_ws/build/scan_qos_bridge -- -j4 -l4
[6.901s] DEBUG:colcon.colcon_core.event_handler.log_command:Invoked command in '/home/pi/robot_ws/build/scan_qos_bridge' returned '0': CMAKE_PREFIX_PATH=${CMAKE_PREFIX_PATH}:/home/pi/robot_ws/install/mecanum_kinematics:/home/pi/robot_ws/install/mecanum_control:/opt/ros/humble /usr/bin/cmake --build /home/pi/robot_ws/build/scan_qos_bridge -- -j4 -l4
[6.954s] DEBUG:colcon.colcon_core.event_handler.log_command:Invoking command in '/home/pi/robot_ws/build/scan_qos_bridge': CMAKE_PREFIX_PATH=${CMAKE_PREFIX_PATH}:/home/pi/robot_ws/install/mecanum_kinematics:/home/pi/robot_ws/install/mecanum_control:/opt/ros/humble /usr/bin/cmake --install /home/pi/robot_ws/build/scan_qos_bridge
[7.021s] Level 1:colcon.colcon_core.environment:create_environment_scripts_only(scan_qos_bridge)
[7.036s] DEBUG:colcon.colcon_core.event_handler.log_command:Invoked command in '/home/pi/robot_ws/build/scan_qos_bridge' returned '0': CMAKE_PREFIX_PATH=${CMAKE_PREFIX_PATH}:/home/pi/robot_ws/install/mecanum_kinematics:/home/pi/robot_ws/install/mecanum_control:/opt/ros/humble /usr/bin/cmake --install /home/pi/robot_ws/build/scan_qos_bridge
[7.052s] Level 1:colcon.colcon_core.environment:checking '/home/pi/robot_ws/install/scan_qos_bridge' for CMake module files
[7.056s] Level 1:colcon.colcon_core.environment:checking '/home/pi/robot_ws/install/scan_qos_bridge' for CMake config files
[7.060s] Level 1:colcon.colcon_core.shell:create_environment_hook('scan_qos_bridge', 'cmake_prefix_path')
[7.061s] INFO:colcon.colcon_core.shell:Creating environment hook '/home/pi/robot_ws/install/scan_qos_bridge/share/scan_qos_bridge/hook/cmake_prefix_path.ps1'
[7.064s] INFO:colcon.colcon_core.shell:Creating environment descriptor '/home/pi/robot_ws/install/scan_qos_bridge/share/scan_qos_bridge/hook/cmake_prefix_path.dsv'
[7.067s] INFO:colcon.colcon_core.shell:Creating environment hook '/home/pi/robot_ws/install/scan_qos_bridge/share/scan_qos_bridge/hook/cmake_prefix_path.sh'
[7.072s] Level 1:colcon.colcon_core.environment:checking '/home/pi/robot_ws/install/scan_qos_bridge/lib'
[7.073s] Level 1:colcon.colcon_core.environment:checking '/home/pi/robot_ws/install/scan_qos_bridge/bin'
[7.074s] Level 1:colcon.colcon_core.environment:checking '/home/pi/robot_ws/install/scan_qos_bridge/lib/pkgconfig/scan_qos_bridge.pc'
[7.075s] Level 1:colcon.colcon_core.environment:checking '/home/pi/robot_ws/install/scan_qos_bridge/lib/python3.10/site-packages'
[7.077s] Level 1:colcon.colcon_core.environment:checking '/home/pi/robot_ws/install/scan_qos_bridge/bin'
[7.078s] INFO:colcon.colcon_core.shell:Creating package script '/home/pi/robot_ws/install/scan_qos_bridge/share/scan_qos_bridge/package.ps1'
[7.083s] INFO:colcon.colcon_core.shell:Creating package descriptor '/home/pi/robot_ws/install/scan_qos_bridge/share/scan_qos_bridge/package.dsv'
[7.087s] INFO:colcon.colcon_core.shell:Creating package script '/home/pi/robot_ws/install/scan_qos_bridge/share/scan_qos_bridge/package.sh'
[7.091s] INFO:colcon.colcon_core.shell:Creating package script '/home/pi/robot_ws/install/scan_qos_bridge/share/scan_qos_bridge/package.bash'
[7.096s] INFO:colcon.colcon_core.shell:Creating package script '/home/pi/robot_ws/install/scan_qos_bridge/share/scan_qos_bridge/package.zsh'
[7.100s] Level 1:colcon.colcon_core.environment:create_file_with_runtime_dependencies(/home/pi/robot_ws/install/scan_qos_bridge/share/colcon-core/packages/scan_qos_bridge)
[7.105s] Level 1:colcon.colcon_core.environment:create_environment_scripts_only(scan_qos_bridge)
[7.106s] Level 1:colcon.colcon_core.environment:checking '/home/pi/robot_ws/install/scan_qos_bridge' for CMake module files
[7.110s] Level 1:colcon.colcon_core.environment:checking '/home/pi/robot_ws/install/scan_qos_bridge' for CMake config files
[7.116s] Level 1:colcon.colcon_core.shell:create_environment_hook('scan_qos_bridge', 'cmake_prefix_path')
[7.117s] INFO:colcon.colcon_core.shell:Creating environment hook '/home/pi/robot_ws/install/scan_qos_bridge/share/scan_qos_bridge/hook/cmake_prefix_path.ps1'
[7.120s] INFO:colcon.colcon_core.shell:Creating environment descriptor '/home/pi/robot_ws/install/scan_qos_bridge/share/scan_qos_bridge/hook/cmake_prefix_path.dsv'
[7.123s] INFO:colcon.colcon_core.shell:Creating environment hook '/home/pi/robot_ws/install/scan_qos_bridge/share/scan_qos_bridge/hook/cmake_prefix_path.sh'
[7.127s] Level 1:colcon.colcon_core.environment:checking '/home/pi/robot_ws/install/scan_qos_bridge/lib'
[7.128s] Level 1:colcon.colcon_core.environment:checking '/home/pi/robot_ws/install/scan_qos_bridge/bin'
[7.129s] Level 1:colcon.colcon_core.environment:checking '/home/pi/robot_ws/install/scan_qos_bridge/lib/pkgconfig/scan_qos_bridge.pc'
[7.130s] Level 1:colcon.colcon_core.environment:checking '/home/pi/robot_ws/install/scan_qos_bridge/lib/python3.10/site-packages'
[7.131s] Level 1:colcon.colcon_core.environment:checking '/home/pi/robot_ws/install/scan_qos_bridge/bin'
[7.133s] INFO:colcon.colcon_core.shell:Creating package script '/home/pi/robot_ws/install/scan_qos_bridge/share/scan_qos_bridge/package.ps1'
[7.137s] INFO:colcon.colcon_core.shell:Creating package descriptor '/home/pi/robot_ws/install/scan_qos_bridge/share/scan_qos_bridge/package.dsv'
[7.140s] INFO:colcon.colcon_core.shell:Creating package script '/home/pi/robot_ws/install/scan_qos_bridge/share/scan_qos_bridge/package.sh'
[7.145s] INFO:colcon.colcon_core.shell:Creating package script '/home/pi/robot_ws/install/scan_qos_bridge/share/scan_qos_bridge/package.bash'
[7.150s] INFO:colcon.colcon_core.shell:Creating package script '/home/pi/robot_ws/install/scan_qos_bridge/share/scan_qos_bridge/package.zsh'
[7.154s] Level 1:colcon.colcon_core.environment:create_file_with_runtime_dependencies(/home/pi/robot_ws/install/scan_qos_bridge/share/colcon-core/packages/scan_qos_bridge)
[7.159s] INFO:colcon.colcon_ros.task.ament_cmake.build:Building ROS package in '/home/pi/robot_ws/src/ydlidar_ros2_driver' with build type 'ament_cmake'
[7.161s] INFO:colcon.colcon_cmake.task.cmake.build:Building CMake package in '/home/pi/robot_ws/src/ydlidar_ros2_driver'
[7.162s] INFO:colcon.colcon_core.shell:Skip shell extension 'powershell' for command environment: Not usable outside of PowerShell
[7.162s] DEBUG:colcon.colcon_core.shell:Skip shell extension 'dsv' for command environment
[7.210s] DEBUG:colcon.colcon_core.event_handler.log_command:Invoking command in '/home/pi/robot_ws/build/ydlidar_ros2_driver': CMAKE_PREFIX_PATH=${CMAKE_PREFIX_PATH}:/home/pi/robot_ws/install/mecanum_kinematics:/home/pi/robot_ws/install/mecanum_control:/opt/ros/humble /usr/bin/cmake --build /home/pi/robot_ws/build/ydlidar_ros2_driver -- -j4 -l4
[7.678s] DEBUG:colcon.colcon_core.event_handler.log_command:Invoked command in '/home/pi/robot_ws/build/ydlidar_ros2_driver' returned '0': CMAKE_PREFIX_PATH=${CMAKE_PREFIX_PATH}:/home/pi/robot_ws/install/mecanum_kinematics:/home/pi/robot_ws/install/mecanum_control:/opt/ros/humble /usr/bin/cmake --build /home/pi/robot_ws/build/ydlidar_ros2_driver -- -j4 -l4
[7.690s] DEBUG:colcon.colcon_core.event_handler.log_command:Invoking command in '/home/pi/robot_ws/build/ydlidar_ros2_driver': CMAKE_PREFIX_PATH=${CMAKE_PREFIX_PATH}:/home/pi/robot_ws/install/mecanum_kinematics:/home/pi/robot_ws/install/mecanum_control:/opt/ros/humble /usr/bin/cmake --install /home/pi/robot_ws/build/ydlidar_ros2_driver
[7.862s] Level 1:colcon.colcon_core.environment:create_environment_scripts_only(ydlidar_ros2_driver)
[7.865s] Level 1:colcon.colcon_core.environment:checking '/home/pi/robot_ws/install/ydlidar_ros2_driver' for CMake module files
[7.869s] Level 1:colcon.colcon_core.environment:checking '/home/pi/robot_ws/install/ydlidar_ros2_driver' for CMake config files
[7.864s] DEBUG:colcon.colcon_core.event_handler.log_command:Invoked command in '/home/pi/robot_ws/build/ydlidar_ros2_driver' returned '0': CMAKE_PREFIX_PATH=${CMAKE_PREFIX_PATH}:/home/pi/robot_ws/install/mecanum_kinematics:/home/pi/robot_ws/install/mecanum_control:/opt/ros/humble /usr/bin/cmake --install /home/pi/robot_ws/build/ydlidar_ros2_driver
[7.873s] Level 1:colcon.colcon_core.shell:create_environment_hook('ydlidar_ros2_driver', 'cmake_prefix_path')
[7.874s] INFO:colcon.colcon_core.shell:Creating environment hook '/home/pi/robot_ws/install/ydlidar_ros2_driver/share/ydlidar_ros2_driver/hook/cmake_prefix_path.ps1'
[7.877s] INFO:colcon.colcon_core.shell:Creating environment descriptor '/home/pi/robot_ws/install/ydlidar_ros2_driver/share/ydlidar_ros2_driver/hook/cmake_prefix_path.dsv'
[7.879s] INFO:colcon.colcon_core.shell:Creating environment hook '/home/pi/robot_ws/install/ydlidar_ros2_driver/share/ydlidar_ros2_driver/hook/cmake_prefix_path.sh'
[7.883s] Level 1:colcon.colcon_core.environment:checking '/home/pi/robot_ws/install/ydlidar_ros2_driver/lib'
[7.884s] Level 1:colcon.colcon_core.environment:checking '/home/pi/robot_ws/install/ydlidar_ros2_driver/bin'
[7.885s] Level 1:colcon.colcon_core.environment:checking '/home/pi/robot_ws/install/ydlidar_ros2_driver/lib/pkgconfig/ydlidar_ros2_driver.pc'
[7.886s] Level 1:colcon.colcon_core.environment:checking '/home/pi/robot_ws/install/ydlidar_ros2_driver/lib/python3.10/site-packages'
[7.887s] Level 1:colcon.colcon_core.environment:checking '/home/pi/robot_ws/install/ydlidar_ros2_driver/bin'
[7.889s] INFO:colcon.colcon_core.shell:Creating package script '/home/pi/robot_ws/install/ydlidar_ros2_driver/share/ydlidar_ros2_driver/package.ps1'
[7.892s] INFO:colcon.colcon_core.shell:Creating package descriptor '/home/pi/robot_ws/install/ydlidar_ros2_driver/share/ydlidar_ros2_driver/package.dsv'
[7.895s] INFO:colcon.colcon_core.shell:Creating package script '/home/pi/robot_ws/install/ydlidar_ros2_driver/share/ydlidar_ros2_driver/package.sh'
[7.898s] INFO:colcon.colcon_core.shell:Creating package script '/home/pi/robot_ws/install/ydlidar_ros2_driver/share/ydlidar_ros2_driver/package.bash'
[7.901s] INFO:colcon.colcon_core.shell:Creating package script '/home/pi/robot_ws/install/ydlidar_ros2_driver/share/ydlidar_ros2_driver/package.zsh'
[7.904s] Level 1:colcon.colcon_core.environment:create_file_with_runtime_dependencies(/home/pi/robot_ws/install/ydlidar_ros2_driver/share/colcon-core/packages/ydlidar_ros2_driver)
[7.908s] Level 1:colcon.colcon_core.environment:create_environment_scripts_only(ydlidar_ros2_driver)
[7.909s] Level 1:colcon.colcon_core.environment:checking '/home/pi/robot_ws/install/ydlidar_ros2_driver' for CMake module files
[7.913s] Level 1:colcon.colcon_core.environment:checking '/home/pi/robot_ws/install/ydlidar_ros2_driver' for CMake config files
[7.916s] Level 1:colcon.colcon_core.shell:create_environment_hook('ydlidar_ros2_driver', 'cmake_prefix_path')
[7.917s] INFO:colcon.colcon_core.shell:Creating environment hook '/home/pi/robot_ws/install/ydlidar_ros2_driver/share/ydlidar_ros2_driver/hook/cmake_prefix_path.ps1'
[7.920s] INFO:colcon.colcon_core.shell:Creating environment descriptor '/home/pi/robot_ws/install/ydlidar_ros2_driver/share/ydlidar_ros2_driver/hook/cmake_prefix_path.dsv'
[7.922s] INFO:colcon.colcon_core.shell:Creating environment hook '/home/pi/robot_ws/install/ydlidar_ros2_driver/share/ydlidar_ros2_driver/hook/cmake_prefix_path.sh'
[7.926s] Level 1:colcon.colcon_core.environment:checking '/home/pi/robot_ws/install/ydlidar_ros2_driver/lib'
[7.927s] Level 1:colcon.colcon_core.environment:checking '/home/pi/robot_ws/install/ydlidar_ros2_driver/bin'
[7.928s] Level 1:colcon.colcon_core.environment:checking '/home/pi/robot_ws/install/ydlidar_ros2_driver/lib/pkgconfig/ydlidar_ros2_driver.pc'
[7.929s] Level 1:colcon.colcon_core.environment:checking '/home/pi/robot_ws/install/ydlidar_ros2_driver/lib/python3.10/site-packages'
[7.930s] Level 1:colcon.colcon_core.environment:checking '/home/pi/robot_ws/install/ydlidar_ros2_driver/bin'
[7.932s] INFO:colcon.colcon_core.shell:Creating package script '/home/pi/robot_ws/install/ydlidar_ros2_driver/share/ydlidar_ros2_driver/package.ps1'
[7.935s] INFO:colcon.colcon_core.shell:Creating package descriptor '/home/pi/robot_ws/install/ydlidar_ros2_driver/share/ydlidar_ros2_driver/package.dsv'
[7.938s] INFO:colcon.colcon_core.shell:Creating package script '/home/pi/robot_ws/install/ydlidar_ros2_driver/share/ydlidar_ros2_driver/package.sh'
[7.941s] INFO:colcon.colcon_core.shell:Creating package script '/home/pi/robot_ws/install/ydlidar_ros2_driver/share/ydlidar_ros2_driver/package.bash'
[7.944s] INFO:colcon.colcon_core.shell:Creating package script '/home/pi/robot_ws/install/ydlidar_ros2_driver/share/ydlidar_ros2_driver/package.zsh'
[7.947s] Level 1:colcon.colcon_core.environment:create_file_with_runtime_dependencies(/home/pi/robot_ws/install/ydlidar_ros2_driver/share/colcon-core/packages/ydlidar_ros2_driver)
[8.802s] DEBUG:colcon.colcon_core.event_handler.log_command:Invoking command in '/home/pi/robot_ws/src/mecanum_control': PYTHONPATH=/home/pi/robot_ws/build/mecanum_control/prefix_override:/usr/lib/python3/dist-packages/colcon_core/task/python/colcon_distutils_commands:/home/pi/robot_ws/install/mecanum_control/lib/python3.10/site-packages:${PYTHONPATH} /usr/bin/python3 -W ignore:setup.py install is deprecated -W ignore:easy_install command is deprecated setup.py egg_info --egg-base ../../build/mecanum_control build --build-base /home/pi/robot_ws/build/mecanum_control/build install --record /home/pi/robot_ws/build/mecanum_control/install.log --single-version-externally-managed install_data
[9.070s] DEBUG:colcon.colcon_core.event_handler.log_command:Invoking command in '/home/pi/robot_ws/src/mecanum_robot': PYTHONPATH=/home/pi/robot_ws/build/mecanum_robot/prefix_override:/usr/lib/python3/dist-packages/colcon_core/task/python/colcon_distutils_commands:/home/pi/robot_ws/install/mecanum_robot/lib/python3.10/site-packages:${PYTHONPATH} /usr/bin/python3 -W ignore:setup.py install is deprecated -W ignore:easy_install command is deprecated setup.py egg_info --egg-base ../../build/mecanum_robot build --build-base /home/pi/robot_ws/build/mecanum_robot/build install --record /home/pi/robot_ws/build/mecanum_robot/install.log --single-version-externally-managed install_data
[9.309s] DEBUG:colcon.colcon_core.event_handler.log_command:Invoking command in '/home/pi/robot_ws/src/mecanum_kinematics': PYTHONPATH=/home/pi/robot_ws/build/mecanum_kinematics/prefix_override:/usr/lib/python3/dist-packages/colcon_core/task/python/colcon_distutils_commands:/home/pi/robot_ws/install/mecanum_kinematics/lib/python3.10/site-packages:${PYTHONPATH} /usr/bin/python3 -W ignore:setup.py install is deprecated -W ignore:easy_install command is deprecated setup.py egg_info --egg-base ../../build/mecanum_kinematics build --build-base /home/pi/robot_ws/build/mecanum_kinematics/build install --record /home/pi/robot_ws/build/mecanum_kinematics/install.log --single-version-externally-managed install_data
[11.363s] Level 1:colcon.colcon_core.environment:checking '/home/pi/robot_ws/install/mecanum_control' for CMake module files
[11.367s] DEBUG:colcon.colcon_core.event_handler.log_command:Invoked command in '/home/pi/robot_ws/src/mecanum_control' returned '0': PYTHONPATH=/home/pi/robot_ws/build/mecanum_control/prefix_override:/usr/lib/python3/dist-packages/colcon_core/task/python/colcon_distutils_commands:/home/pi/robot_ws/install/mecanum_control/lib/python3.10/site-packages:${PYTHONPATH} /usr/bin/python3 -W ignore:setup.py install is deprecated -W ignore:easy_install command is deprecated setup.py egg_info --egg-base ../../build/mecanum_control build --build-base /home/pi/robot_ws/build/mecanum_control/build install --record /home/pi/robot_ws/build/mecanum_control/install.log --single-version-externally-managed install_data
[11.368s] Level 1:colcon.colcon_core.environment:checking '/home/pi/robot_ws/install/mecanum_control' for CMake config files
[11.374s] Level 1:colcon.colcon_core.environment:checking '/home/pi/robot_ws/install/mecanum_control/lib'
[11.375s] Level 1:colcon.colcon_core.environment:checking '/home/pi/robot_ws/install/mecanum_control/bin'
[11.375s] Level 1:colcon.colcon_core.environment:checking '/home/pi/robot_ws/install/mecanum_control/lib/pkgconfig/mecanum_control.pc'
[11.377s] Level 1:colcon.colcon_core.environment:checking '/home/pi/robot_ws/install/mecanum_control/lib/python3.10/site-packages'
[11.377s] Level 1:colcon.colcon_core.shell:create_environment_hook('mecanum_control', 'pythonpath')
[11.378s] INFO:colcon.colcon_core.shell:Creating environment hook '/home/pi/robot_ws/install/mecanum_control/share/mecanum_control/hook/pythonpath.ps1'
[11.382s] INFO:colcon.colcon_core.shell:Creating environment descriptor '/home/pi/robot_ws/install/mecanum_control/share/mecanum_control/hook/pythonpath.dsv'
[11.386s] INFO:colcon.colcon_core.shell:Creating environment hook '/home/pi/robot_ws/install/mecanum_control/share/mecanum_control/hook/pythonpath.sh'
[11.390s] Level 1:colcon.colcon_core.environment:checking '/home/pi/robot_ws/install/mecanum_control/bin'
[11.391s] Level 1:colcon.colcon_core.environment:create_environment_scripts_only(mecanum_control)
[11.393s] INFO:colcon.colcon_core.shell:Creating package script '/home/pi/robot_ws/install/mecanum_control/share/mecanum_control/package.ps1'
[11.397s] INFO:colcon.colcon_core.shell:Creating package descriptor '/home/pi/robot_ws/install/mecanum_control/share/mecanum_control/package.dsv'
[11.401s] INFO:colcon.colcon_core.shell:Creating package script '/home/pi/robot_ws/install/mecanum_control/share/mecanum_control/package.sh'
[11.404s] INFO:colcon.colcon_core.shell:Creating package script '/home/pi/robot_ws/install/mecanum_control/share/mecanum_control/package.bash'
[11.407s] INFO:colcon.colcon_core.shell:Creating package script '/home/pi/robot_ws/install/mecanum_control/share/mecanum_control/package.zsh'
[11.410s] Level 1:colcon.colcon_core.environment:create_file_with_runtime_dependencies(/home/pi/robot_ws/install/mecanum_control/share/colcon-core/packages/mecanum_control)
[11.823s] Level 1:colcon.colcon_core.environment:checking '/home/pi/robot_ws/install/mecanum_robot' for CMake module files
[11.828s] Level 1:colcon.colcon_core.environment:checking '/home/pi/robot_ws/install/mecanum_robot' for CMake config files
[11.834s] DEBUG:colcon.colcon_core.event_handler.log_command:Invoked command in '/home/pi/robot_ws/src/mecanum_robot' returned '0': PYTHONPATH=/home/pi/robot_ws/build/mecanum_robot/prefix_override:/usr/lib/python3/dist-packages/colcon_core/task/python/colcon_distutils_commands:/home/pi/robot_ws/install/mecanum_robot/lib/python3.10/site-packages:${PYTHONPATH} /usr/bin/python3 -W ignore:setup.py install is deprecated -W ignore:easy_install command is deprecated setup.py egg_info --egg-base ../../build/mecanum_robot build --build-base /home/pi/robot_ws/build/mecanum_robot/build install --record /home/pi/robot_ws/build/mecanum_robot/install.log --single-version-externally-managed install_data
[11.840s] Level 1:colcon.colcon_core.shell:create_environment_hook('mecanum_robot', 'cmake_prefix_path')
[11.842s] INFO:colcon.colcon_core.shell:Creating environment hook '/home/pi/robot_ws/install/mecanum_robot/share/mecanum_robot/hook/cmake_prefix_path.ps1'
[11.848s] INFO:colcon.colcon_core.shell:Creating environment descriptor '/home/pi/robot_ws/install/mecanum_robot/share/mecanum_robot/hook/cmake_prefix_path.dsv'
[11.855s] INFO:colcon.colcon_core.shell:Creating environment hook '/home/pi/robot_ws/install/mecanum_robot/share/mecanum_robot/hook/cmake_prefix_path.sh'
[11.864s] Level 1:colcon.colcon_core.environment:checking '/home/pi/robot_ws/install/mecanum_robot/lib'
[11.864s] Level 1:colcon.colcon_core.environment:checking '/home/pi/robot_ws/install/mecanum_robot/bin'
[11.865s] Level 1:colcon.colcon_core.environment:checking '/home/pi/robot_ws/install/mecanum_robot/lib/pkgconfig/mecanum_robot.pc'
[11.867s] Level 1:colcon.colcon_core.environment:checking '/home/pi/robot_ws/install/mecanum_robot/lib/python3.10/site-packages'
[11.868s] Level 1:colcon.colcon_core.shell:create_environment_hook('mecanum_robot', 'pythonpath')
[11.869s] INFO:colcon.colcon_core.shell:Creating environment hook '/home/pi/robot_ws/install/mecanum_robot/share/mecanum_robot/hook/pythonpath.ps1'
[11.873s] INFO:colcon.colcon_core.shell:Creating environment descriptor '/home/pi/robot_ws/install/mecanum_robot/share/mecanum_robot/hook/pythonpath.dsv'
[11.876s] INFO:colcon.colcon_core.shell:Creating environment hook '/home/pi/robot_ws/install/mecanum_robot/share/mecanum_robot/hook/pythonpath.sh'
[11.882s] Level 1:colcon.colcon_core.environment:checking '/home/pi/robot_ws/install/mecanum_robot/bin'
[11.883s] Level 1:colcon.colcon_core.environment:create_environment_scripts_only(mecanum_robot)
[11.886s] INFO:colcon.colcon_core.shell:Creating package script '/home/pi/robot_ws/install/mecanum_robot/share/mecanum_robot/package.ps1'
[11.891s] INFO:colcon.colcon_core.shell:Creating package descriptor '/home/pi/robot_ws/install/mecanum_robot/share/mecanum_robot/package.dsv'
[11.895s] INFO:colcon.colcon_core.shell:Creating package script '/home/pi/robot_ws/install/mecanum_robot/share/mecanum_robot/package.sh'
[11.900s] INFO:colcon.colcon_core.shell:Creating package script '/home/pi/robot_ws/install/mecanum_robot/share/mecanum_robot/package.bash'
[11.904s] INFO:colcon.colcon_core.shell:Creating package script '/home/pi/robot_ws/install/mecanum_robot/share/mecanum_robot/package.zsh'
[11.909s] Level 1:colcon.colcon_core.environment:create_file_with_runtime_dependencies(/home/pi/robot_ws/install/mecanum_robot/share/colcon-core/packages/mecanum_robot)
[12.123s] Level 1:colcon.colcon_core.environment:checking '/home/pi/robot_ws/install/mecanum_kinematics' for CMake module files
[12.127s] Level 1:colcon.colcon_core.environment:checking '/home/pi/robot_ws/install/mecanum_kinematics' for CMake config files
[12.134s] DEBUG:colcon.colcon_core.event_handler.log_command:Invoked command in '/home/pi/robot_ws/src/mecanum_kinematics' returned '0': PYTHONPATH=/home/pi/robot_ws/build/mecanum_kinematics/prefix_override:/usr/lib/python3/dist-packages/colcon_core/task/python/colcon_distutils_commands:/home/pi/robot_ws/install/mecanum_kinematics/lib/python3.10/site-packages:${PYTHONPATH} /usr/bin/python3 -W ignore:setup.py install is deprecated -W ignore:easy_install command is deprecated setup.py egg_info --egg-base ../../build/mecanum_kinematics build --build-base /home/pi/robot_ws/build/mecanum_kinematics/build install --record /home/pi/robot_ws/build/mecanum_kinematics/install.log --single-version-externally-managed install_data
[12.140s] Level 1:colcon.colcon_core.environment:checking '/home/pi/robot_ws/install/mecanum_kinematics/lib'
[12.141s] Level 1:colcon.colcon_core.environment:checking '/home/pi/robot_ws/install/mecanum_kinematics/bin'
[12.141s] Level 1:colcon.colcon_core.environment:checking '/home/pi/robot_ws/install/mecanum_kinematics/lib/pkgconfig/mecanum_kinematics.pc'
[12.143s] Level 1:colcon.colcon_core.environment:checking '/home/pi/robot_ws/install/mecanum_kinematics/lib/python3.10/site-packages'
[12.144s] Level 1:colcon.colcon_core.shell:create_environment_hook('mecanum_kinematics', 'pythonpath')
[12.145s] INFO:colcon.colcon_core.shell:Creating environment hook '/home/pi/robot_ws/install/mecanum_kinematics/share/mecanum_kinematics/hook/pythonpath.ps1'
[12.152s] INFO:colcon.colcon_core.shell:Creating environment descriptor '/home/pi/robot_ws/install/mecanum_kinematics/share/mecanum_kinematics/hook/pythonpath.dsv'
[12.156s] INFO:colcon.colcon_core.shell:Creating environment hook '/home/pi/robot_ws/install/mecanum_kinematics/share/mecanum_kinematics/hook/pythonpath.sh'
[12.162s] Level 1:colcon.colcon_core.environment:checking '/home/pi/robot_ws/install/mecanum_kinematics/bin'
[12.163s] Level 1:colcon.colcon_core.environment:create_environment_scripts_only(mecanum_kinematics)
[12.166s] INFO:colcon.colcon_core.shell:Creating package script '/home/pi/robot_ws/install/mecanum_kinematics/share/mecanum_kinematics/package.ps1'
[12.170s] INFO:colcon.colcon_core.shell:Creating package descriptor '/home/pi/robot_ws/install/mecanum_kinematics/share/mecanum_kinematics/package.dsv'
[12.174s] INFO:colcon.colcon_core.shell:Creating package script '/home/pi/robot_ws/install/mecanum_kinematics/share/mecanum_kinematics/package.sh'
[12.178s] INFO:colcon.colcon_core.shell:Creating package script '/home/pi/robot_ws/install/mecanum_kinematics/share/mecanum_kinematics/package.bash'
[12.180s] INFO:colcon.colcon_core.shell:Creating package script '/home/pi/robot_ws/install/mecanum_kinematics/share/mecanum_kinematics/package.zsh'
[12.182s] Level 1:colcon.colcon_core.environment:create_file_with_runtime_dependencies(/home/pi/robot_ws/install/mecanum_kinematics/share/colcon-core/packages/mecanum_kinematics)
[12.187s] DEBUG:colcon.colcon_parallel_executor.executor.parallel:closing loop
[12.187s] DEBUG:colcon.colcon_parallel_executor.executor.parallel:loop closed
[12.189s] DEBUG:colcon.colcon_parallel_executor.executor.parallel:run_until_complete finished with '0'
[12.189s] DEBUG:colcon.colcon_core.event_reactor:joining thread
[12.218s] INFO:colcon.colcon_core.plugin_system:Skipping extension 'colcon_notification.desktop_notification.terminal_notifier': Not used on non-Darwin systems
[12.218s] INFO:colcon.colcon_core.plugin_system:Skipping extension 'colcon_notification.desktop_notification.win32': Not used on non-Windows systems
[12.219s] INFO:colcon.colcon_notification.desktop_notification:Sending desktop notification using 'notify2'
[12.273s] DEBUG:colcon.colcon_core.event_reactor:joined thread
[12.274s] INFO:colcon.colcon_core.shell:Creating prefix script '/home/pi/robot_ws/install/local_setup.ps1'
[12.279s] INFO:colcon.colcon_core.shell:Creating prefix util module '/home/pi/robot_ws/install/_local_setup_util_ps1.py'
[12.288s] INFO:colcon.colcon_core.shell:Creating prefix chain script '/home/pi/robot_ws/install/setup.ps1'
[12.295s] INFO:colcon.colcon_core.shell:Creating prefix script '/home/pi/robot_ws/install/local_setup.sh'
[12.299s] INFO:colcon.colcon_core.shell:Creating prefix util module '/home/pi/robot_ws/install/_local_setup_util_sh.py'
[12.302s] INFO:colcon.colcon_core.shell:Creating prefix chain script '/home/pi/robot_ws/install/setup.sh'
[12.320s] INFO:colcon.colcon_core.shell:Creating prefix script '/home/pi/robot_ws/install/local_setup.bash'
[12.325s] INFO:colcon.colcon_core.shell:Creating prefix chain script '/home/pi/robot_ws/install/setup.bash'
[12.335s] INFO:colcon.colcon_core.shell:Creating prefix script '/home/pi/robot_ws/install/local_setup.zsh'
[12.338s] INFO:colcon.colcon_core.shell:Creating prefix chain script '/home/pi/robot_ws/install/setup.zsh'
