[6.686s] Invoking command in '/home/pi/robot_ws/src/mecanum_kinematics': PYTHONPATH=/home/pi/robot_ws/build/mecanum_kinematics/prefix_override:/usr/lib/python3/dist-packages/colcon_core/task/python/colcon_distutils_commands:/home/pi/robot_ws/install/mecanum_kinematics/lib/python3.10/site-packages:${PYTHONPATH} /usr/bin/python3 -W ignore:setup.py install is deprecated -W ignore:easy_install command is deprecated setup.py egg_info --egg-base ../../build/mecanum_kinematics build --build-base /home/pi/robot_ws/build/mecanum_kinematics/build install --record /home/pi/robot_ws/build/mecanum_kinematics/install.log --single-version-externally-managed install_data
[8.600s] running egg_info
[8.604s] writing ../../build/mecanum_kinematics/mecanum_kinematics.egg-info/PKG-INFO
[8.605s] writing dependency_links to ../../build/mecanum_kinematics/mecanum_kinematics.egg-info/dependency_links.txt
[8.606s] writing entry points to ../../build/mecanum_kinematics/mecanum_kinematics.egg-info/entry_points.txt
[8.607s] writing requirements to ../../build/mecanum_kinematics/mecanum_kinematics.egg-info/requires.txt
[8.608s] writing top-level names to ../../build/mecanum_kinematics/mecanum_kinematics.egg-info/top_level.txt
[8.624s] reading manifest file '../../build/mecanum_kinematics/mecanum_kinematics.egg-info/SOURCES.txt'
[8.632s] writing manifest file '../../build/mecanum_kinematics/mecanum_kinematics.egg-info/SOURCES.txt'
[8.632s] running build
[8.633s] running build_py
[8.633s] copying mecanum_kinematics/test_encoder.py -> /home/pi/robot_ws/build/mecanum_kinematics/build/lib/mecanum_kinematics
[8.634s] running install
[8.636s] running install_lib
[8.637s] copying /home/pi/robot_ws/build/mecanum_kinematics/build/lib/mecanum_kinematics/test_encoder.py -> /home/pi/robot_ws/install/mecanum_kinematics/lib/python3.10/site-packages/mecanum_kinematics
[8.644s] byte-compiling /home/pi/robot_ws/install/mecanum_kinematics/lib/python3.10/site-packages/mecanum_kinematics/test_encoder.py to test_encoder.cpython-310.pyc
[8.648s] running install_data
[8.648s] running install_egg_info
[8.667s] removing '/home/pi/robot_ws/install/mecanum_kinematics/lib/python3.10/site-packages/mecanum_kinematics-0.0.0-py3.10.egg-info' (and everything under it)
[8.670s] Copying ../../build/mecanum_kinematics/mecanum_kinematics.egg-info to /home/pi/robot_ws/install/mecanum_kinematics/lib/python3.10/site-packages/mecanum_kinematics-0.0.0-py3.10.egg-info
[8.679s] running install_scripts
[8.794s] Installing encoder_gpio_publisher script to /home/pi/robot_ws/install/mecanum_kinematics/lib/mecanum_kinematics
[8.795s] Installing imu_publisher script to /home/pi/robot_ws/install/mecanum_kinematics/lib/mecanum_kinematics
[8.796s] Installing test_encoder script to /home/pi/robot_ws/install/mecanum_kinematics/lib/mecanum_kinematics
[8.798s] writing list of installed files to '/home/pi/robot_ws/build/mecanum_kinematics/install.log'
[9.007s] Invoked command in '/home/pi/robot_ws/src/mecanum_kinematics' returned '0': PYTHONPATH=/home/pi/robot_ws/build/mecanum_kinematics/prefix_override:/usr/lib/python3/dist-packages/colcon_core/task/python/colcon_distutils_commands:/home/pi/robot_ws/install/mecanum_kinematics/lib/python3.10/site-packages:${PYTHONPATH} /usr/bin/python3 -W ignore:setup.py install is deprecated -W ignore:easy_install command is deprecated setup.py egg_info --egg-base ../../build/mecanum_kinematics build --build-base /home/pi/robot_ws/build/mecanum_kinematics/build install --record /home/pi/robot_ws/build/mecanum_kinematics/install.log --single-version-externally-managed install_data
