[6.688s] Invoking command in '/home/pi/robot_ws/src/mecanum_robot': PYTHONPATH=/home/pi/robot_ws/build/mecanum_robot/prefix_override:/usr/lib/python3/dist-packages/colcon_core/task/python/colcon_distutils_commands:/home/pi/robot_ws/install/mecanum_robot/lib/python3.10/site-packages:${PYTHONPATH} /usr/bin/python3 -W ignore:setup.py install is deprecated -W ignore:easy_install command is deprecated setup.py egg_info --egg-base ../../build/mecanum_robot build --build-base /home/pi/robot_ws/build/mecanum_robot/build install --record /home/pi/robot_ws/build/mecanum_robot/install.log --single-version-externally-managed install_data
[9.335s] running egg_info
[9.342s] writing ../../build/mecanum_robot/mecanum_robot.egg-info/PKG-INFO
[9.346s] writing dependency_links to ../../build/mecanum_robot/mecanum_robot.egg-info/dependency_links.txt
[9.353s] writing entry points to ../../build/mecanum_robot/mecanum_robot.egg-info/entry_points.txt
[9.359s] writing requirements to ../../build/mecanum_robot/mecanum_robot.egg-info/requires.txt
[9.364s] writing top-level names to ../../build/mecanum_robot/mecanum_robot.egg-info/top_level.txt
[9.377s] reading manifest file '../../build/mecanum_robot/mecanum_robot.egg-info/SOURCES.txt'
[9.386s] writing manifest file '../../build/mecanum_robot/mecanum_robot.egg-info/SOURCES.txt'
[9.389s] running build
[9.390s] running build_py
[9.394s] running install
[9.398s] running install_lib
[9.408s] running install_data
[9.411s] copying launch/slam_toolbox_launch.py -> /home/pi/robot_ws/install/mecanum_robot/share/mecanum_robot/launch
[9.415s] running install_egg_info
[9.434s] removing '/home/pi/robot_ws/install/mecanum_robot/lib/python3.10/site-packages/mecanum_robot-0.0.0-py3.10.egg-info' (and everything under it)
[9.438s] Copying ../../build/mecanum_robot/mecanum_robot.egg-info to /home/pi/robot_ws/install/mecanum_robot/lib/python3.10/site-packages/mecanum_robot-0.0.0-py3.10.egg-info
[9.449s] running install_scripts
[9.599s] Installing static_odom script to /home/pi/robot_ws/install/mecanum_robot/lib/mecanum_robot
[9.602s] writing list of installed files to '/home/pi/robot_ws/build/mecanum_robot/install.log'
[9.906s] Invoked command in '/home/pi/robot_ws/src/mecanum_robot' returned '0': PYTHONPATH=/home/pi/robot_ws/build/mecanum_robot/prefix_override:/usr/lib/python3/dist-packages/colcon_core/task/python/colcon_distutils_commands:/home/pi/robot_ws/install/mecanum_robot/lib/python3.10/site-packages:${PYTHONPATH} /usr/bin/python3 -W ignore:setup.py install is deprecated -W ignore:easy_install command is deprecated setup.py egg_info --egg-base ../../build/mecanum_robot build --build-base /home/pi/robot_ws/build/mecanum_robot/build install --record /home/pi/robot_ws/build/mecanum_robot/install.log --single-version-externally-managed install_data
