[7.877s] Invoking command in '/home/pi/robot_ws/src/mecanum_control': PYTHONPATH=/home/pi/robot_ws/build/mecanum_control/prefix_override:/usr/lib/python3/dist-packages/colcon_core/task/python/colcon_distutils_commands:/home/pi/robot_ws/install/mecanum_control/lib/python3.10/site-packages:${PYTHONPATH} /usr/bin/python3 -W ignore:setup.py install is deprecated -W ignore:easy_install command is deprecated setup.py egg_info --egg-base ../../build/mecanum_control build --build-base /home/pi/robot_ws/build/mecanum_control/build install --record /home/pi/robot_ws/build/mecanum_control/install.log --single-version-externally-managed install_data
[10.772s] running egg_info
[10.788s] writing ../../build/mecanum_control/mecanum_control.egg-info/PKG-INFO
[10.789s] writing dependency_links to ../../build/mecanum_control/mecanum_control.egg-info/dependency_links.txt
[10.790s] writing entry points to ../../build/mecanum_control/mecanum_control.egg-info/entry_points.txt
[10.791s] writing requirements to ../../build/mecanum_control/mecanum_control.egg-info/requires.txt
[10.795s] writing top-level names to ../../build/mecanum_control/mecanum_control.egg-info/top_level.txt
[10.803s] reading manifest file '../../build/mecanum_control/mecanum_control.egg-info/SOURCES.txt'
[10.815s] writing manifest file '../../build/mecanum_control/mecanum_control.egg-info/SOURCES.txt'
[10.824s] running build
[10.824s] running build_py
[10.825s] running install
[10.826s] running install_lib
[10.854s] running install_data
[10.893s] running install_egg_info
[10.894s] removing '/home/pi/robot_ws/install/mecanum_control/lib/python3.10/site-packages/mecanum_control-0.0.0-py3.10.egg-info' (and everything under it)
[10.895s] Copying ../../build/mecanum_control/mecanum_control.egg-info to /home/pi/robot_ws/install/mecanum_control/lib/python3.10/site-packages/mecanum_control-0.0.0-py3.10.egg-info
[10.928s] running install_scripts
[11.082s] Installing esp32_serial_bridge script to /home/pi/robot_ws/install/mecanum_control/lib/mecanum_control
[11.088s] Installing joy_to_cmd_vel script to /home/pi/robot_ws/install/mecanum_control/lib/mecanum_control
[11.091s] writing list of installed files to '/home/pi/robot_ws/build/mecanum_control/install.log'
[11.363s] Invoked command in '/home/pi/robot_ws/src/mecanum_control' returned '0': PYTHONPATH=/home/pi/robot_ws/build/mecanum_control/prefix_override:/usr/lib/python3/dist-packages/colcon_core/task/python/colcon_distutils_commands:/home/pi/robot_ws/install/mecanum_control/lib/python3.10/site-packages:${PYTHONPATH} /usr/bin/python3 -W ignore:setup.py install is deprecated -W ignore:easy_install command is deprecated setup.py egg_info --egg-base ../../build/mecanum_control build --build-base /home/pi/robot_ws/build/mecanum_control/build install --record /home/pi/robot_ws/build/mecanum_control/install.log --single-version-externally-managed install_data
