[6.651s] Invoking command in '/home/pi/robot_ws/src/mecanum_kinematics': PYTHONPATH=/home/pi/robot_ws/build/mecanum_kinematics/prefix_override:/usr/lib/python3/dist-packages/colcon_core/task/python/colcon_distutils_commands:/home/pi/robot_ws/install/mecanum_kinematics/lib/python3.10/site-packages:${PYTHONPATH} /usr/bin/python3 -W ignore:setup.py install is deprecated -W ignore:easy_install command is deprecated setup.py egg_info --egg-base ../../build/mecanum_kinematics build --build-base /home/pi/robot_ws/build/mecanum_kinematics/build install --record /home/pi/robot_ws/build/mecanum_kinematics/install.log --single-version-externally-managed install_data
[9.094s] running egg_info
[9.113s] writing ../../build/mecanum_kinematics/mecanum_kinematics.egg-info/PKG-INFO
[9.117s] writing dependency_links to ../../build/mecanum_kinematics/mecanum_kinematics.egg-info/dependency_links.txt
[9.124s] writing entry points to ../../build/mecanum_kinematics/mecanum_kinematics.egg-info/entry_points.txt
[9.135s] writing requirements to ../../build/mecanum_kinematics/mecanum_kinematics.egg-info/requires.txt
[9.141s] writing top-level names to ../../build/mecanum_kinematics/mecanum_kinematics.egg-info/top_level.txt
[9.164s] reading manifest file '../../build/mecanum_kinematics/mecanum_kinematics.egg-info/SOURCES.txt'
[9.174s] writing manifest file '../../build/mecanum_kinematics/mecanum_kinematics.egg-info/SOURCES.txt'
[9.178s] running build
[9.182s] running build_py
[9.193s] running install
[9.200s] running install_lib
[9.218s] running install_data
[9.218s] copying launch/ekf_launch.py -> /home/pi/robot_ws/install/mecanum_kinematics/share/mecanum_kinematics/launch
[9.235s] running install_egg_info
[9.268s] removing '/home/pi/robot_ws/install/mecanum_kinematics/lib/python3.10/site-packages/mecanum_kinematics-0.0.0-py3.10.egg-info' (and everything under it)
[9.269s] Copying ../../build/mecanum_kinematics/mecanum_kinematics.egg-info to /home/pi/robot_ws/install/mecanum_kinematics/lib/python3.10/site-packages/mecanum_kinematics-0.0.0-py3.10.egg-info
[9.287s] running install_scripts
[9.453s] Installing encoder_gpio_publisher script to /home/pi/robot_ws/install/mecanum_kinematics/lib/mecanum_kinematics
[9.455s] Installing imu_publisher script to /home/pi/robot_ws/install/mecanum_kinematics/lib/mecanum_kinematics
[9.459s] writing list of installed files to '/home/pi/robot_ws/build/mecanum_kinematics/install.log'
[9.783s] Invoked command in '/home/pi/robot_ws/src/mecanum_kinematics' returned '0': PYTHONPATH=/home/pi/robot_ws/build/mecanum_kinematics/prefix_override:/usr/lib/python3/dist-packages/colcon_core/task/python/colcon_distutils_commands:/home/pi/robot_ws/install/mecanum_kinematics/lib/python3.10/site-packages:${PYTHONPATH} /usr/bin/python3 -W ignore:setup.py install is deprecated -W ignore:easy_install command is deprecated setup.py egg_info --egg-base ../../build/mecanum_kinematics build --build-base /home/pi/robot_ws/build/mecanum_kinematics/build install --record /home/pi/robot_ws/build/mecanum_kinematics/install.log --single-version-externally-managed install_data
