[12.840s] Invoking command in '/home/pi/robot_ws/src/mecanum_control': PYTHONPATH=/home/pi/robot_ws/build/mecanum_control/prefix_override:/usr/lib/python3/dist-packages/colcon_core/task/python/colcon_distutils_commands:/home/pi/robot_ws/install/mecanum_control/lib/python3.10/site-packages:${PYTHONPATH} /usr/bin/python3 -W ignore:setup.py install is deprecated -W ignore:easy_install command is deprecated setup.py egg_info --egg-base ../../build/mecanum_control build --build-base /home/pi/robot_ws/build/mecanum_control/build install --record /home/pi/robot_ws/build/mecanum_control/install.log --single-version-externally-managed install_data
[14.807s] running egg_info
[14.813s] writing ../../build/mecanum_control/mecanum_control.egg-info/PKG-INFO
[14.815s] writing dependency_links to ../../build/mecanum_control/mecanum_control.egg-info/dependency_links.txt
[14.819s] writing entry points to ../../build/mecanum_control/mecanum_control.egg-info/entry_points.txt
[14.822s] writing requirements to ../../build/mecanum_control/mecanum_control.egg-info/requires.txt
[14.822s] writing top-level names to ../../build/mecanum_control/mecanum_control.egg-info/top_level.txt
[14.833s] reading manifest file '../../build/mecanum_control/mecanum_control.egg-info/SOURCES.txt'
[14.842s] writing manifest file '../../build/mecanum_control/mecanum_control.egg-info/SOURCES.txt'
[14.844s] running build
[14.845s] running build_py
[14.847s] running install
[14.853s] running install_lib
[14.865s] running install_data
[14.867s] running install_egg_info
[14.890s] removing '/home/pi/robot_ws/install/mecanum_control/lib/python3.10/site-packages/mecanum_control-0.0.0-py3.10.egg-info' (and everything under it)
[14.892s] Copying ../../build/mecanum_control/mecanum_control.egg-info to /home/pi/robot_ws/install/mecanum_control/lib/python3.10/site-packages/mecanum_control-0.0.0-py3.10.egg-info
[14.906s] running install_scripts
[15.032s] Installing esp32_serial_bridge script to /home/pi/robot_ws/install/mecanum_control/lib/mecanum_control
[15.033s] Installing joy_to_cmd_vel script to /home/pi/robot_ws/install/mecanum_control/lib/mecanum_control
[15.036s] writing list of installed files to '/home/pi/robot_ws/build/mecanum_control/install.log'
[15.237s] Invoked command in '/home/pi/robot_ws/src/mecanum_control' returned '0': PYTHONPATH=/home/pi/robot_ws/build/mecanum_control/prefix_override:/usr/lib/python3/dist-packages/colcon_core/task/python/colcon_distutils_commands:/home/pi/robot_ws/install/mecanum_control/lib/python3.10/site-packages:${PYTHONPATH} /usr/bin/python3 -W ignore:setup.py install is deprecated -W ignore:easy_install command is deprecated setup.py egg_info --egg-base ../../build/mecanum_control build --build-base /home/pi/robot_ws/build/mecanum_control/build install --record /home/pi/robot_ws/build/mecanum_control/install.log --single-version-externally-managed install_data
