[7.151s] Invoking command in '/home/pi/robot_ws/src/mecanum_kinematics': PYTHONPATH=/home/pi/robot_ws/build/mecanum_kinematics/prefix_override:/usr/lib/python3/dist-packages/colcon_core/task/python/colcon_distutils_commands:/home/pi/robot_ws/install/mecanum_kinematics/lib/python3.10/site-packages:${PYTHONPATH} /usr/bin/python3 -W ignore:setup.py install is deprecated -W ignore:easy_install command is deprecated setup.py egg_info --egg-base ../../build/mecanum_kinematics build --build-base /home/pi/robot_ws/build/mecanum_kinematics/build install --record /home/pi/robot_ws/build/mecanum_kinematics/install.log --single-version-externally-managed install_data
[9.593s] running egg_info
[9.610s] writing ../../build/mecanum_kinematics/mecanum_kinematics.egg-info/PKG-INFO
[9.618s] writing dependency_links to ../../build/mecanum_kinematics/mecanum_kinematics.egg-info/dependency_links.txt
[9.620s] writing entry points to ../../build/mecanum_kinematics/mecanum_kinematics.egg-info/entry_points.txt
[9.633s] writing requirements to ../../build/mecanum_kinematics/mecanum_kinematics.egg-info/requires.txt
[9.634s] writing top-level names to ../../build/mecanum_kinematics/mecanum_kinematics.egg-info/top_level.txt
[9.660s] reading manifest file '../../build/mecanum_kinematics/mecanum_kinematics.egg-info/SOURCES.txt'
[9.672s] writing manifest file '../../build/mecanum_kinematics/mecanum_kinematics.egg-info/SOURCES.txt'
[9.673s] running build
[9.674s] running build_py
[9.685s] running install
[9.686s] running install_lib
[9.697s] running install_data
[9.697s] running install_egg_info
[9.741s] removing '/home/pi/robot_ws/install/mecanum_kinematics/lib/python3.10/site-packages/mecanum_kinematics-0.0.0-py3.10.egg-info' (and everything under it)
[9.742s] Copying ../../build/mecanum_kinematics/mecanum_kinematics.egg-info to /home/pi/robot_ws/install/mecanum_kinematics/lib/python3.10/site-packages/mecanum_kinematics-0.0.0-py3.10.egg-info
[9.743s] running install_scripts
[10.019s] Installing encoder_gpio_publisher script to /home/pi/robot_ws/install/mecanum_kinematics/lib/mecanum_kinematics
[10.031s] Installing imu_publisher script to /home/pi/robot_ws/install/mecanum_kinematics/lib/mecanum_kinematics
[10.039s] writing list of installed files to '/home/pi/robot_ws/build/mecanum_kinematics/install.log'
[10.287s] Invoked command in '/home/pi/robot_ws/src/mecanum_kinematics' returned '0': PYTHONPATH=/home/pi/robot_ws/build/mecanum_kinematics/prefix_override:/usr/lib/python3/dist-packages/colcon_core/task/python/colcon_distutils_commands:/home/pi/robot_ws/install/mecanum_kinematics/lib/python3.10/site-packages:${PYTHONPATH} /usr/bin/python3 -W ignore:setup.py install is deprecated -W ignore:easy_install command is deprecated setup.py egg_info --egg-base ../../build/mecanum_kinematics build --build-base /home/pi/robot_ws/build/mecanum_kinematics/build install --record /home/pi/robot_ws/build/mecanum_kinematics/install.log --single-version-externally-managed install_data
