[0.081s] Invoking command in '/home/pi/robot_ws/build/ydlidar_ros2_driver': CMAKE_PREFIX_PATH=/opt/ros/humble /usr/bin/cmake --build /home/pi/robot_ws/build/ydlidar_ros2_driver -- -j4 -l4
[0.705s] [ 50%] Built target ydlidar_ros2_driver_client
[0.794s] [100%] Built target ydlidar_ros2_driver_node
[0.887s] Invoked command in '/home/pi/robot_ws/build/ydlidar_ros2_driver' returned '0': CMAKE_PREFIX_PATH=/opt/ros/humble /usr/bin/cmake --build /home/pi/robot_ws/build/ydlidar_ros2_driver -- -j4 -l4
[0.901s] Invoking command in '/home/pi/robot_ws/build/ydlidar_ros2_driver': CMAKE_PREFIX_PATH=/opt/ros/humble /usr/bin/cmake --install /home/pi/robot_ws/build/ydlidar_ros2_driver
[0.946s] -- Install configuration: ""
[0.956s] -- Up-to-date: /home/pi/robot_ws/install/ydlidar_ros2_driver/lib/ydlidar_ros2_driver/ydlidar_ros2_driver_node
[1.075s] -- Up-to-date: /home/pi/robot_ws/install/ydlidar_ros2_driver/lib/ydlidar_ros2_driver/ydlidar_ros2_driver_client
[1.078s] -- Up-to-date: /home/pi/robot_ws/install/ydlidar_ros2_driver/share/ydlidar_ros2_driver/launch
[1.080s] -- Up-to-date: /home/pi/robot_ws/install/ydlidar_ros2_driver/share/ydlidar_ros2_driver/launch/ydlidar_launch.py
[1.080s] -- Up-to-date: /home/pi/robot_ws/install/ydlidar_ros2_driver/share/ydlidar_ros2_driver/launch/ydlidar_launch_view.py
[1.081s] -- Up-to-date: /home/pi/robot_ws/install/ydlidar_ros2_driver/share/ydlidar_ros2_driver/launch/ydlidar.py
[1.082s] -- Up-to-date: /home/pi/robot_ws/install/ydlidar_ros2_driver/share/ydlidar_ros2_driver/params
[1.083s] -- Up-to-date: /home/pi/robot_ws/install/ydlidar_ros2_driver/share/ydlidar_ros2_driver/params/GS2.yaml
[1.083s] -- Up-to-date: /home/pi/robot_ws/install/ydlidar_ros2_driver/share/ydlidar_ros2_driver/params/G2.yaml
[1.085s] -- Up-to-date: /home/pi/robot_ws/install/ydlidar_ros2_driver/share/ydlidar_ros2_driver/params/ydlidar.yaml
[1.085s] -- Up-to-date: /home/pi/robot_ws/install/ydlidar_ros2_driver/share/ydlidar_ros2_driver/params/X2.yaml
[1.087s] -- Up-to-date: /home/pi/robot_ws/install/ydlidar_ros2_driver/share/ydlidar_ros2_driver/params/sdm15.yaml
[1.088s] -- Up-to-date: /home/pi/robot_ws/install/ydlidar_ros2_driver/share/ydlidar_ros2_driver/params/TEA.yaml
[1.090s] -- Up-to-date: /home/pi/robot_ws/install/ydlidar_ros2_driver/share/ydlidar_ros2_driver/params/G6.yaml
[1.091s] -- Up-to-date: /home/pi/robot_ws/install/ydlidar_ros2_driver/share/ydlidar_ros2_driver/params/X3.yaml
[1.091s] -- Up-to-date: /home/pi/robot_ws/install/ydlidar_ros2_driver/share/ydlidar_ros2_driver/params/GS5.yaml
[1.092s] -- Up-to-date: /home/pi/robot_ws/install/ydlidar_ros2_driver/share/ydlidar_ros2_driver/params/TminiPro.yaml
[1.092s] -- Up-to-date: /home/pi/robot_ws/install/ydlidar_ros2_driver/share/ydlidar_ros2_driver/params/X4.yaml
[1.093s] -- Up-to-date: /home/pi/robot_ws/install/ydlidar_ros2_driver/share/ydlidar_ros2_driver/params/TG.yaml
[1.093s] -- Up-to-date: /home/pi/robot_ws/install/ydlidar_ros2_driver/share/ydlidar_ros2_driver/params/X4-Pro.yaml
[1.095s] -- Up-to-date: /home/pi/robot_ws/install/ydlidar_ros2_driver/share/ydlidar_ros2_driver/params/G1.yaml
[1.096s] -- Up-to-date: /home/pi/robot_ws/install/ydlidar_ros2_driver/share/ydlidar_ros2_driver/startup
[1.097s] -- Up-to-date: /home/pi/robot_ws/install/ydlidar_ros2_driver/share/ydlidar_ros2_driver/startup/initenv.sh
[1.097s] -- Up-to-date: /home/pi/robot_ws/install/ydlidar_ros2_driver/share/ydlidar_ros2_driver/config
[1.097s] -- Up-to-date: /home/pi/robot_ws/install/ydlidar_ros2_driver/share/ydlidar_ros2_driver/config/ydlidar.rviz
[1.098s] -- Up-to-date: /home/pi/robot_ws/install/ydlidar_ros2_driver/share/ament_index/resource_index/package_run_dependencies/ydlidar_ros2_driver
[1.098s] -- Up-to-date: /home/pi/robot_ws/install/ydlidar_ros2_driver/share/ament_index/resource_index/parent_prefix_path/ydlidar_ros2_driver
[1.098s] -- Up-to-date: /home/pi/robot_ws/install/ydlidar_ros2_driver/share/ydlidar_ros2_driver/environment/ament_prefix_path.sh
[1.099s] -- Up-to-date: /home/pi/robot_ws/install/ydlidar_ros2_driver/share/ydlidar_ros2_driver/environment/ament_prefix_path.dsv
[1.099s] -- Up-to-date: /home/pi/robot_ws/install/ydlidar_ros2_driver/share/ydlidar_ros2_driver/environment/path.sh
[1.099s] -- Up-to-date: /home/pi/robot_ws/install/ydlidar_ros2_driver/share/ydlidar_ros2_driver/environment/path.dsv
[1.100s] -- Up-to-date: /home/pi/robot_ws/install/ydlidar_ros2_driver/share/ydlidar_ros2_driver/local_setup.bash
[1.100s] -- Up-to-date: /home/pi/robot_ws/install/ydlidar_ros2_driver/share/ydlidar_ros2_driver/local_setup.sh
[1.100s] -- Up-to-date: /home/pi/robot_ws/install/ydlidar_ros2_driver/share/ydlidar_ros2_driver/local_setup.zsh
[1.101s] -- Up-to-date: /home/pi/robot_ws/install/ydlidar_ros2_driver/share/ydlidar_ros2_driver/local_setup.dsv
[1.101s] -- Installing: /home/pi/robot_ws/install/ydlidar_ros2_driver/share/ydlidar_ros2_driver/package.dsv
[1.151s] -- Up-to-date: /home/pi/robot_ws/install/ydlidar_ros2_driver/share/ament_index/resource_index/packages/ydlidar_ros2_driver
[1.152s] -- Up-to-date: /home/pi/robot_ws/install/ydlidar_ros2_driver/share/ydlidar_ros2_driver/cmake/ydlidar_ros2_driverConfig.cmake
[1.153s] -- Up-to-date: /home/pi/robot_ws/install/ydlidar_ros2_driver/share/ydlidar_ros2_driver/cmake/ydlidar_ros2_driverConfig-version.cmake
[1.153s] -- Up-to-date: /home/pi/robot_ws/install/ydlidar_ros2_driver/share/ydlidar_ros2_driver/package.xml
[1.193s] Invoked command in '/home/pi/robot_ws/build/ydlidar_ros2_driver' returned '0': CMAKE_PREFIX_PATH=/opt/ros/humble /usr/bin/cmake --install /home/pi/robot_ws/build/ydlidar_ros2_driver
