running egg_info
writing ../../build/mecanum_kinematics/mecanum_kinematics.egg-info/PKG-INFO
writing dependency_links to ../../build/mecanum_kinematics/mecanum_kinematics.egg-info/dependency_links.txt
writing entry points to ../../build/mecanum_kinematics/mecanum_kinematics.egg-info/entry_points.txt
writing requirements to ../../build/mecanum_kinematics/mecanum_kinematics.egg-info/requires.txt
writing top-level names to ../../build/mecanum_kinematics/mecanum_kinematics.egg-info/top_level.txt
reading manifest file '../../build/mecanum_kinematics/mecanum_kinematics.egg-info/SOURCES.txt'
writing manifest file '../../build/mecanum_kinematics/mecanum_kinematics.egg-info/SOURCES.txt'
running build
running build_py
running install
running install_lib
running install_data
creating /home/pi/robot_ws/install/mecanum_kinematics/share/mecanum_kinematics/launch
copying launch/ekf_launch.py -> /home/pi/robot_ws/install/mecanum_kinematics/share/mecanum_kinematics/launch
creating /home/pi/robot_ws/install/mecanum_kinematics/share/mecanum_kinematics/config
copying config/ekf.yaml -> /home/pi/robot_ws/install/mecanum_kinematics/share/mecanum_kinematics/config
running install_egg_info
removing '/home/pi/robot_ws/install/mecanum_kinematics/lib/python3.10/site-packages/mecanum_kinematics-0.0.0-py3.10.egg-info' (and everything under it)
Copying ../../build/mecanum_kinematics/mecanum_kinematics.egg-info to /home/pi/robot_ws/install/mecanum_kinematics/lib/python3.10/site-packages/mecanum_kinematics-0.0.0-py3.10.egg-info
running install_scripts
Installing encoder_gpio_publisher script to /home/pi/robot_ws/install/mecanum_kinematics/lib/mecanum_kinematics
Installing imu_publisher script to /home/pi/robot_ws/install/mecanum_kinematics/lib/mecanum_kinematics
writing list of installed files to '/home/pi/robot_ws/build/mecanum_kinematics/install.log'
