[10.171s] Invoking command in '/home/pi/robot_ws/build/mecanum_control': PYTHONPATH=/home/pi/robot_ws/build/mecanum_control/prefix_override:/usr/lib/python3/dist-packages/colcon_core/task/python/colcon_distutils_commands:/home/pi/robot_ws/install/mecanum_control/lib/python3.10/site-packages:${PYTHONPATH} /usr/bin/python3 -W ignore:setup.py install is deprecated -W ignore:easy_install command is deprecated setup.py develop --uninstall --editable --build-directory /home/pi/robot_ws/build/mecanum_control/build
[14.410s] running develop
[17.586s] Removing /home/pi/robot_ws/install/mecanum_control/lib/python3.10/site-packages/mecanum-control.egg-link (link to .)
[18.006s] Invoked command in '/home/pi/robot_ws/build/mecanum_control' returned '0': PYTHONPATH=/home/pi/robot_ws/build/mecanum_control/prefix_override:/usr/lib/python3/dist-packages/colcon_core/task/python/colcon_distutils_commands:/home/pi/robot_ws/install/mecanum_control/lib/python3.10/site-packages:${PYTHONPATH} /usr/bin/python3 -W ignore:setup.py install is deprecated -W ignore:easy_install command is deprecated setup.py develop --uninstall --editable --build-directory /home/pi/robot_ws/build/mecanum_control/build
[18.017s] Invoking command in '/home/pi/robot_ws/src/mecanum_control': PYTHONPATH=/home/pi/robot_ws/build/mecanum_control/prefix_override:/usr/lib/python3/dist-packages/colcon_core/task/python/colcon_distutils_commands:/home/pi/robot_ws/install/mecanum_control/lib/python3.10/site-packages:${PYTHONPATH} /usr/bin/python3 -W ignore:setup.py install is deprecated -W ignore:easy_install command is deprecated setup.py egg_info --egg-base ../../build/mecanum_control build --build-base /home/pi/robot_ws/build/mecanum_control/build install --record /home/pi/robot_ws/build/mecanum_control/install.log --single-version-externally-managed install_data --force
[22.418s] running egg_info
[22.428s] writing ../../build/mecanum_control/mecanum_control.egg-info/PKG-INFO
[22.430s] writing dependency_links to ../../build/mecanum_control/mecanum_control.egg-info/dependency_links.txt
[22.433s] writing entry points to ../../build/mecanum_control/mecanum_control.egg-info/entry_points.txt
[22.446s] writing requirements to ../../build/mecanum_control/mecanum_control.egg-info/requires.txt
[22.448s] writing top-level names to ../../build/mecanum_control/mecanum_control.egg-info/top_level.txt
[22.466s] reading manifest file '../../build/mecanum_control/mecanum_control.egg-info/SOURCES.txt'
[22.498s] writing manifest file '../../build/mecanum_control/mecanum_control.egg-info/SOURCES.txt'
[22.514s] running build
[22.515s] running build_py
[22.522s] running install
[22.523s] running install_lib
[22.547s] creating /home/pi/robot_ws/install/mecanum_control/lib/python3.10/site-packages/mecanum_control
[22.563s] copying /home/pi/robot_ws/build/mecanum_control/build/lib/mecanum_control/joy_to_cmd_vel.py -> /home/pi/robot_ws/install/mecanum_control/lib/python3.10/site-packages/mecanum_control
[22.564s] copying /home/pi/robot_ws/build/mecanum_control/build/lib/mecanum_control/esp32_serial_bridge.py -> /home/pi/robot_ws/install/mecanum_control/lib/python3.10/site-packages/mecanum_control
[22.566s] copying /home/pi/robot_ws/build/mecanum_control/build/lib/mecanum_control/__init__.py -> /home/pi/robot_ws/install/mecanum_control/lib/python3.10/site-packages/mecanum_control
[22.567s] byte-compiling /home/pi/robot_ws/install/mecanum_control/lib/python3.10/site-packages/mecanum_control/joy_to_cmd_vel.py to joy_to_cmd_vel.cpython-310.pyc
[22.586s] byte-compiling /home/pi/robot_ws/install/mecanum_control/lib/python3.10/site-packages/mecanum_control/esp32_serial_bridge.py to esp32_serial_bridge.cpython-310.pyc
[22.595s] byte-compiling /home/pi/robot_ws/install/mecanum_control/lib/python3.10/site-packages/mecanum_control/__init__.py to __init__.cpython-310.pyc
[22.644s] running install_data
[22.650s] copying resource/mecanum_control -> /home/pi/robot_ws/install/mecanum_control/share/ament_index/resource_index/packages
[22.655s] copying package.xml -> /home/pi/robot_ws/install/mecanum_control/share/mecanum_control
[22.660s] copying launch/joystick_control.launch.py -> /home/pi/robot_ws/install/mecanum_control/share/mecanum_control/launch
[22.678s] copying launch/esp32_bridge.launch.py -> /home/pi/robot_ws/install/mecanum_control/share/mecanum_control/launch
[22.692s] running install_egg_info
[22.734s] Copying ../../build/mecanum_control/mecanum_control.egg-info to /home/pi/robot_ws/install/mecanum_control/lib/python3.10/site-packages/mecanum_control-0.0.0-py3.10.egg-info
[22.792s] running install_scripts
[23.390s] Installing esp32_serial_bridge script to /home/pi/robot_ws/install/mecanum_control/lib/mecanum_control
[23.392s] Installing joy_to_cmd_vel script to /home/pi/robot_ws/install/mecanum_control/lib/mecanum_control
[23.418s] writing list of installed files to '/home/pi/robot_ws/build/mecanum_control/install.log'
[24.084s] Invoked command in '/home/pi/robot_ws/src/mecanum_control' returned '0': PYTHONPATH=/home/pi/robot_ws/build/mecanum_control/prefix_override:/usr/lib/python3/dist-packages/colcon_core/task/python/colcon_distutils_commands:/home/pi/robot_ws/install/mecanum_control/lib/python3.10/site-packages:${PYTHONPATH} /usr/bin/python3 -W ignore:setup.py install is deprecated -W ignore:easy_install command is deprecated setup.py egg_info --egg-base ../../build/mecanum_control build --build-base /home/pi/robot_ws/build/mecanum_control/build install --record /home/pi/robot_ws/build/mecanum_control/install.log --single-version-externally-managed install_data --force
