[2.573s] Invoking command in '/home/pi/robot_ws/build/mecanum_robot': CMAKE_PREFIX_PATH=${CMAKE_PREFIX_PATH}:/home/pi/robot_ws/install/mecanum_kinematics:/home/pi/robot_ws/install/mecanum_control:/opt/ros/humble /usr/bin/cmake --build /home/pi/robot_ws/build/mecanum_robot -- -j4 -l4
[2.952s] Invoked command in '/home/pi/robot_ws/build/mecanum_robot' returned '0': CMAKE_PREFIX_PATH=${CMAKE_PREFIX_PATH}:/home/pi/robot_ws/install/mecanum_kinematics:/home/pi/robot_ws/install/mecanum_control:/opt/ros/humble /usr/bin/cmake --build /home/pi/robot_ws/build/mecanum_robot -- -j4 -l4
[3.026s] Invoking command in '/home/pi/robot_ws/build/mecanum_robot': CMAKE_PREFIX_PATH=${CMAKE_PREFIX_PATH}:/home/pi/robot_ws/install/mecanum_kinematics:/home/pi/robot_ws/install/mecanum_control:/opt/ros/humble /usr/bin/cmake --install /home/pi/robot_ws/build/mecanum_robot
[3.082s] -- Install configuration: ""
[3.087s] -- Up-to-date: /home/pi/robot_ws/install/mecanum_robot/share/mecanum_robot/description
[3.089s] -- Up-to-date: /home/pi/robot_ws/install/mecanum_robot/share/mecanum_robot/description/inertial_macros.xacro
[3.090s] -- Up-to-date: /home/pi/robot_ws/install/mecanum_robot/share/mecanum_robot/description/lidar.xacro
[3.092s] -- Up-to-date: /home/pi/robot_ws/install/mecanum_robot/share/mecanum_robot/description/robot.urdf.xacro
[3.093s] -- Up-to-date: /home/pi/robot_ws/install/mecanum_robot/share/mecanum_robot/description/robot_core.xacro
[3.095s] -- Up-to-date: /home/pi/robot_ws/install/mecanum_robot/share/mecanum_robot/launch
[3.096s] -- Up-to-date: /home/pi/robot_ws/install/mecanum_robot/share/mecanum_robot/launch/launch_sim.launch.py
[3.098s] -- Up-to-date: /home/pi/robot_ws/install/mecanum_robot/share/mecanum_robot/launch/rsp.launch.py
[3.100s] -- Up-to-date: /home/pi/robot_ws/install/mecanum_robot/share/mecanum_robot/config
[3.103s] -- Up-to-date: /home/pi/robot_ws/install/mecanum_robot/share/mecanum_robot/config/simple_controllers.yaml
[3.104s] -- Up-to-date: /home/pi/robot_ws/install/mecanum_robot/share/mecanum_robot/config/view_bot.rviz
[3.106s] -- Up-to-date: /home/pi/robot_ws/install/mecanum_robot/share/mecanum_robot/config/mecanum_controllers.yaml
[3.108s] -- Up-to-date: /home/pi/robot_ws/install/mecanum_robot/share/ament_index/resource_index/package_run_dependencies/mecanum_robot
[3.110s] -- Up-to-date: /home/pi/robot_ws/install/mecanum_robot/share/ament_index/resource_index/parent_prefix_path/mecanum_robot
[3.113s] -- Up-to-date: /home/pi/robot_ws/install/mecanum_robot/share/mecanum_robot/environment/ament_prefix_path.sh
[3.113s] -- Up-to-date: /home/pi/robot_ws/install/mecanum_robot/share/mecanum_robot/environment/ament_prefix_path.dsv
[3.116s] -- Up-to-date: /home/pi/robot_ws/install/mecanum_robot/share/mecanum_robot/environment/path.sh
[3.117s] -- Up-to-date: /home/pi/robot_ws/install/mecanum_robot/share/mecanum_robot/environment/path.dsv
[3.118s] -- Up-to-date: /home/pi/robot_ws/install/mecanum_robot/share/mecanum_robot/local_setup.bash
[3.121s] -- Up-to-date: /home/pi/robot_ws/install/mecanum_robot/share/mecanum_robot/local_setup.sh
[3.122s] -- Up-to-date: /home/pi/robot_ws/install/mecanum_robot/share/mecanum_robot/local_setup.zsh
[3.122s] -- Up-to-date: /home/pi/robot_ws/install/mecanum_robot/share/mecanum_robot/local_setup.dsv
[3.123s] -- Installing: /home/pi/robot_ws/install/mecanum_robot/share/mecanum_robot/package.dsv
[3.127s] -- Up-to-date: /home/pi/robot_ws/install/mecanum_robot/share/ament_index/resource_index/packages/mecanum_robot
[3.127s] -- Up-to-date: /home/pi/robot_ws/install/mecanum_robot/share/mecanum_robot/cmake/mecanum_robotConfig.cmake
[3.131s] -- Up-to-date: /home/pi/robot_ws/install/mecanum_robot/share/mecanum_robot/cmake/mecanum_robotConfig-version.cmake
[3.148s] -- Up-to-date: /home/pi/robot_ws/install/mecanum_robot/share/mecanum_robot/package.xml
[3.165s] Invoked command in '/home/pi/robot_ws/build/mecanum_robot' returned '0': CMAKE_PREFIX_PATH=${CMAKE_PREFIX_PATH}:/home/pi/robot_ws/install/mecanum_kinematics:/home/pi/robot_ws/install/mecanum_control:/opt/ros/humble /usr/bin/cmake --install /home/pi/robot_ws/build/mecanum_robot
