[6.355s] Invoking command in '/home/pi/robot_ws/src/mecanum_control': PYTHONPATH=/home/pi/robot_ws/build/mecanum_control/prefix_override:/usr/lib/python3/dist-packages/colcon_core/task/python/colcon_distutils_commands:/home/pi/robot_ws/install/mecanum_control/lib/python3.10/site-packages:${PYTHONPATH} /usr/bin/python3 -W ignore:setup.py install is deprecated -W ignore:easy_install command is deprecated setup.py egg_info --egg-base ../../build/mecanum_control build --build-base /home/pi/robot_ws/build/mecanum_control/build install --record /home/pi/robot_ws/build/mecanum_control/install.log --single-version-externally-managed install_data
[7.834s] running egg_info
[7.839s] writing ../../build/mecanum_control/mecanum_control.egg-info/PKG-INFO
[7.841s] writing dependency_links to ../../build/mecanum_control/mecanum_control.egg-info/dependency_links.txt
[7.842s] writing entry points to ../../build/mecanum_control/mecanum_control.egg-info/entry_points.txt
[7.844s] writing requirements to ../../build/mecanum_control/mecanum_control.egg-info/requires.txt
[7.845s] writing top-level names to ../../build/mecanum_control/mecanum_control.egg-info/top_level.txt
[7.852s] reading manifest file '../../build/mecanum_control/mecanum_control.egg-info/SOURCES.txt'
[7.858s] writing manifest file '../../build/mecanum_control/mecanum_control.egg-info/SOURCES.txt'
[7.860s] running build
[7.862s] running build_py
[7.869s] running install
[7.871s] running install_lib
[7.886s] running install_data
[7.889s] running install_egg_info
[7.896s] removing '/home/pi/robot_ws/install/mecanum_control/lib/python3.10/site-packages/mecanum_control-0.0.0-py3.10.egg-info' (and everything under it)
[7.897s] Copying ../../build/mecanum_control/mecanum_control.egg-info to /home/pi/robot_ws/install/mecanum_control/lib/python3.10/site-packages/mecanum_control-0.0.0-py3.10.egg-info
[7.913s] running install_scripts
[8.016s] Installing esp32_serial_bridge script to /home/pi/robot_ws/install/mecanum_control/lib/mecanum_control
[8.021s] Installing joy_to_cmd_vel script to /home/pi/robot_ws/install/mecanum_control/lib/mecanum_control
[8.026s] writing list of installed files to '/home/pi/robot_ws/build/mecanum_control/install.log'
[8.275s] Invoked command in '/home/pi/robot_ws/src/mecanum_control' returned '0': PYTHONPATH=/home/pi/robot_ws/build/mecanum_control/prefix_override:/usr/lib/python3/dist-packages/colcon_core/task/python/colcon_distutils_commands:/home/pi/robot_ws/install/mecanum_control/lib/python3.10/site-packages:${PYTHONPATH} /usr/bin/python3 -W ignore:setup.py install is deprecated -W ignore:easy_install command is deprecated setup.py egg_info --egg-base ../../build/mecanum_control build --build-base /home/pi/robot_ws/build/mecanum_control/build install --record /home/pi/robot_ws/build/mecanum_control/install.log --single-version-externally-managed install_data
