[25.490s] Invoking command in '/home/pi/robot_ws/src/mecanum_control': PYTHONPATH=/home/pi/robot_ws/build/mecanum_control/prefix_override:/usr/lib/python3/dist-packages/colcon_core/task/python/colcon_distutils_commands:/home/pi/robot_ws/install/mecanum_control/lib/python3.10/site-packages:${PYTHONPATH} /usr/bin/python3 -W ignore:setup.py install is deprecated -W ignore:easy_install command is deprecated setup.py egg_info --egg-base ../../build/mecanum_control build --build-base /home/pi/robot_ws/build/mecanum_control/build install --record /home/pi/robot_ws/build/mecanum_control/install.log --single-version-externally-managed install_data
[32.807s] running egg_info
[32.821s] writing ../../build/mecanum_control/mecanum_control.egg-info/PKG-INFO
[32.828s] writing dependency_links to ../../build/mecanum_control/mecanum_control.egg-info/dependency_links.txt
[32.839s] writing entry points to ../../build/mecanum_control/mecanum_control.egg-info/entry_points.txt
[32.840s] writing requirements to ../../build/mecanum_control/mecanum_control.egg-info/requires.txt
[32.847s] writing top-level names to ../../build/mecanum_control/mecanum_control.egg-info/top_level.txt
[32.875s] reading manifest file '../../build/mecanum_control/mecanum_control.egg-info/SOURCES.txt'
[32.897s] writing manifest file '../../build/mecanum_control/mecanum_control.egg-info/SOURCES.txt'
[32.898s] running build
[32.901s] running build_py
[32.910s] running install
[32.920s] running install_lib
[32.994s] running install_data
[33.002s] running install_egg_info
[33.032s] removing '/home/pi/robot_ws/install/mecanum_control/lib/python3.10/site-packages/mecanum_control-0.0.0-py3.10.egg-info' (and everything under it)
[33.043s] Copying ../../build/mecanum_control/mecanum_control.egg-info to /home/pi/robot_ws/install/mecanum_control/lib/python3.10/site-packages/mecanum_control-0.0.0-py3.10.egg-info
[33.061s] running install_scripts
[33.316s] Installing esp32_serial_bridge script to /home/pi/robot_ws/install/mecanum_control/lib/mecanum_control
[33.319s] Installing joy_to_cmd_vel script to /home/pi/robot_ws/install/mecanum_control/lib/mecanum_control
[33.324s] writing list of installed files to '/home/pi/robot_ws/build/mecanum_control/install.log'
[33.631s] Invoked command in '/home/pi/robot_ws/src/mecanum_control' returned '0': PYTHONPATH=/home/pi/robot_ws/build/mecanum_control/prefix_override:/usr/lib/python3/dist-packages/colcon_core/task/python/colcon_distutils_commands:/home/pi/robot_ws/install/mecanum_control/lib/python3.10/site-packages:${PYTHONPATH} /usr/bin/python3 -W ignore:setup.py install is deprecated -W ignore:easy_install command is deprecated setup.py egg_info --egg-base ../../build/mecanum_control build --build-base /home/pi/robot_ws/build/mecanum_control/build install --record /home/pi/robot_ws/build/mecanum_control/install.log --single-version-externally-managed install_data
