[6.875s] Invoking command in '/home/pi/robot_ws/build/scan_qos_bridge': CMAKE_PREFIX_PATH=${CMAKE_PREFIX_PATH}:/home/pi/robot_ws/install/mecanum_kinematics:/home/pi/robot_ws/install/mecanum_control:/opt/ros/humble /usr/bin/cmake --build /home/pi/robot_ws/build/scan_qos_bridge -- -j4 -l4
[8.395s] [100%] Built target scan_relay
[8.551s] Invoked command in '/home/pi/robot_ws/build/scan_qos_bridge' returned '0': CMAKE_PREFIX_PATH=${CMAKE_PREFIX_PATH}:/home/pi/robot_ws/install/mecanum_kinematics:/home/pi/robot_ws/install/mecanum_control:/opt/ros/humble /usr/bin/cmake --build /home/pi/robot_ws/build/scan_qos_bridge -- -j4 -l4
[8.684s] Invoking command in '/home/pi/robot_ws/build/scan_qos_bridge': CMAKE_PREFIX_PATH=${CMAKE_PREFIX_PATH}:/home/pi/robot_ws/install/mecanum_kinematics:/home/pi/robot_ws/install/mecanum_control:/opt/ros/humble /usr/bin/cmake --install /home/pi/robot_ws/build/scan_qos_bridge
[8.817s] -- Install configuration: ""
[8.839s] -- Up-to-date: /home/pi/robot_ws/install/scan_qos_bridge/lib/scan_qos_bridge/scan_relay
[8.857s] -- Up-to-date: /home/pi/robot_ws/install/scan_qos_bridge/share/scan_qos_bridge/launch
[8.868s] -- Up-to-date: /home/pi/robot_ws/install/scan_qos_bridge/share/scan_qos_bridge/launch/scan_relay.launch.py
[8.878s] -- Up-to-date: /home/pi/robot_ws/install/scan_qos_bridge/share/ament_index/resource_index/package_run_dependencies/scan_qos_bridge
[8.887s] -- Up-to-date: /home/pi/robot_ws/install/scan_qos_bridge/share/ament_index/resource_index/parent_prefix_path/scan_qos_bridge
[8.896s] -- Up-to-date: /home/pi/robot_ws/install/scan_qos_bridge/share/scan_qos_bridge/environment/ament_prefix_path.sh
[8.903s] -- Up-to-date: /home/pi/robot_ws/install/scan_qos_bridge/share/scan_qos_bridge/environment/ament_prefix_path.dsv
[8.912s] -- Up-to-date: /home/pi/robot_ws/install/scan_qos_bridge/share/scan_qos_bridge/environment/path.sh
[8.921s] -- Up-to-date: /home/pi/robot_ws/install/scan_qos_bridge/share/scan_qos_bridge/environment/path.dsv
[8.930s] -- Up-to-date: /home/pi/robot_ws/install/scan_qos_bridge/share/scan_qos_bridge/local_setup.bash
[8.938s] -- Up-to-date: /home/pi/robot_ws/install/scan_qos_bridge/share/scan_qos_bridge/local_setup.sh
[8.948s] -- Up-to-date: /home/pi/robot_ws/install/scan_qos_bridge/share/scan_qos_bridge/local_setup.zsh
[8.958s] -- Up-to-date: /home/pi/robot_ws/install/scan_qos_bridge/share/scan_qos_bridge/local_setup.dsv
[8.968s] -- Installing: /home/pi/robot_ws/install/scan_qos_bridge/share/scan_qos_bridge/package.dsv
[8.982s] -- Up-to-date: /home/pi/robot_ws/install/scan_qos_bridge/share/ament_index/resource_index/packages/scan_qos_bridge
[8.987s] -- Up-to-date: /home/pi/robot_ws/install/scan_qos_bridge/share/scan_qos_bridge/cmake/scan_qos_bridgeConfig.cmake
[8.991s] -- Up-to-date: /home/pi/robot_ws/install/scan_qos_bridge/share/scan_qos_bridge/cmake/scan_qos_bridgeConfig-version.cmake
[8.995s] -- Up-to-date: /home/pi/robot_ws/install/scan_qos_bridge/share/scan_qos_bridge/package.xml
[9.030s] Invoked command in '/home/pi/robot_ws/build/scan_qos_bridge' returned '0': CMAKE_PREFIX_PATH=${CMAKE_PREFIX_PATH}:/home/pi/robot_ws/install/mecanum_kinematics:/home/pi/robot_ws/install/mecanum_control:/opt/ros/humble /usr/bin/cmake --install /home/pi/robot_ws/build/scan_qos_bridge
