[10.911s] Invoking command in '/home/pi/robot_ws/build/mecanum_robot': PYTHONPATH=/home/pi/robot_ws/build/mecanum_robot/prefix_override:/usr/lib/python3/dist-packages/colcon_core/task/python/colcon_distutils_commands:/home/pi/robot_ws/install/mecanum_robot/lib/python3.10/site-packages:${PYTHONPATH} /usr/bin/python3 -W ignore:setup.py install is deprecated -W ignore:easy_install command is deprecated setup.py develop --uninstall --editable --build-directory /home/pi/robot_ws/build/mecanum_robot/build
[15.721s] running develop
[19.270s] Removing /home/pi/robot_ws/install/mecanum_robot/lib/python3.10/site-packages/mecanum-robot.egg-link (link to .)
[19.949s] Invoked command in '/home/pi/robot_ws/build/mecanum_robot' returned '0': PYTHONPATH=/home/pi/robot_ws/build/mecanum_robot/prefix_override:/usr/lib/python3/dist-packages/colcon_core/task/python/colcon_distutils_commands:/home/pi/robot_ws/install/mecanum_robot/lib/python3.10/site-packages:${PYTHONPATH} /usr/bin/python3 -W ignore:setup.py install is deprecated -W ignore:easy_install command is deprecated setup.py develop --uninstall --editable --build-directory /home/pi/robot_ws/build/mecanum_robot/build
[19.971s] Invoking command in '/home/pi/robot_ws/src/mecanum_robot': PYTHONPATH=/home/pi/robot_ws/build/mecanum_robot/prefix_override:/usr/lib/python3/dist-packages/colcon_core/task/python/colcon_distutils_commands:/home/pi/robot_ws/install/mecanum_robot/lib/python3.10/site-packages:${PYTHONPATH} /usr/bin/python3 -W ignore:setup.py install is deprecated -W ignore:easy_install command is deprecated setup.py egg_info --egg-base ../../build/mecanum_robot build --build-base /home/pi/robot_ws/build/mecanum_robot/build install --record /home/pi/robot_ws/build/mecanum_robot/install.log --single-version-externally-managed install_data --force
[25.776s] running egg_info
[25.792s] writing ../../build/mecanum_robot/mecanum_robot.egg-info/PKG-INFO
[25.798s] writing dependency_links to ../../build/mecanum_robot/mecanum_robot.egg-info/dependency_links.txt
[25.802s] writing entry points to ../../build/mecanum_robot/mecanum_robot.egg-info/entry_points.txt
[25.807s] writing requirements to ../../build/mecanum_robot/mecanum_robot.egg-info/requires.txt
[25.808s] writing top-level names to ../../build/mecanum_robot/mecanum_robot.egg-info/top_level.txt
[25.821s] reading manifest file '../../build/mecanum_robot/mecanum_robot.egg-info/SOURCES.txt'
[25.841s] writing manifest file '../../build/mecanum_robot/mecanum_robot.egg-info/SOURCES.txt'
[25.843s] running build
[25.845s] running build_py
[25.854s] running install
[25.856s] running install_lib
[25.866s] copying /home/pi/robot_ws/build/mecanum_robot/build/lib/mecanum_robot/static_odom.py -> /home/pi/robot_ws/install/mecanum_robot/lib/python3.10/site-packages/mecanum_robot
[25.870s] copying /home/pi/robot_ws/build/mecanum_robot/build/lib/mecanum_robot/__init__.py -> /home/pi/robot_ws/install/mecanum_robot/lib/python3.10/site-packages/mecanum_robot
[25.883s] byte-compiling /home/pi/robot_ws/install/mecanum_robot/lib/python3.10/site-packages/mecanum_robot/static_odom.py to static_odom.cpython-310.pyc
[25.896s] byte-compiling /home/pi/robot_ws/install/mecanum_robot/lib/python3.10/site-packages/mecanum_robot/__init__.py to __init__.cpython-310.pyc
[25.906s] running install_data
[25.914s] copying resource/mecanum_robot -> /home/pi/robot_ws/install/mecanum_robot/share/ament_index/resource_index/packages
[25.923s] copying package.xml -> /home/pi/robot_ws/install/mecanum_robot/share/mecanum_robot
[25.925s] copying package.xml -> /home/pi/robot_ws/install/mecanum_robot/share/mecanum_robot
[25.934s] copying description/robot.urdf -> /home/pi/robot_ws/install/mecanum_robot/share/mecanum_robot/description
[25.941s] copying launch/display.launch.py -> /home/pi/robot_ws/install/mecanum_robot/share/mecanum_robot/launch
[25.955s] copying launch/slam_toolbox_launch.py -> /home/pi/robot_ws/install/mecanum_robot/share/mecanum_robot/launch
[25.961s] copying launch/full_mapping.launch.py -> /home/pi/robot_ws/install/mecanum_robot/share/mecanum_robot/launch
[25.969s] copying launch/test_slam.launch.py -> /home/pi/robot_ws/install/mecanum_robot/share/mecanum_robot/launch
[25.979s] copying launch/navigation.launch.py -> /home/pi/robot_ws/install/mecanum_robot/share/mecanum_robot/launch
[25.982s] copying config/test_slam.yaml -> /home/pi/robot_ws/install/mecanum_robot/share/mecanum_robot/config
[25.999s] copying config/slam_config.yaml -> /home/pi/robot_ws/install/mecanum_robot/share/mecanum_robot/config
[26.015s] copying maps/my_map.yaml -> /home/pi/robot_ws/install/mecanum_robot/share/mecanum_robot/maps
[26.019s] copying maps/my_map.pgm -> /home/pi/robot_ws/install/mecanum_robot/share/mecanum_robot/maps
[26.024s] running install_egg_info
[26.033s] Copying ../../build/mecanum_robot/mecanum_robot.egg-info to /home/pi/robot_ws/install/mecanum_robot/lib/python3.10/site-packages/mecanum_robot-0.0.0-py3.10.egg-info
[26.061s] running install_scripts
[26.277s] Installing static_odom script to /home/pi/robot_ws/install/mecanum_robot/lib/mecanum_robot
[26.282s] writing list of installed files to '/home/pi/robot_ws/build/mecanum_robot/install.log'
[26.551s] Invoked command in '/home/pi/robot_ws/src/mecanum_robot' returned '0': PYTHONPATH=/home/pi/robot_ws/build/mecanum_robot/prefix_override:/usr/lib/python3/dist-packages/colcon_core/task/python/colcon_distutils_commands:/home/pi/robot_ws/install/mecanum_robot/lib/python3.10/site-packages:${PYTHONPATH} /usr/bin/python3 -W ignore:setup.py install is deprecated -W ignore:easy_install command is deprecated setup.py egg_info --egg-base ../../build/mecanum_robot build --build-base /home/pi/robot_ws/build/mecanum_robot/build install --record /home/pi/robot_ws/build/mecanum_robot/install.log --single-version-externally-managed install_data --force
