[0.498s] DEBUG:colcon:Command line arguments: ['/usr/bin/colcon', 'build']
[0.499s] DEBUG:colcon:Parsed command line arguments: Namespace(log_base=None, log_level=None, verb_name='build', build_base='build', install_base='install', merge_install=False, symlink_install=False, test_result_base=None, continue_on_error=False, executor='parallel', parallel_workers=4, event_handlers=None, ignore_user_meta=False, metas=['./colcon.meta'], base_paths=['.'], packages_ignore=None, packages_ignore_regex=None, paths=None, packages_up_to=None, packages_up_to_regex=None, packages_above=None, packages_above_and_dependencies=None, packages_above_depth=None, packages_select_by_dep=None, packages_skip_by_dep=None, packages_skip_up_to=None, packages_select_build_failed=False, packages_skip_build_finished=False, packages_select_test_failures=False, packages_skip_test_passed=False, packages_select=None, packages_skip=None, packages_select_regex=None, packages_skip_regex=None, packages_start=None, packages_end=None, allow_overriding=[], cmake_args=None, cmake_target=None, cmake_target_skip_unavailable=False, cmake_clean_cache=False, cmake_clean_first=False, cmake_force_configure=False, ament_cmake_args=None, catkin_cmake_args=None, catkin_skip_building_tests=False, verb_parser=<colcon_defaults.argument_parser.defaults.DefaultArgumentsDecorator object at 0xffff897c83d0>, verb_extension=<colcon_core.verb.build.BuildVerb object at 0xffff8996d840>, main=<bound method BuildVerb.main of <colcon_core.verb.build.BuildVerb object at 0xffff8996d840>>)
[1.347s] Level 1:colcon.colcon_core.package_discovery:discover_packages(colcon_meta) check parameters
[1.347s] Level 1:colcon.colcon_core.package_discovery:discover_packages(recursive) check parameters
[1.348s] Level 1:colcon.colcon_core.package_discovery:discover_packages(ignore) check parameters
[1.348s] Level 1:colcon.colcon_core.package_discovery:discover_packages(path) check parameters
[1.348s] Level 1:colcon.colcon_core.package_discovery:discover_packages(colcon_meta) discover
[1.348s] Level 1:colcon.colcon_core.package_discovery:discover_packages(recursive) discover
[1.348s] INFO:colcon.colcon_core.package_discovery:Crawling recursively for packages in '/home/pi/robot_ws'
[1.349s] Level 1:colcon.colcon_core.package_identification:_identify(.) by extensions ['ignore', 'ignore_ament_install']
[1.349s] Level 1:colcon.colcon_core.package_identification:_identify(.) by extension 'ignore'
[1.349s] Level 1:colcon.colcon_core.package_identification:_identify(.) by extension 'ignore_ament_install'
[1.350s] Level 1:colcon.colcon_core.package_identification:_identify(.) by extensions ['colcon_pkg']
[1.350s] Level 1:colcon.colcon_core.package_identification:_identify(.) by extension 'colcon_pkg'
[1.350s] Level 1:colcon.colcon_core.package_identification:_identify(.) by extensions ['colcon_meta']
[1.350s] Level 1:colcon.colcon_core.package_identification:_identify(.) by extension 'colcon_meta'
[1.350s] Level 1:colcon.colcon_core.package_identification:_identify(.) by extensions ['ros']
[1.350s] Level 1:colcon.colcon_core.package_identification:_identify(.) by extension 'ros'
[1.398s] Level 1:colcon.colcon_core.package_identification:_identify(.) by extensions ['cmake', 'python']
[1.398s] Level 1:colcon.colcon_core.package_identification:_identify(.) by extension 'cmake'
[1.399s] Level 1:colcon.colcon_core.package_identification:_identify(.) by extension 'python'
[1.399s] Level 1:colcon.colcon_core.package_identification:_identify(.) by extensions ['python_setup_py']
[1.399s] Level 1:colcon.colcon_core.package_identification:_identify(.) by extension 'python_setup_py'
[1.400s] Level 1:colcon.colcon_core.package_identification:_identify(build) by extensions ['ignore', 'ignore_ament_install']
[1.401s] Level 1:colcon.colcon_core.package_identification:_identify(build) by extension 'ignore'
[1.401s] Level 1:colcon.colcon_core.package_identification:_identify(build) ignored
[1.402s] Level 1:colcon.colcon_core.package_identification:_identify(install) by extensions ['ignore', 'ignore_ament_install']
[1.402s] Level 1:colcon.colcon_core.package_identification:_identify(install) by extension 'ignore'
[1.402s] Level 1:colcon.colcon_core.package_identification:_identify(install) ignored
[1.404s] Level 1:colcon.colcon_core.package_identification:_identify(log) by extensions ['ignore', 'ignore_ament_install']
[1.404s] Level 1:colcon.colcon_core.package_identification:_identify(log) by extension 'ignore'
[1.404s] Level 1:colcon.colcon_core.package_identification:_identify(log) ignored
[1.405s] Level 1:colcon.colcon_core.package_identification:_identify(src) by extensions ['ignore', 'ignore_ament_install']
[1.405s] Level 1:colcon.colcon_core.package_identification:_identify(src) by extension 'ignore'
[1.405s] Level 1:colcon.colcon_core.package_identification:_identify(src) by extension 'ignore_ament_install'
[1.406s] Level 1:colcon.colcon_core.package_identification:_identify(src) by extensions ['colcon_pkg']
[1.406s] Level 1:colcon.colcon_core.package_identification:_identify(src) by extension 'colcon_pkg'
[1.406s] Level 1:colcon.colcon_core.package_identification:_identify(src) by extensions ['colcon_meta']
[1.406s] Level 1:colcon.colcon_core.package_identification:_identify(src) by extension 'colcon_meta'
[1.406s] Level 1:colcon.colcon_core.package_identification:_identify(src) by extensions ['ros']
[1.406s] Level 1:colcon.colcon_core.package_identification:_identify(src) by extension 'ros'
[1.407s] Level 1:colcon.colcon_core.package_identification:_identify(src) by extensions ['cmake', 'python']
[1.407s] Level 1:colcon.colcon_core.package_identification:_identify(src) by extension 'cmake'
[1.407s] Level 1:colcon.colcon_core.package_identification:_identify(src) by extension 'python'
[1.407s] Level 1:colcon.colcon_core.package_identification:_identify(src) by extensions ['python_setup_py']
[1.407s] Level 1:colcon.colcon_core.package_identification:_identify(src) by extension 'python_setup_py'
[1.408s] Level 1:colcon.colcon_core.package_identification:_identify(src/mecanum_control) by extensions ['ignore', 'ignore_ament_install']
[1.408s] Level 1:colcon.colcon_core.package_identification:_identify(src/mecanum_control) by extension 'ignore'
[1.409s] Level 1:colcon.colcon_core.package_identification:_identify(src/mecanum_control) by extension 'ignore_ament_install'
[1.409s] Level 1:colcon.colcon_core.package_identification:_identify(src/mecanum_control) by extensions ['colcon_pkg']
[1.409s] Level 1:colcon.colcon_core.package_identification:_identify(src/mecanum_control) by extension 'colcon_pkg'
[1.409s] Level 1:colcon.colcon_core.package_identification:_identify(src/mecanum_control) by extensions ['colcon_meta']
[1.409s] Level 1:colcon.colcon_core.package_identification:_identify(src/mecanum_control) by extension 'colcon_meta'
[1.410s] Level 1:colcon.colcon_core.package_identification:_identify(src/mecanum_control) by extensions ['ros']
[1.410s] Level 1:colcon.colcon_core.package_identification:_identify(src/mecanum_control) by extension 'ros'
[1.419s] DEBUG:colcon.colcon_core.package_identification:Package 'src/mecanum_control' with type 'ros.ament_python' and name 'mecanum_control'
[1.420s] Level 1:colcon.colcon_core.package_identification:_identify(src/mecanum_kinematics) by extensions ['ignore', 'ignore_ament_install']
[1.420s] Level 1:colcon.colcon_core.package_identification:_identify(src/mecanum_kinematics) by extension 'ignore'
[1.421s] Level 1:colcon.colcon_core.package_identification:_identify(src/mecanum_kinematics) by extension 'ignore_ament_install'
[1.421s] Level 1:colcon.colcon_core.package_identification:_identify(src/mecanum_kinematics) by extensions ['colcon_pkg']
[1.421s] Level 1:colcon.colcon_core.package_identification:_identify(src/mecanum_kinematics) by extension 'colcon_pkg'
[1.421s] Level 1:colcon.colcon_core.package_identification:_identify(src/mecanum_kinematics) by extensions ['colcon_meta']
[1.421s] Level 1:colcon.colcon_core.package_identification:_identify(src/mecanum_kinematics) by extension 'colcon_meta'
[1.422s] Level 1:colcon.colcon_core.package_identification:_identify(src/mecanum_kinematics) by extensions ['ros']
[1.422s] Level 1:colcon.colcon_core.package_identification:_identify(src/mecanum_kinematics) by extension 'ros'
[1.425s] DEBUG:colcon.colcon_core.package_identification:Package 'src/mecanum_kinematics' with type 'ros.ament_python' and name 'mecanum_kinematics'
[1.426s] Level 1:colcon.colcon_core.package_identification:_identify(src/mecanum_robot) by extensions ['ignore', 'ignore_ament_install']
[1.427s] Level 1:colcon.colcon_core.package_identification:_identify(src/mecanum_robot) by extension 'ignore'
[1.427s] Level 1:colcon.colcon_core.package_identification:_identify(src/mecanum_robot) by extension 'ignore_ament_install'
[1.427s] Level 1:colcon.colcon_core.package_identification:_identify(src/mecanum_robot) by extensions ['colcon_pkg']
[1.427s] Level 1:colcon.colcon_core.package_identification:_identify(src/mecanum_robot) by extension 'colcon_pkg'
[1.428s] Level 1:colcon.colcon_core.package_identification:_identify(src/mecanum_robot) by extensions ['colcon_meta']
[1.428s] Level 1:colcon.colcon_core.package_identification:_identify(src/mecanum_robot) by extension 'colcon_meta'
[1.428s] Level 1:colcon.colcon_core.package_identification:_identify(src/mecanum_robot) by extensions ['ros']
[1.428s] Level 1:colcon.colcon_core.package_identification:_identify(src/mecanum_robot) by extension 'ros'
[1.432s] DEBUG:colcon.colcon_core.package_identification:Package 'src/mecanum_robot' with type 'ros.ament_python' and name 'mecanum_robot'
[1.433s] Level 1:colcon.colcon_core.package_identification:_identify(src/scan_qos_bridge) by extensions ['ignore', 'ignore_ament_install']
[1.434s] Level 1:colcon.colcon_core.package_identification:_identify(src/scan_qos_bridge) by extension 'ignore'
[1.434s] Level 1:colcon.colcon_core.package_identification:_identify(src/scan_qos_bridge) by extension 'ignore_ament_install'
[1.434s] Level 1:colcon.colcon_core.package_identification:_identify(src/scan_qos_bridge) by extensions ['colcon_pkg']
[1.434s] Level 1:colcon.colcon_core.package_identification:_identify(src/scan_qos_bridge) by extension 'colcon_pkg'
[1.434s] Level 1:colcon.colcon_core.package_identification:_identify(src/scan_qos_bridge) by extensions ['colcon_meta']
[1.435s] Level 1:colcon.colcon_core.package_identification:_identify(src/scan_qos_bridge) by extension 'colcon_meta'
[1.435s] Level 1:colcon.colcon_core.package_identification:_identify(src/scan_qos_bridge) by extensions ['ros']
[1.435s] Level 1:colcon.colcon_core.package_identification:_identify(src/scan_qos_bridge) by extension 'ros'
[1.438s] DEBUG:colcon.colcon_core.package_identification:Package 'src/scan_qos_bridge' with type 'ros.ament_cmake' and name 'scan_qos_bridge'
[1.438s] Level 1:colcon.colcon_core.package_identification:_identify(src/ydlidar_ros2_driver) by extensions ['ignore', 'ignore_ament_install']
[1.439s] Level 1:colcon.colcon_core.package_identification:_identify(src/ydlidar_ros2_driver) by extension 'ignore'
[1.439s] Level 1:colcon.colcon_core.package_identification:_identify(src/ydlidar_ros2_driver) by extension 'ignore_ament_install'
[1.439s] Level 1:colcon.colcon_core.package_identification:_identify(src/ydlidar_ros2_driver) by extensions ['colcon_pkg']
[1.440s] Level 1:colcon.colcon_core.package_identification:_identify(src/ydlidar_ros2_driver) by extension 'colcon_pkg'
[1.440s] Level 1:colcon.colcon_core.package_identification:_identify(src/ydlidar_ros2_driver) by extensions ['colcon_meta']
[1.440s] Level 1:colcon.colcon_core.package_identification:_identify(src/ydlidar_ros2_driver) by extension 'colcon_meta'
[1.440s] Level 1:colcon.colcon_core.package_identification:_identify(src/ydlidar_ros2_driver) by extensions ['ros']
[1.440s] Level 1:colcon.colcon_core.package_identification:_identify(src/ydlidar_ros2_driver) by extension 'ros'
[1.443s] DEBUG:colcon.colcon_core.package_identification:Package 'src/ydlidar_ros2_driver' with type 'ros.ament_cmake' and name 'ydlidar_ros2_driver'
[1.443s] Level 1:colcon.colcon_core.package_discovery:discover_packages(recursive) using defaults
[1.444s] Level 1:colcon.colcon_core.package_discovery:discover_packages(ignore) discover
[1.444s] Level 1:colcon.colcon_core.package_discovery:discover_packages(ignore) using defaults
[1.444s] Level 1:colcon.colcon_core.package_discovery:discover_packages(path) discover
[1.444s] Level 1:colcon.colcon_core.package_discovery:discover_packages(path) using defaults
[1.530s] Level 1:colcon.colcon_core.package_discovery:discover_packages(prefix_path) check parameters
[1.530s] Level 1:colcon.colcon_core.package_discovery:discover_packages(prefix_path) discover
[1.540s] DEBUG:colcon.colcon_installed_package_information.package_discovery:Found 5 installed packages in /home/pi/robot_ws/install
[1.549s] DEBUG:colcon.colcon_installed_package_information.package_discovery:Found 286 installed packages in /opt/ros/humble
[1.595s] Level 1:colcon.colcon_core.package_discovery:discover_packages(prefix_path) using defaults
[1.768s] Level 5:colcon.colcon_core.verb:set package 'mecanum_control' build argument 'cmake_args' from command line to 'None'
[1.768s] Level 5:colcon.colcon_core.verb:set package 'mecanum_control' build argument 'cmake_target' from command line to 'None'
[1.769s] Level 5:colcon.colcon_core.verb:set package 'mecanum_control' build argument 'cmake_target_skip_unavailable' from command line to 'False'
[1.769s] Level 5:colcon.colcon_core.verb:set package 'mecanum_control' build argument 'cmake_clean_cache' from command line to 'False'
[1.769s] Level 5:colcon.colcon_core.verb:set package 'mecanum_control' build argument 'cmake_clean_first' from command line to 'False'
[1.769s] Level 5:colcon.colcon_core.verb:set package 'mecanum_control' build argument 'cmake_force_configure' from command line to 'False'
[1.769s] Level 5:colcon.colcon_core.verb:set package 'mecanum_control' build argument 'ament_cmake_args' from command line to 'None'
[1.769s] Level 5:colcon.colcon_core.verb:set package 'mecanum_control' build argument 'catkin_cmake_args' from command line to 'None'
[1.769s] Level 5:colcon.colcon_core.verb:set package 'mecanum_control' build argument 'catkin_skip_building_tests' from command line to 'False'
[1.769s] DEBUG:colcon.colcon_core.verb:Building package 'mecanum_control' with the following arguments: {'ament_cmake_args': None, 'build_base': '/home/pi/robot_ws/build/mecanum_control', 'catkin_cmake_args': None, 'catkin_skip_building_tests': False, 'cmake_args': None, 'cmake_clean_cache': False, 'cmake_clean_first': False, 'cmake_force_configure': False, 'cmake_target': None, 'cmake_target_skip_unavailable': False, 'install_base': '/home/pi/robot_ws/install/mecanum_control', 'merge_install': False, 'path': '/home/pi/robot_ws/src/mecanum_control', 'symlink_install': False, 'test_result_base': None}
[1.771s] Level 5:colcon.colcon_core.verb:set package 'mecanum_kinematics' build argument 'cmake_args' from command line to 'None'
[1.771s] Level 5:colcon.colcon_core.verb:set package 'mecanum_kinematics' build argument 'cmake_target' from command line to 'None'
[1.771s] Level 5:colcon.colcon_core.verb:set package 'mecanum_kinematics' build argument 'cmake_target_skip_unavailable' from command line to 'False'
[1.771s] Level 5:colcon.colcon_core.verb:set package 'mecanum_kinematics' build argument 'cmake_clean_cache' from command line to 'False'
[1.772s] Level 5:colcon.colcon_core.verb:set package 'mecanum_kinematics' build argument 'cmake_clean_first' from command line to 'False'
[1.772s] Level 5:colcon.colcon_core.verb:set package 'mecanum_kinematics' build argument 'cmake_force_configure' from command line to 'False'
[1.772s] Level 5:colcon.colcon_core.verb:set package 'mecanum_kinematics' build argument 'ament_cmake_args' from command line to 'None'
[1.772s] Level 5:colcon.colcon_core.verb:set package 'mecanum_kinematics' build argument 'catkin_cmake_args' from command line to 'None'
[1.772s] Level 5:colcon.colcon_core.verb:set package 'mecanum_kinematics' build argument 'catkin_skip_building_tests' from command line to 'False'
[1.772s] DEBUG:colcon.colcon_core.verb:Building package 'mecanum_kinematics' with the following arguments: {'ament_cmake_args': None, 'build_base': '/home/pi/robot_ws/build/mecanum_kinematics', 'catkin_cmake_args': None, 'catkin_skip_building_tests': False, 'cmake_args': None, 'cmake_clean_cache': False, 'cmake_clean_first': False, 'cmake_force_configure': False, 'cmake_target': None, 'cmake_target_skip_unavailable': False, 'install_base': '/home/pi/robot_ws/install/mecanum_kinematics', 'merge_install': False, 'path': '/home/pi/robot_ws/src/mecanum_kinematics', 'symlink_install': False, 'test_result_base': None}
[1.774s] Level 5:colcon.colcon_core.verb:set package 'mecanum_robot' build argument 'cmake_args' from command line to 'None'
[1.774s] Level 5:colcon.colcon_core.verb:set package 'mecanum_robot' build argument 'cmake_target' from command line to 'None'
[1.774s] Level 5:colcon.colcon_core.verb:set package 'mecanum_robot' build argument 'cmake_target_skip_unavailable' from command line to 'False'
[1.774s] Level 5:colcon.colcon_core.verb:set package 'mecanum_robot' build argument 'cmake_clean_cache' from command line to 'False'
[1.774s] Level 5:colcon.colcon_core.verb:set package 'mecanum_robot' build argument 'cmake_clean_first' from command line to 'False'
[1.774s] Level 5:colcon.colcon_core.verb:set package 'mecanum_robot' build argument 'cmake_force_configure' from command line to 'False'
[1.774s] Level 5:colcon.colcon_core.verb:set package 'mecanum_robot' build argument 'ament_cmake_args' from command line to 'None'
[1.775s] Level 5:colcon.colcon_core.verb:set package 'mecanum_robot' build argument 'catkin_cmake_args' from command line to 'None'
[1.775s] Level 5:colcon.colcon_core.verb:set package 'mecanum_robot' build argument 'catkin_skip_building_tests' from command line to 'False'
[1.775s] DEBUG:colcon.colcon_core.verb:Building package 'mecanum_robot' with the following arguments: {'ament_cmake_args': None, 'build_base': '/home/pi/robot_ws/build/mecanum_robot', 'catkin_cmake_args': None, 'catkin_skip_building_tests': False, 'cmake_args': None, 'cmake_clean_cache': False, 'cmake_clean_first': False, 'cmake_force_configure': False, 'cmake_target': None, 'cmake_target_skip_unavailable': False, 'install_base': '/home/pi/robot_ws/install/mecanum_robot', 'merge_install': False, 'path': '/home/pi/robot_ws/src/mecanum_robot', 'symlink_install': False, 'test_result_base': None}
[1.776s] Level 5:colcon.colcon_core.verb:set package 'scan_qos_bridge' build argument 'cmake_args' from command line to 'None'
[1.776s] Level 5:colcon.colcon_core.verb:set package 'scan_qos_bridge' build argument 'cmake_target' from command line to 'None'
[1.777s] Level 5:colcon.colcon_core.verb:set package 'scan_qos_bridge' build argument 'cmake_target_skip_unavailable' from command line to 'False'
[1.777s] Level 5:colcon.colcon_core.verb:set package 'scan_qos_bridge' build argument 'cmake_clean_cache' from command line to 'False'
[1.777s] Level 5:colcon.colcon_core.verb:set package 'scan_qos_bridge' build argument 'cmake_clean_first' from command line to 'False'
[1.777s] Level 5:colcon.colcon_core.verb:set package 'scan_qos_bridge' build argument 'cmake_force_configure' from command line to 'False'
[1.777s] Level 5:colcon.colcon_core.verb:set package 'scan_qos_bridge' build argument 'ament_cmake_args' from command line to 'None'
[1.777s] Level 5:colcon.colcon_core.verb:set package 'scan_qos_bridge' build argument 'catkin_cmake_args' from command line to 'None'
[1.777s] Level 5:colcon.colcon_core.verb:set package 'scan_qos_bridge' build argument 'catkin_skip_building_tests' from command line to 'False'
[1.777s] DEBUG:colcon.colcon_core.verb:Building package 'scan_qos_bridge' with the following arguments: {'ament_cmake_args': None, 'build_base': '/home/pi/robot_ws/build/scan_qos_bridge', 'catkin_cmake_args': None, 'catkin_skip_building_tests': False, 'cmake_args': None, 'cmake_clean_cache': False, 'cmake_clean_first': False, 'cmake_force_configure': False, 'cmake_target': None, 'cmake_target_skip_unavailable': False, 'install_base': '/home/pi/robot_ws/install/scan_qos_bridge', 'merge_install': False, 'path': '/home/pi/robot_ws/src/scan_qos_bridge', 'symlink_install': False, 'test_result_base': None}
[1.779s] Level 5:colcon.colcon_core.verb:set package 'ydlidar_ros2_driver' build argument 'cmake_args' from command line to 'None'
[1.779s] Level 5:colcon.colcon_core.verb:set package 'ydlidar_ros2_driver' build argument 'cmake_target' from command line to 'None'
[1.780s] Level 5:colcon.colcon_core.verb:set package 'ydlidar_ros2_driver' build argument 'cmake_target_skip_unavailable' from command line to 'False'
[1.780s] Level 5:colcon.colcon_core.verb:set package 'ydlidar_ros2_driver' build argument 'cmake_clean_cache' from command line to 'False'
[1.780s] Level 5:colcon.colcon_core.verb:set package 'ydlidar_ros2_driver' build argument 'cmake_clean_first' from command line to 'False'
[1.780s] Level 5:colcon.colcon_core.verb:set package 'ydlidar_ros2_driver' build argument 'cmake_force_configure' from command line to 'False'
[1.780s] Level 5:colcon.colcon_core.verb:set package 'ydlidar_ros2_driver' build argument 'ament_cmake_args' from command line to 'None'
[1.780s] Level 5:colcon.colcon_core.verb:set package 'ydlidar_ros2_driver' build argument 'catkin_cmake_args' from command line to 'None'
[1.780s] Level 5:colcon.colcon_core.verb:set package 'ydlidar_ros2_driver' build argument 'catkin_skip_building_tests' from command line to 'False'
[1.780s] DEBUG:colcon.colcon_core.verb:Building package 'ydlidar_ros2_driver' with the following arguments: {'ament_cmake_args': None, 'build_base': '/home/pi/robot_ws/build/ydlidar_ros2_driver', 'catkin_cmake_args': None, 'catkin_skip_building_tests': False, 'cmake_args': None, 'cmake_clean_cache': False, 'cmake_clean_first': False, 'cmake_force_configure': False, 'cmake_target': None, 'cmake_target_skip_unavailable': False, 'install_base': '/home/pi/robot_ws/install/ydlidar_ros2_driver', 'merge_install': False, 'path': '/home/pi/robot_ws/src/ydlidar_ros2_driver', 'symlink_install': False, 'test_result_base': None}
[1.781s] INFO:colcon.colcon_core.executor:Executing jobs using 'parallel' executor
[1.785s] DEBUG:colcon.colcon_parallel_executor.executor.parallel:run_until_complete
[1.786s] INFO:colcon.colcon_ros.task.ament_python.build:Building ROS package in '/home/pi/robot_ws/src/mecanum_control' with build type 'ament_python'
[1.786s] Level 1:colcon.colcon_core.shell:create_environment_hook('mecanum_control', 'ament_prefix_path')
[1.797s] INFO:colcon.colcon_core.plugin_system:Skipping extension 'colcon_core.shell.bat': Not used on non-Windows systems
[1.798s] INFO:colcon.colcon_core.shell:Creating environment hook '/home/pi/robot_ws/install/mecanum_control/share/mecanum_control/hook/ament_prefix_path.ps1'
[1.801s] INFO:colcon.colcon_core.shell:Creating environment descriptor '/home/pi/robot_ws/install/mecanum_control/share/mecanum_control/hook/ament_prefix_path.dsv'
[1.804s] INFO:colcon.colcon_core.shell:Creating environment hook '/home/pi/robot_ws/install/mecanum_control/share/mecanum_control/hook/ament_prefix_path.sh'
[1.808s] INFO:colcon.colcon_core.shell:Skip shell extension 'powershell' for command environment: Not usable outside of PowerShell
[1.809s] DEBUG:colcon.colcon_core.shell:Skip shell extension 'dsv' for command environment
[1.830s] INFO:colcon.colcon_ros.task.ament_python.build:Building ROS package in '/home/pi/robot_ws/src/mecanum_kinematics' with build type 'ament_python'
[1.831s] Level 1:colcon.colcon_core.shell:create_environment_hook('mecanum_kinematics', 'ament_prefix_path')
[1.833s] INFO:colcon.colcon_core.shell:Creating environment hook '/home/pi/robot_ws/install/mecanum_kinematics/share/mecanum_kinematics/hook/ament_prefix_path.ps1'
[1.835s] INFO:colcon.colcon_core.shell:Creating environment descriptor '/home/pi/robot_ws/install/mecanum_kinematics/share/mecanum_kinematics/hook/ament_prefix_path.dsv'
[1.838s] INFO:colcon.colcon_core.shell:Creating environment hook '/home/pi/robot_ws/install/mecanum_kinematics/share/mecanum_kinematics/hook/ament_prefix_path.sh'
[1.842s] INFO:colcon.colcon_core.shell:Skip shell extension 'powershell' for command environment: Not usable outside of PowerShell
[1.842s] DEBUG:colcon.colcon_core.shell:Skip shell extension 'dsv' for command environment
[1.864s] INFO:colcon.colcon_ros.task.ament_python.build:Building ROS package in '/home/pi/robot_ws/src/mecanum_robot' with build type 'ament_python'
[1.865s] Level 1:colcon.colcon_core.shell:create_environment_hook('mecanum_robot', 'ament_prefix_path')
[1.866s] INFO:colcon.colcon_core.shell:Creating environment hook '/home/pi/robot_ws/install/mecanum_robot/share/mecanum_robot/hook/ament_prefix_path.ps1'
[1.869s] INFO:colcon.colcon_core.shell:Creating environment descriptor '/home/pi/robot_ws/install/mecanum_robot/share/mecanum_robot/hook/ament_prefix_path.dsv'
[1.874s] INFO:colcon.colcon_core.shell:Creating environment hook '/home/pi/robot_ws/install/mecanum_robot/share/mecanum_robot/hook/ament_prefix_path.sh'
[1.878s] INFO:colcon.colcon_core.shell:Skip shell extension 'powershell' for command environment: Not usable outside of PowerShell
[1.878s] DEBUG:colcon.colcon_core.shell:Skip shell extension 'dsv' for command environment
[1.900s] INFO:colcon.colcon_ros.task.ament_cmake.build:Building ROS package in '/home/pi/robot_ws/src/scan_qos_bridge' with build type 'ament_cmake'
[1.900s] INFO:colcon.colcon_cmake.task.cmake.build:Building CMake package in '/home/pi/robot_ws/src/scan_qos_bridge'
[1.902s] INFO:colcon.colcon_core.shell:Skip shell extension 'powershell' for command environment: Not usable outside of PowerShell
[1.902s] DEBUG:colcon.colcon_core.shell:Skip shell extension 'dsv' for command environment
[3.154s] INFO:colcon.colcon_core.task.python.build:Building Python package in '/home/pi/robot_ws/src/mecanum_control'
[3.155s] INFO:colcon.colcon_core.shell:Skip shell extension 'powershell' for command environment: Not usable outside of PowerShell
[3.156s] DEBUG:colcon.colcon_core.shell:Skip shell extension 'dsv' for command environment
[4.389s] INFO:colcon.colcon_core.task.python.build:Building Python package in '/home/pi/robot_ws/src/mecanum_kinematics'
[4.390s] INFO:colcon.colcon_core.shell:Skip shell extension 'powershell' for command environment: Not usable outside of PowerShell
[4.390s] DEBUG:colcon.colcon_core.shell:Skip shell extension 'dsv' for command environment
[5.655s] INFO:colcon.colcon_core.task.python.build:Building Python package in '/home/pi/robot_ws/src/mecanum_robot'
[5.656s] INFO:colcon.colcon_core.shell:Skip shell extension 'powershell' for command environment: Not usable outside of PowerShell
[5.656s] DEBUG:colcon.colcon_core.shell:Skip shell extension 'dsv' for command environment
[5.777s] DEBUG:colcon.colcon_core.event_handler.log_command:Invoking command in '/home/pi/robot_ws/build/scan_qos_bridge': CMAKE_PREFIX_PATH=${CMAKE_PREFIX_PATH}:/home/pi/robot_ws/install/mecanum_kinematics:/home/pi/robot_ws/install/mecanum_control:/opt/ros/humble /usr/bin/cmake --build /home/pi/robot_ws/build/scan_qos_bridge -- -j4 -l4
[6.161s] DEBUG:colcon.colcon_core.event_handler.log_command:Invoked command in '/home/pi/robot_ws/build/scan_qos_bridge' returned '0': CMAKE_PREFIX_PATH=${CMAKE_PREFIX_PATH}:/home/pi/robot_ws/install/mecanum_kinematics:/home/pi/robot_ws/install/mecanum_control:/opt/ros/humble /usr/bin/cmake --build /home/pi/robot_ws/build/scan_qos_bridge -- -j4 -l4
[6.225s] DEBUG:colcon.colcon_core.event_handler.log_command:Invoking command in '/home/pi/robot_ws/build/scan_qos_bridge': CMAKE_PREFIX_PATH=${CMAKE_PREFIX_PATH}:/home/pi/robot_ws/install/mecanum_kinematics:/home/pi/robot_ws/install/mecanum_control:/opt/ros/humble /usr/bin/cmake --install /home/pi/robot_ws/build/scan_qos_bridge
[6.359s] Level 1:colcon.colcon_core.environment:create_environment_scripts_only(scan_qos_bridge)
[6.361s] DEBUG:colcon.colcon_core.event_handler.log_command:Invoked command in '/home/pi/robot_ws/build/scan_qos_bridge' returned '0': CMAKE_PREFIX_PATH=${CMAKE_PREFIX_PATH}:/home/pi/robot_ws/install/mecanum_kinematics:/home/pi/robot_ws/install/mecanum_control:/opt/ros/humble /usr/bin/cmake --install /home/pi/robot_ws/build/scan_qos_bridge
[6.383s] Level 1:colcon.colcon_core.environment:checking '/home/pi/robot_ws/install/scan_qos_bridge' for CMake module files
[6.387s] Level 1:colcon.colcon_core.environment:checking '/home/pi/robot_ws/install/scan_qos_bridge' for CMake config files
[6.393s] Level 1:colcon.colcon_core.shell:create_environment_hook('scan_qos_bridge', 'cmake_prefix_path')
[6.395s] INFO:colcon.colcon_core.shell:Creating environment hook '/home/pi/robot_ws/install/scan_qos_bridge/share/scan_qos_bridge/hook/cmake_prefix_path.ps1'
[6.398s] INFO:colcon.colcon_core.shell:Creating environment descriptor '/home/pi/robot_ws/install/scan_qos_bridge/share/scan_qos_bridge/hook/cmake_prefix_path.dsv'
[6.401s] INFO:colcon.colcon_core.shell:Creating environment hook '/home/pi/robot_ws/install/scan_qos_bridge/share/scan_qos_bridge/hook/cmake_prefix_path.sh'
[6.406s] Level 1:colcon.colcon_core.environment:checking '/home/pi/robot_ws/install/scan_qos_bridge/lib'
[6.407s] Level 1:colcon.colcon_core.environment:checking '/home/pi/robot_ws/install/scan_qos_bridge/bin'
[6.408s] Level 1:colcon.colcon_core.environment:checking '/home/pi/robot_ws/install/scan_qos_bridge/lib/pkgconfig/scan_qos_bridge.pc'
[6.410s] Level 1:colcon.colcon_core.environment:checking '/home/pi/robot_ws/install/scan_qos_bridge/lib/python3.10/site-packages'
[6.412s] Level 1:colcon.colcon_core.environment:checking '/home/pi/robot_ws/install/scan_qos_bridge/bin'
[6.414s] INFO:colcon.colcon_core.shell:Creating package script '/home/pi/robot_ws/install/scan_qos_bridge/share/scan_qos_bridge/package.ps1'
[6.420s] INFO:colcon.colcon_core.shell:Creating package descriptor '/home/pi/robot_ws/install/scan_qos_bridge/share/scan_qos_bridge/package.dsv'
[6.424s] INFO:colcon.colcon_core.shell:Creating package script '/home/pi/robot_ws/install/scan_qos_bridge/share/scan_qos_bridge/package.sh'
[6.429s] INFO:colcon.colcon_core.shell:Creating package script '/home/pi/robot_ws/install/scan_qos_bridge/share/scan_qos_bridge/package.bash'
[6.433s] INFO:colcon.colcon_core.shell:Creating package script '/home/pi/robot_ws/install/scan_qos_bridge/share/scan_qos_bridge/package.zsh'
[6.438s] Level 1:colcon.colcon_core.environment:create_file_with_runtime_dependencies(/home/pi/robot_ws/install/scan_qos_bridge/share/colcon-core/packages/scan_qos_bridge)
[6.443s] Level 1:colcon.colcon_core.environment:create_environment_scripts_only(scan_qos_bridge)
[6.444s] Level 1:colcon.colcon_core.environment:checking '/home/pi/robot_ws/install/scan_qos_bridge' for CMake module files
[6.448s] Level 1:colcon.colcon_core.environment:checking '/home/pi/robot_ws/install/scan_qos_bridge' for CMake config files
[6.452s] Level 1:colcon.colcon_core.shell:create_environment_hook('scan_qos_bridge', 'cmake_prefix_path')
[6.453s] INFO:colcon.colcon_core.shell:Creating environment hook '/home/pi/robot_ws/install/scan_qos_bridge/share/scan_qos_bridge/hook/cmake_prefix_path.ps1'
[6.458s] INFO:colcon.colcon_core.shell:Creating environment descriptor '/home/pi/robot_ws/install/scan_qos_bridge/share/scan_qos_bridge/hook/cmake_prefix_path.dsv'
[6.461s] INFO:colcon.colcon_core.shell:Creating environment hook '/home/pi/robot_ws/install/scan_qos_bridge/share/scan_qos_bridge/hook/cmake_prefix_path.sh'
[6.465s] Level 1:colcon.colcon_core.environment:checking '/home/pi/robot_ws/install/scan_qos_bridge/lib'
[6.466s] Level 1:colcon.colcon_core.environment:checking '/home/pi/robot_ws/install/scan_qos_bridge/bin'
[6.467s] Level 1:colcon.colcon_core.environment:checking '/home/pi/robot_ws/install/scan_qos_bridge/lib/pkgconfig/scan_qos_bridge.pc'
[6.469s] Level 1:colcon.colcon_core.environment:checking '/home/pi/robot_ws/install/scan_qos_bridge/lib/python3.10/site-packages'
[6.470s] Level 1:colcon.colcon_core.environment:checking '/home/pi/robot_ws/install/scan_qos_bridge/bin'
[6.472s] INFO:colcon.colcon_core.shell:Creating package script '/home/pi/robot_ws/install/scan_qos_bridge/share/scan_qos_bridge/package.ps1'
[6.476s] INFO:colcon.colcon_core.shell:Creating package descriptor '/home/pi/robot_ws/install/scan_qos_bridge/share/scan_qos_bridge/package.dsv'
[6.480s] INFO:colcon.colcon_core.shell:Creating package script '/home/pi/robot_ws/install/scan_qos_bridge/share/scan_qos_bridge/package.sh'
[6.484s] INFO:colcon.colcon_core.shell:Creating package script '/home/pi/robot_ws/install/scan_qos_bridge/share/scan_qos_bridge/package.bash'
[6.488s] INFO:colcon.colcon_core.shell:Creating package script '/home/pi/robot_ws/install/scan_qos_bridge/share/scan_qos_bridge/package.zsh'
[6.494s] Level 1:colcon.colcon_core.environment:create_file_with_runtime_dependencies(/home/pi/robot_ws/install/scan_qos_bridge/share/colcon-core/packages/scan_qos_bridge)
[6.500s] INFO:colcon.colcon_ros.task.ament_cmake.build:Building ROS package in '/home/pi/robot_ws/src/ydlidar_ros2_driver' with build type 'ament_cmake'
[6.501s] INFO:colcon.colcon_cmake.task.cmake.build:Building CMake package in '/home/pi/robot_ws/src/ydlidar_ros2_driver'
[6.503s] INFO:colcon.colcon_core.shell:Skip shell extension 'powershell' for command environment: Not usable outside of PowerShell
[6.503s] DEBUG:colcon.colcon_core.shell:Skip shell extension 'dsv' for command environment
[6.556s] DEBUG:colcon.colcon_core.event_handler.log_command:Invoking command in '/home/pi/robot_ws/build/ydlidar_ros2_driver': CMAKE_PREFIX_PATH=${CMAKE_PREFIX_PATH}:/home/pi/robot_ws/install/mecanum_kinematics:/home/pi/robot_ws/install/mecanum_control:/opt/ros/humble /usr/bin/cmake --build /home/pi/robot_ws/build/ydlidar_ros2_driver -- -j4 -l4
[7.176s] DEBUG:colcon.colcon_core.event_handler.log_command:Invoked command in '/home/pi/robot_ws/build/ydlidar_ros2_driver' returned '0': CMAKE_PREFIX_PATH=${CMAKE_PREFIX_PATH}:/home/pi/robot_ws/install/mecanum_kinematics:/home/pi/robot_ws/install/mecanum_control:/opt/ros/humble /usr/bin/cmake --build /home/pi/robot_ws/build/ydlidar_ros2_driver -- -j4 -l4
[7.180s] DEBUG:colcon.colcon_core.event_handler.log_command:Invoking command in '/home/pi/robot_ws/build/ydlidar_ros2_driver': CMAKE_PREFIX_PATH=${CMAKE_PREFIX_PATH}:/home/pi/robot_ws/install/mecanum_kinematics:/home/pi/robot_ws/install/mecanum_control:/opt/ros/humble /usr/bin/cmake --install /home/pi/robot_ws/build/ydlidar_ros2_driver
[7.302s] Level 1:colcon.colcon_core.environment:create_environment_scripts_only(ydlidar_ros2_driver)
[7.305s] Level 1:colcon.colcon_core.environment:checking '/home/pi/robot_ws/install/ydlidar_ros2_driver' for CMake module files
[7.304s] DEBUG:colcon.colcon_core.event_handler.log_command:Invoked command in '/home/pi/robot_ws/build/ydlidar_ros2_driver' returned '0': CMAKE_PREFIX_PATH=${CMAKE_PREFIX_PATH}:/home/pi/robot_ws/install/mecanum_kinematics:/home/pi/robot_ws/install/mecanum_control:/opt/ros/humble /usr/bin/cmake --install /home/pi/robot_ws/build/ydlidar_ros2_driver
[7.310s] Level 1:colcon.colcon_core.environment:checking '/home/pi/robot_ws/install/ydlidar_ros2_driver' for CMake config files
[7.314s] Level 1:colcon.colcon_core.shell:create_environment_hook('ydlidar_ros2_driver', 'cmake_prefix_path')
[7.315s] INFO:colcon.colcon_core.shell:Creating environment hook '/home/pi/robot_ws/install/ydlidar_ros2_driver/share/ydlidar_ros2_driver/hook/cmake_prefix_path.ps1'
[7.318s] INFO:colcon.colcon_core.shell:Creating environment descriptor '/home/pi/robot_ws/install/ydlidar_ros2_driver/share/ydlidar_ros2_driver/hook/cmake_prefix_path.dsv'
[7.325s] INFO:colcon.colcon_core.shell:Creating environment hook '/home/pi/robot_ws/install/ydlidar_ros2_driver/share/ydlidar_ros2_driver/hook/cmake_prefix_path.sh'
[7.330s] Level 1:colcon.colcon_core.environment:checking '/home/pi/robot_ws/install/ydlidar_ros2_driver/lib'
[7.331s] Level 1:colcon.colcon_core.environment:checking '/home/pi/robot_ws/install/ydlidar_ros2_driver/bin'
[7.331s] Level 1:colcon.colcon_core.environment:checking '/home/pi/robot_ws/install/ydlidar_ros2_driver/lib/pkgconfig/ydlidar_ros2_driver.pc'
[7.333s] Level 1:colcon.colcon_core.environment:checking '/home/pi/robot_ws/install/ydlidar_ros2_driver/lib/python3.10/site-packages'
[7.334s] Level 1:colcon.colcon_core.environment:checking '/home/pi/robot_ws/install/ydlidar_ros2_driver/bin'
[7.336s] INFO:colcon.colcon_core.shell:Creating package script '/home/pi/robot_ws/install/ydlidar_ros2_driver/share/ydlidar_ros2_driver/package.ps1'
[7.341s] INFO:colcon.colcon_core.shell:Creating package descriptor '/home/pi/robot_ws/install/ydlidar_ros2_driver/share/ydlidar_ros2_driver/package.dsv'
[7.353s] INFO:colcon.colcon_core.shell:Creating package script '/home/pi/robot_ws/install/ydlidar_ros2_driver/share/ydlidar_ros2_driver/package.sh'
[7.357s] INFO:colcon.colcon_core.shell:Creating package script '/home/pi/robot_ws/install/ydlidar_ros2_driver/share/ydlidar_ros2_driver/package.bash'
[7.364s] INFO:colcon.colcon_core.shell:Creating package script '/home/pi/robot_ws/install/ydlidar_ros2_driver/share/ydlidar_ros2_driver/package.zsh'
[7.368s] Level 1:colcon.colcon_core.environment:create_file_with_runtime_dependencies(/home/pi/robot_ws/install/ydlidar_ros2_driver/share/colcon-core/packages/ydlidar_ros2_driver)
[7.372s] Level 1:colcon.colcon_core.environment:create_environment_scripts_only(ydlidar_ros2_driver)
[7.373s] Level 1:colcon.colcon_core.environment:checking '/home/pi/robot_ws/install/ydlidar_ros2_driver' for CMake module files
[7.380s] Level 1:colcon.colcon_core.environment:checking '/home/pi/robot_ws/install/ydlidar_ros2_driver' for CMake config files
[7.383s] Level 1:colcon.colcon_core.shell:create_environment_hook('ydlidar_ros2_driver', 'cmake_prefix_path')
[7.386s] INFO:colcon.colcon_core.shell:Creating environment hook '/home/pi/robot_ws/install/ydlidar_ros2_driver/share/ydlidar_ros2_driver/hook/cmake_prefix_path.ps1'
[7.390s] INFO:colcon.colcon_core.shell:Creating environment descriptor '/home/pi/robot_ws/install/ydlidar_ros2_driver/share/ydlidar_ros2_driver/hook/cmake_prefix_path.dsv'
[7.394s] INFO:colcon.colcon_core.shell:Creating environment hook '/home/pi/robot_ws/install/ydlidar_ros2_driver/share/ydlidar_ros2_driver/hook/cmake_prefix_path.sh'
[7.399s] Level 1:colcon.colcon_core.environment:checking '/home/pi/robot_ws/install/ydlidar_ros2_driver/lib'
[7.400s] Level 1:colcon.colcon_core.environment:checking '/home/pi/robot_ws/install/ydlidar_ros2_driver/bin'
[7.400s] Level 1:colcon.colcon_core.environment:checking '/home/pi/robot_ws/install/ydlidar_ros2_driver/lib/pkgconfig/ydlidar_ros2_driver.pc'
[7.406s] Level 1:colcon.colcon_core.environment:checking '/home/pi/robot_ws/install/ydlidar_ros2_driver/lib/python3.10/site-packages'
[7.408s] Level 1:colcon.colcon_core.environment:checking '/home/pi/robot_ws/install/ydlidar_ros2_driver/bin'
[7.409s] INFO:colcon.colcon_core.shell:Creating package script '/home/pi/robot_ws/install/ydlidar_ros2_driver/share/ydlidar_ros2_driver/package.ps1'
[7.414s] INFO:colcon.colcon_core.shell:Creating package descriptor '/home/pi/robot_ws/install/ydlidar_ros2_driver/share/ydlidar_ros2_driver/package.dsv'
[7.418s] INFO:colcon.colcon_core.shell:Creating package script '/home/pi/robot_ws/install/ydlidar_ros2_driver/share/ydlidar_ros2_driver/package.sh'
[7.422s] INFO:colcon.colcon_core.shell:Creating package script '/home/pi/robot_ws/install/ydlidar_ros2_driver/share/ydlidar_ros2_driver/package.bash'
[7.426s] INFO:colcon.colcon_core.shell:Creating package script '/home/pi/robot_ws/install/ydlidar_ros2_driver/share/ydlidar_ros2_driver/package.zsh'
[7.430s] Level 1:colcon.colcon_core.environment:create_file_with_runtime_dependencies(/home/pi/robot_ws/install/ydlidar_ros2_driver/share/colcon-core/packages/ydlidar_ros2_driver)
[8.306s] DEBUG:colcon.colcon_core.event_handler.log_command:Invoking command in '/home/pi/robot_ws/src/mecanum_control': PYTHONPATH=/home/pi/robot_ws/build/mecanum_control/prefix_override:/usr/lib/python3/dist-packages/colcon_core/task/python/colcon_distutils_commands:/home/pi/robot_ws/install/mecanum_control/lib/python3.10/site-packages:${PYTHONPATH} /usr/bin/python3 -W ignore:setup.py install is deprecated -W ignore:easy_install command is deprecated setup.py egg_info --egg-base ../../build/mecanum_control build --build-base /home/pi/robot_ws/build/mecanum_control/build install --record /home/pi/robot_ws/build/mecanum_control/install.log --single-version-externally-managed install_data
[8.863s] DEBUG:colcon.colcon_core.event_handler.log_command:Invoking command in '/home/pi/robot_ws/src/mecanum_kinematics': PYTHONPATH=/home/pi/robot_ws/build/mecanum_kinematics/prefix_override:/usr/lib/python3/dist-packages/colcon_core/task/python/colcon_distutils_commands:/home/pi/robot_ws/install/mecanum_kinematics/lib/python3.10/site-packages:${PYTHONPATH} /usr/bin/python3 -W ignore:setup.py install is deprecated -W ignore:easy_install command is deprecated setup.py egg_info --egg-base ../../build/mecanum_kinematics build --build-base /home/pi/robot_ws/build/mecanum_kinematics/build install --record /home/pi/robot_ws/build/mecanum_kinematics/install.log --single-version-externally-managed install_data
[9.133s] DEBUG:colcon.colcon_core.event_handler.log_command:Invoking command in '/home/pi/robot_ws/src/mecanum_robot': PYTHONPATH=/home/pi/robot_ws/build/mecanum_robot/prefix_override:/usr/lib/python3/dist-packages/colcon_core/task/python/colcon_distutils_commands:/home/pi/robot_ws/install/mecanum_robot/lib/python3.10/site-packages:${PYTHONPATH} /usr/bin/python3 -W ignore:setup.py install is deprecated -W ignore:easy_install command is deprecated setup.py egg_info --egg-base ../../build/mecanum_robot build --build-base /home/pi/robot_ws/build/mecanum_robot/build install --record /home/pi/robot_ws/build/mecanum_robot/install.log --single-version-externally-managed install_data
[11.430s] Level 1:colcon.colcon_core.environment:checking '/home/pi/robot_ws/install/mecanum_control' for CMake module files
[11.443s] Level 1:colcon.colcon_core.environment:checking '/home/pi/robot_ws/install/mecanum_control' for CMake config files
[11.447s] DEBUG:colcon.colcon_core.event_handler.log_command:Invoked command in '/home/pi/robot_ws/src/mecanum_control' returned '0': PYTHONPATH=/home/pi/robot_ws/build/mecanum_control/prefix_override:/usr/lib/python3/dist-packages/colcon_core/task/python/colcon_distutils_commands:/home/pi/robot_ws/install/mecanum_control/lib/python3.10/site-packages:${PYTHONPATH} /usr/bin/python3 -W ignore:setup.py install is deprecated -W ignore:easy_install command is deprecated setup.py egg_info --egg-base ../../build/mecanum_control build --build-base /home/pi/robot_ws/build/mecanum_control/build install --record /home/pi/robot_ws/build/mecanum_control/install.log --single-version-externally-managed install_data
[11.462s] Level 1:colcon.colcon_core.environment:checking '/home/pi/robot_ws/install/mecanum_control/lib'
[11.463s] Level 1:colcon.colcon_core.environment:checking '/home/pi/robot_ws/install/mecanum_control/bin'
[11.464s] Level 1:colcon.colcon_core.environment:checking '/home/pi/robot_ws/install/mecanum_control/lib/pkgconfig/mecanum_control.pc'
[11.465s] Level 1:colcon.colcon_core.environment:checking '/home/pi/robot_ws/install/mecanum_control/lib/python3.10/site-packages'
[11.466s] Level 1:colcon.colcon_core.shell:create_environment_hook('mecanum_control', 'pythonpath')
[11.490s] INFO:colcon.colcon_core.shell:Creating environment hook '/home/pi/robot_ws/install/mecanum_control/share/mecanum_control/hook/pythonpath.ps1'
[11.509s] INFO:colcon.colcon_core.shell:Creating environment descriptor '/home/pi/robot_ws/install/mecanum_control/share/mecanum_control/hook/pythonpath.dsv'
[11.526s] INFO:colcon.colcon_core.shell:Creating environment hook '/home/pi/robot_ws/install/mecanum_control/share/mecanum_control/hook/pythonpath.sh'
[11.546s] Level 1:colcon.colcon_core.environment:checking '/home/pi/robot_ws/install/mecanum_control/bin'
[11.553s] Level 1:colcon.colcon_core.environment:create_environment_scripts_only(mecanum_control)
[11.556s] INFO:colcon.colcon_core.shell:Creating package script '/home/pi/robot_ws/install/mecanum_control/share/mecanum_control/package.ps1'
[11.564s] INFO:colcon.colcon_core.shell:Creating package descriptor '/home/pi/robot_ws/install/mecanum_control/share/mecanum_control/package.dsv'
[11.570s] INFO:colcon.colcon_core.shell:Creating package script '/home/pi/robot_ws/install/mecanum_control/share/mecanum_control/package.sh'
[11.577s] INFO:colcon.colcon_core.shell:Creating package script '/home/pi/robot_ws/install/mecanum_control/share/mecanum_control/package.bash'
[11.583s] INFO:colcon.colcon_core.shell:Creating package script '/home/pi/robot_ws/install/mecanum_control/share/mecanum_control/package.zsh'
[11.588s] Level 1:colcon.colcon_core.environment:create_file_with_runtime_dependencies(/home/pi/robot_ws/install/mecanum_control/share/colcon-core/packages/mecanum_control)
[11.725s] Level 1:colcon.colcon_core.environment:checking '/home/pi/robot_ws/install/mecanum_robot' for CMake module files
[11.728s] DEBUG:colcon.colcon_core.event_handler.log_command:Invoked command in '/home/pi/robot_ws/src/mecanum_robot' returned '0': PYTHONPATH=/home/pi/robot_ws/build/mecanum_robot/prefix_override:/usr/lib/python3/dist-packages/colcon_core/task/python/colcon_distutils_commands:/home/pi/robot_ws/install/mecanum_robot/lib/python3.10/site-packages:${PYTHONPATH} /usr/bin/python3 -W ignore:setup.py install is deprecated -W ignore:easy_install command is deprecated setup.py egg_info --egg-base ../../build/mecanum_robot build --build-base /home/pi/robot_ws/build/mecanum_robot/build install --record /home/pi/robot_ws/build/mecanum_robot/install.log --single-version-externally-managed install_data
[11.732s] Level 1:colcon.colcon_core.environment:checking '/home/pi/robot_ws/install/mecanum_robot' for CMake config files
[11.740s] Level 1:colcon.colcon_core.shell:create_environment_hook('mecanum_robot', 'cmake_prefix_path')
[11.741s] INFO:colcon.colcon_core.shell:Creating environment hook '/home/pi/robot_ws/install/mecanum_robot/share/mecanum_robot/hook/cmake_prefix_path.ps1'
[11.746s] INFO:colcon.colcon_core.shell:Creating environment descriptor '/home/pi/robot_ws/install/mecanum_robot/share/mecanum_robot/hook/cmake_prefix_path.dsv'
[11.751s] INFO:colcon.colcon_core.shell:Creating environment hook '/home/pi/robot_ws/install/mecanum_robot/share/mecanum_robot/hook/cmake_prefix_path.sh'
[11.757s] Level 1:colcon.colcon_core.environment:checking '/home/pi/robot_ws/install/mecanum_robot/lib'
[11.765s] Level 1:colcon.colcon_core.environment:checking '/home/pi/robot_ws/install/mecanum_robot/bin'
[11.767s] Level 1:colcon.colcon_core.environment:checking '/home/pi/robot_ws/install/mecanum_robot/lib/pkgconfig/mecanum_robot.pc'
[11.769s] Level 1:colcon.colcon_core.environment:checking '/home/pi/robot_ws/install/mecanum_robot/lib/python3.10/site-packages'
[11.770s] Level 1:colcon.colcon_core.shell:create_environment_hook('mecanum_robot', 'pythonpath')
[11.785s] INFO:colcon.colcon_core.shell:Creating environment hook '/home/pi/robot_ws/install/mecanum_robot/share/mecanum_robot/hook/pythonpath.ps1'
[11.805s] INFO:colcon.colcon_core.shell:Creating environment descriptor '/home/pi/robot_ws/install/mecanum_robot/share/mecanum_robot/hook/pythonpath.dsv'
[11.813s] INFO:colcon.colcon_core.shell:Creating environment hook '/home/pi/robot_ws/install/mecanum_robot/share/mecanum_robot/hook/pythonpath.sh'
[11.837s] Level 1:colcon.colcon_core.environment:checking '/home/pi/robot_ws/install/mecanum_robot/bin'
[11.838s] Level 1:colcon.colcon_core.environment:create_environment_scripts_only(mecanum_robot)
[11.842s] INFO:colcon.colcon_core.shell:Creating package script '/home/pi/robot_ws/install/mecanum_robot/share/mecanum_robot/package.ps1'
[11.860s] INFO:colcon.colcon_core.shell:Creating package descriptor '/home/pi/robot_ws/install/mecanum_robot/share/mecanum_robot/package.dsv'
[11.871s] INFO:colcon.colcon_core.shell:Creating package script '/home/pi/robot_ws/install/mecanum_robot/share/mecanum_robot/package.sh'
[11.878s] INFO:colcon.colcon_core.shell:Creating package script '/home/pi/robot_ws/install/mecanum_robot/share/mecanum_robot/package.bash'
[11.883s] INFO:colcon.colcon_core.shell:Creating package script '/home/pi/robot_ws/install/mecanum_robot/share/mecanum_robot/package.zsh'
[11.889s] Level 1:colcon.colcon_core.environment:create_file_with_runtime_dependencies(/home/pi/robot_ws/install/mecanum_robot/share/colcon-core/packages/mecanum_robot)
[12.033s] Level 1:colcon.colcon_core.environment:checking '/home/pi/robot_ws/install/mecanum_kinematics' for CMake module files
[12.035s] DEBUG:colcon.colcon_core.event_handler.log_command:Invoked command in '/home/pi/robot_ws/src/mecanum_kinematics' returned '0': PYTHONPATH=/home/pi/robot_ws/build/mecanum_kinematics/prefix_override:/usr/lib/python3/dist-packages/colcon_core/task/python/colcon_distutils_commands:/home/pi/robot_ws/install/mecanum_kinematics/lib/python3.10/site-packages:${PYTHONPATH} /usr/bin/python3 -W ignore:setup.py install is deprecated -W ignore:easy_install command is deprecated setup.py egg_info --egg-base ../../build/mecanum_kinematics build --build-base /home/pi/robot_ws/build/mecanum_kinematics/build install --record /home/pi/robot_ws/build/mecanum_kinematics/install.log --single-version-externally-managed install_data
[12.044s] Level 1:colcon.colcon_core.environment:checking '/home/pi/robot_ws/install/mecanum_kinematics' for CMake config files
[12.053s] Level 1:colcon.colcon_core.environment:checking '/home/pi/robot_ws/install/mecanum_kinematics/lib'
[12.054s] Level 1:colcon.colcon_core.environment:checking '/home/pi/robot_ws/install/mecanum_kinematics/bin'
[12.055s] Level 1:colcon.colcon_core.environment:checking '/home/pi/robot_ws/install/mecanum_kinematics/lib/pkgconfig/mecanum_kinematics.pc'
[12.058s] Level 1:colcon.colcon_core.environment:checking '/home/pi/robot_ws/install/mecanum_kinematics/lib/python3.10/site-packages'
[12.059s] Level 1:colcon.colcon_core.shell:create_environment_hook('mecanum_kinematics', 'pythonpath')
[12.061s] INFO:colcon.colcon_core.shell:Creating environment hook '/home/pi/robot_ws/install/mecanum_kinematics/share/mecanum_kinematics/hook/pythonpath.ps1'
[12.065s] INFO:colcon.colcon_core.shell:Creating environment descriptor '/home/pi/robot_ws/install/mecanum_kinematics/share/mecanum_kinematics/hook/pythonpath.dsv'
[12.069s] INFO:colcon.colcon_core.shell:Creating environment hook '/home/pi/robot_ws/install/mecanum_kinematics/share/mecanum_kinematics/hook/pythonpath.sh'
[12.074s] Level 1:colcon.colcon_core.environment:checking '/home/pi/robot_ws/install/mecanum_kinematics/bin'
[12.075s] Level 1:colcon.colcon_core.environment:create_environment_scripts_only(mecanum_kinematics)
[12.077s] INFO:colcon.colcon_core.shell:Creating package script '/home/pi/robot_ws/install/mecanum_kinematics/share/mecanum_kinematics/package.ps1'
[12.083s] INFO:colcon.colcon_core.shell:Creating package descriptor '/home/pi/robot_ws/install/mecanum_kinematics/share/mecanum_kinematics/package.dsv'
[12.091s] INFO:colcon.colcon_core.shell:Creating package script '/home/pi/robot_ws/install/mecanum_kinematics/share/mecanum_kinematics/package.sh'
[12.096s] INFO:colcon.colcon_core.shell:Creating package script '/home/pi/robot_ws/install/mecanum_kinematics/share/mecanum_kinematics/package.bash'
[12.100s] INFO:colcon.colcon_core.shell:Creating package script '/home/pi/robot_ws/install/mecanum_kinematics/share/mecanum_kinematics/package.zsh'
[12.104s] Level 1:colcon.colcon_core.environment:create_file_with_runtime_dependencies(/home/pi/robot_ws/install/mecanum_kinematics/share/colcon-core/packages/mecanum_kinematics)
[12.108s] DEBUG:colcon.colcon_parallel_executor.executor.parallel:closing loop
[12.113s] DEBUG:colcon.colcon_parallel_executor.executor.parallel:loop closed
[12.114s] DEBUG:colcon.colcon_parallel_executor.executor.parallel:run_until_complete finished with '0'
[12.114s] DEBUG:colcon.colcon_core.event_reactor:joining thread
[12.159s] INFO:colcon.colcon_core.plugin_system:Skipping extension 'colcon_notification.desktop_notification.terminal_notifier': Not used on non-Darwin systems
[12.160s] INFO:colcon.colcon_core.plugin_system:Skipping extension 'colcon_notification.desktop_notification.win32': Not used on non-Windows systems
[12.161s] INFO:colcon.colcon_notification.desktop_notification:Sending desktop notification using 'notify2'
[12.242s] DEBUG:colcon.colcon_core.event_reactor:joined thread
[12.244s] INFO:colcon.colcon_core.shell:Creating prefix script '/home/pi/robot_ws/install/local_setup.ps1'
[12.250s] INFO:colcon.colcon_core.shell:Creating prefix util module '/home/pi/robot_ws/install/_local_setup_util_ps1.py'
[12.259s] INFO:colcon.colcon_core.shell:Creating prefix chain script '/home/pi/robot_ws/install/setup.ps1'
[12.267s] INFO:colcon.colcon_core.shell:Creating prefix script '/home/pi/robot_ws/install/local_setup.sh'
[12.272s] INFO:colcon.colcon_core.shell:Creating prefix util module '/home/pi/robot_ws/install/_local_setup_util_sh.py'
[12.276s] INFO:colcon.colcon_core.shell:Creating prefix chain script '/home/pi/robot_ws/install/setup.sh'
[12.285s] INFO:colcon.colcon_core.shell:Creating prefix script '/home/pi/robot_ws/install/local_setup.bash'
[12.291s] INFO:colcon.colcon_core.shell:Creating prefix chain script '/home/pi/robot_ws/install/setup.bash'
[12.300s] INFO:colcon.colcon_core.shell:Creating prefix script '/home/pi/robot_ws/install/local_setup.zsh'
[12.305s] INFO:colcon.colcon_core.shell:Creating prefix chain script '/home/pi/robot_ws/install/setup.zsh'
