[2.582s] Invoking command in '/home/pi/robot_ws/build/scan_qos_bridge': CMAKE_PREFIX_PATH=${CMAKE_PREFIX_PATH}:/home/pi/robot_ws/install/mecanum_kinematics:/home/pi/robot_ws/install/mecanum_control:/opt/ros/humble /usr/bin/cmake --build /home/pi/robot_ws/build/scan_qos_bridge -- -j4 -l4
[3.356s] [100%] Built target scan_relay
[3.494s] Invoked command in '/home/pi/robot_ws/build/scan_qos_bridge' returned '0': CMAKE_PREFIX_PATH=${CMAKE_PREFIX_PATH}:/home/pi/robot_ws/install/mecanum_kinematics:/home/pi/robot_ws/install/mecanum_control:/opt/ros/humble /usr/bin/cmake --build /home/pi/robot_ws/build/scan_qos_bridge -- -j4 -l4
[3.518s] Invoking command in '/home/pi/robot_ws/build/scan_qos_bridge': CMAKE_PREFIX_PATH=${CMAKE_PREFIX_PATH}:/home/pi/robot_ws/install/mecanum_kinematics:/home/pi/robot_ws/install/mecanum_control:/opt/ros/humble /usr/bin/cmake --install /home/pi/robot_ws/build/scan_qos_bridge
[3.608s] -- Install configuration: ""
[3.614s] -- Up-to-date: /home/pi/robot_ws/install/scan_qos_bridge/lib/scan_qos_bridge/scan_relay
[3.619s] -- Up-to-date: /home/pi/robot_ws/install/scan_qos_bridge/share/ament_index/resource_index/package_run_dependencies/scan_qos_bridge
[3.626s] -- Up-to-date: /home/pi/robot_ws/install/scan_qos_bridge/share/ament_index/resource_index/parent_prefix_path/scan_qos_bridge
[3.629s] -- Up-to-date: /home/pi/robot_ws/install/scan_qos_bridge/share/scan_qos_bridge/environment/ament_prefix_path.sh
[3.631s] -- Up-to-date: /home/pi/robot_ws/install/scan_qos_bridge/share/scan_qos_bridge/environment/ament_prefix_path.dsv
[3.633s] -- Up-to-date: /home/pi/robot_ws/install/scan_qos_bridge/share/scan_qos_bridge/environment/path.sh
[3.636s] -- Up-to-date: /home/pi/robot_ws/install/scan_qos_bridge/share/scan_qos_bridge/environment/path.dsv
[3.641s] -- Up-to-date: /home/pi/robot_ws/install/scan_qos_bridge/share/scan_qos_bridge/local_setup.bash
[3.642s] -- Up-to-date: /home/pi/robot_ws/install/scan_qos_bridge/share/scan_qos_bridge/local_setup.sh
[3.644s] -- Up-to-date: /home/pi/robot_ws/install/scan_qos_bridge/share/scan_qos_bridge/local_setup.zsh
[3.645s] -- Up-to-date: /home/pi/robot_ws/install/scan_qos_bridge/share/scan_qos_bridge/local_setup.dsv
[3.647s] -- Installing: /home/pi/robot_ws/install/scan_qos_bridge/share/scan_qos_bridge/package.dsv
[3.652s] -- Up-to-date: /home/pi/robot_ws/install/scan_qos_bridge/share/ament_index/resource_index/packages/scan_qos_bridge
[3.667s] -- Up-to-date: /home/pi/robot_ws/install/scan_qos_bridge/share/scan_qos_bridge/cmake/scan_qos_bridgeConfig.cmake
[3.669s] -- Up-to-date: /home/pi/robot_ws/install/scan_qos_bridge/share/scan_qos_bridge/cmake/scan_qos_bridgeConfig-version.cmake
[3.670s] -- Up-to-date: /home/pi/robot_ws/install/scan_qos_bridge/share/scan_qos_bridge/package.xml
[3.695s] Invoked command in '/home/pi/robot_ws/build/scan_qos_bridge' returned '0': CMAKE_PREFIX_PATH=${CMAKE_PREFIX_PATH}:/home/pi/robot_ws/install/mecanum_kinematics:/home/pi/robot_ws/install/mecanum_control:/opt/ros/humble /usr/bin/cmake --install /home/pi/robot_ws/build/scan_qos_bridge
