[3.802s] Invoking command in '/home/pi/robot_ws/build/scan_qos_bridge': CMAKE_PREFIX_PATH=${CMAKE_PREFIX_PATH}:/home/pi/robot_ws/install/mecanum_kinematics:/home/pi/robot_ws/install/mecanum_control:/opt/ros/humble /usr/bin/cmake --build /home/pi/robot_ws/build/scan_qos_bridge -- -j4 -l4
[4.162s] [100%] Built target scan_relay
[4.238s] Invoked command in '/home/pi/robot_ws/build/scan_qos_bridge' returned '0': CMAKE_PREFIX_PATH=${CMAKE_PREFIX_PATH}:/home/pi/robot_ws/install/mecanum_kinematics:/home/pi/robot_ws/install/mecanum_control:/opt/ros/humble /usr/bin/cmake --build /home/pi/robot_ws/build/scan_qos_bridge -- -j4 -l4
[4.304s] Invoking command in '/home/pi/robot_ws/build/scan_qos_bridge': CMAKE_PREFIX_PATH=${CMAKE_PREFIX_PATH}:/home/pi/robot_ws/install/mecanum_kinematics:/home/pi/robot_ws/install/mecanum_control:/opt/ros/humble /usr/bin/cmake --install /home/pi/robot_ws/build/scan_qos_bridge
[4.357s] -- Install configuration: ""
[4.363s] -- Up-to-date: /home/pi/robot_ws/install/scan_qos_bridge/lib/scan_qos_bridge/scan_relay
[4.372s] -- Up-to-date: /home/pi/robot_ws/install/scan_qos_bridge/share/scan_qos_bridge/launch
[4.384s] -- Installing: /home/pi/robot_ws/install/scan_qos_bridge/share/scan_qos_bridge/launch/scan_relay.launch.py
[4.389s] -- Up-to-date: /home/pi/robot_ws/install/scan_qos_bridge/share/ament_index/resource_index/package_run_dependencies/scan_qos_bridge
[4.393s] -- Up-to-date: /home/pi/robot_ws/install/scan_qos_bridge/share/ament_index/resource_index/parent_prefix_path/scan_qos_bridge
[4.396s] -- Up-to-date: /home/pi/robot_ws/install/scan_qos_bridge/share/scan_qos_bridge/environment/ament_prefix_path.sh
[4.399s] -- Up-to-date: /home/pi/robot_ws/install/scan_qos_bridge/share/scan_qos_bridge/environment/ament_prefix_path.dsv
[4.403s] -- Up-to-date: /home/pi/robot_ws/install/scan_qos_bridge/share/scan_qos_bridge/environment/path.sh
[4.426s] -- Up-to-date: /home/pi/robot_ws/install/scan_qos_bridge/share/scan_qos_bridge/environment/path.dsv
[4.429s] -- Up-to-date: /home/pi/robot_ws/install/scan_qos_bridge/share/scan_qos_bridge/local_setup.bash
[4.432s] -- Up-to-date: /home/pi/robot_ws/install/scan_qos_bridge/share/scan_qos_bridge/local_setup.sh
[4.440s] -- Up-to-date: /home/pi/robot_ws/install/scan_qos_bridge/share/scan_qos_bridge/local_setup.zsh
[4.441s] -- Up-to-date: /home/pi/robot_ws/install/scan_qos_bridge/share/scan_qos_bridge/local_setup.dsv
[4.441s] -- Installing: /home/pi/robot_ws/install/scan_qos_bridge/share/scan_qos_bridge/package.dsv
[4.442s] -- Up-to-date: /home/pi/robot_ws/install/scan_qos_bridge/share/ament_index/resource_index/packages/scan_qos_bridge
[4.443s] -- Up-to-date: /home/pi/robot_ws/install/scan_qos_bridge/share/scan_qos_bridge/cmake/scan_qos_bridgeConfig.cmake
[4.444s] -- Up-to-date: /home/pi/robot_ws/install/scan_qos_bridge/share/scan_qos_bridge/cmake/scan_qos_bridgeConfig-version.cmake
[4.444s] -- Up-to-date: /home/pi/robot_ws/install/scan_qos_bridge/share/scan_qos_bridge/package.xml
[4.445s] Invoked command in '/home/pi/robot_ws/build/scan_qos_bridge' returned '0': CMAKE_PREFIX_PATH=${CMAKE_PREFIX_PATH}:/home/pi/robot_ws/install/mecanum_kinematics:/home/pi/robot_ws/install/mecanum_control:/opt/ros/humble /usr/bin/cmake --install /home/pi/robot_ws/build/scan_qos_bridge
