[2.631s] Invoking command in '/home/pi/robot_ws/build/mecanum_robot': CMAKE_PREFIX_PATH=${CMAKE_PREFIX_PATH}:/home/pi/robot_ws/install/mecanum_kinematics:/home/pi/robot_ws/install/mecanum_control:/opt/ros/humble /usr/bin/cmake --build /home/pi/robot_ws/build/mecanum_robot -- -j4 -l4
[3.319s] Invoked command in '/home/pi/robot_ws/build/mecanum_robot' returned '0': CMAKE_PREFIX_PATH=${CMAKE_PREFIX_PATH}:/home/pi/robot_ws/install/mecanum_kinematics:/home/pi/robot_ws/install/mecanum_control:/opt/ros/humble /usr/bin/cmake --build /home/pi/robot_ws/build/mecanum_robot -- -j4 -l4
[3.455s] Invoking command in '/home/pi/robot_ws/build/mecanum_robot': CMAKE_PREFIX_PATH=${CMAKE_PREFIX_PATH}:/home/pi/robot_ws/install/mecanum_kinematics:/home/pi/robot_ws/install/mecanum_control:/opt/ros/humble /usr/bin/cmake --install /home/pi/robot_ws/build/mecanum_robot
[3.502s] -- Install configuration: ""
[3.511s] -- Up-to-date: /home/pi/robot_ws/install/mecanum_robot/share/mecanum_robot/description
[3.511s] -- Up-to-date: /home/pi/robot_ws/install/mecanum_robot/share/mecanum_robot/description/inertial_macros.xacro
[3.512s] -- Up-to-date: /home/pi/robot_ws/install/mecanum_robot/share/mecanum_robot/description/lidar.xacro
[3.513s] -- Up-to-date: /home/pi/robot_ws/install/mecanum_robot/share/mecanum_robot/description/robot.urdf.xacro
[3.513s] -- Up-to-date: /home/pi/robot_ws/install/mecanum_robot/share/mecanum_robot/description/robot_core.xacro
[3.513s] -- Up-to-date: /home/pi/robot_ws/install/mecanum_robot/share/mecanum_robot/launch
[3.514s] -- Up-to-date: /home/pi/robot_ws/install/mecanum_robot/share/mecanum_robot/launch/launch_sim.launch.py
[3.514s] -- Up-to-date: /home/pi/robot_ws/install/mecanum_robot/share/mecanum_robot/launch/rsp.launch.py
[3.515s] -- Up-to-date: /home/pi/robot_ws/install/mecanum_robot/share/mecanum_robot/config
[3.516s] -- Up-to-date: /home/pi/robot_ws/install/mecanum_robot/share/mecanum_robot/config/simple_controllers.yaml
[3.518s] -- Up-to-date: /home/pi/robot_ws/install/mecanum_robot/share/mecanum_robot/config/view_bot.rviz
[3.520s] -- Up-to-date: /home/pi/robot_ws/install/mecanum_robot/share/mecanum_robot/config/mecanum_controllers.yaml
[3.521s] -- Up-to-date: /home/pi/robot_ws/install/mecanum_robot/share/ament_index/resource_index/package_run_dependencies/mecanum_robot
[3.521s] -- Up-to-date: /home/pi/robot_ws/install/mecanum_robot/share/ament_index/resource_index/parent_prefix_path/mecanum_robot
[3.522s] -- Up-to-date: /home/pi/robot_ws/install/mecanum_robot/share/mecanum_robot/environment/ament_prefix_path.sh
[3.522s] -- Up-to-date: /home/pi/robot_ws/install/mecanum_robot/share/mecanum_robot/environment/ament_prefix_path.dsv
[3.523s] -- Up-to-date: /home/pi/robot_ws/install/mecanum_robot/share/mecanum_robot/environment/path.sh
[3.524s] -- Up-to-date: /home/pi/robot_ws/install/mecanum_robot/share/mecanum_robot/environment/path.dsv
[3.524s] -- Up-to-date: /home/pi/robot_ws/install/mecanum_robot/share/mecanum_robot/local_setup.bash
[3.531s] -- Up-to-date: /home/pi/robot_ws/install/mecanum_robot/share/mecanum_robot/local_setup.sh
[3.531s] -- Up-to-date: /home/pi/robot_ws/install/mecanum_robot/share/mecanum_robot/local_setup.zsh
[3.532s] -- Up-to-date: /home/pi/robot_ws/install/mecanum_robot/share/mecanum_robot/local_setup.dsv
[3.532s] -- Installing: /home/pi/robot_ws/install/mecanum_robot/share/mecanum_robot/package.dsv
[3.539s] -- Up-to-date: /home/pi/robot_ws/install/mecanum_robot/share/ament_index/resource_index/packages/mecanum_robot
[3.540s] -- Up-to-date: /home/pi/robot_ws/install/mecanum_robot/share/mecanum_robot/cmake/mecanum_robotConfig.cmake
[3.543s] -- Up-to-date: /home/pi/robot_ws/install/mecanum_robot/share/mecanum_robot/cmake/mecanum_robotConfig-version.cmake
[3.543s] -- Up-to-date: /home/pi/robot_ws/install/mecanum_robot/share/mecanum_robot/package.xml
[3.570s] Invoked command in '/home/pi/robot_ws/build/mecanum_robot' returned '0': CMAKE_PREFIX_PATH=${CMAKE_PREFIX_PATH}:/home/pi/robot_ws/install/mecanum_kinematics:/home/pi/robot_ws/install/mecanum_control:/opt/ros/humble /usr/bin/cmake --install /home/pi/robot_ws/build/mecanum_robot
