[6.526s] Invoking command in '/home/pi/robot_ws/src/mecanum_control': PYTHONPATH=/home/pi/robot_ws/build/mecanum_control/prefix_override:/usr/lib/python3/dist-packages/colcon_core/task/python/colcon_distutils_commands:/home/pi/robot_ws/install/mecanum_control/lib/python3.10/site-packages:${PYTHONPATH} /usr/bin/python3 -W ignore:setup.py install is deprecated -W ignore:easy_install command is deprecated setup.py egg_info --egg-base ../../build/mecanum_control build --build-base /home/pi/robot_ws/build/mecanum_control/build install --record /home/pi/robot_ws/build/mecanum_control/install.log --single-version-externally-managed install_data
[8.710s] running egg_info
[8.716s] writing ../../build/mecanum_control/mecanum_control.egg-info/PKG-INFO
[8.719s] writing dependency_links to ../../build/mecanum_control/mecanum_control.egg-info/dependency_links.txt
[8.723s] writing entry points to ../../build/mecanum_control/mecanum_control.egg-info/entry_points.txt
[8.729s] writing requirements to ../../build/mecanum_control/mecanum_control.egg-info/requires.txt
[8.730s] writing top-level names to ../../build/mecanum_control/mecanum_control.egg-info/top_level.txt
[8.735s] reading manifest file '../../build/mecanum_control/mecanum_control.egg-info/SOURCES.txt'
[8.761s] writing manifest file '../../build/mecanum_control/mecanum_control.egg-info/SOURCES.txt'
[8.764s] running build
[8.765s] running build_py
[8.770s] copying mecanum_control/esp32_serial_bridge.py -> /home/pi/robot_ws/build/mecanum_control/build/lib/mecanum_control
[8.771s] running install
[8.772s] running install_lib
[8.778s] copying /home/pi/robot_ws/build/mecanum_control/build/lib/mecanum_control/esp32_serial_bridge.py -> /home/pi/robot_ws/install/mecanum_control/lib/python3.10/site-packages/mecanum_control
[8.781s] byte-compiling /home/pi/robot_ws/install/mecanum_control/lib/python3.10/site-packages/mecanum_control/esp32_serial_bridge.py to esp32_serial_bridge.cpython-310.pyc
[8.792s] running install_data
[8.792s] running install_egg_info
[8.812s] removing '/home/pi/robot_ws/install/mecanum_control/lib/python3.10/site-packages/mecanum_control-0.0.0-py3.10.egg-info' (and everything under it)
[8.814s] Copying ../../build/mecanum_control/mecanum_control.egg-info to /home/pi/robot_ws/install/mecanum_control/lib/python3.10/site-packages/mecanum_control-0.0.0-py3.10.egg-info
[8.825s] running install_scripts
[8.951s] Installing esp32_serial_bridge script to /home/pi/robot_ws/install/mecanum_control/lib/mecanum_control
[8.954s] Installing joy_to_cmd_vel script to /home/pi/robot_ws/install/mecanum_control/lib/mecanum_control
[8.958s] writing list of installed files to '/home/pi/robot_ws/build/mecanum_control/install.log'
[9.186s] Invoked command in '/home/pi/robot_ws/src/mecanum_control' returned '0': PYTHONPATH=/home/pi/robot_ws/build/mecanum_control/prefix_override:/usr/lib/python3/dist-packages/colcon_core/task/python/colcon_distutils_commands:/home/pi/robot_ws/install/mecanum_control/lib/python3.10/site-packages:${PYTHONPATH} /usr/bin/python3 -W ignore:setup.py install is deprecated -W ignore:easy_install command is deprecated setup.py egg_info --egg-base ../../build/mecanum_control build --build-base /home/pi/robot_ws/build/mecanum_control/build install --record /home/pi/robot_ws/build/mecanum_control/install.log --single-version-externally-managed install_data
