running egg_info
writing ../../build/mecanum_robot/mecanum_robot.egg-info/PKG-INFO
writing dependency_links to ../../build/mecanum_robot/mecanum_robot.egg-info/dependency_links.txt
writing entry points to ../../build/mecanum_robot/mecanum_robot.egg-info/entry_points.txt
writing requirements to ../../build/mecanum_robot/mecanum_robot.egg-info/requires.txt
writing top-level names to ../../build/mecanum_robot/mecanum_robot.egg-info/top_level.txt
reading manifest file '../../build/mecanum_robot/mecanum_robot.egg-info/SOURCES.txt'
writing manifest file '../../build/mecanum_robot/mecanum_robot.egg-info/SOURCES.txt'
running build
running build_py
running install
running install_lib
running install_data
copying launch/navigation.launch.py -> /home/pi/robot_ws/install/mecanum_robot/share/mecanum_robot/launch
creating /home/pi/robot_ws/install/mecanum_robot/share/mecanum_robot/maps
copying maps/my_map.yaml -> /home/pi/robot_ws/install/mecanum_robot/share/mecanum_robot/maps
copying maps/my_map.pgm -> /home/pi/robot_ws/install/mecanum_robot/share/mecanum_robot/maps
running install_egg_info
removing '/home/pi/robot_ws/install/mecanum_robot/lib/python3.10/site-packages/mecanum_robot-0.0.0-py3.10.egg-info' (and everything under it)
Copying ../../build/mecanum_robot/mecanum_robot.egg-info to /home/pi/robot_ws/install/mecanum_robot/lib/python3.10/site-packages/mecanum_robot-0.0.0-py3.10.egg-info
running install_scripts
Installing static_odom script to /home/pi/robot_ws/install/mecanum_robot/lib/mecanum_robot
writing list of installed files to '/home/pi/robot_ws/build/mecanum_robot/install.log'
