[7.065s] Invoking command in '/home/pi/robot_ws/src/mecanum_kinematics': PYTHONPATH=/home/pi/robot_ws/build/mecanum_kinematics/prefix_override:/usr/lib/python3/dist-packages/colcon_core/task/python/colcon_distutils_commands:/home/pi/robot_ws/install/mecanum_kinematics/lib/python3.10/site-packages:${PYTHONPATH} /usr/bin/python3 -W ignore:setup.py install is deprecated -W ignore:easy_install command is deprecated setup.py egg_info --egg-base ../../build/mecanum_kinematics build --build-base /home/pi/robot_ws/build/mecanum_kinematics/build install --record /home/pi/robot_ws/build/mecanum_kinematics/install.log --single-version-externally-managed install_data
[9.427s] running egg_info
[9.437s] writing ../../build/mecanum_kinematics/mecanum_kinematics.egg-info/PKG-INFO
[9.443s] writing dependency_links to ../../build/mecanum_kinematics/mecanum_kinematics.egg-info/dependency_links.txt
[9.445s] writing entry points to ../../build/mecanum_kinematics/mecanum_kinematics.egg-info/entry_points.txt
[9.446s] writing requirements to ../../build/mecanum_kinematics/mecanum_kinematics.egg-info/requires.txt
[9.447s] writing top-level names to ../../build/mecanum_kinematics/mecanum_kinematics.egg-info/top_level.txt
[9.463s] reading manifest file '../../build/mecanum_kinematics/mecanum_kinematics.egg-info/SOURCES.txt'
[9.475s] writing manifest file '../../build/mecanum_kinematics/mecanum_kinematics.egg-info/SOURCES.txt'
[9.475s] running build
[9.476s] running build_py
[9.483s] running install
[9.484s] running install_lib
[9.499s] running install_data
[9.501s] running install_egg_info
[9.511s] removing '/home/pi/robot_ws/install/mecanum_kinematics/lib/python3.10/site-packages/mecanum_kinematics-0.0.0-py3.10.egg-info' (and everything under it)
[9.518s] Copying ../../build/mecanum_kinematics/mecanum_kinematics.egg-info to /home/pi/robot_ws/install/mecanum_kinematics/lib/python3.10/site-packages/mecanum_kinematics-0.0.0-py3.10.egg-info
[9.532s] running install_scripts
[9.827s] Installing encoder_gpio_publisher script to /home/pi/robot_ws/install/mecanum_kinematics/lib/mecanum_kinematics
[9.829s] Installing imu_publisher script to /home/pi/robot_ws/install/mecanum_kinematics/lib/mecanum_kinematics
[9.830s] writing list of installed files to '/home/pi/robot_ws/build/mecanum_kinematics/install.log'
[10.091s] Invoked command in '/home/pi/robot_ws/src/mecanum_kinematics' returned '0': PYTHONPATH=/home/pi/robot_ws/build/mecanum_kinematics/prefix_override:/usr/lib/python3/dist-packages/colcon_core/task/python/colcon_distutils_commands:/home/pi/robot_ws/install/mecanum_kinematics/lib/python3.10/site-packages:${PYTHONPATH} /usr/bin/python3 -W ignore:setup.py install is deprecated -W ignore:easy_install command is deprecated setup.py egg_info --egg-base ../../build/mecanum_kinematics build --build-base /home/pi/robot_ws/build/mecanum_kinematics/build install --record /home/pi/robot_ws/build/mecanum_kinematics/install.log --single-version-externally-managed install_data
