[6.763s] Invoking command in '/home/pi/robot_ws/src/mecanum_kinematics': PYTHONPATH=/home/pi/robot_ws/build/mecanum_kinematics/prefix_override:/usr/lib/python3/dist-packages/colcon_core/task/python/colcon_distutils_commands:/home/pi/robot_ws/install/mecanum_kinematics/lib/python3.10/site-packages:${PYTHONPATH} /usr/bin/python3 -W ignore:setup.py install is deprecated -W ignore:easy_install command is deprecated setup.py egg_info --egg-base ../../build/mecanum_kinematics build --build-base /home/pi/robot_ws/build/mecanum_kinematics/build install --record /home/pi/robot_ws/build/mecanum_kinematics/install.log --single-version-externally-managed install_data
[8.702s] running egg_info
[8.710s] writing ../../build/mecanum_kinematics/mecanum_kinematics.egg-info/PKG-INFO
[8.715s] writing dependency_links to ../../build/mecanum_kinematics/mecanum_kinematics.egg-info/dependency_links.txt
[8.719s] writing entry points to ../../build/mecanum_kinematics/mecanum_kinematics.egg-info/entry_points.txt
[8.722s] writing requirements to ../../build/mecanum_kinematics/mecanum_kinematics.egg-info/requires.txt
[8.725s] writing top-level names to ../../build/mecanum_kinematics/mecanum_kinematics.egg-info/top_level.txt
[8.740s] reading manifest file '../../build/mecanum_kinematics/mecanum_kinematics.egg-info/SOURCES.txt'
[8.750s] writing manifest file '../../build/mecanum_kinematics/mecanum_kinematics.egg-info/SOURCES.txt'
[8.753s] running build
[8.754s] running build_py
[8.757s] copying mecanum_kinematics/encoder_gpio_publisher.py -> /home/pi/robot_ws/build/mecanum_kinematics/build/lib/mecanum_kinematics
[8.764s] running install
[8.768s] running install_lib
[8.775s] copying /home/pi/robot_ws/build/mecanum_kinematics/build/lib/mecanum_kinematics/encoder_gpio_publisher.py -> /home/pi/robot_ws/install/mecanum_kinematics/lib/python3.10/site-packages/mecanum_kinematics
[8.785s] byte-compiling /home/pi/robot_ws/install/mecanum_kinematics/lib/python3.10/site-packages/mecanum_kinematics/encoder_gpio_publisher.py to encoder_gpio_publisher.cpython-310.pyc
[8.798s] running install_data
[8.801s] running install_egg_info
[8.820s] removing '/home/pi/robot_ws/install/mecanum_kinematics/lib/python3.10/site-packages/mecanum_kinematics-0.0.0-py3.10.egg-info' (and everything under it)
[8.837s] Copying ../../build/mecanum_kinematics/mecanum_kinematics.egg-info to /home/pi/robot_ws/install/mecanum_kinematics/lib/python3.10/site-packages/mecanum_kinematics-0.0.0-py3.10.egg-info
[8.896s] running install_scripts
[9.149s] Installing encoder_gpio_publisher script to /home/pi/robot_ws/install/mecanum_kinematics/lib/mecanum_kinematics
[9.163s] Installing imu_publisher script to /home/pi/robot_ws/install/mecanum_kinematics/lib/mecanum_kinematics
[9.165s] writing list of installed files to '/home/pi/robot_ws/build/mecanum_kinematics/install.log'
[9.566s] Invoked command in '/home/pi/robot_ws/src/mecanum_kinematics' returned '0': PYTHONPATH=/home/pi/robot_ws/build/mecanum_kinematics/prefix_override:/usr/lib/python3/dist-packages/colcon_core/task/python/colcon_distutils_commands:/home/pi/robot_ws/install/mecanum_kinematics/lib/python3.10/site-packages:${PYTHONPATH} /usr/bin/python3 -W ignore:setup.py install is deprecated -W ignore:easy_install command is deprecated setup.py egg_info --egg-base ../../build/mecanum_kinematics build --build-base /home/pi/robot_ws/build/mecanum_kinematics/build install --record /home/pi/robot_ws/build/mecanum_kinematics/install.log --single-version-externally-managed install_data
